<?xml version="1.0" encoding="UTF-8"?>
<testsuites>
  <testsuite name="/home/h3rmano/dbwebb-kurser/mvc/me/report/tests" tests="162" assertions="326" errors="0" warnings="0" failures="0" skipped="0" time="0.304714">
    <testsuite name="App\Tests\BlackjackCardHand\BlackjackCardHandTest" file="/home/h3rmano/dbwebb-kurser/mvc/me/report/tests/BlackjackCardHand/BlackjackCardHandTest.php" tests="20" assertions="37" errors="0" warnings="0" failures="0" skipped="0" time="0.051735">
      <testcase name="testCreateBlackjackCardHand" class="App\Tests\BlackjackCardHand\BlackjackCardHandTest" classname="App.Tests.BlackjackCardHand.BlackjackCardHandTest" file="/home/h3rmano/dbwebb-kurser/mvc/me/report/tests/BlackjackCardHand/BlackjackCardHandTest.php" line="18" assertions="1" time="0.017903"/>
      <testcase name="testCreateWithArguments" class="App\Tests\BlackjackCardHand\BlackjackCardHandTest" classname="App.Tests.BlackjackCardHand.BlackjackCardHandTest" file="/home/h3rmano/dbwebb-kurser/mvc/me/report/tests/BlackjackCardHand/BlackjackCardHandTest.php" line="30" assertions="1" time="0.002572"/>
      <testcase name="testGetCards" class="App\Tests\BlackjackCardHand\BlackjackCardHandTest" classname="App.Tests.BlackjackCardHand.BlackjackCardHandTest" file="/home/h3rmano/dbwebb-kurser/mvc/me/report/tests/BlackjackCardHand/BlackjackCardHandTest.php" line="21" assertions="2" time="0.000736"/>
      <testcase name="testaddCard" class="App\Tests\BlackjackCardHand\BlackjackCardHandTest" classname="App.Tests.BlackjackCardHand.BlackjackCardHandTest" file="/home/h3rmano/dbwebb-kurser/mvc/me/report/tests/BlackjackCardHand/BlackjackCardHandTest.php" line="38" assertions="2" time="0.001744"/>
      <testcase name="testaddCardFaultyArgument" class="App\Tests\BlackjackCardHand\BlackjackCardHandTest" classname="App.Tests.BlackjackCardHand.BlackjackCardHandTest" file="/home/h3rmano/dbwebb-kurser/mvc/me/report/tests/BlackjackCardHand/BlackjackCardHandTest.php" line="58" assertions="1" time="0.003027"/>
      <testcase name="testaddCards" class="App\Tests\BlackjackCardHand\BlackjackCardHandTest" classname="App.Tests.BlackjackCardHand.BlackjackCardHandTest" file="/home/h3rmano/dbwebb-kurser/mvc/me/report/tests/BlackjackCardHand/BlackjackCardHandTest.php" line="85" assertions="2" time="0.000726"/>
      <testcase name="testaddCardsFaultyArgument" class="App\Tests\BlackjackCardHand\BlackjackCardHandTest" classname="App.Tests.BlackjackCardHand.BlackjackCardHandTest" file="/home/h3rmano/dbwebb-kurser/mvc/me/report/tests/BlackjackCardHand/BlackjackCardHandTest.php" line="111" assertions="2" time="0.001450"/>
      <testcase name="testGetCurrentValue" class="App\Tests\BlackjackCardHand\BlackjackCardHandTest" classname="App.Tests.BlackjackCardHand.BlackjackCardHandTest" file="/home/h3rmano/dbwebb-kurser/mvc/me/report/tests/BlackjackCardHand/BlackjackCardHandTest.php" line="136" assertions="1" time="0.001620"/>
      <testcase name="testGetCurrentValueWithAce" class="App\Tests\BlackjackCardHand\BlackjackCardHandTest" classname="App.Tests.BlackjackCardHand.BlackjackCardHandTest" file="/home/h3rmano/dbwebb-kurser/mvc/me/report/tests/BlackjackCardHand/BlackjackCardHandTest.php" line="160" assertions="2" time="0.000868"/>
      <testcase name="testIsHandActive" class="App\Tests\BlackjackCardHand\BlackjackCardHandTest" classname="App.Tests.BlackjackCardHand.BlackjackCardHandTest" file="/home/h3rmano/dbwebb-kurser/mvc/me/report/tests/BlackjackCardHand/BlackjackCardHandTest.php" line="17" assertions="1" time="0.001444"/>
      <testcase name="testIsHandNotActive" class="App\Tests\BlackjackCardHand\BlackjackCardHandTest" classname="App.Tests.BlackjackCardHand.BlackjackCardHandTest" file="/home/h3rmano/dbwebb-kurser/mvc/me/report/tests/BlackjackCardHand/BlackjackCardHandTest.php" line="27" assertions="1" time="0.001379"/>
      <testcase name="testSetHandInactive" class="App\Tests\BlackjackCardHand\BlackjackCardHandTest" classname="App.Tests.BlackjackCardHand.BlackjackCardHandTest" file="/home/h3rmano/dbwebb-kurser/mvc/me/report/tests/BlackjackCardHand/BlackjackCardHandTest.php" line="39" assertions="2" time="0.000659"/>
      <testcase name="testDrawCardFromDeck" class="App\Tests\BlackjackCardHand\BlackjackCardHandTest" classname="App.Tests.BlackjackCardHand.BlackjackCardHandTest" file="/home/h3rmano/dbwebb-kurser/mvc/me/report/tests/BlackjackCardHand/BlackjackCardHandTest.php" line="20" assertions="3" time="0.006626"/>
      <testcase name="testUpdateHandStatus21" class="App\Tests\BlackjackCardHand\BlackjackCardHandTest" classname="App.Tests.BlackjackCardHand.BlackjackCardHandTest" file="/home/h3rmano/dbwebb-kurser/mvc/me/report/tests/BlackjackCardHand/BlackjackCardHandTest.php" line="49" assertions="2" time="0.000858"/>
      <testcase name="testUpdateHandStatusSub21" class="App\Tests\BlackjackCardHand\BlackjackCardHandTest" classname="App.Tests.BlackjackCardHand.BlackjackCardHandTest" file="/home/h3rmano/dbwebb-kurser/mvc/me/report/tests/BlackjackCardHand/BlackjackCardHandTest.php" line="75" assertions="2" time="0.000776"/>
      <testcase name="testIsSplittable" class="App\Tests\BlackjackCardHand\BlackjackCardHandTest" classname="App.Tests.BlackjackCardHand.BlackjackCardHandTest" file="/home/h3rmano/dbwebb-kurser/mvc/me/report/tests/BlackjackCardHand/BlackjackCardHandTest.php" line="18" assertions="1" time="0.000713"/>
      <testcase name="testIsSplittableFalse" class="App\Tests\BlackjackCardHand\BlackjackCardHandTest" classname="App.Tests.BlackjackCardHand.BlackjackCardHandTest" file="/home/h3rmano/dbwebb-kurser/mvc/me/report/tests/BlackjackCardHand/BlackjackCardHandTest.php" line="36" assertions="1" time="0.000785"/>
      <testcase name="testIsSplittableEmpty" class="App\Tests\BlackjackCardHand\BlackjackCardHandTest" classname="App.Tests.BlackjackCardHand.BlackjackCardHandTest" file="/home/h3rmano/dbwebb-kurser/mvc/me/report/tests/BlackjackCardHand/BlackjackCardHandTest.php" line="56" assertions="1" time="0.000651"/>
      <testcase name="testSplitHand" class="App\Tests\BlackjackCardHand\BlackjackCardHandTest" classname="App.Tests.BlackjackCardHand.BlackjackCardHandTest" file="/home/h3rmano/dbwebb-kurser/mvc/me/report/tests/BlackjackCardHand/BlackjackCardHandTest.php" line="76" assertions="8" time="0.004459"/>
      <testcase name="testSplitHandInvalid2" class="App\Tests\BlackjackCardHand\BlackjackCardHandTest" classname="App.Tests.BlackjackCardHand.BlackjackCardHandTest" file="/home/h3rmano/dbwebb-kurser/mvc/me/report/tests/BlackjackCardHand/BlackjackCardHandTest.php" line="115" assertions="1" time="0.002741"/>
    </testsuite>
    <testsuite name="App\Tests\BlackjackCardHandling\BlackjackCardHandlingTest" file="/home/h3rmano/dbwebb-kurser/mvc/me/report/tests/BlackjackCardHandling/BlackjackCardHandlingTest.php" tests="28" assertions="38" errors="0" warnings="0" failures="0" skipped="0" time="0.038250">
      <testcase name="testGetHands" class="App\Tests\BlackjackCardHandling\BlackjackCardHandlingTest" classname="App.Tests.BlackjackCardHandling.BlackjackCardHandlingTest" file="/home/h3rmano/dbwebb-kurser/mvc/me/report/tests/BlackjackCardHandling/BlackjackCardHandlingTest.php" line="18" assertions="1" time="0.005624"/>
      <testcase name="testAddHandsEmpty" class="App\Tests\BlackjackCardHandling\BlackjackCardHandlingTest" classname="App.Tests.BlackjackCardHandling.BlackjackCardHandlingTest" file="/home/h3rmano/dbwebb-kurser/mvc/me/report/tests/BlackjackCardHandling/BlackjackCardHandlingTest.php" line="30" assertions="2" time="0.000831"/>
      <testcase name="testhandsCountNone" class="App\Tests\BlackjackCardHandling\BlackjackCardHandlingTest" classname="App.Tests.BlackjackCardHandling.BlackjackCardHandlingTest" file="/home/h3rmano/dbwebb-kurser/mvc/me/report/tests/BlackjackCardHandling/BlackjackCardHandlingTest.php" line="50" assertions="1" time="0.000672"/>
      <testcase name="testhandsCount" class="App\Tests\BlackjackCardHandling\BlackjackCardHandlingTest" classname="App.Tests.BlackjackCardHandling.BlackjackCardHandlingTest" file="/home/h3rmano/dbwebb-kurser/mvc/me/report/tests/BlackjackCardHandling/BlackjackCardHandlingTest.php" line="65" assertions="1" time="0.000825"/>
      <testcase name="testAddHands" class="App\Tests\BlackjackCardHandling\BlackjackCardHandlingTest" classname="App.Tests.BlackjackCardHandling.BlackjackCardHandlingTest" file="/home/h3rmano/dbwebb-kurser/mvc/me/report/tests/BlackjackCardHandling/BlackjackCardHandlingTest.php" line="89" assertions="3" time="0.000847"/>
      <testcase name="testAddHandsInvalid" class="App\Tests\BlackjackCardHandling\BlackjackCardHandlingTest" classname="App.Tests.BlackjackCardHandling.BlackjackCardHandlingTest" file="/home/h3rmano/dbwebb-kurser/mvc/me/report/tests/BlackjackCardHandling/BlackjackCardHandlingTest.php" line="115" assertions="1" time="0.001076"/>
      <testcase name="testAddCardToPlayerHand" class="App\Tests\BlackjackCardHandling\BlackjackCardHandlingTest" classname="App.Tests.BlackjackCardHandling.BlackjackCardHandlingTest" file="/home/h3rmano/dbwebb-kurser/mvc/me/report/tests/BlackjackCardHandling/BlackjackCardHandlingTest.php" line="130" assertions="1" time="0.000828"/>
      <testcase name="testAddCardToHandWhenNoHand" class="App\Tests\BlackjackCardHandling\BlackjackCardHandlingTest" classname="App.Tests.BlackjackCardHandling.BlackjackCardHandlingTest" file="/home/h3rmano/dbwebb-kurser/mvc/me/report/tests/BlackjackCardHandling/BlackjackCardHandlingTest.php" line="154" assertions="1" time="0.001454"/>
      <testcase name="testUpdateHandStatusActive" class="App\Tests\BlackjackCardHandling\BlackjackCardHandlingTest" classname="App.Tests.BlackjackCardHandling.BlackjackCardHandlingTest" file="/home/h3rmano/dbwebb-kurser/mvc/me/report/tests/BlackjackCardHandling/BlackjackCardHandlingTest.php" line="20" assertions="1" time="0.001116"/>
      <testcase name="testUpdateHandStatusBust" class="App\Tests\BlackjackCardHandling\BlackjackCardHandlingTest" classname="App.Tests.BlackjackCardHandling.BlackjackCardHandlingTest" file="/home/h3rmano/dbwebb-kurser/mvc/me/report/tests/BlackjackCardHandling/BlackjackCardHandlingTest.php" line="41" assertions="1" time="0.000998"/>
      <testcase name="testUpdateHandStatus21" class="App\Tests\BlackjackCardHandling\BlackjackCardHandlingTest" classname="App.Tests.BlackjackCardHandling.BlackjackCardHandlingTest" file="/home/h3rmano/dbwebb-kurser/mvc/me/report/tests/BlackjackCardHandling/BlackjackCardHandlingTest.php" line="67" assertions="1" time="0.000863"/>
      <testcase name="testActiveHandsCount" class="App\Tests\BlackjackCardHandling\BlackjackCardHandlingTest" classname="App.Tests.BlackjackCardHandling.BlackjackCardHandlingTest" file="/home/h3rmano/dbwebb-kurser/mvc/me/report/tests/BlackjackCardHandling/BlackjackCardHandlingTest.php" line="91" assertions="1" time="0.001956"/>
      <testcase name="testActiveHandsCountZero" class="App\Tests\BlackjackCardHandling\BlackjackCardHandlingTest" classname="App.Tests.BlackjackCardHandling.BlackjackCardHandlingTest" file="/home/h3rmano/dbwebb-kurser/mvc/me/report/tests/BlackjackCardHandling/BlackjackCardHandlingTest.php" line="115" assertions="1" time="0.000853"/>
      <testcase name="testActiveHandsCount21" class="App\Tests\BlackjackCardHandling\BlackjackCardHandlingTest" classname="App.Tests.BlackjackCardHandling.BlackjackCardHandlingTest" file="/home/h3rmano/dbwebb-kurser/mvc/me/report/tests/BlackjackCardHandling/BlackjackCardHandlingTest.php" line="133" assertions="1" time="0.001004"/>
      <testcase name="testActiveHandsCountBust" class="App\Tests\BlackjackCardHandling\BlackjackCardHandlingTest" classname="App.Tests.BlackjackCardHandling.BlackjackCardHandlingTest" file="/home/h3rmano/dbwebb-kurser/mvc/me/report/tests/BlackjackCardHandling/BlackjackCardHandlingTest.php" line="155" assertions="1" time="0.001148"/>
      <testcase name="testSplitPlayerHand" class="App\Tests\BlackjackCardHandling\BlackjackCardHandlingTest" classname="App.Tests.BlackjackCardHandling.BlackjackCardHandlingTest" file="/home/h3rmano/dbwebb-kurser/mvc/me/report/tests/BlackjackCardHandling/BlackjackCardHandlingTest.php" line="24" assertions="2" time="0.002358"/>
      <testcase name="testSplitPlayerHandNegativeIndex" class="App\Tests\BlackjackCardHandling\BlackjackCardHandlingTest" classname="App.Tests.BlackjackCardHandling.BlackjackCardHandlingTest" file="/home/h3rmano/dbwebb-kurser/mvc/me/report/tests/BlackjackCardHandling/BlackjackCardHandlingTest.php" line="50" assertions="2" time="0.002178"/>
      <testcase name="testSplitPlayerHandInvalid" class="App\Tests\BlackjackCardHandling\BlackjackCardHandlingTest" classname="App.Tests.BlackjackCardHandling.BlackjackCardHandlingTest" file="/home/h3rmano/dbwebb-kurser/mvc/me/report/tests/BlackjackCardHandling/BlackjackCardHandlingTest.php" line="78" assertions="1" time="0.002258"/>
      <testcase name="testSplitInactiveHand" class="App\Tests\BlackjackCardHandling\BlackjackCardHandlingTest" classname="App.Tests.BlackjackCardHandling.BlackjackCardHandlingTest" file="/home/h3rmano/dbwebb-kurser/mvc/me/report/tests/BlackjackCardHandling/BlackjackCardHandlingTest.php" line="102" assertions="1" time="0.002227"/>
      <testcase name="testStandHand" class="App\Tests\BlackjackCardHandling\BlackjackCardHandlingTest" classname="App.Tests.BlackjackCardHandling.BlackjackCardHandlingTest" file="/home/h3rmano/dbwebb-kurser/mvc/me/report/tests/BlackjackCardHandling/BlackjackCardHandlingTest.php" line="20" assertions="1" time="0.000779"/>
      <testcase name="testStandHandOutOfBounds" class="App\Tests\BlackjackCardHandling\BlackjackCardHandlingTest" classname="App.Tests.BlackjackCardHandling.BlackjackCardHandlingTest" file="/home/h3rmano/dbwebb-kurser/mvc/me/report/tests/BlackjackCardHandling/BlackjackCardHandlingTest.php" line="42" assertions="1" time="0.000817"/>
      <testcase name="testStandHandOutOfBoundsEmpty" class="App\Tests\BlackjackCardHandling\BlackjackCardHandlingTest" classname="App.Tests.BlackjackCardHandling.BlackjackCardHandlingTest" file="/home/h3rmano/dbwebb-kurser/mvc/me/report/tests/BlackjackCardHandling/BlackjackCardHandlingTest.php" line="64" assertions="1" time="0.000738"/>
      <testcase name="testStandHandNegativeIndex" class="App\Tests\BlackjackCardHandling\BlackjackCardHandlingTest" classname="App.Tests.BlackjackCardHandling.BlackjackCardHandlingTest" file="/home/h3rmano/dbwebb-kurser/mvc/me/report/tests/BlackjackCardHandling/BlackjackCardHandlingTest.php" line="79" assertions="1" time="0.000806"/>
      <testcase name="testactiveTurnStatusUnchanged" class="App\Tests\BlackjackCardHandling\BlackjackCardHandlingTest" classname="App.Tests.BlackjackCardHandling.BlackjackCardHandlingTest" file="/home/h3rmano/dbwebb-kurser/mvc/me/report/tests/BlackjackCardHandling/BlackjackCardHandlingTest.php" line="19" assertions="1" time="0.001550"/>
      <testcase name="testactiveTurnStatusChanged" class="App\Tests\BlackjackCardHandling\BlackjackCardHandlingTest" classname="App.Tests.BlackjackCardHandling.BlackjackCardHandlingTest" file="/home/h3rmano/dbwebb-kurser/mvc/me/report/tests/BlackjackCardHandling/BlackjackCardHandlingTest.php" line="58" assertions="1" time="0.001138"/>
      <testcase name="testResetHands" class="App\Tests\BlackjackCardHandling\BlackjackCardHandlingTest" classname="App.Tests.BlackjackCardHandling.BlackjackCardHandlingTest" file="/home/h3rmano/dbwebb-kurser/mvc/me/report/tests/BlackjackCardHandling/BlackjackCardHandlingTest.php" line="93" assertions="6" time="0.000992"/>
      <testcase name="testGetCardsInHandAsUnicode" class="App\Tests\BlackjackCardHandling\BlackjackCardHandlingTest" classname="App.Tests.BlackjackCardHandling.BlackjackCardHandlingTest" file="/home/h3rmano/dbwebb-kurser/mvc/me/report/tests/BlackjackCardHandling/BlackjackCardHandlingTest.php" line="19" assertions="1" time="0.000843"/>
      <testcase name="testGetCardsInHandAsUnicodeNoHands" class="App\Tests\BlackjackCardHandling\BlackjackCardHandlingTest" classname="App.Tests.BlackjackCardHandling.BlackjackCardHandlingTest" file="/home/h3rmano/dbwebb-kurser/mvc/me/report/tests/BlackjackCardHandling/BlackjackCardHandlingTest.php" line="43" assertions="1" time="0.001473"/>
    </testsuite>
    <testsuite name="App\Tests\BlackjackPlayer\BlackjackDealer\BlackjackDealerTest" file="/home/h3rmano/dbwebb-kurser/mvc/me/report/tests/BlackjackDealer/BlackjackDealerTest.php" tests="3" assertions="3" errors="0" warnings="0" failures="0" skipped="0" time="0.003217">
      <testcase name="testCreateNoArguments" class="App\Tests\BlackjackPlayer\BlackjackDealer\BlackjackDealerTest" classname="App.Tests.BlackjackPlayer.BlackjackDealer.BlackjackDealerTest" file="/home/h3rmano/dbwebb-kurser/mvc/me/report/tests/BlackjackDealer/BlackjackDealerTest.php" line="17" assertions="1" time="0.001580"/>
      <testcase name="testCreateNameNoHands" class="App\Tests\BlackjackPlayer\BlackjackDealer\BlackjackDealerTest" classname="App.Tests.BlackjackPlayer.BlackjackDealer.BlackjackDealerTest" file="/home/h3rmano/dbwebb-kurser/mvc/me/report/tests/BlackjackDealer/BlackjackDealerTest.php" line="27" assertions="1" time="0.000750"/>
      <testcase name="testCreateWithOneHand" class="App\Tests\BlackjackPlayer\BlackjackDealer\BlackjackDealerTest" classname="App.Tests.BlackjackPlayer.BlackjackDealer.BlackjackDealerTest" file="/home/h3rmano/dbwebb-kurser/mvc/me/report/tests/BlackjackDealer/BlackjackDealerTest.php" line="37" assertions="1" time="0.000886"/>
    </testsuite>
    <testsuite name="App\Tests\BlackjackGameResults\BlackjackGameResultsTest" file="/home/h3rmano/dbwebb-kurser/mvc/me/report/tests/BlackjackGameResults/BlackjackGameResultsTest.php" tests="13" assertions="28" errors="0" warnings="0" failures="0" skipped="0" time="0.063155">
      <testcase name="testCreateGameResults" class="App\Tests\BlackjackGameResults\BlackjackGameResultsTest" classname="App.Tests.BlackjackGameResults.BlackjackGameResultsTest" file="/home/h3rmano/dbwebb-kurser/mvc/me/report/tests/BlackjackGameResults/BlackjackGameResultsTest.php" line="16" assertions="1" time="0.004720"/>
      <testcase name="testgetGameDecidedFalse" class="App\Tests\BlackjackGameResults\BlackjackGameResultsTest" classname="App.Tests.BlackjackGameResults.BlackjackGameResultsTest" file="/home/h3rmano/dbwebb-kurser/mvc/me/report/tests/BlackjackGameResults/BlackjackGameResultsTest.php" line="30" assertions="1" time="0.000786"/>
      <testcase name="testGameDecidedWhenPlayerOutOfChips" class="App\Tests\BlackjackGameResults\BlackjackGameResultsTest" classname="App.Tests.BlackjackGameResults.BlackjackGameResultsTest" file="/home/h3rmano/dbwebb-kurser/mvc/me/report/tests/BlackjackGameResults/BlackjackGameResultsTest.php" line="44" assertions="1" time="0.000828"/>
      <testcase name="testGameDecidedWhenDealerOutOfChips" class="App\Tests\BlackjackGameResults\BlackjackGameResultsTest" classname="App.Tests.BlackjackGameResults.BlackjackGameResultsTest" file="/home/h3rmano/dbwebb-kurser/mvc/me/report/tests/BlackjackGameResults/BlackjackGameResultsTest.php" line="60" assertions="1" time="0.000801"/>
      <testcase name="testEstablishSession" class="App\Tests\BlackjackGameResults\BlackjackGameResultsTest" classname="App.Tests.BlackjackGameResults.BlackjackGameResultsTest" file="/home/h3rmano/dbwebb-kurser/mvc/me/report/tests/BlackjackGameResults/BlackjackGameResultsTest.php" line="18" assertions="1" time="0.029795"/>
      <testcase name="testClearSession" class="App\Tests\BlackjackGameResults\BlackjackGameResultsTest" classname="App.Tests.BlackjackGameResults.BlackjackGameResultsTest" file="/home/h3rmano/dbwebb-kurser/mvc/me/report/tests/BlackjackGameResults/BlackjackGameResultsTest.php" line="37" assertions="1" time="0.013842"/>
      <testcase name="testPlayerWinsRoundDealerBust" class="App\Tests\BlackjackGameResults\BlackjackGameResultsTest" classname="App.Tests.BlackjackGameResults.BlackjackGameResultsTest" file="/home/h3rmano/dbwebb-kurser/mvc/me/report/tests/BlackjackGameResults/BlackjackGameResultsTest.php" line="18" assertions="3" time="0.002607"/>
      <testcase name="testPlayerWinsRoundDealerLower" class="App\Tests\BlackjackGameResults\BlackjackGameResultsTest" classname="App.Tests.BlackjackGameResults.BlackjackGameResultsTest" file="/home/h3rmano/dbwebb-kurser/mvc/me/report/tests/BlackjackGameResults/BlackjackGameResultsTest.php" line="56" assertions="3" time="0.001410"/>
      <testcase name="testDealerWinsRoundPlayerBust" class="App\Tests\BlackjackGameResults\BlackjackGameResultsTest" classname="App.Tests.BlackjackGameResults.BlackjackGameResultsTest" file="/home/h3rmano/dbwebb-kurser/mvc/me/report/tests/BlackjackGameResults/BlackjackGameResultsTest.php" line="95" assertions="3" time="0.001487"/>
      <testcase name="testDealerWinsRoundPlayerLower" class="App\Tests\BlackjackGameResults\BlackjackGameResultsTest" classname="App.Tests.BlackjackGameResults.BlackjackGameResultsTest" file="/home/h3rmano/dbwebb-kurser/mvc/me/report/tests/BlackjackGameResults/BlackjackGameResultsTest.php" line="134" assertions="3" time="0.001394"/>
      <testcase name="testDrawnRound" class="App\Tests\BlackjackGameResults\BlackjackGameResultsTest" classname="App.Tests.BlackjackGameResults.BlackjackGameResultsTest" file="/home/h3rmano/dbwebb-kurser/mvc/me/report/tests/BlackjackGameResults/BlackjackGameResultsTest.php" line="171" assertions="3" time="0.001652"/>
      <testcase name="testDrawnRoundBothBust" class="App\Tests\BlackjackGameResults\BlackjackGameResultsTest" classname="App.Tests.BlackjackGameResults.BlackjackGameResultsTest" file="/home/h3rmano/dbwebb-kurser/mvc/me/report/tests/BlackjackGameResults/BlackjackGameResultsTest.php" line="209" assertions="3" time="0.001439"/>
      <testcase name="testDecideBlackjackRoundResultsFormatting" class="App\Tests\BlackjackGameResults\BlackjackGameResultsTest" classname="App.Tests.BlackjackGameResults.BlackjackGameResultsTest" file="/home/h3rmano/dbwebb-kurser/mvc/me/report/tests/BlackjackGameResults/BlackjackGameResultsTest.php" line="249" assertions="4" time="0.002394"/>
    </testsuite>
    <testsuite name="App\Tests\BlackjackPlayer\BlackjackPlayerTest" file="/home/h3rmano/dbwebb-kurser/mvc/me/report/tests/BlackjackPlayer/BlackjackPlayerTest.php" tests="20" assertions="25" errors="0" warnings="0" failures="0" skipped="0" time="0.015674">
      <testcase name="testCreateNoArguments" class="App\Tests\BlackjackPlayer\BlackjackPlayerTest" classname="App.Tests.BlackjackPlayer.BlackjackPlayerTest" file="/home/h3rmano/dbwebb-kurser/mvc/me/report/tests/BlackjackPlayer/BlackjackPlayerTest.php" line="17" assertions="1" time="0.000754"/>
      <testcase name="testCreateNameNoHands" class="App\Tests\BlackjackPlayer\BlackjackPlayerTest" classname="App.Tests.BlackjackPlayer.BlackjackPlayerTest" file="/home/h3rmano/dbwebb-kurser/mvc/me/report/tests/BlackjackPlayer/BlackjackPlayerTest.php" line="29" assertions="1" time="0.000708"/>
      <testcase name="testCreateNameHand" class="App\Tests\BlackjackPlayer\BlackjackPlayerTest" classname="App.Tests.BlackjackPlayer.BlackjackPlayerTest" file="/home/h3rmano/dbwebb-kurser/mvc/me/report/tests/BlackjackPlayer/BlackjackPlayerTest.php" line="41" assertions="1" time="0.000772"/>
      <testcase name="testCreateNameHands" class="App\Tests\BlackjackPlayer\BlackjackPlayerTest" classname="App.Tests.BlackjackPlayer.BlackjackPlayerTest" file="/home/h3rmano/dbwebb-kurser/mvc/me/report/tests/BlackjackPlayer/BlackjackPlayerTest.php" line="55" assertions="1" time="0.000710"/>
      <testcase name="testGetPlayerName" class="App\Tests\BlackjackPlayer\BlackjackPlayerTest" classname="App.Tests.BlackjackPlayer.BlackjackPlayerTest" file="/home/h3rmano/dbwebb-kurser/mvc/me/report/tests/BlackjackPlayer/BlackjackPlayerTest.php" line="73" assertions="1" time="0.000697"/>
      <testcase name="testIsActiveTurnDefaultTrue" class="App\Tests\BlackjackPlayer\BlackjackPlayerTest" classname="App.Tests.BlackjackPlayer.BlackjackPlayerTest" file="/home/h3rmano/dbwebb-kurser/mvc/me/report/tests/BlackjackPlayer/BlackjackPlayerTest.php" line="14" assertions="1" time="0.000693"/>
      <testcase name="testDeactivateTurn" class="App\Tests\BlackjackPlayer\BlackjackPlayerTest" classname="App.Tests.BlackjackPlayer.BlackjackPlayerTest" file="/home/h3rmano/dbwebb-kurser/mvc/me/report/tests/BlackjackPlayer/BlackjackPlayerTest.php" line="25" assertions="2" time="0.000726"/>
      <testcase name="testActivateTurn" class="App\Tests\BlackjackPlayer\BlackjackPlayerTest" classname="App.Tests.BlackjackPlayer.BlackjackPlayerTest" file="/home/h3rmano/dbwebb-kurser/mvc/me/report/tests/BlackjackPlayer/BlackjackPlayerTest.php" line="41" assertions="3" time="0.000714"/>
      <testcase name="testGetChipCount" class="App\Tests\BlackjackPlayer\BlackjackPlayerTest" classname="App.Tests.BlackjackPlayer.BlackjackPlayerTest" file="/home/h3rmano/dbwebb-kurser/mvc/me/report/tests/BlackjackPlayer/BlackjackPlayerTest.php" line="16" assertions="1" time="0.000738"/>
      <testcase name="testGetChipCountCustom" class="App\Tests\BlackjackPlayer\BlackjackPlayerTest" classname="App.Tests.BlackjackPlayer.BlackjackPlayerTest" file="/home/h3rmano/dbwebb-kurser/mvc/me/report/tests/BlackjackPlayer/BlackjackPlayerTest.php" line="27" assertions="1" time="0.000739"/>
      <testcase name="testGetChipCountCustomZero" class="App\Tests\BlackjackPlayer\BlackjackPlayerTest" classname="App.Tests.BlackjackPlayer.BlackjackPlayerTest" file="/home/h3rmano/dbwebb-kurser/mvc/me/report/tests/BlackjackPlayer/BlackjackPlayerTest.php" line="38" assertions="1" time="0.000703"/>
      <testcase name="testWagerNoChips" class="App\Tests\BlackjackPlayer\BlackjackPlayerTest" classname="App.Tests.BlackjackPlayer.BlackjackPlayerTest" file="/home/h3rmano/dbwebb-kurser/mvc/me/report/tests/BlackjackPlayer/BlackjackPlayerTest.php" line="49" assertions="1" time="0.000699"/>
      <testcase name="testWagerChipsWithSpecificAmount" class="App\Tests\BlackjackPlayer\BlackjackPlayerTest" classname="App.Tests.BlackjackPlayer.BlackjackPlayerTest" file="/home/h3rmano/dbwebb-kurser/mvc/me/report/tests/BlackjackPlayer/BlackjackPlayerTest.php" line="64" assertions="1" time="0.000726"/>
      <testcase name="testWagerNotEnoughChips" class="App\Tests\BlackjackPlayer\BlackjackPlayerTest" classname="App.Tests.BlackjackPlayer.BlackjackPlayerTest" file="/home/h3rmano/dbwebb-kurser/mvc/me/report/tests/BlackjackPlayer/BlackjackPlayerTest.php" line="78" assertions="1" time="0.001520"/>
      <testcase name="testgetChipsInPlayCount" class="App\Tests\BlackjackPlayer\BlackjackPlayerTest" classname="App.Tests.BlackjackPlayer.BlackjackPlayerTest" file="/home/h3rmano/dbwebb-kurser/mvc/me/report/tests/BlackjackPlayer/BlackjackPlayerTest.php" line="91" assertions="2" time="0.000754"/>
      <testcase name="testAddChips" class="App\Tests\BlackjackPlayer\BlackjackPlayerTest" classname="App.Tests.BlackjackPlayer.BlackjackPlayerTest" file="/home/h3rmano/dbwebb-kurser/mvc/me/report/tests/BlackjackPlayer/BlackjackPlayerTest.php" line="105" assertions="1" time="0.000725"/>
      <testcase name="testAddChipsZero" class="App\Tests\BlackjackPlayer\BlackjackPlayerTest" classname="App.Tests.BlackjackPlayer.BlackjackPlayerTest" file="/home/h3rmano/dbwebb-kurser/mvc/me/report/tests/BlackjackPlayer/BlackjackPlayerTest.php" line="116" assertions="1" time="0.000824"/>
      <testcase name="testResetChipsInPlay" class="App\Tests\BlackjackPlayer\BlackjackPlayerTest" classname="App.Tests.BlackjackPlayer.BlackjackPlayerTest" file="/home/h3rmano/dbwebb-kurser/mvc/me/report/tests/BlackjackPlayer/BlackjackPlayerTest.php" line="128" assertions="2" time="0.000759"/>
      <testcase name="testGetPlayerDetailsJsonEmptyHand" class="App\Tests\BlackjackPlayer\BlackjackPlayerTest" classname="App.Tests.BlackjackPlayer.BlackjackPlayerTest" file="/home/h3rmano/dbwebb-kurser/mvc/me/report/tests/BlackjackPlayer/BlackjackPlayerTest.php" line="18" assertions="1" time="0.000750"/>
      <testcase name="testGetPlayerDetailsJsonValidHand" class="App\Tests\BlackjackPlayer\BlackjackPlayerTest" classname="App.Tests.BlackjackPlayer.BlackjackPlayerTest" file="/home/h3rmano/dbwebb-kurser/mvc/me/report/tests/BlackjackPlayer/BlackjackPlayerTest.php" line="33" assertions="1" time="0.000962"/>
    </testsuite>
    <testsuite name="App\Tests\Card\CardTest" file="/home/h3rmano/dbwebb-kurser/mvc/me/report/tests/Card/CardTest.php" tests="12" assertions="17" errors="0" warnings="0" failures="0" skipped="0" time="0.011315">
      <testcase name="testCreateCardNoArguments" class="App\Tests\Card\CardTest" classname="App.Tests.Card.CardTest" file="/home/h3rmano/dbwebb-kurser/mvc/me/report/tests/Card/CardTest.php" line="15" assertions="1" time="0.000718"/>
      <testcase name="testCreateCardInvalidArguments" class="App\Tests\Card\CardTest" classname="App.Tests.Card.CardTest" file="/home/h3rmano/dbwebb-kurser/mvc/me/report/tests/Card/CardTest.php" line="24" assertions="1" time="0.000656"/>
      <testcase name="testCreateCardInsufficientArguments" class="App\Tests\Card\CardTest" classname="App.Tests.Card.CardTest" file="/home/h3rmano/dbwebb-kurser/mvc/me/report/tests/Card/CardTest.php" line="34" assertions="1" time="0.000690"/>
      <testcase name="testCreateCardWithValidArguments" class="App\Tests\Card\CardTest" classname="App.Tests.Card.CardTest" file="/home/h3rmano/dbwebb-kurser/mvc/me/report/tests/Card/CardTest.php" line="43" assertions="2" time="0.003539"/>
      <testcase name="testGetValue" class="App\Tests\Card\CardTest" classname="App.Tests.Card.CardTest" file="/home/h3rmano/dbwebb-kurser/mvc/me/report/tests/Card/CardTest.php" line="16" assertions="1" time="0.000643"/>
      <testcase name="testGetRank" class="App\Tests\Card\CardTest" classname="App.Tests.Card.CardTest" file="/home/h3rmano/dbwebb-kurser/mvc/me/report/tests/Card/CardTest.php" line="32" assertions="1" time="0.000608"/>
      <testcase name="testGetSuit" class="App\Tests\Card\CardTest" classname="App.Tests.Card.CardTest" file="/home/h3rmano/dbwebb-kurser/mvc/me/report/tests/Card/CardTest.php" line="48" assertions="1" time="0.000643"/>
      <testcase name="testGetColor" class="App\Tests\Card\CardTest" classname="App.Tests.Card.CardTest" file="/home/h3rmano/dbwebb-kurser/mvc/me/report/tests/Card/CardTest.php" line="64" assertions="1" time="0.000636"/>
      <testcase name="testGetCardAsInt" class="App\Tests\Card\CardTest" classname="App.Tests.Card.CardTest" file="/home/h3rmano/dbwebb-kurser/mvc/me/report/tests/Card/CardTest.php" line="80" assertions="1" time="0.000614"/>
      <testcase name="testGetBackOfCard" class="App\Tests\Card\CardTest" classname="App.Tests.Card.CardTest" file="/home/h3rmano/dbwebb-kurser/mvc/me/report/tests/Card/CardTest.php" line="97" assertions="1" time="0.000635"/>
      <testcase name="testIsFaceCard" class="App\Tests\Card\CardTest" classname="App.Tests.Card.CardTest" file="/home/h3rmano/dbwebb-kurser/mvc/me/report/tests/Card/CardTest.php" line="113" assertions="5" time="0.001249"/>
      <testcase name="testGetAsString" class="App\Tests\Card\CardTest" classname="App.Tests.Card.CardTest" file="/home/h3rmano/dbwebb-kurser/mvc/me/report/tests/Card/CardTest.php" line="149" assertions="1" time="0.000686"/>
    </testsuite>
    <testsuite name="App\Tests\DeckOfCards\DeckOfCardsTest" file="/home/h3rmano/dbwebb-kurser/mvc/me/report/tests/DeckOfCards/DeckOfCardsTest.php" tests="22" assertions="64" errors="0" warnings="0" failures="0" skipped="0" time="0.047494">
      <testcase name="testCreateDeckOfCards" class="App\Tests\DeckOfCards\DeckOfCardsTest" classname="App.Tests.DeckOfCards.DeckOfCardsTest" file="/home/h3rmano/dbwebb-kurser/mvc/me/report/tests/DeckOfCards/DeckOfCardsTest.php" line="18" assertions="2" time="0.001596"/>
      <testcase name="testCreateDeckOfCardsComplete" class="App\Tests\DeckOfCards\DeckOfCardsTest" classname="App.Tests.DeckOfCards.DeckOfCardsTest" file="/home/h3rmano/dbwebb-kurser/mvc/me/report/tests/DeckOfCards/DeckOfCardsTest.php" line="30" assertions="3" time="0.002739"/>
      <testcase name="testCardsSuitCount" class="App\Tests\DeckOfCards\DeckOfCardsTest" classname="App.Tests.DeckOfCards.DeckOfCardsTest" file="/home/h3rmano/dbwebb-kurser/mvc/me/report/tests/DeckOfCards/DeckOfCardsTest.php" line="45" assertions="7" time="0.002453"/>
      <testcase name="testEmptyDeck" class="App\Tests\DeckOfCards\DeckOfCardsTest" classname="App.Tests.DeckOfCards.DeckOfCardsTest" file="/home/h3rmano/dbwebb-kurser/mvc/me/report/tests/DeckOfCards/DeckOfCardsTest.php" line="81" assertions="2" time="0.001661"/>
      <testcase name="testCardsRank" class="App\Tests\DeckOfCards\DeckOfCardsTest" classname="App.Tests.DeckOfCards.DeckOfCardsTest" file="/home/h3rmano/dbwebb-kurser/mvc/me/report/tests/DeckOfCards/DeckOfCardsTest.php" line="99" assertions="15" time="0.002271"/>
      <testcase name="testDrawCards" class="App\Tests\DeckOfCards\DeckOfCardsTest" classname="App.Tests.DeckOfCards.DeckOfCardsTest" file="/home/h3rmano/dbwebb-kurser/mvc/me/report/tests/DeckOfCards/DeckOfCardsTest.php" line="18" assertions="5" time="0.001831"/>
      <testcase name="testDrawCardNoCardsLeft" class="App\Tests\DeckOfCards\DeckOfCardsTest" classname="App.Tests.DeckOfCards.DeckOfCardsTest" file="/home/h3rmano/dbwebb-kurser/mvc/me/report/tests/DeckOfCards/DeckOfCardsTest.php" line="38" assertions="2" time="0.004868"/>
      <testcase name="testDrawCardsNoCardsLeft" class="App\Tests\DeckOfCards\DeckOfCardsTest" classname="App.Tests.DeckOfCards.DeckOfCardsTest" file="/home/h3rmano/dbwebb-kurser/mvc/me/report/tests/DeckOfCards/DeckOfCardsTest.php" line="59" assertions="2" time="0.003212"/>
      <testcase name="testDrawCardsExcessiveNr" class="App\Tests\DeckOfCards\DeckOfCardsTest" classname="App.Tests.DeckOfCards.DeckOfCardsTest" file="/home/h3rmano/dbwebb-kurser/mvc/me/report/tests/DeckOfCards/DeckOfCardsTest.php" line="82" assertions="2" time="0.001687"/>
      <testcase name="testDrawCardsNegativeNr" class="App\Tests\DeckOfCards\DeckOfCardsTest" classname="App.Tests.DeckOfCards.DeckOfCardsTest" file="/home/h3rmano/dbwebb-kurser/mvc/me/report/tests/DeckOfCards/DeckOfCardsTest.php" line="101" assertions="2" time="0.001647"/>
      <testcase name="testDrawCardsZero" class="App\Tests\DeckOfCards\DeckOfCardsTest" classname="App.Tests.DeckOfCards.DeckOfCardsTest" file="/home/h3rmano/dbwebb-kurser/mvc/me/report/tests/DeckOfCards/DeckOfCardsTest.php" line="121" assertions="2" time="0.001676"/>
      <testcase name="testGetDrawnCards" class="App\Tests\DeckOfCards\DeckOfCardsTest" classname="App.Tests.DeckOfCards.DeckOfCardsTest" file="/home/h3rmano/dbwebb-kurser/mvc/me/report/tests/DeckOfCards/DeckOfCardsTest.php" line="140" assertions="1" time="0.001778"/>
      <testcase name="testGetNumberOfCardsLeft" class="App\Tests\DeckOfCards\DeckOfCardsTest" classname="App.Tests.DeckOfCards.DeckOfCardsTest" file="/home/h3rmano/dbwebb-kurser/mvc/me/report/tests/DeckOfCards/DeckOfCardsTest.php" line="157" assertions="1" time="0.001593"/>
      <testcase name="testAddCardSingle" class="App\Tests\DeckOfCards\DeckOfCardsTest" classname="App.Tests.DeckOfCards.DeckOfCardsTest" file="/home/h3rmano/dbwebb-kurser/mvc/me/report/tests/DeckOfCards/DeckOfCardsTest.php" line="171" assertions="2" time="0.001664"/>
      <testcase name="testAddCardMultiple" class="App\Tests\DeckOfCards\DeckOfCardsTest" classname="App.Tests.DeckOfCards.DeckOfCardsTest" file="/home/h3rmano/dbwebb-kurser/mvc/me/report/tests/DeckOfCards/DeckOfCardsTest.php" line="189" assertions="4" time="0.001888"/>
      <testcase name="testAddCardsAfterDrawing" class="App\Tests\DeckOfCards\DeckOfCardsTest" classname="App.Tests.DeckOfCards.DeckOfCardsTest" file="/home/h3rmano/dbwebb-kurser/mvc/me/report/tests/DeckOfCards/DeckOfCardsTest.php" line="215" assertions="3" time="0.001852"/>
      <testcase name="testSortDeck" class="App\Tests\DeckOfCards\DeckOfCardsTest" classname="App.Tests.DeckOfCards.DeckOfCardsTest" file="/home/h3rmano/dbwebb-kurser/mvc/me/report/tests/DeckOfCards/DeckOfCardsTest.php" line="21" assertions="2" time="0.002084"/>
      <testcase name="testSortDeckFirstByRankThenBySuit" class="App\Tests\DeckOfCards\DeckOfCardsTest" classname="App.Tests.DeckOfCards.DeckOfCardsTest" file="/home/h3rmano/dbwebb-kurser/mvc/me/report/tests/DeckOfCards/DeckOfCardsTest.php" line="67" assertions="2" time="0.002278"/>
      <testcase name="testShuffleDeck" class="App\Tests\DeckOfCards\DeckOfCardsTest" classname="App.Tests.DeckOfCards.DeckOfCardsTest" file="/home/h3rmano/dbwebb-kurser/mvc/me/report/tests/DeckOfCards/DeckOfCardsTest.php" line="103" assertions="2" time="0.002221"/>
      <testcase name="testGetUnicodeOfRoundCards" class="App\Tests\DeckOfCards\DeckOfCardsTest" classname="App.Tests.DeckOfCards.DeckOfCardsTest" file="/home/h3rmano/dbwebb-kurser/mvc/me/report/tests/DeckOfCards/DeckOfCardsTest.php" line="19" assertions="1" time="0.002653"/>
      <testcase name="testGetCardsUnicode" class="App\Tests\DeckOfCards\DeckOfCardsTest" classname="App.Tests.DeckOfCards.DeckOfCardsTest" file="/home/h3rmano/dbwebb-kurser/mvc/me/report/tests/DeckOfCards/DeckOfCardsTest.php" line="47" assertions="1" time="0.001960"/>
      <testcase name="testGetCardsDrawnUnicode" class="App\Tests\DeckOfCards\DeckOfCardsTest" classname="App.Tests.DeckOfCards.DeckOfCardsTest" file="/home/h3rmano/dbwebb-kurser/mvc/me/report/tests/DeckOfCards/DeckOfCardsTest.php" line="80" assertions="1" time="0.001884"/>
    </testsuite>
    <testsuite name="App\Deck\DeckOfCards52Test" file="/home/h3rmano/dbwebb-kurser/mvc/me/report/tests/DeckOfCards52/DeckOfCards52Test.php" tests="4" assertions="60" errors="0" warnings="0" failures="0" skipped="0" time="0.014247">
      <testcase name="testCreateDeckOfCards52" class="App\Deck\DeckOfCards52Test" classname="App.Deck.DeckOfCards52Test" file="/home/h3rmano/dbwebb-kurser/mvc/me/report/tests/DeckOfCards52/DeckOfCards52Test.php" line="21" assertions="2" time="0.001995"/>
      <testcase name="testCreateDeckOfCards52Complete" class="App\Deck\DeckOfCards52Test" classname="App.Deck.DeckOfCards52Test" file="/home/h3rmano/dbwebb-kurser/mvc/me/report/tests/DeckOfCards52/DeckOfCards52Test.php" line="33" assertions="3" time="0.002092"/>
      <testcase name="testCreateDeckOfCardsEmpty" class="App\Deck\DeckOfCards52Test" classname="App.Deck.DeckOfCards52Test" file="/home/h3rmano/dbwebb-kurser/mvc/me/report/tests/DeckOfCards52/DeckOfCards52Test.php" line="48" assertions="2" time="0.001977"/>
      <testcase name="testJokersAreRemoved" class="App\Deck\DeckOfCards52Test" classname="App.Deck.DeckOfCards52Test" file="/home/h3rmano/dbwebb-kurser/mvc/me/report/tests/DeckOfCards52/DeckOfCards52Test.php" line="66" assertions="53" time="0.008183"/>
    </testsuite>
    <testsuite name="App\Tests\Dice\DiceTest" file="/home/h3rmano/dbwebb-kurser/mvc/me/report/tests/Dice/DiceTest.php" tests="2" assertions="3" errors="0" warnings="0" failures="0" skipped="0" time="0.003231">
      <testcase name="testCreateDice" class="App\Tests\Dice\DiceTest" classname="App.Tests.Dice.DiceTest" file="/home/h3rmano/dbwebb-kurser/mvc/me/report/tests/Dice/DiceTest.php" line="19" assertions="2" time="0.001693"/>
      <testcase name="testEDRException" class="App\Tests\Dice\DiceTest" classname="App.Tests.Dice.DiceTest" file="/home/h3rmano/dbwebb-kurser/mvc/me/report/tests/Dice/DiceTest.php" line="32" assertions="1" time="0.001538"/>
    </testsuite>
    <testsuite name="App\Tests\EvaluateHands\EvaluateHandsTest" file="/home/h3rmano/dbwebb-kurser/mvc/me/report/tests/EvaluateHands/EvaluateHandsTest.php" tests="27" assertions="33" errors="0" warnings="0" failures="0" skipped="0" time="0.046885">
      <testcase name="testCreateEvaluateHands" class="App\Tests\EvaluateHands\EvaluateHandsTest" classname="App.Tests.EvaluateHands.EvaluateHandsTest" file="/home/h3rmano/dbwebb-kurser/mvc/me/report/tests/EvaluateHands/EvaluateHandsTest.php" line="18" assertions="2" time="0.004789"/>
      <testcase name="testCreateEvaluateHandsInvalidGrid" class="App\Tests\EvaluateHands\EvaluateHandsTest" classname="App.Tests.EvaluateHands.EvaluateHandsTest" file="/home/h3rmano/dbwebb-kurser/mvc/me/report/tests/EvaluateHands/EvaluateHandsTest.php" line="30" assertions="1" time="0.001463"/>
      <testcase name="testEvaluateHandsReturnsCorrectStructures" class="App\Tests\EvaluateHands\EvaluateHandsTest" classname="App.Tests.EvaluateHands.EvaluateHandsTest" file="/home/h3rmano/dbwebb-kurser/mvc/me/report/tests/EvaluateHands/EvaluateHandsTest.php" line="41" assertions="6" time="0.001461"/>
      <testcase name="testEvaluateCorrectFormatting" class="App\Tests\EvaluateHands\EvaluateHandsTest" classname="App.Tests.EvaluateHands.EvaluateHandsTest" file="/home/h3rmano/dbwebb-kurser/mvc/me/report/tests/EvaluateHands/EvaluateHandsTest.php" line="62" assertions="1" time="0.001433"/>
      <testcase name="testEvaluateHandsNoScore" class="App\Tests\EvaluateHands\EvaluateHandsTest" classname="App.Tests.EvaluateHands.EvaluateHandsTest" file="/home/h3rmano/dbwebb-kurser/mvc/me/report/tests/EvaluateHands/EvaluateHandsTest.php" line="17" assertions="1" time="0.001885"/>
      <testcase name="testEvaluateHandsCorrectPairScore" class="App\Tests\EvaluateHands\EvaluateHandsTest" classname="App.Tests.EvaluateHands.EvaluateHandsTest" file="/home/h3rmano/dbwebb-kurser/mvc/me/report/tests/EvaluateHands/EvaluateHandsTest.php" line="32" assertions="1" time="0.001833"/>
      <testcase name="testEvaluateHandsCorrectTwoPairScore" class="App\Tests\EvaluateHands\EvaluateHandsTest" classname="App.Tests.EvaluateHands.EvaluateHandsTest" file="/home/h3rmano/dbwebb-kurser/mvc/me/report/tests/EvaluateHands/EvaluateHandsTest.php" line="45" assertions="1" time="0.002257"/>
      <testcase name="testEvaluateHandsCThreeOfAKindScore" class="App\Tests\EvaluateHands\EvaluateHandsTest" classname="App.Tests.EvaluateHands.EvaluateHandsTest" file="/home/h3rmano/dbwebb-kurser/mvc/me/report/tests/EvaluateHands/EvaluateHandsTest.php" line="61" assertions="1" time="0.002165"/>
      <testcase name="testEvaluateHandsCorrectStraightScore" class="App\Tests\EvaluateHands\EvaluateHandsTest" classname="App.Tests.EvaluateHands.EvaluateHandsTest" file="/home/h3rmano/dbwebb-kurser/mvc/me/report/tests/EvaluateHands/EvaluateHandsTest.php" line="77" assertions="1" time="0.002081"/>
      <testcase name="testEvaluateHandsFlushScore" class="App\Tests\EvaluateHands\EvaluateHandsTest" classname="App.Tests.EvaluateHands.EvaluateHandsTest" file="/home/h3rmano/dbwebb-kurser/mvc/me/report/tests/EvaluateHands/EvaluateHandsTest.php" line="92" assertions="1" time="0.002057"/>
      <testcase name="testEvaluateHandsFullHouseScore" class="App\Tests\EvaluateHands\EvaluateHandsTest" classname="App.Tests.EvaluateHands.EvaluateHandsTest" file="/home/h3rmano/dbwebb-kurser/mvc/me/report/tests/EvaluateHands/EvaluateHandsTest.php" line="106" assertions="1" time="0.001739"/>
      <testcase name="testEvaluateHandsFourOfAKindScore" class="App\Tests\EvaluateHands\EvaluateHandsTest" classname="App.Tests.EvaluateHands.EvaluateHandsTest" file="/home/h3rmano/dbwebb-kurser/mvc/me/report/tests/EvaluateHands/EvaluateHandsTest.php" line="120" assertions="1" time="0.002856"/>
      <testcase name="testEvaluateHandsStraightFlushScore" class="App\Tests\EvaluateHands\EvaluateHandsTest" classname="App.Tests.EvaluateHands.EvaluateHandsTest" file="/home/h3rmano/dbwebb-kurser/mvc/me/report/tests/EvaluateHands/EvaluateHandsTest.php" line="133" assertions="1" time="0.001736"/>
      <testcase name="testEvaluateHandsRoyalStraightFlushScore" class="App\Tests\EvaluateHands\EvaluateHandsTest" classname="App.Tests.EvaluateHands.EvaluateHandsTest" file="/home/h3rmano/dbwebb-kurser/mvc/me/report/tests/EvaluateHands/EvaluateHandsTest.php" line="147" assertions="1" time="0.001621"/>
      <testcase name="testEvaluateHandsCorrectVertical" class="App\Tests\EvaluateHands\EvaluateHandsTest" classname="App.Tests.EvaluateHands.EvaluateHandsTest" file="/home/h3rmano/dbwebb-kurser/mvc/me/report/tests/EvaluateHands/EvaluateHandsTest.php" line="15" assertions="1" time="0.001821"/>
      <testcase name="testEvaluateHandsCorrectMultiple" class="App\Tests\EvaluateHands\EvaluateHandsTest" classname="App.Tests.EvaluateHands.EvaluateHandsTest" file="/home/h3rmano/dbwebb-kurser/mvc/me/report/tests/EvaluateHands/EvaluateHandsTest.php" line="37" assertions="1" time="0.002586">
        <system-out>Grid: Array
(
    [0] =&gt; 102
    [1] =&gt; 110
    [2] =&gt; 0
    [3] =&gt; 0
    [4] =&gt; 0
    [5] =&gt; 202
    [6] =&gt; 111
    [7] =&gt; 0
    [8] =&gt; 0
    [9] =&gt; 0
    [10] =&gt; 104
    [11] =&gt; 212
    [12] =&gt; 0
    [13] =&gt; 0
    [14] =&gt; 0
    [15] =&gt; 205
    [16] =&gt; 213
    [17] =&gt; 0
    [18] =&gt; 0
    [19] =&gt; 0
    [20] =&gt; 214
    [21] =&gt; 214
    [22] =&gt; 0
    [23] =&gt; 0
    [24] =&gt; 0
)
Result: Array
(
    [horizontal] =&gt; Array
        (
            [0] =&gt; 0
            [1] =&gt; 0
            [2] =&gt; 0
            [3] =&gt; 0
            [4] =&gt; 0
        )

    [vertical] =&gt; Array
        (
            [0] =&gt; 2
            [1] =&gt; 15
            [2] =&gt; 0
            [3] =&gt; 0
            [4] =&gt; 0
        )

    [current_score] =&gt; 17
)
</system-out>
      </testcase>
      <testcase name="testEvaluateHandsCorrectMultipleFull" class="App\Tests\EvaluateHands\EvaluateHandsTest" classname="App.Tests.EvaluateHands.EvaluateHandsTest" file="/home/h3rmano/dbwebb-kurser/mvc/me/report/tests/EvaluateHands/EvaluateHandsTest.php" line="73" assertions="1" time="0.002486">
        <system-out>Grid: Array
(
    [0] =&gt; 102
    [1] =&gt; 110
    [2] =&gt; 105
    [3] =&gt; 106
    [4] =&gt; 107
    [5] =&gt; 202
    [6] =&gt; 111
    [7] =&gt; 0
    [8] =&gt; 0
    [9] =&gt; 0
    [10] =&gt; 104
    [11] =&gt; 212
    [12] =&gt; 0
    [13] =&gt; 0
    [14] =&gt; 0
    [15] =&gt; 205
    [16] =&gt; 213
    [17] =&gt; 0
    [18] =&gt; 0
    [19] =&gt; 0
    [20] =&gt; 214
    [21] =&gt; 214
    [22] =&gt; 0
    [23] =&gt; 0
    [24] =&gt; 0
)
Result: Array
(
    [horizontal] =&gt; Array
        (
            [0] =&gt; 20
            [1] =&gt; 0
            [2] =&gt; 0
            [3] =&gt; 0
            [4] =&gt; 0
        )

    [vertical] =&gt; Array
        (
            [0] =&gt; 2
            [1] =&gt; 15
            [2] =&gt; 0
            [3] =&gt; 0
            [4] =&gt; 0
        )

    [current_score] =&gt; 37
)
</system-out>
      </testcase>
      <testcase name="testDreamHandCorrectMultipleFull" class="App\Tests\EvaluateHands\EvaluateHandsTest" classname="App.Tests.EvaluateHands.EvaluateHandsTest" file="/home/h3rmano/dbwebb-kurser/mvc/me/report/tests/EvaluateHands/EvaluateHandsTest.php" line="115" assertions="1" time="0.003395"/>
      <testcase name="testHandOnePairThrowsExceptionForEmptyValues" class="App\Tests\EvaluateHands\EvaluateHandsTest" classname="App.Tests.EvaluateHands.EvaluateHandsTest" file="/home/h3rmano/dbwebb-kurser/mvc/me/report/tests/EvaluateHands/EvaluateHandsTest.php" line="16" assertions="1" time="0.000722"/>
      <testcase name="testHandTwoPairsThrowsExceptionForEmptyValues" class="App\Tests\EvaluateHands\EvaluateHandsTest" classname="App.Tests.EvaluateHands.EvaluateHandsTest" file="/home/h3rmano/dbwebb-kurser/mvc/me/report/tests/EvaluateHands/EvaluateHandsTest.php" line="26" assertions="1" time="0.000795"/>
      <testcase name="testHandThreeOfAKindThrowsExceptionForEmptyValues" class="App\Tests\EvaluateHands\EvaluateHandsTest" classname="App.Tests.EvaluateHands.EvaluateHandsTest" file="/home/h3rmano/dbwebb-kurser/mvc/me/report/tests/EvaluateHands/EvaluateHandsTest.php" line="36" assertions="1" time="0.000753"/>
      <testcase name="testHandStraightThrowsExceptionForEmptyValues" class="App\Tests\EvaluateHands\EvaluateHandsTest" classname="App.Tests.EvaluateHands.EvaluateHandsTest" file="/home/h3rmano/dbwebb-kurser/mvc/me/report/tests/EvaluateHands/EvaluateHandsTest.php" line="46" assertions="1" time="0.000746"/>
      <testcase name="testHandFlushThrowsExceptionForEmptyValues" class="App\Tests\EvaluateHands\EvaluateHandsTest" classname="App.Tests.EvaluateHands.EvaluateHandsTest" file="/home/h3rmano/dbwebb-kurser/mvc/me/report/tests/EvaluateHands/EvaluateHandsTest.php" line="56" assertions="1" time="0.000700"/>
      <testcase name="testHandFullHouseThrowsExceptionForEmptyValues" class="App\Tests\EvaluateHands\EvaluateHandsTest" classname="App.Tests.EvaluateHands.EvaluateHandsTest" file="/home/h3rmano/dbwebb-kurser/mvc/me/report/tests/EvaluateHands/EvaluateHandsTest.php" line="66" assertions="1" time="0.000685"/>
      <testcase name="testHandFourOfAKindThrowsExceptionForEmptyValues" class="App\Tests\EvaluateHands\EvaluateHandsTest" classname="App.Tests.EvaluateHands.EvaluateHandsTest" file="/home/h3rmano/dbwebb-kurser/mvc/me/report/tests/EvaluateHands/EvaluateHandsTest.php" line="76" assertions="1" time="0.001403"/>
      <testcase name="testHandStraightFlushThrowsExceptionForEmptyValues" class="App\Tests\EvaluateHands\EvaluateHandsTest" classname="App.Tests.EvaluateHands.EvaluateHandsTest" file="/home/h3rmano/dbwebb-kurser/mvc/me/report/tests/EvaluateHands/EvaluateHandsTest.php" line="86" assertions="1" time="0.000708"/>
      <testcase name="testHandRoyalFlushThrowsExceptionForEmptyValues" class="App\Tests\EvaluateHands\EvaluateHandsTest" classname="App.Tests.EvaluateHands.EvaluateHandsTest" file="/home/h3rmano/dbwebb-kurser/mvc/me/report/tests/EvaluateHands/EvaluateHandsTest.php" line="96" assertions="1" time="0.000708"/>
    </testsuite>
    <testsuite name="App\Tests\PokerPatienceGrid\PokerPatienceGridTest" file="/home/h3rmano/dbwebb-kurser/mvc/me/report/tests/PokerPatienceGrid/PokerPatienceGridTest.php" tests="11" assertions="18" errors="0" warnings="0" failures="0" skipped="0" time="0.009513">
      <testcase name="testCreatePokerPatienceGrid" class="App\Tests\PokerPatienceGrid\PokerPatienceGridTest" classname="App.Tests.PokerPatienceGrid.PokerPatienceGridTest" file="/home/h3rmano/dbwebb-kurser/mvc/me/report/tests/PokerPatienceGrid/PokerPatienceGridTest.php" line="9" assertions="2" time="0.002126"/>
      <testcase name="testCreatePokerPatienceGridCount" class="App\Tests\PokerPatienceGrid\PokerPatienceGridTest" classname="App.Tests.PokerPatienceGrid.PokerPatienceGridTest" file="/home/h3rmano/dbwebb-kurser/mvc/me/report/tests/PokerPatienceGrid/PokerPatienceGridTest.php" line="19" assertions="2" time="0.000698"/>
      <testcase name="testSetGridInvalidSize" class="App\Tests\PokerPatienceGrid\PokerPatienceGridTest" classname="App.Tests.PokerPatienceGrid.PokerPatienceGridTest" file="/home/h3rmano/dbwebb-kurser/mvc/me/report/tests/PokerPatienceGrid/PokerPatienceGridTest.php" line="29" assertions="2" time="0.000768"/>
      <testcase name="testSetGridValidSize" class="App\Tests\PokerPatienceGrid\PokerPatienceGridTest" classname="App.Tests.PokerPatienceGrid.PokerPatienceGridTest" file="/home/h3rmano/dbwebb-kurser/mvc/me/report/tests/PokerPatienceGrid/PokerPatienceGridTest.php" line="39" assertions="2" time="0.000664"/>
      <testcase name="testAddCardToGridValidIndex" class="App\Tests\PokerPatienceGrid\PokerPatienceGridTest" classname="App.Tests.PokerPatienceGrid.PokerPatienceGridTest" file="/home/h3rmano/dbwebb-kurser/mvc/me/report/tests/PokerPatienceGrid/PokerPatienceGridTest.php" line="10" assertions="2" time="0.000672"/>
      <testcase name="testAddCardToGridInvalidIndex" class="App\Tests\PokerPatienceGrid\PokerPatienceGridTest" classname="App.Tests.PokerPatienceGrid.PokerPatienceGridTest" file="/home/h3rmano/dbwebb-kurser/mvc/me/report/tests/PokerPatienceGrid/PokerPatienceGridTest.php" line="21" assertions="1" time="0.000674"/>
      <testcase name="testAddCardToGridInvalidCardNegativeValue" class="App\Tests\PokerPatienceGrid\PokerPatienceGridTest" classname="App.Tests.PokerPatienceGrid.PokerPatienceGridTest" file="/home/h3rmano/dbwebb-kurser/mvc/me/report/tests/PokerPatienceGrid/PokerPatienceGridTest.php" line="33" assertions="1" time="0.000640"/>
      <testcase name="testAddCardToGridOccupiedIndex" class="App\Tests\PokerPatienceGrid\PokerPatienceGridTest" classname="App.Tests.PokerPatienceGrid.PokerPatienceGridTest" file="/home/h3rmano/dbwebb-kurser/mvc/me/report/tests/PokerPatienceGrid/PokerPatienceGridTest.php" line="42" assertions="2" time="0.000663"/>
      <testcase name="testClearGrid" class="App\Tests\PokerPatienceGrid\PokerPatienceGridTest" classname="App.Tests.PokerPatienceGrid.PokerPatienceGridTest" file="/home/h3rmano/dbwebb-kurser/mvc/me/report/tests/PokerPatienceGrid/PokerPatienceGridTest.php" line="53" assertions="1" time="0.000682"/>
      <testcase name="testClearGridOnEmptyGrid" class="App\Tests\PokerPatienceGrid\PokerPatienceGridTest" classname="App.Tests.PokerPatienceGrid.PokerPatienceGridTest" file="/home/h3rmano/dbwebb-kurser/mvc/me/report/tests/PokerPatienceGrid/PokerPatienceGridTest.php" line="64" assertions="1" time="0.000617"/>
      <testcase name="testEstablishEmptyScores" class="App\Tests\PokerPatienceGrid\PokerPatienceGridTest" classname="App.Tests.PokerPatienceGrid.PokerPatienceGridTest" file="/home/h3rmano/dbwebb-kurser/mvc/me/report/tests/PokerPatienceGrid/PokerPatienceGridTest.php" line="77" assertions="2" time="0.001309"/>
    </testsuite>
  </testsuite>
</testsuites>
