<?xml version="1.0" encoding="UTF-8"?>
<testsuites>
  <testsuite name="/home/h3rmano/dbwebb-kurser/mvc/me/report/tests" tests="124" assertions="275" errors="0" warnings="0" failures="0" skipped="0" time="0.457817">
    <testsuite name="App\Tests\BlackjackCardHand\BlackjackCardHandTest" file="/home/h3rmano/dbwebb-kurser/mvc/me/report/tests/BlackjackCardHand/BlackjackCardHandTest.php" tests="20" assertions="37" errors="0" warnings="0" failures="0" skipped="0" time="0.141826">
      <testcase name="testCreateBlackjackCardHand" class="App\Tests\BlackjackCardHand\BlackjackCardHandTest" classname="App.Tests.BlackjackCardHand.BlackjackCardHandTest" file="/home/h3rmano/dbwebb-kurser/mvc/me/report/tests/BlackjackCardHand/BlackjackCardHandTest.php" line="18" assertions="1" time="0.037970"/>
      <testcase name="testCreateWithArguments" class="App\Tests\BlackjackCardHand\BlackjackCardHandTest" classname="App.Tests.BlackjackCardHand.BlackjackCardHandTest" file="/home/h3rmano/dbwebb-kurser/mvc/me/report/tests/BlackjackCardHand/BlackjackCardHandTest.php" line="30" assertions="1" time="0.017180"/>
      <testcase name="testGetCards" class="App\Tests\BlackjackCardHand\BlackjackCardHandTest" classname="App.Tests.BlackjackCardHand.BlackjackCardHandTest" file="/home/h3rmano/dbwebb-kurser/mvc/me/report/tests/BlackjackCardHand/BlackjackCardHandTest.php" line="21" assertions="2" time="0.000792"/>
      <testcase name="testaddCard" class="App\Tests\BlackjackCardHand\BlackjackCardHandTest" classname="App.Tests.BlackjackCardHand.BlackjackCardHandTest" file="/home/h3rmano/dbwebb-kurser/mvc/me/report/tests/BlackjackCardHand/BlackjackCardHandTest.php" line="38" assertions="2" time="0.001904"/>
      <testcase name="testaddCardFaultyArgument" class="App\Tests\BlackjackCardHand\BlackjackCardHandTest" classname="App.Tests.BlackjackCardHand.BlackjackCardHandTest" file="/home/h3rmano/dbwebb-kurser/mvc/me/report/tests/BlackjackCardHand/BlackjackCardHandTest.php" line="58" assertions="1" time="0.002506"/>
      <testcase name="testaddCards" class="App\Tests\BlackjackCardHand\BlackjackCardHandTest" classname="App.Tests.BlackjackCardHand.BlackjackCardHandTest" file="/home/h3rmano/dbwebb-kurser/mvc/me/report/tests/BlackjackCardHand/BlackjackCardHandTest.php" line="85" assertions="2" time="0.000704"/>
      <testcase name="testaddCardsFaultyArgument" class="App\Tests\BlackjackCardHand\BlackjackCardHandTest" classname="App.Tests.BlackjackCardHand.BlackjackCardHandTest" file="/home/h3rmano/dbwebb-kurser/mvc/me/report/tests/BlackjackCardHand/BlackjackCardHandTest.php" line="111" assertions="2" time="0.012476"/>
      <testcase name="testGetCurrentValue" class="App\Tests\BlackjackCardHand\BlackjackCardHandTest" classname="App.Tests.BlackjackCardHand.BlackjackCardHandTest" file="/home/h3rmano/dbwebb-kurser/mvc/me/report/tests/BlackjackCardHand/BlackjackCardHandTest.php" line="136" assertions="1" time="0.001724"/>
      <testcase name="testGetCurrentValueWithAce" class="App\Tests\BlackjackCardHand\BlackjackCardHandTest" classname="App.Tests.BlackjackCardHand.BlackjackCardHandTest" file="/home/h3rmano/dbwebb-kurser/mvc/me/report/tests/BlackjackCardHand/BlackjackCardHandTest.php" line="160" assertions="2" time="0.000879"/>
      <testcase name="testIsHandActive" class="App\Tests\BlackjackCardHand\BlackjackCardHandTest" classname="App.Tests.BlackjackCardHand.BlackjackCardHandTest" file="/home/h3rmano/dbwebb-kurser/mvc/me/report/tests/BlackjackCardHand/BlackjackCardHandTest.php" line="17" assertions="1" time="0.001434"/>
      <testcase name="testIsHandNotActive" class="App\Tests\BlackjackCardHand\BlackjackCardHandTest" classname="App.Tests.BlackjackCardHand.BlackjackCardHandTest" file="/home/h3rmano/dbwebb-kurser/mvc/me/report/tests/BlackjackCardHand/BlackjackCardHandTest.php" line="27" assertions="1" time="0.001401"/>
      <testcase name="testSetHandInactive" class="App\Tests\BlackjackCardHand\BlackjackCardHandTest" classname="App.Tests.BlackjackCardHand.BlackjackCardHandTest" file="/home/h3rmano/dbwebb-kurser/mvc/me/report/tests/BlackjackCardHand/BlackjackCardHandTest.php" line="39" assertions="2" time="0.000694"/>
      <testcase name="testDrawCardFromDeck" class="App\Tests\BlackjackCardHand\BlackjackCardHandTest" classname="App.Tests.BlackjackCardHand.BlackjackCardHandTest" file="/home/h3rmano/dbwebb-kurser/mvc/me/report/tests/BlackjackCardHand/BlackjackCardHandTest.php" line="20" assertions="3" time="0.045523"/>
      <testcase name="testUpdateHandStatus21" class="App\Tests\BlackjackCardHand\BlackjackCardHandTest" classname="App.Tests.BlackjackCardHand.BlackjackCardHandTest" file="/home/h3rmano/dbwebb-kurser/mvc/me/report/tests/BlackjackCardHand/BlackjackCardHandTest.php" line="49" assertions="2" time="0.000891"/>
      <testcase name="testUpdateHandStatusSub21" class="App\Tests\BlackjackCardHand\BlackjackCardHandTest" classname="App.Tests.BlackjackCardHand.BlackjackCardHandTest" file="/home/h3rmano/dbwebb-kurser/mvc/me/report/tests/BlackjackCardHand/BlackjackCardHandTest.php" line="75" assertions="2" time="0.000808"/>
      <testcase name="testIsSplittable" class="App\Tests\BlackjackCardHand\BlackjackCardHandTest" classname="App.Tests.BlackjackCardHand.BlackjackCardHandTest" file="/home/h3rmano/dbwebb-kurser/mvc/me/report/tests/BlackjackCardHand/BlackjackCardHandTest.php" line="18" assertions="1" time="0.000798"/>
      <testcase name="testIsSplittableFalse" class="App\Tests\BlackjackCardHand\BlackjackCardHandTest" classname="App.Tests.BlackjackCardHand.BlackjackCardHandTest" file="/home/h3rmano/dbwebb-kurser/mvc/me/report/tests/BlackjackCardHand/BlackjackCardHandTest.php" line="36" assertions="1" time="0.000723"/>
      <testcase name="testIsSplittableEmpty" class="App\Tests\BlackjackCardHand\BlackjackCardHandTest" classname="App.Tests.BlackjackCardHand.BlackjackCardHandTest" file="/home/h3rmano/dbwebb-kurser/mvc/me/report/tests/BlackjackCardHand/BlackjackCardHandTest.php" line="56" assertions="1" time="0.000654"/>
      <testcase name="testSplitHand" class="App\Tests\BlackjackCardHand\BlackjackCardHandTest" classname="App.Tests.BlackjackCardHand.BlackjackCardHandTest" file="/home/h3rmano/dbwebb-kurser/mvc/me/report/tests/BlackjackCardHand/BlackjackCardHandTest.php" line="76" assertions="8" time="0.004116"/>
      <testcase name="testSplitHandInvalid2" class="App\Tests\BlackjackCardHand\BlackjackCardHandTest" classname="App.Tests.BlackjackCardHand.BlackjackCardHandTest" file="/home/h3rmano/dbwebb-kurser/mvc/me/report/tests/BlackjackCardHand/BlackjackCardHandTest.php" line="115" assertions="1" time="0.008646"/>
    </testsuite>
    <testsuite name="App\Tests\BlackjackCardHandling\BlackjackCardHandlingTest" file="/home/h3rmano/dbwebb-kurser/mvc/me/report/tests/BlackjackCardHandling/BlackjackCardHandlingTest.php" tests="28" assertions="38" errors="0" warnings="0" failures="0" skipped="0" time="0.083365">
      <testcase name="testGetHands" class="App\Tests\BlackjackCardHandling\BlackjackCardHandlingTest" classname="App.Tests.BlackjackCardHandling.BlackjackCardHandlingTest" file="/home/h3rmano/dbwebb-kurser/mvc/me/report/tests/BlackjackCardHandling/BlackjackCardHandlingTest.php" line="18" assertions="1" time="0.033210"/>
      <testcase name="testAddHandsEmpty" class="App\Tests\BlackjackCardHandling\BlackjackCardHandlingTest" classname="App.Tests.BlackjackCardHandling.BlackjackCardHandlingTest" file="/home/h3rmano/dbwebb-kurser/mvc/me/report/tests/BlackjackCardHandling/BlackjackCardHandlingTest.php" line="30" assertions="2" time="0.000823"/>
      <testcase name="testhandsCountNone" class="App\Tests\BlackjackCardHandling\BlackjackCardHandlingTest" classname="App.Tests.BlackjackCardHandling.BlackjackCardHandlingTest" file="/home/h3rmano/dbwebb-kurser/mvc/me/report/tests/BlackjackCardHandling/BlackjackCardHandlingTest.php" line="50" assertions="1" time="0.000749"/>
      <testcase name="testhandsCount" class="App\Tests\BlackjackCardHandling\BlackjackCardHandlingTest" classname="App.Tests.BlackjackCardHandling.BlackjackCardHandlingTest" file="/home/h3rmano/dbwebb-kurser/mvc/me/report/tests/BlackjackCardHandling/BlackjackCardHandlingTest.php" line="65" assertions="1" time="0.000768"/>
      <testcase name="testAddHands" class="App\Tests\BlackjackCardHandling\BlackjackCardHandlingTest" classname="App.Tests.BlackjackCardHandling.BlackjackCardHandlingTest" file="/home/h3rmano/dbwebb-kurser/mvc/me/report/tests/BlackjackCardHandling/BlackjackCardHandlingTest.php" line="89" assertions="3" time="0.000862"/>
      <testcase name="testAddHandsInvalid" class="App\Tests\BlackjackCardHandling\BlackjackCardHandlingTest" classname="App.Tests.BlackjackCardHandling.BlackjackCardHandlingTest" file="/home/h3rmano/dbwebb-kurser/mvc/me/report/tests/BlackjackCardHandling/BlackjackCardHandlingTest.php" line="115" assertions="1" time="0.000872"/>
      <testcase name="testAddCardToPlayerHand" class="App\Tests\BlackjackCardHandling\BlackjackCardHandlingTest" classname="App.Tests.BlackjackCardHandling.BlackjackCardHandlingTest" file="/home/h3rmano/dbwebb-kurser/mvc/me/report/tests/BlackjackCardHandling/BlackjackCardHandlingTest.php" line="130" assertions="1" time="0.000893"/>
      <testcase name="testAddCardToHandWhenNoHand" class="App\Tests\BlackjackCardHandling\BlackjackCardHandlingTest" classname="App.Tests.BlackjackCardHandling.BlackjackCardHandlingTest" file="/home/h3rmano/dbwebb-kurser/mvc/me/report/tests/BlackjackCardHandling/BlackjackCardHandlingTest.php" line="154" assertions="1" time="0.007047"/>
      <testcase name="testUpdateHandStatusActive" class="App\Tests\BlackjackCardHandling\BlackjackCardHandlingTest" classname="App.Tests.BlackjackCardHandling.BlackjackCardHandlingTest" file="/home/h3rmano/dbwebb-kurser/mvc/me/report/tests/BlackjackCardHandling/BlackjackCardHandlingTest.php" line="20" assertions="1" time="0.001254"/>
      <testcase name="testUpdateHandStatusBust" class="App\Tests\BlackjackCardHandling\BlackjackCardHandlingTest" classname="App.Tests.BlackjackCardHandling.BlackjackCardHandlingTest" file="/home/h3rmano/dbwebb-kurser/mvc/me/report/tests/BlackjackCardHandling/BlackjackCardHandlingTest.php" line="41" assertions="1" time="0.000993"/>
      <testcase name="testUpdateHandStatus21" class="App\Tests\BlackjackCardHandling\BlackjackCardHandlingTest" classname="App.Tests.BlackjackCardHandling.BlackjackCardHandlingTest" file="/home/h3rmano/dbwebb-kurser/mvc/me/report/tests/BlackjackCardHandling/BlackjackCardHandlingTest.php" line="67" assertions="1" time="0.000882"/>
      <testcase name="testActiveHandsCount" class="App\Tests\BlackjackCardHandling\BlackjackCardHandlingTest" classname="App.Tests.BlackjackCardHandling.BlackjackCardHandlingTest" file="/home/h3rmano/dbwebb-kurser/mvc/me/report/tests/BlackjackCardHandling/BlackjackCardHandlingTest.php" line="91" assertions="1" time="0.001933"/>
      <testcase name="testActiveHandsCountZero" class="App\Tests\BlackjackCardHandling\BlackjackCardHandlingTest" classname="App.Tests.BlackjackCardHandling.BlackjackCardHandlingTest" file="/home/h3rmano/dbwebb-kurser/mvc/me/report/tests/BlackjackCardHandling/BlackjackCardHandlingTest.php" line="115" assertions="1" time="0.000847"/>
      <testcase name="testActiveHandsCount21" class="App\Tests\BlackjackCardHandling\BlackjackCardHandlingTest" classname="App.Tests.BlackjackCardHandling.BlackjackCardHandlingTest" file="/home/h3rmano/dbwebb-kurser/mvc/me/report/tests/BlackjackCardHandling/BlackjackCardHandlingTest.php" line="133" assertions="1" time="0.001239"/>
      <testcase name="testActiveHandsCountBust" class="App\Tests\BlackjackCardHandling\BlackjackCardHandlingTest" classname="App.Tests.BlackjackCardHandling.BlackjackCardHandlingTest" file="/home/h3rmano/dbwebb-kurser/mvc/me/report/tests/BlackjackCardHandling/BlackjackCardHandlingTest.php" line="155" assertions="1" time="0.001017"/>
      <testcase name="testSplitPlayerHand" class="App\Tests\BlackjackCardHandling\BlackjackCardHandlingTest" classname="App.Tests.BlackjackCardHandling.BlackjackCardHandlingTest" file="/home/h3rmano/dbwebb-kurser/mvc/me/report/tests/BlackjackCardHandling/BlackjackCardHandlingTest.php" line="24" assertions="2" time="0.002299"/>
      <testcase name="testSplitPlayerHandNegativeIndex" class="App\Tests\BlackjackCardHandling\BlackjackCardHandlingTest" classname="App.Tests.BlackjackCardHandling.BlackjackCardHandlingTest" file="/home/h3rmano/dbwebb-kurser/mvc/me/report/tests/BlackjackCardHandling/BlackjackCardHandlingTest.php" line="50" assertions="2" time="0.002168"/>
      <testcase name="testSplitPlayerHandInvalid" class="App\Tests\BlackjackCardHandling\BlackjackCardHandlingTest" classname="App.Tests.BlackjackCardHandling.BlackjackCardHandlingTest" file="/home/h3rmano/dbwebb-kurser/mvc/me/report/tests/BlackjackCardHandling/BlackjackCardHandlingTest.php" line="78" assertions="1" time="0.002648"/>
      <testcase name="testSplitInactiveHand" class="App\Tests\BlackjackCardHandling\BlackjackCardHandlingTest" classname="App.Tests.BlackjackCardHandling.BlackjackCardHandlingTest" file="/home/h3rmano/dbwebb-kurser/mvc/me/report/tests/BlackjackCardHandling/BlackjackCardHandlingTest.php" line="102" assertions="1" time="0.002160"/>
      <testcase name="testStandHand" class="App\Tests\BlackjackCardHandling\BlackjackCardHandlingTest" classname="App.Tests.BlackjackCardHandling.BlackjackCardHandlingTest" file="/home/h3rmano/dbwebb-kurser/mvc/me/report/tests/BlackjackCardHandling/BlackjackCardHandlingTest.php" line="20" assertions="1" time="0.000802"/>
      <testcase name="testStandHandOutOfBounds" class="App\Tests\BlackjackCardHandling\BlackjackCardHandlingTest" classname="App.Tests.BlackjackCardHandling.BlackjackCardHandlingTest" file="/home/h3rmano/dbwebb-kurser/mvc/me/report/tests/BlackjackCardHandling/BlackjackCardHandlingTest.php" line="42" assertions="1" time="0.000893"/>
      <testcase name="testStandHandOutOfBoundsEmpty" class="App\Tests\BlackjackCardHandling\BlackjackCardHandlingTest" classname="App.Tests.BlackjackCardHandling.BlackjackCardHandlingTest" file="/home/h3rmano/dbwebb-kurser/mvc/me/report/tests/BlackjackCardHandling/BlackjackCardHandlingTest.php" line="64" assertions="1" time="0.000724"/>
      <testcase name="testStandHandNegativeIndex" class="App\Tests\BlackjackCardHandling\BlackjackCardHandlingTest" classname="App.Tests.BlackjackCardHandling.BlackjackCardHandlingTest" file="/home/h3rmano/dbwebb-kurser/mvc/me/report/tests/BlackjackCardHandling/BlackjackCardHandlingTest.php" line="79" assertions="1" time="0.000840"/>
      <testcase name="testactiveTurnStatusUnchanged" class="App\Tests\BlackjackCardHandling\BlackjackCardHandlingTest" classname="App.Tests.BlackjackCardHandling.BlackjackCardHandlingTest" file="/home/h3rmano/dbwebb-kurser/mvc/me/report/tests/BlackjackCardHandling/BlackjackCardHandlingTest.php" line="19" assertions="1" time="0.001247"/>
      <testcase name="testactiveTurnStatusChanged" class="App\Tests\BlackjackCardHandling\BlackjackCardHandlingTest" classname="App.Tests.BlackjackCardHandling.BlackjackCardHandlingTest" file="/home/h3rmano/dbwebb-kurser/mvc/me/report/tests/BlackjackCardHandling/BlackjackCardHandlingTest.php" line="58" assertions="1" time="0.001201"/>
      <testcase name="testResetHands" class="App\Tests\BlackjackCardHandling\BlackjackCardHandlingTest" classname="App.Tests.BlackjackCardHandling.BlackjackCardHandlingTest" file="/home/h3rmano/dbwebb-kurser/mvc/me/report/tests/BlackjackCardHandling/BlackjackCardHandlingTest.php" line="93" assertions="6" time="0.000993"/>
      <testcase name="testGetCardsInHandAsUnicode" class="App\Tests\BlackjackCardHandling\BlackjackCardHandlingTest" classname="App.Tests.BlackjackCardHandling.BlackjackCardHandlingTest" file="/home/h3rmano/dbwebb-kurser/mvc/me/report/tests/BlackjackCardHandling/BlackjackCardHandlingTest.php" line="19" assertions="1" time="0.000831"/>
      <testcase name="testGetCardsInHandAsUnicodeNoHands" class="App\Tests\BlackjackCardHandling\BlackjackCardHandlingTest" classname="App.Tests.BlackjackCardHandling.BlackjackCardHandlingTest" file="/home/h3rmano/dbwebb-kurser/mvc/me/report/tests/BlackjackCardHandling/BlackjackCardHandlingTest.php" line="43" assertions="1" time="0.013172"/>
    </testsuite>
    <testsuite name="App\Tests\BlackjackPlayer\BlackjackDealer\BlackjackDealerTest" file="/home/h3rmano/dbwebb-kurser/mvc/me/report/tests/BlackjackDealer/BlackjackDealerTest.php" tests="3" assertions="3" errors="0" warnings="0" failures="0" skipped="0" time="0.012629">
      <testcase name="testCreateNoArguments" class="App\Tests\BlackjackPlayer\BlackjackDealer\BlackjackDealerTest" classname="App.Tests.BlackjackPlayer.BlackjackDealer.BlackjackDealerTest" file="/home/h3rmano/dbwebb-kurser/mvc/me/report/tests/BlackjackDealer/BlackjackDealerTest.php" line="17" assertions="1" time="0.011048"/>
      <testcase name="testCreateNameNoHands" class="App\Tests\BlackjackPlayer\BlackjackDealer\BlackjackDealerTest" classname="App.Tests.BlackjackPlayer.BlackjackDealer.BlackjackDealerTest" file="/home/h3rmano/dbwebb-kurser/mvc/me/report/tests/BlackjackDealer/BlackjackDealerTest.php" line="27" assertions="1" time="0.000781"/>
      <testcase name="testCreateWithOneHand" class="App\Tests\BlackjackPlayer\BlackjackDealer\BlackjackDealerTest" classname="App.Tests.BlackjackPlayer.BlackjackDealer.BlackjackDealerTest" file="/home/h3rmano/dbwebb-kurser/mvc/me/report/tests/BlackjackDealer/BlackjackDealerTest.php" line="37" assertions="1" time="0.000800"/>
    </testsuite>
    <testsuite name="App\Tests\BlackjackGameResults\BlackjackGameResultsTest" file="/home/h3rmano/dbwebb-kurser/mvc/me/report/tests/BlackjackGameResults/BlackjackGameResultsTest.php" tests="13" assertions="28" errors="0" warnings="0" failures="0" skipped="0" time="0.118840">
      <testcase name="testCreateGameResults" class="App\Tests\BlackjackGameResults\BlackjackGameResultsTest" classname="App.Tests.BlackjackGameResults.BlackjackGameResultsTest" file="/home/h3rmano/dbwebb-kurser/mvc/me/report/tests/BlackjackGameResults/BlackjackGameResultsTest.php" line="16" assertions="1" time="0.036417"/>
      <testcase name="testgetGameDecidedFalse" class="App\Tests\BlackjackGameResults\BlackjackGameResultsTest" classname="App.Tests.BlackjackGameResults.BlackjackGameResultsTest" file="/home/h3rmano/dbwebb-kurser/mvc/me/report/tests/BlackjackGameResults/BlackjackGameResultsTest.php" line="30" assertions="1" time="0.000827"/>
      <testcase name="testGameDecidedWhenPlayerOutOfChips" class="App\Tests\BlackjackGameResults\BlackjackGameResultsTest" classname="App.Tests.BlackjackGameResults.BlackjackGameResultsTest" file="/home/h3rmano/dbwebb-kurser/mvc/me/report/tests/BlackjackGameResults/BlackjackGameResultsTest.php" line="44" assertions="1" time="0.000774"/>
      <testcase name="testGameDecidedWhenDealerOutOfChips" class="App\Tests\BlackjackGameResults\BlackjackGameResultsTest" classname="App.Tests.BlackjackGameResults.BlackjackGameResultsTest" file="/home/h3rmano/dbwebb-kurser/mvc/me/report/tests/BlackjackGameResults/BlackjackGameResultsTest.php" line="60" assertions="1" time="0.000777"/>
      <testcase name="testEstablishSession" class="App\Tests\BlackjackGameResults\BlackjackGameResultsTest" classname="App.Tests.BlackjackGameResults.BlackjackGameResultsTest" file="/home/h3rmano/dbwebb-kurser/mvc/me/report/tests/BlackjackGameResults/BlackjackGameResultsTest.php" line="18" assertions="1" time="0.053016"/>
      <testcase name="testClearSession" class="App\Tests\BlackjackGameResults\BlackjackGameResultsTest" classname="App.Tests.BlackjackGameResults.BlackjackGameResultsTest" file="/home/h3rmano/dbwebb-kurser/mvc/me/report/tests/BlackjackGameResults/BlackjackGameResultsTest.php" line="37" assertions="1" time="0.013766"/>
      <testcase name="testPlayerWinsRoundDealerBust" class="App\Tests\BlackjackGameResults\BlackjackGameResultsTest" classname="App.Tests.BlackjackGameResults.BlackjackGameResultsTest" file="/home/h3rmano/dbwebb-kurser/mvc/me/report/tests/BlackjackGameResults/BlackjackGameResultsTest.php" line="18" assertions="3" time="0.002355"/>
      <testcase name="testPlayerWinsRoundDealerLower" class="App\Tests\BlackjackGameResults\BlackjackGameResultsTest" classname="App.Tests.BlackjackGameResults.BlackjackGameResultsTest" file="/home/h3rmano/dbwebb-kurser/mvc/me/report/tests/BlackjackGameResults/BlackjackGameResultsTest.php" line="56" assertions="3" time="0.001399"/>
      <testcase name="testDealerWinsRoundPlayerBust" class="App\Tests\BlackjackGameResults\BlackjackGameResultsTest" classname="App.Tests.BlackjackGameResults.BlackjackGameResultsTest" file="/home/h3rmano/dbwebb-kurser/mvc/me/report/tests/BlackjackGameResults/BlackjackGameResultsTest.php" line="95" assertions="3" time="0.001436"/>
      <testcase name="testDealerWinsRoundPlayerLower" class="App\Tests\BlackjackGameResults\BlackjackGameResultsTest" classname="App.Tests.BlackjackGameResults.BlackjackGameResultsTest" file="/home/h3rmano/dbwebb-kurser/mvc/me/report/tests/BlackjackGameResults/BlackjackGameResultsTest.php" line="134" assertions="3" time="0.002036"/>
      <testcase name="testDrawnRound" class="App\Tests\BlackjackGameResults\BlackjackGameResultsTest" classname="App.Tests.BlackjackGameResults.BlackjackGameResultsTest" file="/home/h3rmano/dbwebb-kurser/mvc/me/report/tests/BlackjackGameResults/BlackjackGameResultsTest.php" line="171" assertions="3" time="0.001477"/>
      <testcase name="testDrawnRoundBothBust" class="App\Tests\BlackjackGameResults\BlackjackGameResultsTest" classname="App.Tests.BlackjackGameResults.BlackjackGameResultsTest" file="/home/h3rmano/dbwebb-kurser/mvc/me/report/tests/BlackjackGameResults/BlackjackGameResultsTest.php" line="209" assertions="3" time="0.001501"/>
      <testcase name="testDecideBlackjackRoundResultsFormatting" class="App\Tests\BlackjackGameResults\BlackjackGameResultsTest" classname="App.Tests.BlackjackGameResults.BlackjackGameResultsTest" file="/home/h3rmano/dbwebb-kurser/mvc/me/report/tests/BlackjackGameResults/BlackjackGameResultsTest.php" line="249" assertions="4" time="0.003059"/>
    </testsuite>
    <testsuite name="App\Tests\BlackjackPlayer\BlackjackPlayerTest" file="/home/h3rmano/dbwebb-kurser/mvc/me/report/tests/BlackjackPlayer/BlackjackPlayerTest.php" tests="20" assertions="25" errors="0" warnings="0" failures="0" skipped="0" time="0.017799">
      <testcase name="testCreateNoArguments" class="App\Tests\BlackjackPlayer\BlackjackPlayerTest" classname="App.Tests.BlackjackPlayer.BlackjackPlayerTest" file="/home/h3rmano/dbwebb-kurser/mvc/me/report/tests/BlackjackPlayer/BlackjackPlayerTest.php" line="17" assertions="1" time="0.000681"/>
      <testcase name="testCreateNameNoHands" class="App\Tests\BlackjackPlayer\BlackjackPlayerTest" classname="App.Tests.BlackjackPlayer.BlackjackPlayerTest" file="/home/h3rmano/dbwebb-kurser/mvc/me/report/tests/BlackjackPlayer/BlackjackPlayerTest.php" line="29" assertions="1" time="0.000735"/>
      <testcase name="testCreateNameHand" class="App\Tests\BlackjackPlayer\BlackjackPlayerTest" classname="App.Tests.BlackjackPlayer.BlackjackPlayerTest" file="/home/h3rmano/dbwebb-kurser/mvc/me/report/tests/BlackjackPlayer/BlackjackPlayerTest.php" line="41" assertions="1" time="0.000902"/>
      <testcase name="testCreateNameHands" class="App\Tests\BlackjackPlayer\BlackjackPlayerTest" classname="App.Tests.BlackjackPlayer.BlackjackPlayerTest" file="/home/h3rmano/dbwebb-kurser/mvc/me/report/tests/BlackjackPlayer/BlackjackPlayerTest.php" line="55" assertions="1" time="0.001223"/>
      <testcase name="testGetPlayerName" class="App\Tests\BlackjackPlayer\BlackjackPlayerTest" classname="App.Tests.BlackjackPlayer.BlackjackPlayerTest" file="/home/h3rmano/dbwebb-kurser/mvc/me/report/tests/BlackjackPlayer/BlackjackPlayerTest.php" line="73" assertions="1" time="0.000737"/>
      <testcase name="testIsActiveTurnDefaultTrue" class="App\Tests\BlackjackPlayer\BlackjackPlayerTest" classname="App.Tests.BlackjackPlayer.BlackjackPlayerTest" file="/home/h3rmano/dbwebb-kurser/mvc/me/report/tests/BlackjackPlayer/BlackjackPlayerTest.php" line="14" assertions="1" time="0.000764"/>
      <testcase name="testDeactivateTurn" class="App\Tests\BlackjackPlayer\BlackjackPlayerTest" classname="App.Tests.BlackjackPlayer.BlackjackPlayerTest" file="/home/h3rmano/dbwebb-kurser/mvc/me/report/tests/BlackjackPlayer/BlackjackPlayerTest.php" line="25" assertions="2" time="0.000774"/>
      <testcase name="testActivateTurn" class="App\Tests\BlackjackPlayer\BlackjackPlayerTest" classname="App.Tests.BlackjackPlayer.BlackjackPlayerTest" file="/home/h3rmano/dbwebb-kurser/mvc/me/report/tests/BlackjackPlayer/BlackjackPlayerTest.php" line="41" assertions="3" time="0.000943"/>
      <testcase name="testGetChipCount" class="App\Tests\BlackjackPlayer\BlackjackPlayerTest" classname="App.Tests.BlackjackPlayer.BlackjackPlayerTest" file="/home/h3rmano/dbwebb-kurser/mvc/me/report/tests/BlackjackPlayer/BlackjackPlayerTest.php" line="16" assertions="1" time="0.000667"/>
      <testcase name="testGetChipCountCustom" class="App\Tests\BlackjackPlayer\BlackjackPlayerTest" classname="App.Tests.BlackjackPlayer.BlackjackPlayerTest" file="/home/h3rmano/dbwebb-kurser/mvc/me/report/tests/BlackjackPlayer/BlackjackPlayerTest.php" line="27" assertions="1" time="0.001033"/>
      <testcase name="testGetChipCountCustomZero" class="App\Tests\BlackjackPlayer\BlackjackPlayerTest" classname="App.Tests.BlackjackPlayer.BlackjackPlayerTest" file="/home/h3rmano/dbwebb-kurser/mvc/me/report/tests/BlackjackPlayer/BlackjackPlayerTest.php" line="38" assertions="1" time="0.000737"/>
      <testcase name="testWagerNoChips" class="App\Tests\BlackjackPlayer\BlackjackPlayerTest" classname="App.Tests.BlackjackPlayer.BlackjackPlayerTest" file="/home/h3rmano/dbwebb-kurser/mvc/me/report/tests/BlackjackPlayer/BlackjackPlayerTest.php" line="49" assertions="1" time="0.000773"/>
      <testcase name="testWagerChipsWithSpecificAmount" class="App\Tests\BlackjackPlayer\BlackjackPlayerTest" classname="App.Tests.BlackjackPlayer.BlackjackPlayerTest" file="/home/h3rmano/dbwebb-kurser/mvc/me/report/tests/BlackjackPlayer/BlackjackPlayerTest.php" line="64" assertions="1" time="0.000700"/>
      <testcase name="testWagerNotEnoughChips" class="App\Tests\BlackjackPlayer\BlackjackPlayerTest" classname="App.Tests.BlackjackPlayer.BlackjackPlayerTest" file="/home/h3rmano/dbwebb-kurser/mvc/me/report/tests/BlackjackPlayer/BlackjackPlayerTest.php" line="78" assertions="1" time="0.002435"/>
      <testcase name="testgetChipsInPlayCount" class="App\Tests\BlackjackPlayer\BlackjackPlayerTest" classname="App.Tests.BlackjackPlayer.BlackjackPlayerTest" file="/home/h3rmano/dbwebb-kurser/mvc/me/report/tests/BlackjackPlayer/BlackjackPlayerTest.php" line="91" assertions="2" time="0.000763"/>
      <testcase name="testAddChips" class="App\Tests\BlackjackPlayer\BlackjackPlayerTest" classname="App.Tests.BlackjackPlayer.BlackjackPlayerTest" file="/home/h3rmano/dbwebb-kurser/mvc/me/report/tests/BlackjackPlayer/BlackjackPlayerTest.php" line="105" assertions="1" time="0.000674"/>
      <testcase name="testAddChipsZero" class="App\Tests\BlackjackPlayer\BlackjackPlayerTest" classname="App.Tests.BlackjackPlayer.BlackjackPlayerTest" file="/home/h3rmano/dbwebb-kurser/mvc/me/report/tests/BlackjackPlayer/BlackjackPlayerTest.php" line="116" assertions="1" time="0.000694"/>
      <testcase name="testResetChipsInPlay" class="App\Tests\BlackjackPlayer\BlackjackPlayerTest" classname="App.Tests.BlackjackPlayer.BlackjackPlayerTest" file="/home/h3rmano/dbwebb-kurser/mvc/me/report/tests/BlackjackPlayer/BlackjackPlayerTest.php" line="128" assertions="2" time="0.000818"/>
      <testcase name="testGetPlayerDetailsJsonEmptyHand" class="App\Tests\BlackjackPlayer\BlackjackPlayerTest" classname="App.Tests.BlackjackPlayer.BlackjackPlayerTest" file="/home/h3rmano/dbwebb-kurser/mvc/me/report/tests/BlackjackPlayer/BlackjackPlayerTest.php" line="18" assertions="1" time="0.000788"/>
      <testcase name="testGetPlayerDetailsJsonValidHand" class="App\Tests\BlackjackPlayer\BlackjackPlayerTest" classname="App.Tests.BlackjackPlayer.BlackjackPlayerTest" file="/home/h3rmano/dbwebb-kurser/mvc/me/report/tests/BlackjackPlayer/BlackjackPlayerTest.php" line="33" assertions="1" time="0.000955"/>
    </testsuite>
    <testsuite name="App\Tests\Card\CardTest" file="/home/h3rmano/dbwebb-kurser/mvc/me/report/tests/Card/CardTest.php" tests="12" assertions="17" errors="0" warnings="0" failures="0" skipped="0" time="0.011093">
      <testcase name="testCreateCardNoArguments" class="App\Tests\Card\CardTest" classname="App.Tests.Card.CardTest" file="/home/h3rmano/dbwebb-kurser/mvc/me/report/tests/Card/CardTest.php" line="15" assertions="1" time="0.000716"/>
      <testcase name="testCreateCardInvalidArguments" class="App\Tests\Card\CardTest" classname="App.Tests.Card.CardTest" file="/home/h3rmano/dbwebb-kurser/mvc/me/report/tests/Card/CardTest.php" line="24" assertions="1" time="0.000674"/>
      <testcase name="testCreateCardInsufficientArguments" class="App\Tests\Card\CardTest" classname="App.Tests.Card.CardTest" file="/home/h3rmano/dbwebb-kurser/mvc/me/report/tests/Card/CardTest.php" line="34" assertions="1" time="0.000668"/>
      <testcase name="testCreateCardWithValidArguments" class="App\Tests\Card\CardTest" classname="App.Tests.Card.CardTest" file="/home/h3rmano/dbwebb-kurser/mvc/me/report/tests/Card/CardTest.php" line="43" assertions="2" time="0.003206"/>
      <testcase name="testGetValue" class="App\Tests\Card\CardTest" classname="App.Tests.Card.CardTest" file="/home/h3rmano/dbwebb-kurser/mvc/me/report/tests/Card/CardTest.php" line="16" assertions="1" time="0.000978"/>
      <testcase name="testGetRank" class="App\Tests\Card\CardTest" classname="App.Tests.Card.CardTest" file="/home/h3rmano/dbwebb-kurser/mvc/me/report/tests/Card/CardTest.php" line="32" assertions="1" time="0.000667"/>
      <testcase name="testGetSuit" class="App\Tests\Card\CardTest" classname="App.Tests.Card.CardTest" file="/home/h3rmano/dbwebb-kurser/mvc/me/report/tests/Card/CardTest.php" line="48" assertions="1" time="0.000643"/>
      <testcase name="testGetColor" class="App\Tests\Card\CardTest" classname="App.Tests.Card.CardTest" file="/home/h3rmano/dbwebb-kurser/mvc/me/report/tests/Card/CardTest.php" line="64" assertions="1" time="0.000614"/>
      <testcase name="testGetCardAsInt" class="App\Tests\Card\CardTest" classname="App.Tests.Card.CardTest" file="/home/h3rmano/dbwebb-kurser/mvc/me/report/tests/Card/CardTest.php" line="80" assertions="1" time="0.000669"/>
      <testcase name="testGetBackOfCard" class="App\Tests\Card\CardTest" classname="App.Tests.Card.CardTest" file="/home/h3rmano/dbwebb-kurser/mvc/me/report/tests/Card/CardTest.php" line="97" assertions="1" time="0.000669"/>
      <testcase name="testIsFaceCard" class="App\Tests\Card\CardTest" classname="App.Tests.Card.CardTest" file="/home/h3rmano/dbwebb-kurser/mvc/me/report/tests/Card/CardTest.php" line="113" assertions="5" time="0.000812"/>
      <testcase name="testGetAsString" class="App\Tests\Card\CardTest" classname="App.Tests.Card.CardTest" file="/home/h3rmano/dbwebb-kurser/mvc/me/report/tests/Card/CardTest.php" line="149" assertions="1" time="0.000776"/>
    </testsuite>
    <testsuite name="App\Tests\DeckOfCards\DeckOfCardsTest" file="/home/h3rmano/dbwebb-kurser/mvc/me/report/tests/DeckOfCards/DeckOfCardsTest.php" tests="22" assertions="64" errors="0" warnings="0" failures="0" skipped="0" time="0.049458">
      <testcase name="testCreateDeckOfCards" class="App\Tests\DeckOfCards\DeckOfCardsTest" classname="App.Tests.DeckOfCards.DeckOfCardsTest" file="/home/h3rmano/dbwebb-kurser/mvc/me/report/tests/DeckOfCards/DeckOfCardsTest.php" line="18" assertions="2" time="0.001648"/>
      <testcase name="testCreateDeckOfCardsComplete" class="App\Tests\DeckOfCards\DeckOfCardsTest" classname="App.Tests.DeckOfCards.DeckOfCardsTest" file="/home/h3rmano/dbwebb-kurser/mvc/me/report/tests/DeckOfCards/DeckOfCardsTest.php" line="30" assertions="3" time="0.003096"/>
      <testcase name="testCardsSuitCount" class="App\Tests\DeckOfCards\DeckOfCardsTest" classname="App.Tests.DeckOfCards.DeckOfCardsTest" file="/home/h3rmano/dbwebb-kurser/mvc/me/report/tests/DeckOfCards/DeckOfCardsTest.php" line="45" assertions="7" time="0.002222"/>
      <testcase name="testEmptyDeck" class="App\Tests\DeckOfCards\DeckOfCardsTest" classname="App.Tests.DeckOfCards.DeckOfCardsTest" file="/home/h3rmano/dbwebb-kurser/mvc/me/report/tests/DeckOfCards/DeckOfCardsTest.php" line="81" assertions="2" time="0.001998"/>
      <testcase name="testCardsRank" class="App\Tests\DeckOfCards\DeckOfCardsTest" classname="App.Tests.DeckOfCards.DeckOfCardsTest" file="/home/h3rmano/dbwebb-kurser/mvc/me/report/tests/DeckOfCards/DeckOfCardsTest.php" line="99" assertions="15" time="0.002591"/>
      <testcase name="testDrawCards" class="App\Tests\DeckOfCards\DeckOfCardsTest" classname="App.Tests.DeckOfCards.DeckOfCardsTest" file="/home/h3rmano/dbwebb-kurser/mvc/me/report/tests/DeckOfCards/DeckOfCardsTest.php" line="18" assertions="5" time="0.001835"/>
      <testcase name="testDrawCardNoCardsLeft" class="App\Tests\DeckOfCards\DeckOfCardsTest" classname="App.Tests.DeckOfCards.DeckOfCardsTest" file="/home/h3rmano/dbwebb-kurser/mvc/me/report/tests/DeckOfCards/DeckOfCardsTest.php" line="38" assertions="2" time="0.003999"/>
      <testcase name="testDrawCardsNoCardsLeft" class="App\Tests\DeckOfCards\DeckOfCardsTest" classname="App.Tests.DeckOfCards.DeckOfCardsTest" file="/home/h3rmano/dbwebb-kurser/mvc/me/report/tests/DeckOfCards/DeckOfCardsTest.php" line="59" assertions="2" time="0.003818"/>
      <testcase name="testDrawCardsExcessiveNr" class="App\Tests\DeckOfCards\DeckOfCardsTest" classname="App.Tests.DeckOfCards.DeckOfCardsTest" file="/home/h3rmano/dbwebb-kurser/mvc/me/report/tests/DeckOfCards/DeckOfCardsTest.php" line="82" assertions="2" time="0.001696"/>
      <testcase name="testDrawCardsNegativeNr" class="App\Tests\DeckOfCards\DeckOfCardsTest" classname="App.Tests.DeckOfCards.DeckOfCardsTest" file="/home/h3rmano/dbwebb-kurser/mvc/me/report/tests/DeckOfCards/DeckOfCardsTest.php" line="101" assertions="2" time="0.001695"/>
      <testcase name="testDrawCardsZero" class="App\Tests\DeckOfCards\DeckOfCardsTest" classname="App.Tests.DeckOfCards.DeckOfCardsTest" file="/home/h3rmano/dbwebb-kurser/mvc/me/report/tests/DeckOfCards/DeckOfCardsTest.php" line="121" assertions="2" time="0.002072"/>
      <testcase name="testGetDrawnCards" class="App\Tests\DeckOfCards\DeckOfCardsTest" classname="App.Tests.DeckOfCards.DeckOfCardsTest" file="/home/h3rmano/dbwebb-kurser/mvc/me/report/tests/DeckOfCards/DeckOfCardsTest.php" line="140" assertions="1" time="0.002284"/>
      <testcase name="testGetNumberOfCardsLeft" class="App\Tests\DeckOfCards\DeckOfCardsTest" classname="App.Tests.DeckOfCards.DeckOfCardsTest" file="/home/h3rmano/dbwebb-kurser/mvc/me/report/tests/DeckOfCards/DeckOfCardsTest.php" line="157" assertions="1" time="0.001641"/>
      <testcase name="testAddCardSingle" class="App\Tests\DeckOfCards\DeckOfCardsTest" classname="App.Tests.DeckOfCards.DeckOfCardsTest" file="/home/h3rmano/dbwebb-kurser/mvc/me/report/tests/DeckOfCards/DeckOfCardsTest.php" line="171" assertions="2" time="0.001813"/>
      <testcase name="testAddCardMultiple" class="App\Tests\DeckOfCards\DeckOfCardsTest" classname="App.Tests.DeckOfCards.DeckOfCardsTest" file="/home/h3rmano/dbwebb-kurser/mvc/me/report/tests/DeckOfCards/DeckOfCardsTest.php" line="189" assertions="4" time="0.001939"/>
      <testcase name="testAddCardsAfterDrawing" class="App\Tests\DeckOfCards\DeckOfCardsTest" classname="App.Tests.DeckOfCards.DeckOfCardsTest" file="/home/h3rmano/dbwebb-kurser/mvc/me/report/tests/DeckOfCards/DeckOfCardsTest.php" line="215" assertions="3" time="0.002114"/>
      <testcase name="testSortDeck" class="App\Tests\DeckOfCards\DeckOfCardsTest" classname="App.Tests.DeckOfCards.DeckOfCardsTest" file="/home/h3rmano/dbwebb-kurser/mvc/me/report/tests/DeckOfCards/DeckOfCardsTest.php" line="21" assertions="2" time="0.002171"/>
      <testcase name="testSortDeckFirstByRankThenBySuit" class="App\Tests\DeckOfCards\DeckOfCardsTest" classname="App.Tests.DeckOfCards.DeckOfCardsTest" file="/home/h3rmano/dbwebb-kurser/mvc/me/report/tests/DeckOfCards/DeckOfCardsTest.php" line="67" assertions="2" time="0.002293"/>
      <testcase name="testShuffleDeck" class="App\Tests\DeckOfCards\DeckOfCardsTest" classname="App.Tests.DeckOfCards.DeckOfCardsTest" file="/home/h3rmano/dbwebb-kurser/mvc/me/report/tests/DeckOfCards/DeckOfCardsTest.php" line="103" assertions="2" time="0.002099"/>
      <testcase name="testGetUnicodeOfRoundCards" class="App\Tests\DeckOfCards\DeckOfCardsTest" classname="App.Tests.DeckOfCards.DeckOfCardsTest" file="/home/h3rmano/dbwebb-kurser/mvc/me/report/tests/DeckOfCards/DeckOfCardsTest.php" line="19" assertions="1" time="0.002774"/>
      <testcase name="testGetCardsUnicode" class="App\Tests\DeckOfCards\DeckOfCardsTest" classname="App.Tests.DeckOfCards.DeckOfCardsTest" file="/home/h3rmano/dbwebb-kurser/mvc/me/report/tests/DeckOfCards/DeckOfCardsTest.php" line="47" assertions="1" time="0.001764"/>
      <testcase name="testGetCardsDrawnUnicode" class="App\Tests\DeckOfCards\DeckOfCardsTest" classname="App.Tests.DeckOfCards.DeckOfCardsTest" file="/home/h3rmano/dbwebb-kurser/mvc/me/report/tests/DeckOfCards/DeckOfCardsTest.php" line="80" assertions="1" time="0.001894"/>
    </testsuite>
    <testsuite name="App\Deck\DeckOfCards52Test" file="/home/h3rmano/dbwebb-kurser/mvc/me/report/tests/DeckOfCards52/DeckOfCards52Test.php" tests="4" assertions="60" errors="0" warnings="0" failures="0" skipped="0" time="0.015045">
      <testcase name="testCreateDeckOfCards52" class="App\Deck\DeckOfCards52Test" classname="App.Deck.DeckOfCards52Test" file="/home/h3rmano/dbwebb-kurser/mvc/me/report/tests/DeckOfCards52/DeckOfCards52Test.php" line="21" assertions="2" time="0.002383"/>
      <testcase name="testCreateDeckOfCards52Complete" class="App\Deck\DeckOfCards52Test" classname="App.Deck.DeckOfCards52Test" file="/home/h3rmano/dbwebb-kurser/mvc/me/report/tests/DeckOfCards52/DeckOfCards52Test.php" line="33" assertions="3" time="0.002109"/>
      <testcase name="testCreateDeckOfCardsEmpty" class="App\Deck\DeckOfCards52Test" classname="App.Deck.DeckOfCards52Test" file="/home/h3rmano/dbwebb-kurser/mvc/me/report/tests/DeckOfCards52/DeckOfCards52Test.php" line="48" assertions="2" time="0.002028"/>
      <testcase name="testJokersAreRemoved" class="App\Deck\DeckOfCards52Test" classname="App.Deck.DeckOfCards52Test" file="/home/h3rmano/dbwebb-kurser/mvc/me/report/tests/DeckOfCards52/DeckOfCards52Test.php" line="66" assertions="53" time="0.008524"/>
    </testsuite>
    <testsuite name="App\Tests\Dice\DiceTest" file="/home/h3rmano/dbwebb-kurser/mvc/me/report/tests/Dice/DiceTest.php" tests="2" assertions="3" errors="0" warnings="0" failures="0" skipped="0" time="0.007762">
      <testcase name="testCreateDice" class="App\Tests\Dice\DiceTest" classname="App.Tests.Dice.DiceTest" file="/home/h3rmano/dbwebb-kurser/mvc/me/report/tests/Dice/DiceTest.php" line="19" assertions="2" time="0.005490"/>
      <testcase name="testEDRException" class="App\Tests\Dice\DiceTest" classname="App.Tests.Dice.DiceTest" file="/home/h3rmano/dbwebb-kurser/mvc/me/report/tests/Dice/DiceTest.php" line="32" assertions="1" time="0.002272"/>
    </testsuite>
  </testsuite>
</testsuites>
