<?xml version="1.0" encoding="UTF-8"?>
<testsuites>
  <testsuite name="/home/h3rmano/dbwebb-kurser/mvc/me/report/tests" tests="124" assertions="275" errors="0" warnings="0" failures="0" skipped="0" time="0.598426">
    <testsuite name="App\Tests\BlackjackCardHand\BlackjackCardHandTest" file="/home/h3rmano/dbwebb-kurser/mvc/me/report/tests/BlackjackCardHand/BlackjackCardHandTest.php" tests="20" assertions="37" errors="0" warnings="0" failures="0" skipped="0" time="0.242121">
      <testcase name="testCreateBlackjackCardHand" class="App\Tests\BlackjackCardHand\BlackjackCardHandTest" classname="App.Tests.BlackjackCardHand.BlackjackCardHandTest" file="/home/h3rmano/dbwebb-kurser/mvc/me/report/tests/BlackjackCardHand/BlackjackCardHandTest.php" line="18" assertions="1" time="0.085694"/>
      <testcase name="testCreateWithArguments" class="App\Tests\BlackjackCardHand\BlackjackCardHandTest" classname="App.Tests.BlackjackCardHand.BlackjackCardHandTest" file="/home/h3rmano/dbwebb-kurser/mvc/me/report/tests/BlackjackCardHand/BlackjackCardHandTest.php" line="30" assertions="1" time="0.019213"/>
      <testcase name="testGetCards" class="App\Tests\BlackjackCardHand\BlackjackCardHandTest" classname="App.Tests.BlackjackCardHand.BlackjackCardHandTest" file="/home/h3rmano/dbwebb-kurser/mvc/me/report/tests/BlackjackCardHand/BlackjackCardHandTest.php" line="21" assertions="2" time="0.000784"/>
      <testcase name="testaddCard" class="App\Tests\BlackjackCardHand\BlackjackCardHandTest" classname="App.Tests.BlackjackCardHand.BlackjackCardHandTest" file="/home/h3rmano/dbwebb-kurser/mvc/me/report/tests/BlackjackCardHand/BlackjackCardHandTest.php" line="38" assertions="2" time="0.001755"/>
      <testcase name="testaddCardFaultyArgument" class="App\Tests\BlackjackCardHand\BlackjackCardHandTest" classname="App.Tests.BlackjackCardHand.BlackjackCardHandTest" file="/home/h3rmano/dbwebb-kurser/mvc/me/report/tests/BlackjackCardHand/BlackjackCardHandTest.php" line="58" assertions="1" time="0.002493"/>
      <testcase name="testaddCards" class="App\Tests\BlackjackCardHand\BlackjackCardHandTest" classname="App.Tests.BlackjackCardHand.BlackjackCardHandTest" file="/home/h3rmano/dbwebb-kurser/mvc/me/report/tests/BlackjackCardHand/BlackjackCardHandTest.php" line="85" assertions="2" time="0.000755"/>
      <testcase name="testaddCardsFaultyArgument" class="App\Tests\BlackjackCardHand\BlackjackCardHandTest" classname="App.Tests.BlackjackCardHand.BlackjackCardHandTest" file="/home/h3rmano/dbwebb-kurser/mvc/me/report/tests/BlackjackCardHand/BlackjackCardHandTest.php" line="111" assertions="2" time="0.012029"/>
      <testcase name="testGetCurrentValue" class="App\Tests\BlackjackCardHand\BlackjackCardHandTest" classname="App.Tests.BlackjackCardHand.BlackjackCardHandTest" file="/home/h3rmano/dbwebb-kurser/mvc/me/report/tests/BlackjackCardHand/BlackjackCardHandTest.php" line="136" assertions="1" time="0.003992"/>
      <testcase name="testGetCurrentValueWithAce" class="App\Tests\BlackjackCardHand\BlackjackCardHandTest" classname="App.Tests.BlackjackCardHand.BlackjackCardHandTest" file="/home/h3rmano/dbwebb-kurser/mvc/me/report/tests/BlackjackCardHand/BlackjackCardHandTest.php" line="160" assertions="2" time="0.001771"/>
      <testcase name="testIsHandActive" class="App\Tests\BlackjackCardHand\BlackjackCardHandTest" classname="App.Tests.BlackjackCardHand.BlackjackCardHandTest" file="/home/h3rmano/dbwebb-kurser/mvc/me/report/tests/BlackjackCardHand/BlackjackCardHandTest.php" line="17" assertions="1" time="0.002498"/>
      <testcase name="testIsHandNotActive" class="App\Tests\BlackjackCardHand\BlackjackCardHandTest" classname="App.Tests.BlackjackCardHand.BlackjackCardHandTest" file="/home/h3rmano/dbwebb-kurser/mvc/me/report/tests/BlackjackCardHand/BlackjackCardHandTest.php" line="27" assertions="1" time="0.002121"/>
      <testcase name="testSetHandInactive" class="App\Tests\BlackjackCardHand\BlackjackCardHandTest" classname="App.Tests.BlackjackCardHand.BlackjackCardHandTest" file="/home/h3rmano/dbwebb-kurser/mvc/me/report/tests/BlackjackCardHand/BlackjackCardHandTest.php" line="39" assertions="2" time="0.001221"/>
      <testcase name="testDrawCardFromDeck" class="App\Tests\BlackjackCardHand\BlackjackCardHandTest" classname="App.Tests.BlackjackCardHand.BlackjackCardHandTest" file="/home/h3rmano/dbwebb-kurser/mvc/me/report/tests/BlackjackCardHand/BlackjackCardHandTest.php" line="20" assertions="3" time="0.086902"/>
      <testcase name="testUpdateHandStatus21" class="App\Tests\BlackjackCardHand\BlackjackCardHandTest" classname="App.Tests.BlackjackCardHand.BlackjackCardHandTest" file="/home/h3rmano/dbwebb-kurser/mvc/me/report/tests/BlackjackCardHand/BlackjackCardHandTest.php" line="49" assertions="2" time="0.001231"/>
      <testcase name="testUpdateHandStatusSub21" class="App\Tests\BlackjackCardHand\BlackjackCardHandTest" classname="App.Tests.BlackjackCardHand.BlackjackCardHandTest" file="/home/h3rmano/dbwebb-kurser/mvc/me/report/tests/BlackjackCardHand/BlackjackCardHandTest.php" line="75" assertions="2" time="0.000927"/>
      <testcase name="testIsSplittable" class="App\Tests\BlackjackCardHand\BlackjackCardHandTest" classname="App.Tests.BlackjackCardHand.BlackjackCardHandTest" file="/home/h3rmano/dbwebb-kurser/mvc/me/report/tests/BlackjackCardHand/BlackjackCardHandTest.php" line="18" assertions="1" time="0.000749"/>
      <testcase name="testIsSplittableFalse" class="App\Tests\BlackjackCardHand\BlackjackCardHandTest" classname="App.Tests.BlackjackCardHand.BlackjackCardHandTest" file="/home/h3rmano/dbwebb-kurser/mvc/me/report/tests/BlackjackCardHand/BlackjackCardHandTest.php" line="36" assertions="1" time="0.000755"/>
      <testcase name="testIsSplittableEmpty" class="App\Tests\BlackjackCardHand\BlackjackCardHandTest" classname="App.Tests.BlackjackCardHand.BlackjackCardHandTest" file="/home/h3rmano/dbwebb-kurser/mvc/me/report/tests/BlackjackCardHand/BlackjackCardHandTest.php" line="56" assertions="1" time="0.001176"/>
      <testcase name="testSplitHand" class="App\Tests\BlackjackCardHand\BlackjackCardHandTest" classname="App.Tests.BlackjackCardHand.BlackjackCardHandTest" file="/home/h3rmano/dbwebb-kurser/mvc/me/report/tests/BlackjackCardHand/BlackjackCardHandTest.php" line="76" assertions="8" time="0.004691"/>
      <testcase name="testSplitHandInvalid2" class="App\Tests\BlackjackCardHand\BlackjackCardHandTest" classname="App.Tests.BlackjackCardHand.BlackjackCardHandTest" file="/home/h3rmano/dbwebb-kurser/mvc/me/report/tests/BlackjackCardHand/BlackjackCardHandTest.php" line="115" assertions="1" time="0.011365"/>
    </testsuite>
    <testsuite name="App\Tests\BlackjackCardHandling\BlackjackCardHandlingTest" file="/home/h3rmano/dbwebb-kurser/mvc/me/report/tests/BlackjackCardHandling/BlackjackCardHandlingTest.php" tests="28" assertions="38" errors="0" warnings="0" failures="0" skipped="0" time="0.097281">
      <testcase name="testGetHands" class="App\Tests\BlackjackCardHandling\BlackjackCardHandlingTest" classname="App.Tests.BlackjackCardHandling.BlackjackCardHandlingTest" file="/home/h3rmano/dbwebb-kurser/mvc/me/report/tests/BlackjackCardHandling/BlackjackCardHandlingTest.php" line="18" assertions="1" time="0.035166"/>
      <testcase name="testAddHandsEmpty" class="App\Tests\BlackjackCardHandling\BlackjackCardHandlingTest" classname="App.Tests.BlackjackCardHandling.BlackjackCardHandlingTest" file="/home/h3rmano/dbwebb-kurser/mvc/me/report/tests/BlackjackCardHandling/BlackjackCardHandlingTest.php" line="30" assertions="2" time="0.000815"/>
      <testcase name="testhandsCountNone" class="App\Tests\BlackjackCardHandling\BlackjackCardHandlingTest" classname="App.Tests.BlackjackCardHandling.BlackjackCardHandlingTest" file="/home/h3rmano/dbwebb-kurser/mvc/me/report/tests/BlackjackCardHandling/BlackjackCardHandlingTest.php" line="50" assertions="1" time="0.000697"/>
      <testcase name="testhandsCount" class="App\Tests\BlackjackCardHandling\BlackjackCardHandlingTest" classname="App.Tests.BlackjackCardHandling.BlackjackCardHandlingTest" file="/home/h3rmano/dbwebb-kurser/mvc/me/report/tests/BlackjackCardHandling/BlackjackCardHandlingTest.php" line="65" assertions="1" time="0.000756"/>
      <testcase name="testAddHands" class="App\Tests\BlackjackCardHandling\BlackjackCardHandlingTest" classname="App.Tests.BlackjackCardHandling.BlackjackCardHandlingTest" file="/home/h3rmano/dbwebb-kurser/mvc/me/report/tests/BlackjackCardHandling/BlackjackCardHandlingTest.php" line="89" assertions="3" time="0.000814"/>
      <testcase name="testAddHandsInvalid" class="App\Tests\BlackjackCardHandling\BlackjackCardHandlingTest" classname="App.Tests.BlackjackCardHandling.BlackjackCardHandlingTest" file="/home/h3rmano/dbwebb-kurser/mvc/me/report/tests/BlackjackCardHandling/BlackjackCardHandlingTest.php" line="115" assertions="1" time="0.000757"/>
      <testcase name="testAddCardToPlayerHand" class="App\Tests\BlackjackCardHandling\BlackjackCardHandlingTest" classname="App.Tests.BlackjackCardHandling.BlackjackCardHandlingTest" file="/home/h3rmano/dbwebb-kurser/mvc/me/report/tests/BlackjackCardHandling/BlackjackCardHandlingTest.php" line="130" assertions="1" time="0.001122"/>
      <testcase name="testAddCardToHandWhenNoHand" class="App\Tests\BlackjackCardHandling\BlackjackCardHandlingTest" classname="App.Tests.BlackjackCardHandling.BlackjackCardHandlingTest" file="/home/h3rmano/dbwebb-kurser/mvc/me/report/tests/BlackjackCardHandling/BlackjackCardHandlingTest.php" line="154" assertions="1" time="0.018505"/>
      <testcase name="testUpdateHandStatusActive" class="App\Tests\BlackjackCardHandling\BlackjackCardHandlingTest" classname="App.Tests.BlackjackCardHandling.BlackjackCardHandlingTest" file="/home/h3rmano/dbwebb-kurser/mvc/me/report/tests/BlackjackCardHandling/BlackjackCardHandlingTest.php" line="20" assertions="1" time="0.000914"/>
      <testcase name="testUpdateHandStatusBust" class="App\Tests\BlackjackCardHandling\BlackjackCardHandlingTest" classname="App.Tests.BlackjackCardHandling.BlackjackCardHandlingTest" file="/home/h3rmano/dbwebb-kurser/mvc/me/report/tests/BlackjackCardHandling/BlackjackCardHandlingTest.php" line="41" assertions="1" time="0.000971"/>
      <testcase name="testUpdateHandStatus21" class="App\Tests\BlackjackCardHandling\BlackjackCardHandlingTest" classname="App.Tests.BlackjackCardHandling.BlackjackCardHandlingTest" file="/home/h3rmano/dbwebb-kurser/mvc/me/report/tests/BlackjackCardHandling/BlackjackCardHandlingTest.php" line="67" assertions="1" time="0.001048"/>
      <testcase name="testActiveHandsCount" class="App\Tests\BlackjackCardHandling\BlackjackCardHandlingTest" classname="App.Tests.BlackjackCardHandling.BlackjackCardHandlingTest" file="/home/h3rmano/dbwebb-kurser/mvc/me/report/tests/BlackjackCardHandling/BlackjackCardHandlingTest.php" line="91" assertions="1" time="0.001941"/>
      <testcase name="testActiveHandsCountZero" class="App\Tests\BlackjackCardHandling\BlackjackCardHandlingTest" classname="App.Tests.BlackjackCardHandling.BlackjackCardHandlingTest" file="/home/h3rmano/dbwebb-kurser/mvc/me/report/tests/BlackjackCardHandling/BlackjackCardHandlingTest.php" line="115" assertions="1" time="0.000849"/>
      <testcase name="testActiveHandsCount21" class="App\Tests\BlackjackCardHandling\BlackjackCardHandlingTest" classname="App.Tests.BlackjackCardHandling.BlackjackCardHandlingTest" file="/home/h3rmano/dbwebb-kurser/mvc/me/report/tests/BlackjackCardHandling/BlackjackCardHandlingTest.php" line="133" assertions="1" time="0.000902"/>
      <testcase name="testActiveHandsCountBust" class="App\Tests\BlackjackCardHandling\BlackjackCardHandlingTest" classname="App.Tests.BlackjackCardHandling.BlackjackCardHandlingTest" file="/home/h3rmano/dbwebb-kurser/mvc/me/report/tests/BlackjackCardHandling/BlackjackCardHandlingTest.php" line="155" assertions="1" time="0.000981"/>
      <testcase name="testSplitPlayerHand" class="App\Tests\BlackjackCardHandling\BlackjackCardHandlingTest" classname="App.Tests.BlackjackCardHandling.BlackjackCardHandlingTest" file="/home/h3rmano/dbwebb-kurser/mvc/me/report/tests/BlackjackCardHandling/BlackjackCardHandlingTest.php" line="24" assertions="2" time="0.002364"/>
      <testcase name="testSplitPlayerHandNegativeIndex" class="App\Tests\BlackjackCardHandling\BlackjackCardHandlingTest" classname="App.Tests.BlackjackCardHandling.BlackjackCardHandlingTest" file="/home/h3rmano/dbwebb-kurser/mvc/me/report/tests/BlackjackCardHandling/BlackjackCardHandlingTest.php" line="50" assertions="2" time="0.002247"/>
      <testcase name="testSplitPlayerHandInvalid" class="App\Tests\BlackjackCardHandling\BlackjackCardHandlingTest" classname="App.Tests.BlackjackCardHandling.BlackjackCardHandlingTest" file="/home/h3rmano/dbwebb-kurser/mvc/me/report/tests/BlackjackCardHandling/BlackjackCardHandlingTest.php" line="78" assertions="1" time="0.002207"/>
      <testcase name="testSplitInactiveHand" class="App\Tests\BlackjackCardHandling\BlackjackCardHandlingTest" classname="App.Tests.BlackjackCardHandling.BlackjackCardHandlingTest" file="/home/h3rmano/dbwebb-kurser/mvc/me/report/tests/BlackjackCardHandling/BlackjackCardHandlingTest.php" line="102" assertions="1" time="0.002431"/>
      <testcase name="testStandHand" class="App\Tests\BlackjackCardHandling\BlackjackCardHandlingTest" classname="App.Tests.BlackjackCardHandling.BlackjackCardHandlingTest" file="/home/h3rmano/dbwebb-kurser/mvc/me/report/tests/BlackjackCardHandling/BlackjackCardHandlingTest.php" line="20" assertions="1" time="0.000782"/>
      <testcase name="testStandHandOutOfBounds" class="App\Tests\BlackjackCardHandling\BlackjackCardHandlingTest" classname="App.Tests.BlackjackCardHandling.BlackjackCardHandlingTest" file="/home/h3rmano/dbwebb-kurser/mvc/me/report/tests/BlackjackCardHandling/BlackjackCardHandlingTest.php" line="42" assertions="1" time="0.000869"/>
      <testcase name="testStandHandOutOfBoundsEmpty" class="App\Tests\BlackjackCardHandling\BlackjackCardHandlingTest" classname="App.Tests.BlackjackCardHandling.BlackjackCardHandlingTest" file="/home/h3rmano/dbwebb-kurser/mvc/me/report/tests/BlackjackCardHandling/BlackjackCardHandlingTest.php" line="64" assertions="1" time="0.000739"/>
      <testcase name="testStandHandNegativeIndex" class="App\Tests\BlackjackCardHandling\BlackjackCardHandlingTest" classname="App.Tests.BlackjackCardHandling.BlackjackCardHandlingTest" file="/home/h3rmano/dbwebb-kurser/mvc/me/report/tests/BlackjackCardHandling/BlackjackCardHandlingTest.php" line="79" assertions="1" time="0.000828"/>
      <testcase name="testactiveTurnStatusUnchanged" class="App\Tests\BlackjackCardHandling\BlackjackCardHandlingTest" classname="App.Tests.BlackjackCardHandling.BlackjackCardHandlingTest" file="/home/h3rmano/dbwebb-kurser/mvc/me/report/tests/BlackjackCardHandling/BlackjackCardHandlingTest.php" line="19" assertions="1" time="0.001240"/>
      <testcase name="testactiveTurnStatusChanged" class="App\Tests\BlackjackCardHandling\BlackjackCardHandlingTest" classname="App.Tests.BlackjackCardHandling.BlackjackCardHandlingTest" file="/home/h3rmano/dbwebb-kurser/mvc/me/report/tests/BlackjackCardHandling/BlackjackCardHandlingTest.php" line="58" assertions="1" time="0.001120"/>
      <testcase name="testResetHands" class="App\Tests\BlackjackCardHandling\BlackjackCardHandlingTest" classname="App.Tests.BlackjackCardHandling.BlackjackCardHandlingTest" file="/home/h3rmano/dbwebb-kurser/mvc/me/report/tests/BlackjackCardHandling/BlackjackCardHandlingTest.php" line="93" assertions="6" time="0.001217"/>
      <testcase name="testGetCardsInHandAsUnicode" class="App\Tests\BlackjackCardHandling\BlackjackCardHandlingTest" classname="App.Tests.BlackjackCardHandling.BlackjackCardHandlingTest" file="/home/h3rmano/dbwebb-kurser/mvc/me/report/tests/BlackjackCardHandling/BlackjackCardHandlingTest.php" line="19" assertions="1" time="0.000844"/>
      <testcase name="testGetCardsInHandAsUnicodeNoHands" class="App\Tests\BlackjackCardHandling\BlackjackCardHandlingTest" classname="App.Tests.BlackjackCardHandling.BlackjackCardHandlingTest" file="/home/h3rmano/dbwebb-kurser/mvc/me/report/tests/BlackjackCardHandling/BlackjackCardHandlingTest.php" line="43" assertions="1" time="0.014156"/>
    </testsuite>
    <testsuite name="App\Tests\BlackjackPlayer\BlackjackDealer\BlackjackDealerTest" file="/home/h3rmano/dbwebb-kurser/mvc/me/report/tests/BlackjackDealer/BlackjackDealerTest.php" tests="3" assertions="3" errors="0" warnings="0" failures="0" skipped="0" time="0.012582">
      <testcase name="testCreateNoArguments" class="App\Tests\BlackjackPlayer\BlackjackDealer\BlackjackDealerTest" classname="App.Tests.BlackjackPlayer.BlackjackDealer.BlackjackDealerTest" file="/home/h3rmano/dbwebb-kurser/mvc/me/report/tests/BlackjackDealer/BlackjackDealerTest.php" line="17" assertions="1" time="0.011075"/>
      <testcase name="testCreateNameNoHands" class="App\Tests\BlackjackPlayer\BlackjackDealer\BlackjackDealerTest" classname="App.Tests.BlackjackPlayer.BlackjackDealer.BlackjackDealerTest" file="/home/h3rmano/dbwebb-kurser/mvc/me/report/tests/BlackjackDealer/BlackjackDealerTest.php" line="27" assertions="1" time="0.000755"/>
      <testcase name="testCreateWithOneHand" class="App\Tests\BlackjackPlayer\BlackjackDealer\BlackjackDealerTest" classname="App.Tests.BlackjackPlayer.BlackjackDealer.BlackjackDealerTest" file="/home/h3rmano/dbwebb-kurser/mvc/me/report/tests/BlackjackDealer/BlackjackDealerTest.php" line="37" assertions="1" time="0.000751"/>
    </testsuite>
    <testsuite name="App\Tests\BlackjackGameResults\BlackjackGameResultsTest" file="/home/h3rmano/dbwebb-kurser/mvc/me/report/tests/BlackjackGameResults/BlackjackGameResultsTest.php" tests="13" assertions="28" errors="0" warnings="0" failures="0" skipped="0" time="0.119236">
      <testcase name="testCreateGameResults" class="App\Tests\BlackjackGameResults\BlackjackGameResultsTest" classname="App.Tests.BlackjackGameResults.BlackjackGameResultsTest" file="/home/h3rmano/dbwebb-kurser/mvc/me/report/tests/BlackjackGameResults/BlackjackGameResultsTest.php" line="16" assertions="1" time="0.046010"/>
      <testcase name="testgetGameDecidedFalse" class="App\Tests\BlackjackGameResults\BlackjackGameResultsTest" classname="App.Tests.BlackjackGameResults.BlackjackGameResultsTest" file="/home/h3rmano/dbwebb-kurser/mvc/me/report/tests/BlackjackGameResults/BlackjackGameResultsTest.php" line="30" assertions="1" time="0.000788"/>
      <testcase name="testGameDecidedWhenPlayerOutOfChips" class="App\Tests\BlackjackGameResults\BlackjackGameResultsTest" classname="App.Tests.BlackjackGameResults.BlackjackGameResultsTest" file="/home/h3rmano/dbwebb-kurser/mvc/me/report/tests/BlackjackGameResults/BlackjackGameResultsTest.php" line="44" assertions="1" time="0.000800"/>
      <testcase name="testGameDecidedWhenDealerOutOfChips" class="App\Tests\BlackjackGameResults\BlackjackGameResultsTest" classname="App.Tests.BlackjackGameResults.BlackjackGameResultsTest" file="/home/h3rmano/dbwebb-kurser/mvc/me/report/tests/BlackjackGameResults/BlackjackGameResultsTest.php" line="60" assertions="1" time="0.000752"/>
      <testcase name="testEstablishSession" class="App\Tests\BlackjackGameResults\BlackjackGameResultsTest" classname="App.Tests.BlackjackGameResults.BlackjackGameResultsTest" file="/home/h3rmano/dbwebb-kurser/mvc/me/report/tests/BlackjackGameResults/BlackjackGameResultsTest.php" line="18" assertions="1" time="0.044652"/>
      <testcase name="testClearSession" class="App\Tests\BlackjackGameResults\BlackjackGameResultsTest" classname="App.Tests.BlackjackGameResults.BlackjackGameResultsTest" file="/home/h3rmano/dbwebb-kurser/mvc/me/report/tests/BlackjackGameResults/BlackjackGameResultsTest.php" line="37" assertions="1" time="0.013952"/>
      <testcase name="testPlayerWinsRoundDealerBust" class="App\Tests\BlackjackGameResults\BlackjackGameResultsTest" classname="App.Tests.BlackjackGameResults.BlackjackGameResultsTest" file="/home/h3rmano/dbwebb-kurser/mvc/me/report/tests/BlackjackGameResults/BlackjackGameResultsTest.php" line="18" assertions="3" time="0.002651"/>
      <testcase name="testPlayerWinsRoundDealerLower" class="App\Tests\BlackjackGameResults\BlackjackGameResultsTest" classname="App.Tests.BlackjackGameResults.BlackjackGameResultsTest" file="/home/h3rmano/dbwebb-kurser/mvc/me/report/tests/BlackjackGameResults/BlackjackGameResultsTest.php" line="56" assertions="3" time="0.001401"/>
      <testcase name="testDealerWinsRoundPlayerBust" class="App\Tests\BlackjackGameResults\BlackjackGameResultsTest" classname="App.Tests.BlackjackGameResults.BlackjackGameResultsTest" file="/home/h3rmano/dbwebb-kurser/mvc/me/report/tests/BlackjackGameResults/BlackjackGameResultsTest.php" line="95" assertions="3" time="0.001498"/>
      <testcase name="testDealerWinsRoundPlayerLower" class="App\Tests\BlackjackGameResults\BlackjackGameResultsTest" classname="App.Tests.BlackjackGameResults.BlackjackGameResultsTest" file="/home/h3rmano/dbwebb-kurser/mvc/me/report/tests/BlackjackGameResults/BlackjackGameResultsTest.php" line="134" assertions="3" time="0.001394"/>
      <testcase name="testDrawnRound" class="App\Tests\BlackjackGameResults\BlackjackGameResultsTest" classname="App.Tests.BlackjackGameResults.BlackjackGameResultsTest" file="/home/h3rmano/dbwebb-kurser/mvc/me/report/tests/BlackjackGameResults/BlackjackGameResultsTest.php" line="171" assertions="3" time="0.001454"/>
      <testcase name="testDrawnRoundBothBust" class="App\Tests\BlackjackGameResults\BlackjackGameResultsTest" classname="App.Tests.BlackjackGameResults.BlackjackGameResultsTest" file="/home/h3rmano/dbwebb-kurser/mvc/me/report/tests/BlackjackGameResults/BlackjackGameResultsTest.php" line="209" assertions="3" time="0.001447"/>
      <testcase name="testDecideBlackjackRoundResultsFormatting" class="App\Tests\BlackjackGameResults\BlackjackGameResultsTest" classname="App.Tests.BlackjackGameResults.BlackjackGameResultsTest" file="/home/h3rmano/dbwebb-kurser/mvc/me/report/tests/BlackjackGameResults/BlackjackGameResultsTest.php" line="249" assertions="4" time="0.002438"/>
    </testsuite>
    <testsuite name="App\Tests\BlackjackPlayer\BlackjackPlayerTest" file="/home/h3rmano/dbwebb-kurser/mvc/me/report/tests/BlackjackPlayer/BlackjackPlayerTest.php" tests="20" assertions="25" errors="0" warnings="0" failures="0" skipped="0" time="0.016961">
      <testcase name="testCreateNoArguments" class="App\Tests\BlackjackPlayer\BlackjackPlayerTest" classname="App.Tests.BlackjackPlayer.BlackjackPlayerTest" file="/home/h3rmano/dbwebb-kurser/mvc/me/report/tests/BlackjackPlayer/BlackjackPlayerTest.php" line="17" assertions="1" time="0.000807"/>
      <testcase name="testCreateNameNoHands" class="App\Tests\BlackjackPlayer\BlackjackPlayerTest" classname="App.Tests.BlackjackPlayer.BlackjackPlayerTest" file="/home/h3rmano/dbwebb-kurser/mvc/me/report/tests/BlackjackPlayer/BlackjackPlayerTest.php" line="29" assertions="1" time="0.000701"/>
      <testcase name="testCreateNameHand" class="App\Tests\BlackjackPlayer\BlackjackPlayerTest" classname="App.Tests.BlackjackPlayer.BlackjackPlayerTest" file="/home/h3rmano/dbwebb-kurser/mvc/me/report/tests/BlackjackPlayer/BlackjackPlayerTest.php" line="41" assertions="1" time="0.000829"/>
      <testcase name="testCreateNameHands" class="App\Tests\BlackjackPlayer\BlackjackPlayerTest" classname="App.Tests.BlackjackPlayer.BlackjackPlayerTest" file="/home/h3rmano/dbwebb-kurser/mvc/me/report/tests/BlackjackPlayer/BlackjackPlayerTest.php" line="55" assertions="1" time="0.000849"/>
      <testcase name="testGetPlayerName" class="App\Tests\BlackjackPlayer\BlackjackPlayerTest" classname="App.Tests.BlackjackPlayer.BlackjackPlayerTest" file="/home/h3rmano/dbwebb-kurser/mvc/me/report/tests/BlackjackPlayer/BlackjackPlayerTest.php" line="73" assertions="1" time="0.000699"/>
      <testcase name="testIsActiveTurnDefaultTrue" class="App\Tests\BlackjackPlayer\BlackjackPlayerTest" classname="App.Tests.BlackjackPlayer.BlackjackPlayerTest" file="/home/h3rmano/dbwebb-kurser/mvc/me/report/tests/BlackjackPlayer/BlackjackPlayerTest.php" line="14" assertions="1" time="0.000649"/>
      <testcase name="testDeactivateTurn" class="App\Tests\BlackjackPlayer\BlackjackPlayerTest" classname="App.Tests.BlackjackPlayer.BlackjackPlayerTest" file="/home/h3rmano/dbwebb-kurser/mvc/me/report/tests/BlackjackPlayer/BlackjackPlayerTest.php" line="25" assertions="2" time="0.000939"/>
      <testcase name="testActivateTurn" class="App\Tests\BlackjackPlayer\BlackjackPlayerTest" classname="App.Tests.BlackjackPlayer.BlackjackPlayerTest" file="/home/h3rmano/dbwebb-kurser/mvc/me/report/tests/BlackjackPlayer/BlackjackPlayerTest.php" line="41" assertions="3" time="0.000800"/>
      <testcase name="testGetChipCount" class="App\Tests\BlackjackPlayer\BlackjackPlayerTest" classname="App.Tests.BlackjackPlayer.BlackjackPlayerTest" file="/home/h3rmano/dbwebb-kurser/mvc/me/report/tests/BlackjackPlayer/BlackjackPlayerTest.php" line="16" assertions="1" time="0.000914"/>
      <testcase name="testGetChipCountCustom" class="App\Tests\BlackjackPlayer\BlackjackPlayerTest" classname="App.Tests.BlackjackPlayer.BlackjackPlayerTest" file="/home/h3rmano/dbwebb-kurser/mvc/me/report/tests/BlackjackPlayer/BlackjackPlayerTest.php" line="27" assertions="1" time="0.000701"/>
      <testcase name="testGetChipCountCustomZero" class="App\Tests\BlackjackPlayer\BlackjackPlayerTest" classname="App.Tests.BlackjackPlayer.BlackjackPlayerTest" file="/home/h3rmano/dbwebb-kurser/mvc/me/report/tests/BlackjackPlayer/BlackjackPlayerTest.php" line="38" assertions="1" time="0.000690"/>
      <testcase name="testWagerNoChips" class="App\Tests\BlackjackPlayer\BlackjackPlayerTest" classname="App.Tests.BlackjackPlayer.BlackjackPlayerTest" file="/home/h3rmano/dbwebb-kurser/mvc/me/report/tests/BlackjackPlayer/BlackjackPlayerTest.php" line="49" assertions="1" time="0.000695"/>
      <testcase name="testWagerChipsWithSpecificAmount" class="App\Tests\BlackjackPlayer\BlackjackPlayerTest" classname="App.Tests.BlackjackPlayer.BlackjackPlayerTest" file="/home/h3rmano/dbwebb-kurser/mvc/me/report/tests/BlackjackPlayer/BlackjackPlayerTest.php" line="64" assertions="1" time="0.000701"/>
      <testcase name="testWagerNotEnoughChips" class="App\Tests\BlackjackPlayer\BlackjackPlayerTest" classname="App.Tests.BlackjackPlayer.BlackjackPlayerTest" file="/home/h3rmano/dbwebb-kurser/mvc/me/report/tests/BlackjackPlayer/BlackjackPlayerTest.php" line="78" assertions="1" time="0.002399"/>
      <testcase name="testgetChipsInPlayCount" class="App\Tests\BlackjackPlayer\BlackjackPlayerTest" classname="App.Tests.BlackjackPlayer.BlackjackPlayerTest" file="/home/h3rmano/dbwebb-kurser/mvc/me/report/tests/BlackjackPlayer/BlackjackPlayerTest.php" line="91" assertions="2" time="0.000716"/>
      <testcase name="testAddChips" class="App\Tests\BlackjackPlayer\BlackjackPlayerTest" classname="App.Tests.BlackjackPlayer.BlackjackPlayerTest" file="/home/h3rmano/dbwebb-kurser/mvc/me/report/tests/BlackjackPlayer/BlackjackPlayerTest.php" line="105" assertions="1" time="0.000723"/>
      <testcase name="testAddChipsZero" class="App\Tests\BlackjackPlayer\BlackjackPlayerTest" classname="App.Tests.BlackjackPlayer.BlackjackPlayerTest" file="/home/h3rmano/dbwebb-kurser/mvc/me/report/tests/BlackjackPlayer/BlackjackPlayerTest.php" line="116" assertions="1" time="0.000683"/>
      <testcase name="testResetChipsInPlay" class="App\Tests\BlackjackPlayer\BlackjackPlayerTest" classname="App.Tests.BlackjackPlayer.BlackjackPlayerTest" file="/home/h3rmano/dbwebb-kurser/mvc/me/report/tests/BlackjackPlayer/BlackjackPlayerTest.php" line="128" assertions="2" time="0.000812"/>
      <testcase name="testGetPlayerDetailsJsonEmptyHand" class="App\Tests\BlackjackPlayer\BlackjackPlayerTest" classname="App.Tests.BlackjackPlayer.BlackjackPlayerTest" file="/home/h3rmano/dbwebb-kurser/mvc/me/report/tests/BlackjackPlayer/BlackjackPlayerTest.php" line="18" assertions="1" time="0.000758"/>
      <testcase name="testGetPlayerDetailsJsonValidHand" class="App\Tests\BlackjackPlayer\BlackjackPlayerTest" classname="App.Tests.BlackjackPlayer.BlackjackPlayerTest" file="/home/h3rmano/dbwebb-kurser/mvc/me/report/tests/BlackjackPlayer/BlackjackPlayerTest.php" line="33" assertions="1" time="0.000894"/>
    </testsuite>
    <testsuite name="App\Tests\Card\CardTest" file="/home/h3rmano/dbwebb-kurser/mvc/me/report/tests/Card/CardTest.php" tests="12" assertions="17" errors="0" warnings="0" failures="0" skipped="0" time="0.011256">
      <testcase name="testCreateCardNoArguments" class="App\Tests\Card\CardTest" classname="App.Tests.Card.CardTest" file="/home/h3rmano/dbwebb-kurser/mvc/me/report/tests/Card/CardTest.php" line="15" assertions="1" time="0.000683"/>
      <testcase name="testCreateCardInvalidArguments" class="App\Tests\Card\CardTest" classname="App.Tests.Card.CardTest" file="/home/h3rmano/dbwebb-kurser/mvc/me/report/tests/Card/CardTest.php" line="24" assertions="1" time="0.000706"/>
      <testcase name="testCreateCardInsufficientArguments" class="App\Tests\Card\CardTest" classname="App.Tests.Card.CardTest" file="/home/h3rmano/dbwebb-kurser/mvc/me/report/tests/Card/CardTest.php" line="34" assertions="1" time="0.000654"/>
      <testcase name="testCreateCardWithValidArguments" class="App\Tests\Card\CardTest" classname="App.Tests.Card.CardTest" file="/home/h3rmano/dbwebb-kurser/mvc/me/report/tests/Card/CardTest.php" line="43" assertions="2" time="0.003650"/>
      <testcase name="testGetValue" class="App\Tests\Card\CardTest" classname="App.Tests.Card.CardTest" file="/home/h3rmano/dbwebb-kurser/mvc/me/report/tests/Card/CardTest.php" line="16" assertions="1" time="0.000637"/>
      <testcase name="testGetRank" class="App\Tests\Card\CardTest" classname="App.Tests.Card.CardTest" file="/home/h3rmano/dbwebb-kurser/mvc/me/report/tests/Card/CardTest.php" line="32" assertions="1" time="0.000638"/>
      <testcase name="testGetSuit" class="App\Tests\Card\CardTest" classname="App.Tests.Card.CardTest" file="/home/h3rmano/dbwebb-kurser/mvc/me/report/tests/Card/CardTest.php" line="48" assertions="1" time="0.000641"/>
      <testcase name="testGetColor" class="App\Tests\Card\CardTest" classname="App.Tests.Card.CardTest" file="/home/h3rmano/dbwebb-kurser/mvc/me/report/tests/Card/CardTest.php" line="64" assertions="1" time="0.000650"/>
      <testcase name="testGetCardAsInt" class="App\Tests\Card\CardTest" classname="App.Tests.Card.CardTest" file="/home/h3rmano/dbwebb-kurser/mvc/me/report/tests/Card/CardTest.php" line="80" assertions="1" time="0.000860"/>
      <testcase name="testGetBackOfCard" class="App\Tests\Card\CardTest" classname="App.Tests.Card.CardTest" file="/home/h3rmano/dbwebb-kurser/mvc/me/report/tests/Card/CardTest.php" line="97" assertions="1" time="0.000667"/>
      <testcase name="testIsFaceCard" class="App\Tests\Card\CardTest" classname="App.Tests.Card.CardTest" file="/home/h3rmano/dbwebb-kurser/mvc/me/report/tests/Card/CardTest.php" line="113" assertions="5" time="0.000773"/>
      <testcase name="testGetAsString" class="App\Tests\Card\CardTest" classname="App.Tests.Card.CardTest" file="/home/h3rmano/dbwebb-kurser/mvc/me/report/tests/Card/CardTest.php" line="149" assertions="1" time="0.000696"/>
    </testsuite>
    <testsuite name="App\Tests\DeckOfCards\DeckOfCardsTest" file="/home/h3rmano/dbwebb-kurser/mvc/me/report/tests/DeckOfCards/DeckOfCardsTest.php" tests="22" assertions="64" errors="0" warnings="0" failures="0" skipped="0" time="0.048580">
      <testcase name="testCreateDeckOfCards" class="App\Tests\DeckOfCards\DeckOfCardsTest" classname="App.Tests.DeckOfCards.DeckOfCardsTest" file="/home/h3rmano/dbwebb-kurser/mvc/me/report/tests/DeckOfCards/DeckOfCardsTest.php" line="18" assertions="2" time="0.001636"/>
      <testcase name="testCreateDeckOfCardsComplete" class="App\Tests\DeckOfCards\DeckOfCardsTest" classname="App.Tests.DeckOfCards.DeckOfCardsTest" file="/home/h3rmano/dbwebb-kurser/mvc/me/report/tests/DeckOfCards/DeckOfCardsTest.php" line="30" assertions="3" time="0.002993"/>
      <testcase name="testCardsSuitCount" class="App\Tests\DeckOfCards\DeckOfCardsTest" classname="App.Tests.DeckOfCards.DeckOfCardsTest" file="/home/h3rmano/dbwebb-kurser/mvc/me/report/tests/DeckOfCards/DeckOfCardsTest.php" line="45" assertions="7" time="0.002309"/>
      <testcase name="testEmptyDeck" class="App\Tests\DeckOfCards\DeckOfCardsTest" classname="App.Tests.DeckOfCards.DeckOfCardsTest" file="/home/h3rmano/dbwebb-kurser/mvc/me/report/tests/DeckOfCards/DeckOfCardsTest.php" line="81" assertions="2" time="0.002155"/>
      <testcase name="testCardsRank" class="App\Tests\DeckOfCards\DeckOfCardsTest" classname="App.Tests.DeckOfCards.DeckOfCardsTest" file="/home/h3rmano/dbwebb-kurser/mvc/me/report/tests/DeckOfCards/DeckOfCardsTest.php" line="99" assertions="15" time="0.002329"/>
      <testcase name="testDrawCards" class="App\Tests\DeckOfCards\DeckOfCardsTest" classname="App.Tests.DeckOfCards.DeckOfCardsTest" file="/home/h3rmano/dbwebb-kurser/mvc/me/report/tests/DeckOfCards/DeckOfCardsTest.php" line="18" assertions="5" time="0.001836"/>
      <testcase name="testDrawCardNoCardsLeft" class="App\Tests\DeckOfCards\DeckOfCardsTest" classname="App.Tests.DeckOfCards.DeckOfCardsTest" file="/home/h3rmano/dbwebb-kurser/mvc/me/report/tests/DeckOfCards/DeckOfCardsTest.php" line="38" assertions="2" time="0.004060"/>
      <testcase name="testDrawCardsNoCardsLeft" class="App\Tests\DeckOfCards\DeckOfCardsTest" classname="App.Tests.DeckOfCards.DeckOfCardsTest" file="/home/h3rmano/dbwebb-kurser/mvc/me/report/tests/DeckOfCards/DeckOfCardsTest.php" line="59" assertions="2" time="0.003478"/>
      <testcase name="testDrawCardsExcessiveNr" class="App\Tests\DeckOfCards\DeckOfCardsTest" classname="App.Tests.DeckOfCards.DeckOfCardsTest" file="/home/h3rmano/dbwebb-kurser/mvc/me/report/tests/DeckOfCards/DeckOfCardsTest.php" line="82" assertions="2" time="0.001717"/>
      <testcase name="testDrawCardsNegativeNr" class="App\Tests\DeckOfCards\DeckOfCardsTest" classname="App.Tests.DeckOfCards.DeckOfCardsTest" file="/home/h3rmano/dbwebb-kurser/mvc/me/report/tests/DeckOfCards/DeckOfCardsTest.php" line="101" assertions="2" time="0.001616"/>
      <testcase name="testDrawCardsZero" class="App\Tests\DeckOfCards\DeckOfCardsTest" classname="App.Tests.DeckOfCards.DeckOfCardsTest" file="/home/h3rmano/dbwebb-kurser/mvc/me/report/tests/DeckOfCards/DeckOfCardsTest.php" line="121" assertions="2" time="0.001679"/>
      <testcase name="testGetDrawnCards" class="App\Tests\DeckOfCards\DeckOfCardsTest" classname="App.Tests.DeckOfCards.DeckOfCardsTest" file="/home/h3rmano/dbwebb-kurser/mvc/me/report/tests/DeckOfCards/DeckOfCardsTest.php" line="140" assertions="1" time="0.002265"/>
      <testcase name="testGetNumberOfCardsLeft" class="App\Tests\DeckOfCards\DeckOfCardsTest" classname="App.Tests.DeckOfCards.DeckOfCardsTest" file="/home/h3rmano/dbwebb-kurser/mvc/me/report/tests/DeckOfCards/DeckOfCardsTest.php" line="157" assertions="1" time="0.001611"/>
      <testcase name="testAddCardSingle" class="App\Tests\DeckOfCards\DeckOfCardsTest" classname="App.Tests.DeckOfCards.DeckOfCardsTest" file="/home/h3rmano/dbwebb-kurser/mvc/me/report/tests/DeckOfCards/DeckOfCardsTest.php" line="171" assertions="2" time="0.001745"/>
      <testcase name="testAddCardMultiple" class="App\Tests\DeckOfCards\DeckOfCardsTest" classname="App.Tests.DeckOfCards.DeckOfCardsTest" file="/home/h3rmano/dbwebb-kurser/mvc/me/report/tests/DeckOfCards/DeckOfCardsTest.php" line="189" assertions="4" time="0.001736"/>
      <testcase name="testAddCardsAfterDrawing" class="App\Tests\DeckOfCards\DeckOfCardsTest" classname="App.Tests.DeckOfCards.DeckOfCardsTest" file="/home/h3rmano/dbwebb-kurser/mvc/me/report/tests/DeckOfCards/DeckOfCardsTest.php" line="215" assertions="3" time="0.002413"/>
      <testcase name="testSortDeck" class="App\Tests\DeckOfCards\DeckOfCardsTest" classname="App.Tests.DeckOfCards.DeckOfCardsTest" file="/home/h3rmano/dbwebb-kurser/mvc/me/report/tests/DeckOfCards/DeckOfCardsTest.php" line="21" assertions="2" time="0.002149"/>
      <testcase name="testSortDeckFirstByRankThenBySuit" class="App\Tests\DeckOfCards\DeckOfCardsTest" classname="App.Tests.DeckOfCards.DeckOfCardsTest" file="/home/h3rmano/dbwebb-kurser/mvc/me/report/tests/DeckOfCards/DeckOfCardsTest.php" line="67" assertions="2" time="0.002309"/>
      <testcase name="testShuffleDeck" class="App\Tests\DeckOfCards\DeckOfCardsTest" classname="App.Tests.DeckOfCards.DeckOfCardsTest" file="/home/h3rmano/dbwebb-kurser/mvc/me/report/tests/DeckOfCards/DeckOfCardsTest.php" line="103" assertions="2" time="0.001840"/>
      <testcase name="testGetUnicodeOfRoundCards" class="App\Tests\DeckOfCards\DeckOfCardsTest" classname="App.Tests.DeckOfCards.DeckOfCardsTest" file="/home/h3rmano/dbwebb-kurser/mvc/me/report/tests/DeckOfCards/DeckOfCardsTest.php" line="19" assertions="1" time="0.003064"/>
      <testcase name="testGetCardsUnicode" class="App\Tests\DeckOfCards\DeckOfCardsTest" classname="App.Tests.DeckOfCards.DeckOfCardsTest" file="/home/h3rmano/dbwebb-kurser/mvc/me/report/tests/DeckOfCards/DeckOfCardsTest.php" line="47" assertions="1" time="0.001764"/>
      <testcase name="testGetCardsDrawnUnicode" class="App\Tests\DeckOfCards\DeckOfCardsTest" classname="App.Tests.DeckOfCards.DeckOfCardsTest" file="/home/h3rmano/dbwebb-kurser/mvc/me/report/tests/DeckOfCards/DeckOfCardsTest.php" line="80" assertions="1" time="0.001878"/>
    </testsuite>
    <testsuite name="App\Deck\DeckOfCards52Test" file="/home/h3rmano/dbwebb-kurser/mvc/me/report/tests/DeckOfCards52/DeckOfCards52Test.php" tests="4" assertions="60" errors="0" warnings="0" failures="0" skipped="0" time="0.033552">
      <testcase name="testCreateDeckOfCards52" class="App\Deck\DeckOfCards52Test" classname="App.Deck.DeckOfCards52Test" file="/home/h3rmano/dbwebb-kurser/mvc/me/report/tests/DeckOfCards52/DeckOfCards52Test.php" line="21" assertions="2" time="0.002004"/>
      <testcase name="testCreateDeckOfCards52Complete" class="App\Deck\DeckOfCards52Test" classname="App.Deck.DeckOfCards52Test" file="/home/h3rmano/dbwebb-kurser/mvc/me/report/tests/DeckOfCards52/DeckOfCards52Test.php" line="33" assertions="3" time="0.002492"/>
      <testcase name="testCreateDeckOfCardsEmpty" class="App\Deck\DeckOfCards52Test" classname="App.Deck.DeckOfCards52Test" file="/home/h3rmano/dbwebb-kurser/mvc/me/report/tests/DeckOfCards52/DeckOfCards52Test.php" line="48" assertions="2" time="0.020519"/>
      <testcase name="testJokersAreRemoved" class="App\Deck\DeckOfCards52Test" classname="App.Deck.DeckOfCards52Test" file="/home/h3rmano/dbwebb-kurser/mvc/me/report/tests/DeckOfCards52/DeckOfCards52Test.php" line="66" assertions="53" time="0.008537"/>
    </testsuite>
    <testsuite name="App\Tests\Dice\DiceTest" file="/home/h3rmano/dbwebb-kurser/mvc/me/report/tests/Dice/DiceTest.php" tests="2" assertions="3" errors="0" warnings="0" failures="0" skipped="0" time="0.016857">
      <testcase name="testCreateDice" class="App\Tests\Dice\DiceTest" classname="App.Tests.Dice.DiceTest" file="/home/h3rmano/dbwebb-kurser/mvc/me/report/tests/Dice/DiceTest.php" line="19" assertions="2" time="0.014612"/>
      <testcase name="testEDRException" class="App\Tests\Dice\DiceTest" classname="App.Tests.Dice.DiceTest" file="/home/h3rmano/dbwebb-kurser/mvc/me/report/tests/Dice/DiceTest.php" line="32" assertions="1" time="0.002244"/>
    </testsuite>
  </testsuite>
</testsuites>
