<?xml version="1.0" encoding="UTF-8"?>
<testsuites>
  <testsuite name="/home/h3rmano/dbwebb-kurser/mvc/me/report/tests" tests="162" assertions="326" errors="0" warnings="0" failures="0" skipped="0" time="0.325416">
    <testsuite name="App\Tests\BlackjackCardHand\BlackjackCardHandTest" file="/home/h3rmano/dbwebb-kurser/mvc/me/report/tests/BlackjackCardHand/BlackjackCardHandTest.php" tests="20" assertions="37" errors="0" warnings="0" failures="0" skipped="0" time="0.052351">
      <testcase name="testCreateBlackjackCardHand" class="App\Tests\BlackjackCardHand\BlackjackCardHandTest" classname="App.Tests.BlackjackCardHand.BlackjackCardHandTest" file="/home/h3rmano/dbwebb-kurser/mvc/me/report/tests/BlackjackCardHand/BlackjackCardHandTest.php" line="18" assertions="1" time="0.018834"/>
      <testcase name="testCreateWithArguments" class="App\Tests\BlackjackCardHand\BlackjackCardHandTest" classname="App.Tests.BlackjackCardHand.BlackjackCardHandTest" file="/home/h3rmano/dbwebb-kurser/mvc/me/report/tests/BlackjackCardHand/BlackjackCardHandTest.php" line="30" assertions="1" time="0.003064"/>
      <testcase name="testGetCards" class="App\Tests\BlackjackCardHand\BlackjackCardHandTest" classname="App.Tests.BlackjackCardHand.BlackjackCardHandTest" file="/home/h3rmano/dbwebb-kurser/mvc/me/report/tests/BlackjackCardHand/BlackjackCardHandTest.php" line="21" assertions="2" time="0.000786"/>
      <testcase name="testaddCard" class="App\Tests\BlackjackCardHand\BlackjackCardHandTest" classname="App.Tests.BlackjackCardHand.BlackjackCardHandTest" file="/home/h3rmano/dbwebb-kurser/mvc/me/report/tests/BlackjackCardHand/BlackjackCardHandTest.php" line="38" assertions="2" time="0.001810"/>
      <testcase name="testaddCardFaultyArgument" class="App\Tests\BlackjackCardHand\BlackjackCardHandTest" classname="App.Tests.BlackjackCardHand.BlackjackCardHandTest" file="/home/h3rmano/dbwebb-kurser/mvc/me/report/tests/BlackjackCardHand/BlackjackCardHandTest.php" line="58" assertions="1" time="0.002160"/>
      <testcase name="testaddCards" class="App\Tests\BlackjackCardHand\BlackjackCardHandTest" classname="App.Tests.BlackjackCardHand.BlackjackCardHandTest" file="/home/h3rmano/dbwebb-kurser/mvc/me/report/tests/BlackjackCardHand/BlackjackCardHandTest.php" line="85" assertions="2" time="0.000735"/>
      <testcase name="testaddCardsFaultyArgument" class="App\Tests\BlackjackCardHand\BlackjackCardHandTest" classname="App.Tests.BlackjackCardHand.BlackjackCardHandTest" file="/home/h3rmano/dbwebb-kurser/mvc/me/report/tests/BlackjackCardHand/BlackjackCardHandTest.php" line="111" assertions="2" time="0.001618"/>
      <testcase name="testGetCurrentValue" class="App\Tests\BlackjackCardHand\BlackjackCardHandTest" classname="App.Tests.BlackjackCardHand.BlackjackCardHandTest" file="/home/h3rmano/dbwebb-kurser/mvc/me/report/tests/BlackjackCardHand/BlackjackCardHandTest.php" line="136" assertions="1" time="0.001706"/>
      <testcase name="testGetCurrentValueWithAce" class="App\Tests\BlackjackCardHand\BlackjackCardHandTest" classname="App.Tests.BlackjackCardHand.BlackjackCardHandTest" file="/home/h3rmano/dbwebb-kurser/mvc/me/report/tests/BlackjackCardHand/BlackjackCardHandTest.php" line="160" assertions="2" time="0.000867"/>
      <testcase name="testIsHandActive" class="App\Tests\BlackjackCardHand\BlackjackCardHandTest" classname="App.Tests.BlackjackCardHand.BlackjackCardHandTest" file="/home/h3rmano/dbwebb-kurser/mvc/me/report/tests/BlackjackCardHand/BlackjackCardHandTest.php" line="17" assertions="1" time="0.001501"/>
      <testcase name="testIsHandNotActive" class="App\Tests\BlackjackCardHand\BlackjackCardHandTest" classname="App.Tests.BlackjackCardHand.BlackjackCardHandTest" file="/home/h3rmano/dbwebb-kurser/mvc/me/report/tests/BlackjackCardHand/BlackjackCardHandTest.php" line="27" assertions="1" time="0.001380"/>
      <testcase name="testSetHandInactive" class="App\Tests\BlackjackCardHand\BlackjackCardHandTest" classname="App.Tests.BlackjackCardHand.BlackjackCardHandTest" file="/home/h3rmano/dbwebb-kurser/mvc/me/report/tests/BlackjackCardHand/BlackjackCardHandTest.php" line="39" assertions="2" time="0.000713"/>
      <testcase name="testDrawCardFromDeck" class="App\Tests\BlackjackCardHand\BlackjackCardHandTest" classname="App.Tests.BlackjackCardHand.BlackjackCardHandTest" file="/home/h3rmano/dbwebb-kurser/mvc/me/report/tests/BlackjackCardHand/BlackjackCardHandTest.php" line="20" assertions="3" time="0.006209"/>
      <testcase name="testUpdateHandStatus21" class="App\Tests\BlackjackCardHand\BlackjackCardHandTest" classname="App.Tests.BlackjackCardHand.BlackjackCardHandTest" file="/home/h3rmano/dbwebb-kurser/mvc/me/report/tests/BlackjackCardHand/BlackjackCardHandTest.php" line="49" assertions="2" time="0.000896"/>
      <testcase name="testUpdateHandStatusSub21" class="App\Tests\BlackjackCardHand\BlackjackCardHandTest" classname="App.Tests.BlackjackCardHand.BlackjackCardHandTest" file="/home/h3rmano/dbwebb-kurser/mvc/me/report/tests/BlackjackCardHand/BlackjackCardHandTest.php" line="75" assertions="2" time="0.000798"/>
      <testcase name="testIsSplittable" class="App\Tests\BlackjackCardHand\BlackjackCardHandTest" classname="App.Tests.BlackjackCardHand.BlackjackCardHandTest" file="/home/h3rmano/dbwebb-kurser/mvc/me/report/tests/BlackjackCardHand/BlackjackCardHandTest.php" line="18" assertions="1" time="0.000742"/>
      <testcase name="testIsSplittableFalse" class="App\Tests\BlackjackCardHand\BlackjackCardHandTest" classname="App.Tests.BlackjackCardHand.BlackjackCardHandTest" file="/home/h3rmano/dbwebb-kurser/mvc/me/report/tests/BlackjackCardHand/BlackjackCardHandTest.php" line="36" assertions="1" time="0.000728"/>
      <testcase name="testIsSplittableEmpty" class="App\Tests\BlackjackCardHand\BlackjackCardHandTest" classname="App.Tests.BlackjackCardHand.BlackjackCardHandTest" file="/home/h3rmano/dbwebb-kurser/mvc/me/report/tests/BlackjackCardHand/BlackjackCardHandTest.php" line="56" assertions="1" time="0.000689"/>
      <testcase name="testSplitHand" class="App\Tests\BlackjackCardHand\BlackjackCardHandTest" classname="App.Tests.BlackjackCardHand.BlackjackCardHandTest" file="/home/h3rmano/dbwebb-kurser/mvc/me/report/tests/BlackjackCardHand/BlackjackCardHandTest.php" line="76" assertions="8" time="0.004227"/>
      <testcase name="testSplitHandInvalid2" class="App\Tests\BlackjackCardHand\BlackjackCardHandTest" classname="App.Tests.BlackjackCardHand.BlackjackCardHandTest" file="/home/h3rmano/dbwebb-kurser/mvc/me/report/tests/BlackjackCardHand/BlackjackCardHandTest.php" line="115" assertions="1" time="0.002888"/>
    </testsuite>
    <testsuite name="App\Tests\BlackjackCardHandling\BlackjackCardHandlingTest" file="/home/h3rmano/dbwebb-kurser/mvc/me/report/tests/BlackjackCardHandling/BlackjackCardHandlingTest.php" tests="28" assertions="38" errors="0" warnings="0" failures="0" skipped="0" time="0.041724">
      <testcase name="testGetHands" class="App\Tests\BlackjackCardHandling\BlackjackCardHandlingTest" classname="App.Tests.BlackjackCardHandling.BlackjackCardHandlingTest" file="/home/h3rmano/dbwebb-kurser/mvc/me/report/tests/BlackjackCardHandling/BlackjackCardHandlingTest.php" line="18" assertions="1" time="0.005770"/>
      <testcase name="testAddHandsEmpty" class="App\Tests\BlackjackCardHandling\BlackjackCardHandlingTest" classname="App.Tests.BlackjackCardHandling.BlackjackCardHandlingTest" file="/home/h3rmano/dbwebb-kurser/mvc/me/report/tests/BlackjackCardHandling/BlackjackCardHandlingTest.php" line="30" assertions="2" time="0.000902"/>
      <testcase name="testhandsCountNone" class="App\Tests\BlackjackCardHandling\BlackjackCardHandlingTest" classname="App.Tests.BlackjackCardHandling.BlackjackCardHandlingTest" file="/home/h3rmano/dbwebb-kurser/mvc/me/report/tests/BlackjackCardHandling/BlackjackCardHandlingTest.php" line="50" assertions="1" time="0.000723"/>
      <testcase name="testhandsCount" class="App\Tests\BlackjackCardHandling\BlackjackCardHandlingTest" classname="App.Tests.BlackjackCardHandling.BlackjackCardHandlingTest" file="/home/h3rmano/dbwebb-kurser/mvc/me/report/tests/BlackjackCardHandling/BlackjackCardHandlingTest.php" line="65" assertions="1" time="0.000782"/>
      <testcase name="testAddHands" class="App\Tests\BlackjackCardHandling\BlackjackCardHandlingTest" classname="App.Tests.BlackjackCardHandling.BlackjackCardHandlingTest" file="/home/h3rmano/dbwebb-kurser/mvc/me/report/tests/BlackjackCardHandling/BlackjackCardHandlingTest.php" line="89" assertions="3" time="0.001144"/>
      <testcase name="testAddHandsInvalid" class="App\Tests\BlackjackCardHandling\BlackjackCardHandlingTest" classname="App.Tests.BlackjackCardHandling.BlackjackCardHandlingTest" file="/home/h3rmano/dbwebb-kurser/mvc/me/report/tests/BlackjackCardHandling/BlackjackCardHandlingTest.php" line="115" assertions="1" time="0.000742"/>
      <testcase name="testAddCardToPlayerHand" class="App\Tests\BlackjackCardHandling\BlackjackCardHandlingTest" classname="App.Tests.BlackjackCardHandling.BlackjackCardHandlingTest" file="/home/h3rmano/dbwebb-kurser/mvc/me/report/tests/BlackjackCardHandling/BlackjackCardHandlingTest.php" line="130" assertions="1" time="0.000830"/>
      <testcase name="testAddCardToHandWhenNoHand" class="App\Tests\BlackjackCardHandling\BlackjackCardHandlingTest" classname="App.Tests.BlackjackCardHandling.BlackjackCardHandlingTest" file="/home/h3rmano/dbwebb-kurser/mvc/me/report/tests/BlackjackCardHandling/BlackjackCardHandlingTest.php" line="154" assertions="1" time="0.001479"/>
      <testcase name="testUpdateHandStatusActive" class="App\Tests\BlackjackCardHandling\BlackjackCardHandlingTest" classname="App.Tests.BlackjackCardHandling.BlackjackCardHandlingTest" file="/home/h3rmano/dbwebb-kurser/mvc/me/report/tests/BlackjackCardHandling/BlackjackCardHandlingTest.php" line="20" assertions="1" time="0.001054"/>
      <testcase name="testUpdateHandStatusBust" class="App\Tests\BlackjackCardHandling\BlackjackCardHandlingTest" classname="App.Tests.BlackjackCardHandling.BlackjackCardHandlingTest" file="/home/h3rmano/dbwebb-kurser/mvc/me/report/tests/BlackjackCardHandling/BlackjackCardHandlingTest.php" line="41" assertions="1" time="0.000972"/>
      <testcase name="testUpdateHandStatus21" class="App\Tests\BlackjackCardHandling\BlackjackCardHandlingTest" classname="App.Tests.BlackjackCardHandling.BlackjackCardHandlingTest" file="/home/h3rmano/dbwebb-kurser/mvc/me/report/tests/BlackjackCardHandling/BlackjackCardHandlingTest.php" line="67" assertions="1" time="0.000891"/>
      <testcase name="testActiveHandsCount" class="App\Tests\BlackjackCardHandling\BlackjackCardHandlingTest" classname="App.Tests.BlackjackCardHandling.BlackjackCardHandlingTest" file="/home/h3rmano/dbwebb-kurser/mvc/me/report/tests/BlackjackCardHandling/BlackjackCardHandlingTest.php" line="91" assertions="1" time="0.001986"/>
      <testcase name="testActiveHandsCountZero" class="App\Tests\BlackjackCardHandling\BlackjackCardHandlingTest" classname="App.Tests.BlackjackCardHandling.BlackjackCardHandlingTest" file="/home/h3rmano/dbwebb-kurser/mvc/me/report/tests/BlackjackCardHandling/BlackjackCardHandlingTest.php" line="115" assertions="1" time="0.000848"/>
      <testcase name="testActiveHandsCount21" class="App\Tests\BlackjackCardHandling\BlackjackCardHandlingTest" classname="App.Tests.BlackjackCardHandling.BlackjackCardHandlingTest" file="/home/h3rmano/dbwebb-kurser/mvc/me/report/tests/BlackjackCardHandling/BlackjackCardHandlingTest.php" line="133" assertions="1" time="0.000965"/>
      <testcase name="testActiveHandsCountBust" class="App\Tests\BlackjackCardHandling\BlackjackCardHandlingTest" classname="App.Tests.BlackjackCardHandling.BlackjackCardHandlingTest" file="/home/h3rmano/dbwebb-kurser/mvc/me/report/tests/BlackjackCardHandling/BlackjackCardHandlingTest.php" line="155" assertions="1" time="0.001043"/>
      <testcase name="testSplitPlayerHand" class="App\Tests\BlackjackCardHandling\BlackjackCardHandlingTest" classname="App.Tests.BlackjackCardHandling.BlackjackCardHandlingTest" file="/home/h3rmano/dbwebb-kurser/mvc/me/report/tests/BlackjackCardHandling/BlackjackCardHandlingTest.php" line="24" assertions="2" time="0.002382"/>
      <testcase name="testSplitPlayerHandNegativeIndex" class="App\Tests\BlackjackCardHandling\BlackjackCardHandlingTest" classname="App.Tests.BlackjackCardHandling.BlackjackCardHandlingTest" file="/home/h3rmano/dbwebb-kurser/mvc/me/report/tests/BlackjackCardHandling/BlackjackCardHandlingTest.php" line="50" assertions="2" time="0.002161"/>
      <testcase name="testSplitPlayerHandInvalid" class="App\Tests\BlackjackCardHandling\BlackjackCardHandlingTest" classname="App.Tests.BlackjackCardHandling.BlackjackCardHandlingTest" file="/home/h3rmano/dbwebb-kurser/mvc/me/report/tests/BlackjackCardHandling/BlackjackCardHandlingTest.php" line="78" assertions="1" time="0.002615"/>
      <testcase name="testSplitInactiveHand" class="App\Tests\BlackjackCardHandling\BlackjackCardHandlingTest" classname="App.Tests.BlackjackCardHandling.BlackjackCardHandlingTest" file="/home/h3rmano/dbwebb-kurser/mvc/me/report/tests/BlackjackCardHandling/BlackjackCardHandlingTest.php" line="102" assertions="1" time="0.002860"/>
      <testcase name="testStandHand" class="App\Tests\BlackjackCardHandling\BlackjackCardHandlingTest" classname="App.Tests.BlackjackCardHandling.BlackjackCardHandlingTest" file="/home/h3rmano/dbwebb-kurser/mvc/me/report/tests/BlackjackCardHandling/BlackjackCardHandlingTest.php" line="20" assertions="1" time="0.001136"/>
      <testcase name="testStandHandOutOfBounds" class="App\Tests\BlackjackCardHandling\BlackjackCardHandlingTest" classname="App.Tests.BlackjackCardHandling.BlackjackCardHandlingTest" file="/home/h3rmano/dbwebb-kurser/mvc/me/report/tests/BlackjackCardHandling/BlackjackCardHandlingTest.php" line="42" assertions="1" time="0.000875"/>
      <testcase name="testStandHandOutOfBoundsEmpty" class="App\Tests\BlackjackCardHandling\BlackjackCardHandlingTest" classname="App.Tests.BlackjackCardHandling.BlackjackCardHandlingTest" file="/home/h3rmano/dbwebb-kurser/mvc/me/report/tests/BlackjackCardHandling/BlackjackCardHandlingTest.php" line="64" assertions="1" time="0.000813"/>
      <testcase name="testStandHandNegativeIndex" class="App\Tests\BlackjackCardHandling\BlackjackCardHandlingTest" classname="App.Tests.BlackjackCardHandling.BlackjackCardHandlingTest" file="/home/h3rmano/dbwebb-kurser/mvc/me/report/tests/BlackjackCardHandling/BlackjackCardHandlingTest.php" line="79" assertions="1" time="0.000880"/>
      <testcase name="testactiveTurnStatusUnchanged" class="App\Tests\BlackjackCardHandling\BlackjackCardHandlingTest" classname="App.Tests.BlackjackCardHandling.BlackjackCardHandlingTest" file="/home/h3rmano/dbwebb-kurser/mvc/me/report/tests/BlackjackCardHandling/BlackjackCardHandlingTest.php" line="19" assertions="1" time="0.001249"/>
      <testcase name="testactiveTurnStatusChanged" class="App\Tests\BlackjackCardHandling\BlackjackCardHandlingTest" classname="App.Tests.BlackjackCardHandling.BlackjackCardHandlingTest" file="/home/h3rmano/dbwebb-kurser/mvc/me/report/tests/BlackjackCardHandling/BlackjackCardHandlingTest.php" line="58" assertions="1" time="0.001331"/>
      <testcase name="testResetHands" class="App\Tests\BlackjackCardHandling\BlackjackCardHandlingTest" classname="App.Tests.BlackjackCardHandling.BlackjackCardHandlingTest" file="/home/h3rmano/dbwebb-kurser/mvc/me/report/tests/BlackjackCardHandling/BlackjackCardHandlingTest.php" line="93" assertions="6" time="0.002881"/>
      <testcase name="testGetCardsInHandAsUnicode" class="App\Tests\BlackjackCardHandling\BlackjackCardHandlingTest" classname="App.Tests.BlackjackCardHandling.BlackjackCardHandlingTest" file="/home/h3rmano/dbwebb-kurser/mvc/me/report/tests/BlackjackCardHandling/BlackjackCardHandlingTest.php" line="19" assertions="1" time="0.000893"/>
      <testcase name="testGetCardsInHandAsUnicodeNoHands" class="App\Tests\BlackjackCardHandling\BlackjackCardHandlingTest" classname="App.Tests.BlackjackCardHandling.BlackjackCardHandlingTest" file="/home/h3rmano/dbwebb-kurser/mvc/me/report/tests/BlackjackCardHandling/BlackjackCardHandlingTest.php" line="43" assertions="1" time="0.001517"/>
    </testsuite>
    <testsuite name="App\Tests\BlackjackPlayer\BlackjackDealer\BlackjackDealerTest" file="/home/h3rmano/dbwebb-kurser/mvc/me/report/tests/BlackjackDealer/BlackjackDealerTest.php" tests="3" assertions="3" errors="0" warnings="0" failures="0" skipped="0" time="0.004470">
      <testcase name="testCreateNoArguments" class="App\Tests\BlackjackPlayer\BlackjackDealer\BlackjackDealerTest" classname="App.Tests.BlackjackPlayer.BlackjackDealer.BlackjackDealerTest" file="/home/h3rmano/dbwebb-kurser/mvc/me/report/tests/BlackjackDealer/BlackjackDealerTest.php" line="17" assertions="1" time="0.002276"/>
      <testcase name="testCreateNameNoHands" class="App\Tests\BlackjackPlayer\BlackjackDealer\BlackjackDealerTest" classname="App.Tests.BlackjackPlayer.BlackjackDealer.BlackjackDealerTest" file="/home/h3rmano/dbwebb-kurser/mvc/me/report/tests/BlackjackDealer/BlackjackDealerTest.php" line="27" assertions="1" time="0.000959"/>
      <testcase name="testCreateWithOneHand" class="App\Tests\BlackjackPlayer\BlackjackDealer\BlackjackDealerTest" classname="App.Tests.BlackjackPlayer.BlackjackDealer.BlackjackDealerTest" file="/home/h3rmano/dbwebb-kurser/mvc/me/report/tests/BlackjackDealer/BlackjackDealerTest.php" line="37" assertions="1" time="0.001236"/>
    </testsuite>
    <testsuite name="App\Tests\BlackjackGameResults\BlackjackGameResultsTest" file="/home/h3rmano/dbwebb-kurser/mvc/me/report/tests/BlackjackGameResults/BlackjackGameResultsTest.php" tests="13" assertions="28" errors="0" warnings="0" failures="0" skipped="0" time="0.060202">
      <testcase name="testCreateGameResults" class="App\Tests\BlackjackGameResults\BlackjackGameResultsTest" classname="App.Tests.BlackjackGameResults.BlackjackGameResultsTest" file="/home/h3rmano/dbwebb-kurser/mvc/me/report/tests/BlackjackGameResults/BlackjackGameResultsTest.php" line="16" assertions="1" time="0.007266"/>
      <testcase name="testgetGameDecidedFalse" class="App\Tests\BlackjackGameResults\BlackjackGameResultsTest" classname="App.Tests.BlackjackGameResults.BlackjackGameResultsTest" file="/home/h3rmano/dbwebb-kurser/mvc/me/report/tests/BlackjackGameResults/BlackjackGameResultsTest.php" line="30" assertions="1" time="0.000881"/>
      <testcase name="testGameDecidedWhenPlayerOutOfChips" class="App\Tests\BlackjackGameResults\BlackjackGameResultsTest" classname="App.Tests.BlackjackGameResults.BlackjackGameResultsTest" file="/home/h3rmano/dbwebb-kurser/mvc/me/report/tests/BlackjackGameResults/BlackjackGameResultsTest.php" line="44" assertions="1" time="0.000790"/>
      <testcase name="testGameDecidedWhenDealerOutOfChips" class="App\Tests\BlackjackGameResults\BlackjackGameResultsTest" classname="App.Tests.BlackjackGameResults.BlackjackGameResultsTest" file="/home/h3rmano/dbwebb-kurser/mvc/me/report/tests/BlackjackGameResults/BlackjackGameResultsTest.php" line="60" assertions="1" time="0.000758"/>
      <testcase name="testEstablishSession" class="App\Tests\BlackjackGameResults\BlackjackGameResultsTest" classname="App.Tests.BlackjackGameResults.BlackjackGameResultsTest" file="/home/h3rmano/dbwebb-kurser/mvc/me/report/tests/BlackjackGameResults/BlackjackGameResultsTest.php" line="18" assertions="1" time="0.023610"/>
      <testcase name="testClearSession" class="App\Tests\BlackjackGameResults\BlackjackGameResultsTest" classname="App.Tests.BlackjackGameResults.BlackjackGameResultsTest" file="/home/h3rmano/dbwebb-kurser/mvc/me/report/tests/BlackjackGameResults/BlackjackGameResultsTest.php" line="37" assertions="1" time="0.014064"/>
      <testcase name="testPlayerWinsRoundDealerBust" class="App\Tests\BlackjackGameResults\BlackjackGameResultsTest" classname="App.Tests.BlackjackGameResults.BlackjackGameResultsTest" file="/home/h3rmano/dbwebb-kurser/mvc/me/report/tests/BlackjackGameResults/BlackjackGameResultsTest.php" line="18" assertions="3" time="0.002476"/>
      <testcase name="testPlayerWinsRoundDealerLower" class="App\Tests\BlackjackGameResults\BlackjackGameResultsTest" classname="App.Tests.BlackjackGameResults.BlackjackGameResultsTest" file="/home/h3rmano/dbwebb-kurser/mvc/me/report/tests/BlackjackGameResults/BlackjackGameResultsTest.php" line="56" assertions="3" time="0.001618"/>
      <testcase name="testDealerWinsRoundPlayerBust" class="App\Tests\BlackjackGameResults\BlackjackGameResultsTest" classname="App.Tests.BlackjackGameResults.BlackjackGameResultsTest" file="/home/h3rmano/dbwebb-kurser/mvc/me/report/tests/BlackjackGameResults/BlackjackGameResultsTest.php" line="95" assertions="3" time="0.001460"/>
      <testcase name="testDealerWinsRoundPlayerLower" class="App\Tests\BlackjackGameResults\BlackjackGameResultsTest" classname="App.Tests.BlackjackGameResults.BlackjackGameResultsTest" file="/home/h3rmano/dbwebb-kurser/mvc/me/report/tests/BlackjackGameResults/BlackjackGameResultsTest.php" line="134" assertions="3" time="0.001534"/>
      <testcase name="testDrawnRound" class="App\Tests\BlackjackGameResults\BlackjackGameResultsTest" classname="App.Tests.BlackjackGameResults.BlackjackGameResultsTest" file="/home/h3rmano/dbwebb-kurser/mvc/me/report/tests/BlackjackGameResults/BlackjackGameResultsTest.php" line="171" assertions="3" time="0.001571"/>
      <testcase name="testDrawnRoundBothBust" class="App\Tests\BlackjackGameResults\BlackjackGameResultsTest" classname="App.Tests.BlackjackGameResults.BlackjackGameResultsTest" file="/home/h3rmano/dbwebb-kurser/mvc/me/report/tests/BlackjackGameResults/BlackjackGameResultsTest.php" line="209" assertions="3" time="0.001765"/>
      <testcase name="testDecideBlackjackRoundResultsFormatting" class="App\Tests\BlackjackGameResults\BlackjackGameResultsTest" classname="App.Tests.BlackjackGameResults.BlackjackGameResultsTest" file="/home/h3rmano/dbwebb-kurser/mvc/me/report/tests/BlackjackGameResults/BlackjackGameResultsTest.php" line="249" assertions="4" time="0.002407"/>
    </testsuite>
    <testsuite name="App\Tests\BlackjackPlayer\BlackjackPlayerTest" file="/home/h3rmano/dbwebb-kurser/mvc/me/report/tests/BlackjackPlayer/BlackjackPlayerTest.php" tests="20" assertions="25" errors="0" warnings="0" failures="0" skipped="0" time="0.017283">
      <testcase name="testCreateNoArguments" class="App\Tests\BlackjackPlayer\BlackjackPlayerTest" classname="App.Tests.BlackjackPlayer.BlackjackPlayerTest" file="/home/h3rmano/dbwebb-kurser/mvc/me/report/tests/BlackjackPlayer/BlackjackPlayerTest.php" line="17" assertions="1" time="0.000746"/>
      <testcase name="testCreateNameNoHands" class="App\Tests\BlackjackPlayer\BlackjackPlayerTest" classname="App.Tests.BlackjackPlayer.BlackjackPlayerTest" file="/home/h3rmano/dbwebb-kurser/mvc/me/report/tests/BlackjackPlayer/BlackjackPlayerTest.php" line="29" assertions="1" time="0.000826"/>
      <testcase name="testCreateNameHand" class="App\Tests\BlackjackPlayer\BlackjackPlayerTest" classname="App.Tests.BlackjackPlayer.BlackjackPlayerTest" file="/home/h3rmano/dbwebb-kurser/mvc/me/report/tests/BlackjackPlayer/BlackjackPlayerTest.php" line="41" assertions="1" time="0.000986"/>
      <testcase name="testCreateNameHands" class="App\Tests\BlackjackPlayer\BlackjackPlayerTest" classname="App.Tests.BlackjackPlayer.BlackjackPlayerTest" file="/home/h3rmano/dbwebb-kurser/mvc/me/report/tests/BlackjackPlayer/BlackjackPlayerTest.php" line="55" assertions="1" time="0.000758"/>
      <testcase name="testGetPlayerName" class="App\Tests\BlackjackPlayer\BlackjackPlayerTest" classname="App.Tests.BlackjackPlayer.BlackjackPlayerTest" file="/home/h3rmano/dbwebb-kurser/mvc/me/report/tests/BlackjackPlayer/BlackjackPlayerTest.php" line="73" assertions="1" time="0.000671"/>
      <testcase name="testIsActiveTurnDefaultTrue" class="App\Tests\BlackjackPlayer\BlackjackPlayerTest" classname="App.Tests.BlackjackPlayer.BlackjackPlayerTest" file="/home/h3rmano/dbwebb-kurser/mvc/me/report/tests/BlackjackPlayer/BlackjackPlayerTest.php" line="14" assertions="1" time="0.000682"/>
      <testcase name="testDeactivateTurn" class="App\Tests\BlackjackPlayer\BlackjackPlayerTest" classname="App.Tests.BlackjackPlayer.BlackjackPlayerTest" file="/home/h3rmano/dbwebb-kurser/mvc/me/report/tests/BlackjackPlayer/BlackjackPlayerTest.php" line="25" assertions="2" time="0.000733"/>
      <testcase name="testActivateTurn" class="App\Tests\BlackjackPlayer\BlackjackPlayerTest" classname="App.Tests.BlackjackPlayer.BlackjackPlayerTest" file="/home/h3rmano/dbwebb-kurser/mvc/me/report/tests/BlackjackPlayer/BlackjackPlayerTest.php" line="41" assertions="3" time="0.000791"/>
      <testcase name="testGetChipCount" class="App\Tests\BlackjackPlayer\BlackjackPlayerTest" classname="App.Tests.BlackjackPlayer.BlackjackPlayerTest" file="/home/h3rmano/dbwebb-kurser/mvc/me/report/tests/BlackjackPlayer/BlackjackPlayerTest.php" line="16" assertions="1" time="0.000816"/>
      <testcase name="testGetChipCountCustom" class="App\Tests\BlackjackPlayer\BlackjackPlayerTest" classname="App.Tests.BlackjackPlayer.BlackjackPlayerTest" file="/home/h3rmano/dbwebb-kurser/mvc/me/report/tests/BlackjackPlayer/BlackjackPlayerTest.php" line="27" assertions="1" time="0.000820"/>
      <testcase name="testGetChipCountCustomZero" class="App\Tests\BlackjackPlayer\BlackjackPlayerTest" classname="App.Tests.BlackjackPlayer.BlackjackPlayerTest" file="/home/h3rmano/dbwebb-kurser/mvc/me/report/tests/BlackjackPlayer/BlackjackPlayerTest.php" line="38" assertions="1" time="0.000715"/>
      <testcase name="testWagerNoChips" class="App\Tests\BlackjackPlayer\BlackjackPlayerTest" classname="App.Tests.BlackjackPlayer.BlackjackPlayerTest" file="/home/h3rmano/dbwebb-kurser/mvc/me/report/tests/BlackjackPlayer/BlackjackPlayerTest.php" line="49" assertions="1" time="0.000857"/>
      <testcase name="testWagerChipsWithSpecificAmount" class="App\Tests\BlackjackPlayer\BlackjackPlayerTest" classname="App.Tests.BlackjackPlayer.BlackjackPlayerTest" file="/home/h3rmano/dbwebb-kurser/mvc/me/report/tests/BlackjackPlayer/BlackjackPlayerTest.php" line="64" assertions="1" time="0.000735"/>
      <testcase name="testWagerNotEnoughChips" class="App\Tests\BlackjackPlayer\BlackjackPlayerTest" classname="App.Tests.BlackjackPlayer.BlackjackPlayerTest" file="/home/h3rmano/dbwebb-kurser/mvc/me/report/tests/BlackjackPlayer/BlackjackPlayerTest.php" line="78" assertions="1" time="0.002370"/>
      <testcase name="testgetChipsInPlayCount" class="App\Tests\BlackjackPlayer\BlackjackPlayerTest" classname="App.Tests.BlackjackPlayer.BlackjackPlayerTest" file="/home/h3rmano/dbwebb-kurser/mvc/me/report/tests/BlackjackPlayer/BlackjackPlayerTest.php" line="91" assertions="2" time="0.000845"/>
      <testcase name="testAddChips" class="App\Tests\BlackjackPlayer\BlackjackPlayerTest" classname="App.Tests.BlackjackPlayer.BlackjackPlayerTest" file="/home/h3rmano/dbwebb-kurser/mvc/me/report/tests/BlackjackPlayer/BlackjackPlayerTest.php" line="105" assertions="1" time="0.000711"/>
      <testcase name="testAddChipsZero" class="App\Tests\BlackjackPlayer\BlackjackPlayerTest" classname="App.Tests.BlackjackPlayer.BlackjackPlayerTest" file="/home/h3rmano/dbwebb-kurser/mvc/me/report/tests/BlackjackPlayer/BlackjackPlayerTest.php" line="116" assertions="1" time="0.000733"/>
      <testcase name="testResetChipsInPlay" class="App\Tests\BlackjackPlayer\BlackjackPlayerTest" classname="App.Tests.BlackjackPlayer.BlackjackPlayerTest" file="/home/h3rmano/dbwebb-kurser/mvc/me/report/tests/BlackjackPlayer/BlackjackPlayerTest.php" line="128" assertions="2" time="0.000776"/>
      <testcase name="testGetPlayerDetailsJsonEmptyHand" class="App\Tests\BlackjackPlayer\BlackjackPlayerTest" classname="App.Tests.BlackjackPlayer.BlackjackPlayerTest" file="/home/h3rmano/dbwebb-kurser/mvc/me/report/tests/BlackjackPlayer/BlackjackPlayerTest.php" line="18" assertions="1" time="0.000802"/>
      <testcase name="testGetPlayerDetailsJsonValidHand" class="App\Tests\BlackjackPlayer\BlackjackPlayerTest" classname="App.Tests.BlackjackPlayer.BlackjackPlayerTest" file="/home/h3rmano/dbwebb-kurser/mvc/me/report/tests/BlackjackPlayer/BlackjackPlayerTest.php" line="33" assertions="1" time="0.000910"/>
    </testsuite>
    <testsuite name="App\Tests\Card\CardTest" file="/home/h3rmano/dbwebb-kurser/mvc/me/report/tests/Card/CardTest.php" tests="12" assertions="17" errors="0" warnings="0" failures="0" skipped="0" time="0.011770">
      <testcase name="testCreateCardNoArguments" class="App\Tests\Card\CardTest" classname="App.Tests.Card.CardTest" file="/home/h3rmano/dbwebb-kurser/mvc/me/report/tests/Card/CardTest.php" line="15" assertions="1" time="0.000704"/>
      <testcase name="testCreateCardInvalidArguments" class="App\Tests\Card\CardTest" classname="App.Tests.Card.CardTest" file="/home/h3rmano/dbwebb-kurser/mvc/me/report/tests/Card/CardTest.php" line="24" assertions="1" time="0.000692"/>
      <testcase name="testCreateCardInsufficientArguments" class="App\Tests\Card\CardTest" classname="App.Tests.Card.CardTest" file="/home/h3rmano/dbwebb-kurser/mvc/me/report/tests/Card/CardTest.php" line="34" assertions="1" time="0.000917"/>
      <testcase name="testCreateCardWithValidArguments" class="App\Tests\Card\CardTest" classname="App.Tests.Card.CardTest" file="/home/h3rmano/dbwebb-kurser/mvc/me/report/tests/Card/CardTest.php" line="43" assertions="2" time="0.003853"/>
      <testcase name="testGetValue" class="App\Tests\Card\CardTest" classname="App.Tests.Card.CardTest" file="/home/h3rmano/dbwebb-kurser/mvc/me/report/tests/Card/CardTest.php" line="16" assertions="1" time="0.000677"/>
      <testcase name="testGetRank" class="App\Tests\Card\CardTest" classname="App.Tests.Card.CardTest" file="/home/h3rmano/dbwebb-kurser/mvc/me/report/tests/Card/CardTest.php" line="32" assertions="1" time="0.000652"/>
      <testcase name="testGetSuit" class="App\Tests\Card\CardTest" classname="App.Tests.Card.CardTest" file="/home/h3rmano/dbwebb-kurser/mvc/me/report/tests/Card/CardTest.php" line="48" assertions="1" time="0.000663"/>
      <testcase name="testGetColor" class="App\Tests\Card\CardTest" classname="App.Tests.Card.CardTest" file="/home/h3rmano/dbwebb-kurser/mvc/me/report/tests/Card/CardTest.php" line="64" assertions="1" time="0.000800"/>
      <testcase name="testGetCardAsInt" class="App\Tests\Card\CardTest" classname="App.Tests.Card.CardTest" file="/home/h3rmano/dbwebb-kurser/mvc/me/report/tests/Card/CardTest.php" line="80" assertions="1" time="0.000657"/>
      <testcase name="testGetBackOfCard" class="App\Tests\Card\CardTest" classname="App.Tests.Card.CardTest" file="/home/h3rmano/dbwebb-kurser/mvc/me/report/tests/Card/CardTest.php" line="97" assertions="1" time="0.000745"/>
      <testcase name="testIsFaceCard" class="App\Tests\Card\CardTest" classname="App.Tests.Card.CardTest" file="/home/h3rmano/dbwebb-kurser/mvc/me/report/tests/Card/CardTest.php" line="113" assertions="5" time="0.000771"/>
      <testcase name="testGetAsString" class="App\Tests\Card\CardTest" classname="App.Tests.Card.CardTest" file="/home/h3rmano/dbwebb-kurser/mvc/me/report/tests/Card/CardTest.php" line="149" assertions="1" time="0.000642"/>
    </testsuite>
    <testsuite name="App\Tests\DeckOfCards\DeckOfCardsTest" file="/home/h3rmano/dbwebb-kurser/mvc/me/report/tests/DeckOfCards/DeckOfCardsTest.php" tests="22" assertions="64" errors="0" warnings="0" failures="0" skipped="0" time="0.061492">
      <testcase name="testCreateDeckOfCards" class="App\Tests\DeckOfCards\DeckOfCardsTest" classname="App.Tests.DeckOfCards.DeckOfCardsTest" file="/home/h3rmano/dbwebb-kurser/mvc/me/report/tests/DeckOfCards/DeckOfCardsTest.php" line="18" assertions="2" time="0.001732"/>
      <testcase name="testCreateDeckOfCardsComplete" class="App\Tests\DeckOfCards\DeckOfCardsTest" classname="App.Tests.DeckOfCards.DeckOfCardsTest" file="/home/h3rmano/dbwebb-kurser/mvc/me/report/tests/DeckOfCards/DeckOfCardsTest.php" line="30" assertions="3" time="0.003144"/>
      <testcase name="testCardsSuitCount" class="App\Tests\DeckOfCards\DeckOfCardsTest" classname="App.Tests.DeckOfCards.DeckOfCardsTest" file="/home/h3rmano/dbwebb-kurser/mvc/me/report/tests/DeckOfCards/DeckOfCardsTest.php" line="45" assertions="7" time="0.002229"/>
      <testcase name="testEmptyDeck" class="App\Tests\DeckOfCards\DeckOfCardsTest" classname="App.Tests.DeckOfCards.DeckOfCardsTest" file="/home/h3rmano/dbwebb-kurser/mvc/me/report/tests/DeckOfCards/DeckOfCardsTest.php" line="81" assertions="2" time="0.001672"/>
      <testcase name="testCardsRank" class="App\Tests\DeckOfCards\DeckOfCardsTest" classname="App.Tests.DeckOfCards.DeckOfCardsTest" file="/home/h3rmano/dbwebb-kurser/mvc/me/report/tests/DeckOfCards/DeckOfCardsTest.php" line="99" assertions="15" time="0.002334"/>
      <testcase name="testDrawCards" class="App\Tests\DeckOfCards\DeckOfCardsTest" classname="App.Tests.DeckOfCards.DeckOfCardsTest" file="/home/h3rmano/dbwebb-kurser/mvc/me/report/tests/DeckOfCards/DeckOfCardsTest.php" line="18" assertions="5" time="0.002529"/>
      <testcase name="testDrawCardNoCardsLeft" class="App\Tests\DeckOfCards\DeckOfCardsTest" classname="App.Tests.DeckOfCards.DeckOfCardsTest" file="/home/h3rmano/dbwebb-kurser/mvc/me/report/tests/DeckOfCards/DeckOfCardsTest.php" line="38" assertions="2" time="0.004036"/>
      <testcase name="testDrawCardsNoCardsLeft" class="App\Tests\DeckOfCards\DeckOfCardsTest" classname="App.Tests.DeckOfCards.DeckOfCardsTest" file="/home/h3rmano/dbwebb-kurser/mvc/me/report/tests/DeckOfCards/DeckOfCardsTest.php" line="59" assertions="2" time="0.004003"/>
      <testcase name="testDrawCardsExcessiveNr" class="App\Tests\DeckOfCards\DeckOfCardsTest" classname="App.Tests.DeckOfCards.DeckOfCardsTest" file="/home/h3rmano/dbwebb-kurser/mvc/me/report/tests/DeckOfCards/DeckOfCardsTest.php" line="82" assertions="2" time="0.003162"/>
      <testcase name="testDrawCardsNegativeNr" class="App\Tests\DeckOfCards\DeckOfCardsTest" classname="App.Tests.DeckOfCards.DeckOfCardsTest" file="/home/h3rmano/dbwebb-kurser/mvc/me/report/tests/DeckOfCards/DeckOfCardsTest.php" line="101" assertions="2" time="0.002443"/>
      <testcase name="testDrawCardsZero" class="App\Tests\DeckOfCards\DeckOfCardsTest" classname="App.Tests.DeckOfCards.DeckOfCardsTest" file="/home/h3rmano/dbwebb-kurser/mvc/me/report/tests/DeckOfCards/DeckOfCardsTest.php" line="121" assertions="2" time="0.003543"/>
      <testcase name="testGetDrawnCards" class="App\Tests\DeckOfCards\DeckOfCardsTest" classname="App.Tests.DeckOfCards.DeckOfCardsTest" file="/home/h3rmano/dbwebb-kurser/mvc/me/report/tests/DeckOfCards/DeckOfCardsTest.php" line="140" assertions="1" time="0.003347"/>
      <testcase name="testGetNumberOfCardsLeft" class="App\Tests\DeckOfCards\DeckOfCardsTest" classname="App.Tests.DeckOfCards.DeckOfCardsTest" file="/home/h3rmano/dbwebb-kurser/mvc/me/report/tests/DeckOfCards/DeckOfCardsTest.php" line="157" assertions="1" time="0.001672"/>
      <testcase name="testAddCardSingle" class="App\Tests\DeckOfCards\DeckOfCardsTest" classname="App.Tests.DeckOfCards.DeckOfCardsTest" file="/home/h3rmano/dbwebb-kurser/mvc/me/report/tests/DeckOfCards/DeckOfCardsTest.php" line="171" assertions="2" time="0.001665"/>
      <testcase name="testAddCardMultiple" class="App\Tests\DeckOfCards\DeckOfCardsTest" classname="App.Tests.DeckOfCards.DeckOfCardsTest" file="/home/h3rmano/dbwebb-kurser/mvc/me/report/tests/DeckOfCards/DeckOfCardsTest.php" line="189" assertions="4" time="0.001822"/>
      <testcase name="testAddCardsAfterDrawing" class="App\Tests\DeckOfCards\DeckOfCardsTest" classname="App.Tests.DeckOfCards.DeckOfCardsTest" file="/home/h3rmano/dbwebb-kurser/mvc/me/report/tests/DeckOfCards/DeckOfCardsTest.php" line="215" assertions="3" time="0.002810"/>
      <testcase name="testSortDeck" class="App\Tests\DeckOfCards\DeckOfCardsTest" classname="App.Tests.DeckOfCards.DeckOfCardsTest" file="/home/h3rmano/dbwebb-kurser/mvc/me/report/tests/DeckOfCards/DeckOfCardsTest.php" line="21" assertions="2" time="0.002976"/>
      <testcase name="testSortDeckFirstByRankThenBySuit" class="App\Tests\DeckOfCards\DeckOfCardsTest" classname="App.Tests.DeckOfCards.DeckOfCardsTest" file="/home/h3rmano/dbwebb-kurser/mvc/me/report/tests/DeckOfCards/DeckOfCardsTest.php" line="67" assertions="2" time="0.004311"/>
      <testcase name="testShuffleDeck" class="App\Tests\DeckOfCards\DeckOfCardsTest" classname="App.Tests.DeckOfCards.DeckOfCardsTest" file="/home/h3rmano/dbwebb-kurser/mvc/me/report/tests/DeckOfCards/DeckOfCardsTest.php" line="103" assertions="2" time="0.002531"/>
      <testcase name="testGetUnicodeOfRoundCards" class="App\Tests\DeckOfCards\DeckOfCardsTest" classname="App.Tests.DeckOfCards.DeckOfCardsTest" file="/home/h3rmano/dbwebb-kurser/mvc/me/report/tests/DeckOfCards/DeckOfCardsTest.php" line="19" assertions="1" time="0.004061"/>
      <testcase name="testGetCardsUnicode" class="App\Tests\DeckOfCards\DeckOfCardsTest" classname="App.Tests.DeckOfCards.DeckOfCardsTest" file="/home/h3rmano/dbwebb-kurser/mvc/me/report/tests/DeckOfCards/DeckOfCardsTest.php" line="47" assertions="1" time="0.003482"/>
      <testcase name="testGetCardsDrawnUnicode" class="App\Tests\DeckOfCards\DeckOfCardsTest" classname="App.Tests.DeckOfCards.DeckOfCardsTest" file="/home/h3rmano/dbwebb-kurser/mvc/me/report/tests/DeckOfCards/DeckOfCardsTest.php" line="80" assertions="1" time="0.001988"/>
    </testsuite>
    <testsuite name="App\Deck\DeckOfCards52Test" file="/home/h3rmano/dbwebb-kurser/mvc/me/report/tests/DeckOfCards52/DeckOfCards52Test.php" tests="4" assertions="60" errors="0" warnings="0" failures="0" skipped="0" time="0.014808">
      <testcase name="testCreateDeckOfCards52" class="App\Deck\DeckOfCards52Test" classname="App.Deck.DeckOfCards52Test" file="/home/h3rmano/dbwebb-kurser/mvc/me/report/tests/DeckOfCards52/DeckOfCards52Test.php" line="21" assertions="2" time="0.002097"/>
      <testcase name="testCreateDeckOfCards52Complete" class="App\Deck\DeckOfCards52Test" classname="App.Deck.DeckOfCards52Test" file="/home/h3rmano/dbwebb-kurser/mvc/me/report/tests/DeckOfCards52/DeckOfCards52Test.php" line="33" assertions="3" time="0.002163"/>
      <testcase name="testCreateDeckOfCardsEmpty" class="App\Deck\DeckOfCards52Test" classname="App.Deck.DeckOfCards52Test" file="/home/h3rmano/dbwebb-kurser/mvc/me/report/tests/DeckOfCards52/DeckOfCards52Test.php" line="48" assertions="2" time="0.002069"/>
      <testcase name="testJokersAreRemoved" class="App\Deck\DeckOfCards52Test" classname="App.Deck.DeckOfCards52Test" file="/home/h3rmano/dbwebb-kurser/mvc/me/report/tests/DeckOfCards52/DeckOfCards52Test.php" line="66" assertions="53" time="0.008479"/>
    </testsuite>
    <testsuite name="App\Tests\Dice\DiceTest" file="/home/h3rmano/dbwebb-kurser/mvc/me/report/tests/Dice/DiceTest.php" tests="2" assertions="3" errors="0" warnings="0" failures="0" skipped="0" time="0.003886">
      <testcase name="testCreateDice" class="App\Tests\Dice\DiceTest" classname="App.Tests.Dice.DiceTest" file="/home/h3rmano/dbwebb-kurser/mvc/me/report/tests/Dice/DiceTest.php" line="19" assertions="2" time="0.001545"/>
      <testcase name="testEDRException" class="App\Tests\Dice\DiceTest" classname="App.Tests.Dice.DiceTest" file="/home/h3rmano/dbwebb-kurser/mvc/me/report/tests/Dice/DiceTest.php" line="32" assertions="1" time="0.002340"/>
    </testsuite>
    <testsuite name="App\Tests\EvaluateHands\EvaluateHandsTest" file="/home/h3rmano/dbwebb-kurser/mvc/me/report/tests/EvaluateHands/EvaluateHandsTest.php" tests="27" assertions="33" errors="0" warnings="0" failures="0" skipped="0" time="0.046947">
      <testcase name="testCreateEvaluateHands" class="App\Tests\EvaluateHands\EvaluateHandsTest" classname="App.Tests.EvaluateHands.EvaluateHandsTest" file="/home/h3rmano/dbwebb-kurser/mvc/me/report/tests/EvaluateHands/EvaluateHandsTest.php" line="18" assertions="2" time="0.004849"/>
      <testcase name="testCreateEvaluateHandsInvalidGrid" class="App\Tests\EvaluateHands\EvaluateHandsTest" classname="App.Tests.EvaluateHands.EvaluateHandsTest" file="/home/h3rmano/dbwebb-kurser/mvc/me/report/tests/EvaluateHands/EvaluateHandsTest.php" line="30" assertions="1" time="0.001552"/>
      <testcase name="testEvaluateHandsReturnsCorrectStructures" class="App\Tests\EvaluateHands\EvaluateHandsTest" classname="App.Tests.EvaluateHands.EvaluateHandsTest" file="/home/h3rmano/dbwebb-kurser/mvc/me/report/tests/EvaluateHands/EvaluateHandsTest.php" line="41" assertions="6" time="0.001436"/>
      <testcase name="testEvaluateCorrectFormatting" class="App\Tests\EvaluateHands\EvaluateHandsTest" classname="App.Tests.EvaluateHands.EvaluateHandsTest" file="/home/h3rmano/dbwebb-kurser/mvc/me/report/tests/EvaluateHands/EvaluateHandsTest.php" line="62" assertions="1" time="0.001324"/>
      <testcase name="testEvaluateHandsNoScore" class="App\Tests\EvaluateHands\EvaluateHandsTest" classname="App.Tests.EvaluateHands.EvaluateHandsTest" file="/home/h3rmano/dbwebb-kurser/mvc/me/report/tests/EvaluateHands/EvaluateHandsTest.php" line="17" assertions="1" time="0.002099"/>
      <testcase name="testEvaluateHandsCorrectPairScore" class="App\Tests\EvaluateHands\EvaluateHandsTest" classname="App.Tests.EvaluateHands.EvaluateHandsTest" file="/home/h3rmano/dbwebb-kurser/mvc/me/report/tests/EvaluateHands/EvaluateHandsTest.php" line="32" assertions="1" time="0.002356"/>
      <testcase name="testEvaluateHandsCorrectTwoPairScore" class="App\Tests\EvaluateHands\EvaluateHandsTest" classname="App.Tests.EvaluateHands.EvaluateHandsTest" file="/home/h3rmano/dbwebb-kurser/mvc/me/report/tests/EvaluateHands/EvaluateHandsTest.php" line="45" assertions="1" time="0.001928"/>
      <testcase name="testEvaluateHandsCThreeOfAKindScore" class="App\Tests\EvaluateHands\EvaluateHandsTest" classname="App.Tests.EvaluateHands.EvaluateHandsTest" file="/home/h3rmano/dbwebb-kurser/mvc/me/report/tests/EvaluateHands/EvaluateHandsTest.php" line="61" assertions="1" time="0.001754"/>
      <testcase name="testEvaluateHandsCorrectStraightScore" class="App\Tests\EvaluateHands\EvaluateHandsTest" classname="App.Tests.EvaluateHands.EvaluateHandsTest" file="/home/h3rmano/dbwebb-kurser/mvc/me/report/tests/EvaluateHands/EvaluateHandsTest.php" line="77" assertions="1" time="0.002005"/>
      <testcase name="testEvaluateHandsFlushScore" class="App\Tests\EvaluateHands\EvaluateHandsTest" classname="App.Tests.EvaluateHands.EvaluateHandsTest" file="/home/h3rmano/dbwebb-kurser/mvc/me/report/tests/EvaluateHands/EvaluateHandsTest.php" line="92" assertions="1" time="0.001915"/>
      <testcase name="testEvaluateHandsFullHouseScore" class="App\Tests\EvaluateHands\EvaluateHandsTest" classname="App.Tests.EvaluateHands.EvaluateHandsTest" file="/home/h3rmano/dbwebb-kurser/mvc/me/report/tests/EvaluateHands/EvaluateHandsTest.php" line="106" assertions="1" time="0.001818"/>
      <testcase name="testEvaluateHandsFourOfAKindScore" class="App\Tests\EvaluateHands\EvaluateHandsTest" classname="App.Tests.EvaluateHands.EvaluateHandsTest" file="/home/h3rmano/dbwebb-kurser/mvc/me/report/tests/EvaluateHands/EvaluateHandsTest.php" line="120" assertions="1" time="0.001685"/>
      <testcase name="testEvaluateHandsStraightFlushScore" class="App\Tests\EvaluateHands\EvaluateHandsTest" classname="App.Tests.EvaluateHands.EvaluateHandsTest" file="/home/h3rmano/dbwebb-kurser/mvc/me/report/tests/EvaluateHands/EvaluateHandsTest.php" line="133" assertions="1" time="0.001813"/>
      <testcase name="testEvaluateHandsRoyalStraightFlushScore" class="App\Tests\EvaluateHands\EvaluateHandsTest" classname="App.Tests.EvaluateHands.EvaluateHandsTest" file="/home/h3rmano/dbwebb-kurser/mvc/me/report/tests/EvaluateHands/EvaluateHandsTest.php" line="147" assertions="1" time="0.002835"/>
      <testcase name="testEvaluateHandsCorrectVertical" class="App\Tests\EvaluateHands\EvaluateHandsTest" classname="App.Tests.EvaluateHands.EvaluateHandsTest" file="/home/h3rmano/dbwebb-kurser/mvc/me/report/tests/EvaluateHands/EvaluateHandsTest.php" line="15" assertions="1" time="0.002338"/>
      <testcase name="testEvaluateHandsCorrectMultiple" class="App\Tests\EvaluateHands\EvaluateHandsTest" classname="App.Tests.EvaluateHands.EvaluateHandsTest" file="/home/h3rmano/dbwebb-kurser/mvc/me/report/tests/EvaluateHands/EvaluateHandsTest.php" line="37" assertions="1" time="0.002434">
        <system-out>Grid: Array
(
    [0] =&gt; 102
    [1] =&gt; 110
    [2] =&gt; 0
    [3] =&gt; 0
    [4] =&gt; 0
    [5] =&gt; 202
    [6] =&gt; 111
    [7] =&gt; 0
    [8] =&gt; 0
    [9] =&gt; 0
    [10] =&gt; 104
    [11] =&gt; 212
    [12] =&gt; 0
    [13] =&gt; 0
    [14] =&gt; 0
    [15] =&gt; 205
    [16] =&gt; 213
    [17] =&gt; 0
    [18] =&gt; 0
    [19] =&gt; 0
    [20] =&gt; 214
    [21] =&gt; 214
    [22] =&gt; 0
    [23] =&gt; 0
    [24] =&gt; 0
)
Result: Array
(
    [horizontal] =&gt; Array
        (
            [0] =&gt; 0
            [1] =&gt; 0
            [2] =&gt; 0
            [3] =&gt; 0
            [4] =&gt; 0
        )

    [vertical] =&gt; Array
        (
            [0] =&gt; 2
            [1] =&gt; 15
            [2] =&gt; 0
            [3] =&gt; 0
            [4] =&gt; 0
        )

    [current_score] =&gt; 17
)
</system-out>
      </testcase>
      <testcase name="testEvaluateHandsCorrectMultipleFull" class="App\Tests\EvaluateHands\EvaluateHandsTest" classname="App.Tests.EvaluateHands.EvaluateHandsTest" file="/home/h3rmano/dbwebb-kurser/mvc/me/report/tests/EvaluateHands/EvaluateHandsTest.php" line="73" assertions="1" time="0.002816">
        <system-out>Grid: Array
(
    [0] =&gt; 102
    [1] =&gt; 110
    [2] =&gt; 105
    [3] =&gt; 106
    [4] =&gt; 107
    [5] =&gt; 202
    [6] =&gt; 111
    [7] =&gt; 0
    [8] =&gt; 0
    [9] =&gt; 0
    [10] =&gt; 104
    [11] =&gt; 212
    [12] =&gt; 0
    [13] =&gt; 0
    [14] =&gt; 0
    [15] =&gt; 205
    [16] =&gt; 213
    [17] =&gt; 0
    [18] =&gt; 0
    [19] =&gt; 0
    [20] =&gt; 214
    [21] =&gt; 214
    [22] =&gt; 0
    [23] =&gt; 0
    [24] =&gt; 0
)
Result: Array
(
    [horizontal] =&gt; Array
        (
            [0] =&gt; 20
            [1] =&gt; 0
            [2] =&gt; 0
            [3] =&gt; 0
            [4] =&gt; 0
        )

    [vertical] =&gt; Array
        (
            [0] =&gt; 2
            [1] =&gt; 15
            [2] =&gt; 0
            [3] =&gt; 0
            [4] =&gt; 0
        )

    [current_score] =&gt; 37
)
</system-out>
      </testcase>
      <testcase name="testDreamHandCorrectMultipleFull" class="App\Tests\EvaluateHands\EvaluateHandsTest" classname="App.Tests.EvaluateHands.EvaluateHandsTest" file="/home/h3rmano/dbwebb-kurser/mvc/me/report/tests/EvaluateHands/EvaluateHandsTest.php" line="115" assertions="1" time="0.003375"/>
      <testcase name="testHandOnePairThrowsExceptionForEmptyValues" class="App\Tests\EvaluateHands\EvaluateHandsTest" classname="App.Tests.EvaluateHands.EvaluateHandsTest" file="/home/h3rmano/dbwebb-kurser/mvc/me/report/tests/EvaluateHands/EvaluateHandsTest.php" line="16" assertions="1" time="0.000783"/>
      <testcase name="testHandTwoPairsThrowsExceptionForEmptyValues" class="App\Tests\EvaluateHands\EvaluateHandsTest" classname="App.Tests.EvaluateHands.EvaluateHandsTest" file="/home/h3rmano/dbwebb-kurser/mvc/me/report/tests/EvaluateHands/EvaluateHandsTest.php" line="26" assertions="1" time="0.000701"/>
      <testcase name="testHandThreeOfAKindThrowsExceptionForEmptyValues" class="App\Tests\EvaluateHands\EvaluateHandsTest" classname="App.Tests.EvaluateHands.EvaluateHandsTest" file="/home/h3rmano/dbwebb-kurser/mvc/me/report/tests/EvaluateHands/EvaluateHandsTest.php" line="36" assertions="1" time="0.000684"/>
      <testcase name="testHandStraightThrowsExceptionForEmptyValues" class="App\Tests\EvaluateHands\EvaluateHandsTest" classname="App.Tests.EvaluateHands.EvaluateHandsTest" file="/home/h3rmano/dbwebb-kurser/mvc/me/report/tests/EvaluateHands/EvaluateHandsTest.php" line="46" assertions="1" time="0.000757"/>
      <testcase name="testHandFlushThrowsExceptionForEmptyValues" class="App\Tests\EvaluateHands\EvaluateHandsTest" classname="App.Tests.EvaluateHands.EvaluateHandsTest" file="/home/h3rmano/dbwebb-kurser/mvc/me/report/tests/EvaluateHands/EvaluateHandsTest.php" line="56" assertions="1" time="0.000868"/>
      <testcase name="testHandFullHouseThrowsExceptionForEmptyValues" class="App\Tests\EvaluateHands\EvaluateHandsTest" classname="App.Tests.EvaluateHands.EvaluateHandsTest" file="/home/h3rmano/dbwebb-kurser/mvc/me/report/tests/EvaluateHands/EvaluateHandsTest.php" line="66" assertions="1" time="0.000758"/>
      <testcase name="testHandFourOfAKindThrowsExceptionForEmptyValues" class="App\Tests\EvaluateHands\EvaluateHandsTest" classname="App.Tests.EvaluateHands.EvaluateHandsTest" file="/home/h3rmano/dbwebb-kurser/mvc/me/report/tests/EvaluateHands/EvaluateHandsTest.php" line="76" assertions="1" time="0.000681"/>
      <testcase name="testHandStraightFlushThrowsExceptionForEmptyValues" class="App\Tests\EvaluateHands\EvaluateHandsTest" classname="App.Tests.EvaluateHands.EvaluateHandsTest" file="/home/h3rmano/dbwebb-kurser/mvc/me/report/tests/EvaluateHands/EvaluateHandsTest.php" line="86" assertions="1" time="0.000721"/>
      <testcase name="testHandRoyalFlushThrowsExceptionForEmptyValues" class="App\Tests\EvaluateHands\EvaluateHandsTest" classname="App.Tests.EvaluateHands.EvaluateHandsTest" file="/home/h3rmano/dbwebb-kurser/mvc/me/report/tests/EvaluateHands/EvaluateHandsTest.php" line="96" assertions="1" time="0.000662"/>
    </testsuite>
    <testsuite name="App\Tests\PokerPatienceGrid\PokerPatienceGridTest" file="/home/h3rmano/dbwebb-kurser/mvc/me/report/tests/PokerPatienceGrid/PokerPatienceGridTest.php" tests="11" assertions="18" errors="0" warnings="0" failures="0" skipped="0" time="0.010483">
      <testcase name="testCreatePokerPatienceGrid" class="App\Tests\PokerPatienceGrid\PokerPatienceGridTest" classname="App.Tests.PokerPatienceGrid.PokerPatienceGridTest" file="/home/h3rmano/dbwebb-kurser/mvc/me/report/tests/PokerPatienceGrid/PokerPatienceGridTest.php" line="9" assertions="2" time="0.002264"/>
      <testcase name="testCreatePokerPatienceGridCount" class="App\Tests\PokerPatienceGrid\PokerPatienceGridTest" classname="App.Tests.PokerPatienceGrid.PokerPatienceGridTest" file="/home/h3rmano/dbwebb-kurser/mvc/me/report/tests/PokerPatienceGrid/PokerPatienceGridTest.php" line="19" assertions="2" time="0.000709"/>
      <testcase name="testSetGridInvalidSize" class="App\Tests\PokerPatienceGrid\PokerPatienceGridTest" classname="App.Tests.PokerPatienceGrid.PokerPatienceGridTest" file="/home/h3rmano/dbwebb-kurser/mvc/me/report/tests/PokerPatienceGrid/PokerPatienceGridTest.php" line="29" assertions="2" time="0.000691"/>
      <testcase name="testSetGridValidSize" class="App\Tests\PokerPatienceGrid\PokerPatienceGridTest" classname="App.Tests.PokerPatienceGrid.PokerPatienceGridTest" file="/home/h3rmano/dbwebb-kurser/mvc/me/report/tests/PokerPatienceGrid/PokerPatienceGridTest.php" line="39" assertions="2" time="0.000649"/>
      <testcase name="testAddCardToGridValidIndex" class="App\Tests\PokerPatienceGrid\PokerPatienceGridTest" classname="App.Tests.PokerPatienceGrid.PokerPatienceGridTest" file="/home/h3rmano/dbwebb-kurser/mvc/me/report/tests/PokerPatienceGrid/PokerPatienceGridTest.php" line="10" assertions="2" time="0.000678"/>
      <testcase name="testAddCardToGridInvalidIndex" class="App\Tests\PokerPatienceGrid\PokerPatienceGridTest" classname="App.Tests.PokerPatienceGrid.PokerPatienceGridTest" file="/home/h3rmano/dbwebb-kurser/mvc/me/report/tests/PokerPatienceGrid/PokerPatienceGridTest.php" line="21" assertions="1" time="0.000670"/>
      <testcase name="testAddCardToGridInvalidCardNegativeValue" class="App\Tests\PokerPatienceGrid\PokerPatienceGridTest" classname="App.Tests.PokerPatienceGrid.PokerPatienceGridTest" file="/home/h3rmano/dbwebb-kurser/mvc/me/report/tests/PokerPatienceGrid/PokerPatienceGridTest.php" line="33" assertions="1" time="0.000657"/>
      <testcase name="testAddCardToGridOccupiedIndex" class="App\Tests\PokerPatienceGrid\PokerPatienceGridTest" classname="App.Tests.PokerPatienceGrid.PokerPatienceGridTest" file="/home/h3rmano/dbwebb-kurser/mvc/me/report/tests/PokerPatienceGrid/PokerPatienceGridTest.php" line="42" assertions="2" time="0.001042"/>
      <testcase name="testClearGrid" class="App\Tests\PokerPatienceGrid\PokerPatienceGridTest" classname="App.Tests.PokerPatienceGrid.PokerPatienceGridTest" file="/home/h3rmano/dbwebb-kurser/mvc/me/report/tests/PokerPatienceGrid/PokerPatienceGridTest.php" line="53" assertions="1" time="0.000969"/>
      <testcase name="testClearGridOnEmptyGrid" class="App\Tests\PokerPatienceGrid\PokerPatienceGridTest" classname="App.Tests.PokerPatienceGrid.PokerPatienceGridTest" file="/home/h3rmano/dbwebb-kurser/mvc/me/report/tests/PokerPatienceGrid/PokerPatienceGridTest.php" line="64" assertions="1" time="0.000803"/>
      <testcase name="testEstablishEmptyScores" class="App\Tests\PokerPatienceGrid\PokerPatienceGridTest" classname="App.Tests.PokerPatienceGrid.PokerPatienceGridTest" file="/home/h3rmano/dbwebb-kurser/mvc/me/report/tests/PokerPatienceGrid/PokerPatienceGridTest.php" line="77" assertions="2" time="0.001351"/>
    </testsuite>
  </testsuite>
</testsuites>
