<?xml version="1.0" encoding="UTF-8"?>
<testsuites>
  <testsuite name="/home/h3rmano/dbwebb-kurser/mvc/me/report/tests" tests="124" assertions="275" errors="0" warnings="0" failures="0" skipped="0" time="0.204121">
    <testsuite name="App\Card\BlackjackCardHandTest" file="/home/h3rmano/dbwebb-kurser/mvc/me/report/tests/BlackjackCardHand/BlackjackCardHandTest.php" tests="20" assertions="37" errors="0" warnings="0" failures="0" skipped="0" time="0.043757">
      <testcase name="testCreateBlackjackCardHand" class="App\Card\BlackjackCardHandTest" classname="App.Card.BlackjackCardHandTest" file="/home/h3rmano/dbwebb-kurser/mvc/me/report/tests/BlackjackCardHand/BlackjackCardHandTest.php" line="20" assertions="1" time="0.015362"/>
      <testcase name="testCreateWithArguments" class="App\Card\BlackjackCardHandTest" classname="App.Card.BlackjackCardHandTest" file="/home/h3rmano/dbwebb-kurser/mvc/me/report/tests/BlackjackCardHand/BlackjackCardHandTest.php" line="32" assertions="1" time="0.001484"/>
      <testcase name="testGetCards" class="App\Card\BlackjackCardHandTest" classname="App.Card.BlackjackCardHandTest" file="/home/h3rmano/dbwebb-kurser/mvc/me/report/tests/BlackjackCardHand/BlackjackCardHandTest.php" line="46" assertions="2" time="0.000856"/>
      <testcase name="testIsHandActive" class="App\Card\BlackjackCardHandTest" classname="App.Card.BlackjackCardHandTest" file="/home/h3rmano/dbwebb-kurser/mvc/me/report/tests/BlackjackCardHand/BlackjackCardHandTest.php" line="65" assertions="1" time="0.001336"/>
      <testcase name="testIsHandNotActive" class="App\Card\BlackjackCardHandTest" classname="App.Card.BlackjackCardHandTest" file="/home/h3rmano/dbwebb-kurser/mvc/me/report/tests/BlackjackCardHand/BlackjackCardHandTest.php" line="75" assertions="1" time="0.001300"/>
      <testcase name="testSetHandInactive" class="App\Card\BlackjackCardHandTest" classname="App.Card.BlackjackCardHandTest" file="/home/h3rmano/dbwebb-kurser/mvc/me/report/tests/BlackjackCardHand/BlackjackCardHandTest.php" line="87" assertions="2" time="0.000765"/>
      <testcase name="testaddCard" class="App\Card\BlackjackCardHandTest" classname="App.Card.BlackjackCardHandTest" file="/home/h3rmano/dbwebb-kurser/mvc/me/report/tests/BlackjackCardHand/BlackjackCardHandTest.php" line="102" assertions="2" time="0.001710"/>
      <testcase name="testaddCardFaultyArgument" class="App\Card\BlackjackCardHandTest" classname="App.Card.BlackjackCardHandTest" file="/home/h3rmano/dbwebb-kurser/mvc/me/report/tests/BlackjackCardHand/BlackjackCardHandTest.php" line="122" assertions="1" time="0.002470"/>
      <testcase name="testaddCards" class="App\Card\BlackjackCardHandTest" classname="App.Card.BlackjackCardHandTest" file="/home/h3rmano/dbwebb-kurser/mvc/me/report/tests/BlackjackCardHand/BlackjackCardHandTest.php" line="149" assertions="2" time="0.000707"/>
      <testcase name="testaddCardsFaultyArgument" class="App\Card\BlackjackCardHandTest" classname="App.Card.BlackjackCardHandTest" file="/home/h3rmano/dbwebb-kurser/mvc/me/report/tests/BlackjackCardHand/BlackjackCardHandTest.php" line="175" assertions="2" time="0.001317"/>
      <testcase name="testGetCurrentValue" class="App\Card\BlackjackCardHandTest" classname="App.Card.BlackjackCardHandTest" file="/home/h3rmano/dbwebb-kurser/mvc/me/report/tests/BlackjackCardHand/BlackjackCardHandTest.php" line="200" assertions="1" time="0.001696"/>
      <testcase name="testGetCurrentValueWithAce" class="App\Card\BlackjackCardHandTest" classname="App.Card.BlackjackCardHandTest" file="/home/h3rmano/dbwebb-kurser/mvc/me/report/tests/BlackjackCardHand/BlackjackCardHandTest.php" line="224" assertions="2" time="0.000704"/>
      <testcase name="testIsSplittable" class="App\Card\BlackjackCardHandTest" classname="App.Card.BlackjackCardHandTest" file="/home/h3rmano/dbwebb-kurser/mvc/me/report/tests/BlackjackCardHand/BlackjackCardHandTest.php" line="248" assertions="1" time="0.000663"/>
      <testcase name="testIsSplittableFalse" class="App\Card\BlackjackCardHandTest" classname="App.Card.BlackjackCardHandTest" file="/home/h3rmano/dbwebb-kurser/mvc/me/report/tests/BlackjackCardHand/BlackjackCardHandTest.php" line="266" assertions="1" time="0.000657"/>
      <testcase name="testIsSplittableEmpty" class="App\Card\BlackjackCardHandTest" classname="App.Card.BlackjackCardHandTest" file="/home/h3rmano/dbwebb-kurser/mvc/me/report/tests/BlackjackCardHand/BlackjackCardHandTest.php" line="286" assertions="1" time="0.000958"/>
      <testcase name="testSplitHand" class="App\Card\BlackjackCardHandTest" classname="App.Card.BlackjackCardHandTest" file="/home/h3rmano/dbwebb-kurser/mvc/me/report/tests/BlackjackCardHand/BlackjackCardHandTest.php" line="306" assertions="8" time="0.006079"/>
      <testcase name="testSplitHandInvalid2" class="App\Card\BlackjackCardHandTest" classname="App.Card.BlackjackCardHandTest" file="/home/h3rmano/dbwebb-kurser/mvc/me/report/tests/BlackjackCardHand/BlackjackCardHandTest.php" line="345" assertions="1" time="0.002492"/>
      <testcase name="testDrawCardFromDeck" class="App\Card\BlackjackCardHandTest" classname="App.Card.BlackjackCardHandTest" file="/home/h3rmano/dbwebb-kurser/mvc/me/report/tests/BlackjackCardHand/BlackjackCardHandTest.php" line="373" assertions="3" time="0.001734"/>
      <testcase name="testUpdateHandStatus21" class="App\Card\BlackjackCardHandTest" classname="App.Card.BlackjackCardHandTest" file="/home/h3rmano/dbwebb-kurser/mvc/me/report/tests/BlackjackCardHand/BlackjackCardHandTest.php" line="402" assertions="2" time="0.000766"/>
      <testcase name="testUpdateHandStatusSub21" class="App\Card\BlackjackCardHandTest" classname="App.Card.BlackjackCardHandTest" file="/home/h3rmano/dbwebb-kurser/mvc/me/report/tests/BlackjackCardHand/BlackjackCardHandTest.php" line="428" assertions="2" time="0.000700"/>
    </testsuite>
    <testsuite name="App\Card\BlackjackCardHandlingTest" file="/home/h3rmano/dbwebb-kurser/mvc/me/report/tests/BlackjackCardHandling/BlackjackCardHandlingTest.php" tests="28" assertions="38" errors="0" warnings="0" failures="0" skipped="0" time="0.032720">
      <testcase name="testGetHands" class="App\Card\BlackjackCardHandlingTest" classname="App.Card.BlackjackCardHandlingTest" file="/home/h3rmano/dbwebb-kurser/mvc/me/report/tests/BlackjackCardHandling/BlackjackCardHandlingTest.php" line="15" assertions="1" time="0.004805"/>
      <testcase name="testAddHandsEmpty" class="App\Card\BlackjackCardHandlingTest" classname="App.Card.BlackjackCardHandlingTest" file="/home/h3rmano/dbwebb-kurser/mvc/me/report/tests/BlackjackCardHandling/BlackjackCardHandlingTest.php" line="27" assertions="2" time="0.000770"/>
      <testcase name="testhandsCountNone" class="App\Card\BlackjackCardHandlingTest" classname="App.Card.BlackjackCardHandlingTest" file="/home/h3rmano/dbwebb-kurser/mvc/me/report/tests/BlackjackCardHandling/BlackjackCardHandlingTest.php" line="47" assertions="1" time="0.000689"/>
      <testcase name="testhandsCount" class="App\Card\BlackjackCardHandlingTest" classname="App.Card.BlackjackCardHandlingTest" file="/home/h3rmano/dbwebb-kurser/mvc/me/report/tests/BlackjackCardHandling/BlackjackCardHandlingTest.php" line="62" assertions="1" time="0.000733"/>
      <testcase name="testAddHands" class="App\Card\BlackjackCardHandlingTest" classname="App.Card.BlackjackCardHandlingTest" file="/home/h3rmano/dbwebb-kurser/mvc/me/report/tests/BlackjackCardHandling/BlackjackCardHandlingTest.php" line="86" assertions="3" time="0.000781"/>
      <testcase name="testAddHandsInvalid" class="App\Card\BlackjackCardHandlingTest" classname="App.Card.BlackjackCardHandlingTest" file="/home/h3rmano/dbwebb-kurser/mvc/me/report/tests/BlackjackCardHandling/BlackjackCardHandlingTest.php" line="112" assertions="1" time="0.000700"/>
      <testcase name="testAddCardToPlayerHand" class="App\Card\BlackjackCardHandlingTest" classname="App.Card.BlackjackCardHandlingTest" file="/home/h3rmano/dbwebb-kurser/mvc/me/report/tests/BlackjackCardHandling/BlackjackCardHandlingTest.php" line="127" assertions="1" time="0.000717"/>
      <testcase name="testAddCardToHandWhenNoHand" class="App\Card\BlackjackCardHandlingTest" classname="App.Card.BlackjackCardHandlingTest" file="/home/h3rmano/dbwebb-kurser/mvc/me/report/tests/BlackjackCardHandling/BlackjackCardHandlingTest.php" line="151" assertions="1" time="0.001369"/>
      <testcase name="testSplitPlayerHand" class="App\Card\BlackjackCardHandlingTest" classname="App.Card.BlackjackCardHandlingTest" file="/home/h3rmano/dbwebb-kurser/mvc/me/report/tests/BlackjackCardHandling/BlackjackCardHandlingTest.php" line="165" assertions="2" time="0.001651"/>
      <testcase name="testSplitPlayerHandNegativeIndex" class="App\Card\BlackjackCardHandlingTest" classname="App.Card.BlackjackCardHandlingTest" file="/home/h3rmano/dbwebb-kurser/mvc/me/report/tests/BlackjackCardHandling/BlackjackCardHandlingTest.php" line="191" assertions="2" time="0.001595"/>
      <testcase name="testSplitPlayerHandInvalid" class="App\Card\BlackjackCardHandlingTest" classname="App.Card.BlackjackCardHandlingTest" file="/home/h3rmano/dbwebb-kurser/mvc/me/report/tests/BlackjackCardHandling/BlackjackCardHandlingTest.php" line="219" assertions="1" time="0.001770"/>
      <testcase name="testSplitInactiveHand" class="App\Card\BlackjackCardHandlingTest" classname="App.Card.BlackjackCardHandlingTest" file="/home/h3rmano/dbwebb-kurser/mvc/me/report/tests/BlackjackCardHandling/BlackjackCardHandlingTest.php" line="243" assertions="1" time="0.002205"/>
      <testcase name="testStandHand" class="App\Card\BlackjackCardHandlingTest" classname="App.Card.BlackjackCardHandlingTest" file="/home/h3rmano/dbwebb-kurser/mvc/me/report/tests/BlackjackCardHandling/BlackjackCardHandlingTest.php" line="270" assertions="1" time="0.000769"/>
      <testcase name="testStandHandOutOfBounds" class="App\Card\BlackjackCardHandlingTest" classname="App.Card.BlackjackCardHandlingTest" file="/home/h3rmano/dbwebb-kurser/mvc/me/report/tests/BlackjackCardHandling/BlackjackCardHandlingTest.php" line="292" assertions="1" time="0.000793"/>
      <testcase name="testStandHandOutOfBoundsEmpty" class="App\Card\BlackjackCardHandlingTest" classname="App.Card.BlackjackCardHandlingTest" file="/home/h3rmano/dbwebb-kurser/mvc/me/report/tests/BlackjackCardHandling/BlackjackCardHandlingTest.php" line="314" assertions="1" time="0.000746"/>
      <testcase name="testStandHandNegativeIndex" class="App\Card\BlackjackCardHandlingTest" classname="App.Card.BlackjackCardHandlingTest" file="/home/h3rmano/dbwebb-kurser/mvc/me/report/tests/BlackjackCardHandling/BlackjackCardHandlingTest.php" line="331" assertions="1" time="0.000766"/>
      <testcase name="testUpdateHandStatusActive" class="App\Card\BlackjackCardHandlingTest" classname="App.Card.BlackjackCardHandlingTest" file="/home/h3rmano/dbwebb-kurser/mvc/me/report/tests/BlackjackCardHandling/BlackjackCardHandlingTest.php" line="352" assertions="1" time="0.000787"/>
      <testcase name="testUpdateHandStatusBust" class="App\Card\BlackjackCardHandlingTest" classname="App.Card.BlackjackCardHandlingTest" file="/home/h3rmano/dbwebb-kurser/mvc/me/report/tests/BlackjackCardHandling/BlackjackCardHandlingTest.php" line="373" assertions="1" time="0.000921"/>
      <testcase name="testUpdateHandStatus21" class="App\Card\BlackjackCardHandlingTest" classname="App.Card.BlackjackCardHandlingTest" file="/home/h3rmano/dbwebb-kurser/mvc/me/report/tests/BlackjackCardHandling/BlackjackCardHandlingTest.php" line="399" assertions="1" time="0.000866"/>
      <testcase name="testActiveHandsCount" class="App\Card\BlackjackCardHandlingTest" classname="App.Card.BlackjackCardHandlingTest" file="/home/h3rmano/dbwebb-kurser/mvc/me/report/tests/BlackjackCardHandling/BlackjackCardHandlingTest.php" line="423" assertions="1" time="0.001790"/>
      <testcase name="testActiveHandsCountZero" class="App\Card\BlackjackCardHandlingTest" classname="App.Card.BlackjackCardHandlingTest" file="/home/h3rmano/dbwebb-kurser/mvc/me/report/tests/BlackjackCardHandling/BlackjackCardHandlingTest.php" line="447" assertions="1" time="0.000994"/>
      <testcase name="testActiveHandsCount21" class="App\Card\BlackjackCardHandlingTest" classname="App.Card.BlackjackCardHandlingTest" file="/home/h3rmano/dbwebb-kurser/mvc/me/report/tests/BlackjackCardHandling/BlackjackCardHandlingTest.php" line="465" assertions="1" time="0.000794"/>
      <testcase name="testActiveHandsCountBust" class="App\Card\BlackjackCardHandlingTest" classname="App.Card.BlackjackCardHandlingTest" file="/home/h3rmano/dbwebb-kurser/mvc/me/report/tests/BlackjackCardHandling/BlackjackCardHandlingTest.php" line="487" assertions="1" time="0.000779"/>
      <testcase name="testactiveTurnStatusUnchanged" class="App\Card\BlackjackCardHandlingTest" classname="App.Card.BlackjackCardHandlingTest" file="/home/h3rmano/dbwebb-kurser/mvc/me/report/tests/BlackjackCardHandling/BlackjackCardHandlingTest.php" line="511" assertions="1" time="0.001071"/>
      <testcase name="testactiveTurnStatusChanged" class="App\Card\BlackjackCardHandlingTest" classname="App.Card.BlackjackCardHandlingTest" file="/home/h3rmano/dbwebb-kurser/mvc/me/report/tests/BlackjackCardHandling/BlackjackCardHandlingTest.php" line="550" assertions="1" time="0.000861"/>
      <testcase name="testResetHands" class="App\Card\BlackjackCardHandlingTest" classname="App.Card.BlackjackCardHandlingTest" file="/home/h3rmano/dbwebb-kurser/mvc/me/report/tests/BlackjackCardHandling/BlackjackCardHandlingTest.php" line="585" assertions="6" time="0.000883"/>
      <testcase name="testGetCardsInHandAsUnicode" class="App\Card\BlackjackCardHandlingTest" classname="App.Card.BlackjackCardHandlingTest" file="/home/h3rmano/dbwebb-kurser/mvc/me/report/tests/BlackjackCardHandling/BlackjackCardHandlingTest.php" line="632" assertions="1" time="0.000791"/>
      <testcase name="testGetCardsInHandAsUnicodeNoHands" class="App\Card\BlackjackCardHandlingTest" classname="App.Card.BlackjackCardHandlingTest" file="/home/h3rmano/dbwebb-kurser/mvc/me/report/tests/BlackjackCardHandling/BlackjackCardHandlingTest.php" line="656" assertions="1" time="0.001322"/>
    </testsuite>
    <testsuite name="App\Card\BlackjackDealerTest" file="/home/h3rmano/dbwebb-kurser/mvc/me/report/tests/BlackjackDealer/BlackjackDealerTest.php" tests="3" assertions="3" errors="0" warnings="0" failures="0" skipped="0" time="0.002968">
      <testcase name="testCreateNoArguments" class="App\Card\BlackjackDealerTest" classname="App.Card.BlackjackDealerTest" file="/home/h3rmano/dbwebb-kurser/mvc/me/report/tests/BlackjackDealer/BlackjackDealerTest.php" line="14" assertions="1" time="0.001527"/>
      <testcase name="testCreateNameNoHands" class="App\Card\BlackjackDealerTest" classname="App.Card.BlackjackDealerTest" file="/home/h3rmano/dbwebb-kurser/mvc/me/report/tests/BlackjackDealer/BlackjackDealerTest.php" line="24" assertions="1" time="0.000749"/>
      <testcase name="testCreateWithOneHand" class="App\Card\BlackjackDealerTest" classname="App.Card.BlackjackDealerTest" file="/home/h3rmano/dbwebb-kurser/mvc/me/report/tests/BlackjackDealer/BlackjackDealerTest.php" line="34" assertions="1" time="0.000691"/>
    </testsuite>
    <testsuite name="App\Card\BlackjackGameResultsTest" file="/home/h3rmano/dbwebb-kurser/mvc/me/report/tests/BlackjackGameResults/BlackjackGameResultsTest.php" tests="13" assertions="28" errors="0" warnings="0" failures="0" skipped="0" time="0.049020">
      <testcase name="testCreateGameResults" class="App\Card\BlackjackGameResultsTest" classname="App.Card.BlackjackGameResultsTest" file="/home/h3rmano/dbwebb-kurser/mvc/me/report/tests/BlackjackGameResults/BlackjackGameResultsTest.php" line="16" assertions="1" time="0.003666"/>
      <testcase name="testgetGameDecidedFalse" class="App\Card\BlackjackGameResultsTest" classname="App.Card.BlackjackGameResultsTest" file="/home/h3rmano/dbwebb-kurser/mvc/me/report/tests/BlackjackGameResults/BlackjackGameResultsTest.php" line="30" assertions="1" time="0.000759"/>
      <testcase name="testGameDecidedWhenPlayerOutOfChips" class="App\Card\BlackjackGameResultsTest" classname="App.Card.BlackjackGameResultsTest" file="/home/h3rmano/dbwebb-kurser/mvc/me/report/tests/BlackjackGameResults/BlackjackGameResultsTest.php" line="44" assertions="1" time="0.000715"/>
      <testcase name="testGameDecidedWhenDealerOutOfChips" class="App\Card\BlackjackGameResultsTest" classname="App.Card.BlackjackGameResultsTest" file="/home/h3rmano/dbwebb-kurser/mvc/me/report/tests/BlackjackGameResults/BlackjackGameResultsTest.php" line="60" assertions="1" time="0.000771"/>
      <testcase name="testPlayerWinsRoundDealerBust" class="App\Card\BlackjackGameResultsTest" classname="App.Card.BlackjackGameResultsTest" file="/home/h3rmano/dbwebb-kurser/mvc/me/report/tests/BlackjackGameResults/BlackjackGameResultsTest.php" line="80" assertions="3" time="0.001954"/>
      <testcase name="testPlayerWinsRoundDealerLower" class="App\Card\BlackjackGameResultsTest" classname="App.Card.BlackjackGameResultsTest" file="/home/h3rmano/dbwebb-kurser/mvc/me/report/tests/BlackjackGameResults/BlackjackGameResultsTest.php" line="118" assertions="3" time="0.001056"/>
      <testcase name="testDealerWinsRoundPlayerBust" class="App\Card\BlackjackGameResultsTest" classname="App.Card.BlackjackGameResultsTest" file="/home/h3rmano/dbwebb-kurser/mvc/me/report/tests/BlackjackGameResults/BlackjackGameResultsTest.php" line="157" assertions="3" time="0.001043"/>
      <testcase name="testDealerWinsRoundPlayerLower" class="App\Card\BlackjackGameResultsTest" classname="App.Card.BlackjackGameResultsTest" file="/home/h3rmano/dbwebb-kurser/mvc/me/report/tests/BlackjackGameResults/BlackjackGameResultsTest.php" line="196" assertions="3" time="0.001013"/>
      <testcase name="testDrawnRound" class="App\Card\BlackjackGameResultsTest" classname="App.Card.BlackjackGameResultsTest" file="/home/h3rmano/dbwebb-kurser/mvc/me/report/tests/BlackjackGameResults/BlackjackGameResultsTest.php" line="233" assertions="3" time="0.001278"/>
      <testcase name="testDrawnRoundBothBust" class="App\Card\BlackjackGameResultsTest" classname="App.Card.BlackjackGameResultsTest" file="/home/h3rmano/dbwebb-kurser/mvc/me/report/tests/BlackjackGameResults/BlackjackGameResultsTest.php" line="271" assertions="3" time="0.001154"/>
      <testcase name="testDecideBlackjackRoundResultsFormatting" class="App\Card\BlackjackGameResultsTest" classname="App.Card.BlackjackGameResultsTest" file="/home/h3rmano/dbwebb-kurser/mvc/me/report/tests/BlackjackGameResults/BlackjackGameResultsTest.php" line="311" assertions="4" time="0.001990"/>
      <testcase name="testEstablishSession" class="App\Card\BlackjackGameResultsTest" classname="App.Card.BlackjackGameResultsTest" file="/home/h3rmano/dbwebb-kurser/mvc/me/report/tests/BlackjackGameResults/BlackjackGameResultsTest.php" line="349" assertions="1" time="0.021109"/>
      <testcase name="testClearSession" class="App\Card\BlackjackGameResultsTest" classname="App.Card.BlackjackGameResultsTest" file="/home/h3rmano/dbwebb-kurser/mvc/me/report/tests/BlackjackGameResults/BlackjackGameResultsTest.php" line="368" assertions="1" time="0.012510"/>
    </testsuite>
    <testsuite name="App\Card\BlackjackPlayerTest" file="/home/h3rmano/dbwebb-kurser/mvc/me/report/tests/BlackjackPlayer/BlackjackPlayerTest.php" tests="20" assertions="25" errors="0" warnings="0" failures="0" skipped="0" time="0.016046">
      <testcase name="testCreateNoArguments" class="App\Card\BlackjackPlayerTest" classname="App.Card.BlackjackPlayerTest" file="/home/h3rmano/dbwebb-kurser/mvc/me/report/tests/BlackjackPlayer/BlackjackPlayerTest.php" line="16" assertions="1" time="0.000780"/>
      <testcase name="testCreateNameNoHands" class="App\Card\BlackjackPlayerTest" classname="App.Card.BlackjackPlayerTest" file="/home/h3rmano/dbwebb-kurser/mvc/me/report/tests/BlackjackPlayer/BlackjackPlayerTest.php" line="28" assertions="1" time="0.000746"/>
      <testcase name="testCreateNameHand" class="App\Card\BlackjackPlayerTest" classname="App.Card.BlackjackPlayerTest" file="/home/h3rmano/dbwebb-kurser/mvc/me/report/tests/BlackjackPlayer/BlackjackPlayerTest.php" line="40" assertions="1" time="0.000726"/>
      <testcase name="testCreateNameHands" class="App\Card\BlackjackPlayerTest" classname="App.Card.BlackjackPlayerTest" file="/home/h3rmano/dbwebb-kurser/mvc/me/report/tests/BlackjackPlayer/BlackjackPlayerTest.php" line="54" assertions="1" time="0.000746"/>
      <testcase name="testGetPlayerName" class="App\Card\BlackjackPlayerTest" classname="App.Card.BlackjackPlayerTest" file="/home/h3rmano/dbwebb-kurser/mvc/me/report/tests/BlackjackPlayer/BlackjackPlayerTest.php" line="71" assertions="1" time="0.000653"/>
      <testcase name="testIsActiveTurnDefaultTrue" class="App\Card\BlackjackPlayerTest" classname="App.Card.BlackjackPlayerTest" file="/home/h3rmano/dbwebb-kurser/mvc/me/report/tests/BlackjackPlayer/BlackjackPlayerTest.php" line="83" assertions="1" time="0.000883"/>
      <testcase name="testDeactivateTurn" class="App\Card\BlackjackPlayerTest" classname="App.Card.BlackjackPlayerTest" file="/home/h3rmano/dbwebb-kurser/mvc/me/report/tests/BlackjackPlayer/BlackjackPlayerTest.php" line="94" assertions="2" time="0.000833"/>
      <testcase name="testActivateTurn" class="App\Card\BlackjackPlayerTest" classname="App.Card.BlackjackPlayerTest" file="/home/h3rmano/dbwebb-kurser/mvc/me/report/tests/BlackjackPlayer/BlackjackPlayerTest.php" line="110" assertions="3" time="0.000726"/>
      <testcase name="testGetChipCount" class="App\Card\BlackjackPlayerTest" classname="App.Card.BlackjackPlayerTest" file="/home/h3rmano/dbwebb-kurser/mvc/me/report/tests/BlackjackPlayer/BlackjackPlayerTest.php" line="129" assertions="1" time="0.000656"/>
      <testcase name="testGetChipCountCustom" class="App\Card\BlackjackPlayerTest" classname="App.Card.BlackjackPlayerTest" file="/home/h3rmano/dbwebb-kurser/mvc/me/report/tests/BlackjackPlayer/BlackjackPlayerTest.php" line="140" assertions="1" time="0.000615"/>
      <testcase name="testGetChipCountCustomZero" class="App\Card\BlackjackPlayerTest" classname="App.Card.BlackjackPlayerTest" file="/home/h3rmano/dbwebb-kurser/mvc/me/report/tests/BlackjackPlayer/BlackjackPlayerTest.php" line="151" assertions="1" time="0.000641"/>
      <testcase name="testWagerNoChips" class="App\Card\BlackjackPlayerTest" classname="App.Card.BlackjackPlayerTest" file="/home/h3rmano/dbwebb-kurser/mvc/me/report/tests/BlackjackPlayer/BlackjackPlayerTest.php" line="162" assertions="1" time="0.000985"/>
      <testcase name="testWagerChipsWithSpecificAmount" class="App\Card\BlackjackPlayerTest" classname="App.Card.BlackjackPlayerTest" file="/home/h3rmano/dbwebb-kurser/mvc/me/report/tests/BlackjackPlayer/BlackjackPlayerTest.php" line="177" assertions="1" time="0.001247"/>
      <testcase name="testWagerNotEnoughChips" class="App\Card\BlackjackPlayerTest" classname="App.Card.BlackjackPlayerTest" file="/home/h3rmano/dbwebb-kurser/mvc/me/report/tests/BlackjackPlayer/BlackjackPlayerTest.php" line="191" assertions="1" time="0.001391"/>
      <testcase name="testgetChipsInPlayCount" class="App\Card\BlackjackPlayerTest" classname="App.Card.BlackjackPlayerTest" file="/home/h3rmano/dbwebb-kurser/mvc/me/report/tests/BlackjackPlayer/BlackjackPlayerTest.php" line="204" assertions="2" time="0.000708"/>
      <testcase name="testAddChips" class="App\Card\BlackjackPlayerTest" classname="App.Card.BlackjackPlayerTest" file="/home/h3rmano/dbwebb-kurser/mvc/me/report/tests/BlackjackPlayer/BlackjackPlayerTest.php" line="218" assertions="1" time="0.000758"/>
      <testcase name="testAddChipsZero" class="App\Card\BlackjackPlayerTest" classname="App.Card.BlackjackPlayerTest" file="/home/h3rmano/dbwebb-kurser/mvc/me/report/tests/BlackjackPlayer/BlackjackPlayerTest.php" line="229" assertions="1" time="0.000659"/>
      <testcase name="testResetChipsInPlay" class="App\Card\BlackjackPlayerTest" classname="App.Card.BlackjackPlayerTest" file="/home/h3rmano/dbwebb-kurser/mvc/me/report/tests/BlackjackPlayer/BlackjackPlayerTest.php" line="241" assertions="2" time="0.000755"/>
      <testcase name="testGetPlayerDetailsJsonEmptyHand" class="App\Card\BlackjackPlayerTest" classname="App.Card.BlackjackPlayerTest" file="/home/h3rmano/dbwebb-kurser/mvc/me/report/tests/BlackjackPlayer/BlackjackPlayerTest.php" line="258" assertions="1" time="0.000717"/>
      <testcase name="testGetPlayerDetailsJsonValidHand" class="App\Card\BlackjackPlayerTest" classname="App.Card.BlackjackPlayerTest" file="/home/h3rmano/dbwebb-kurser/mvc/me/report/tests/BlackjackPlayer/BlackjackPlayerTest.php" line="273" assertions="1" time="0.000821"/>
    </testsuite>
    <testsuite name="App\Card\CardTest" file="/home/h3rmano/dbwebb-kurser/mvc/me/report/tests/Card/CardTest.php" tests="12" assertions="17" errors="0" warnings="0" failures="0" skipped="0" time="0.010279">
      <testcase name="testCreateCardNoArguments" class="App\Card\CardTest" classname="App.Card.CardTest" file="/home/h3rmano/dbwebb-kurser/mvc/me/report/tests/Card/CardTest.php" line="17" assertions="1" time="0.000641"/>
      <testcase name="testCreateCardInvalidArguments" class="App\Card\CardTest" classname="App.Card.CardTest" file="/home/h3rmano/dbwebb-kurser/mvc/me/report/tests/Card/CardTest.php" line="26" assertions="1" time="0.000701"/>
      <testcase name="testCreateCardInsufficientArguments" class="App\Card\CardTest" classname="App.Card.CardTest" file="/home/h3rmano/dbwebb-kurser/mvc/me/report/tests/Card/CardTest.php" line="36" assertions="1" time="0.000629"/>
      <testcase name="testCreateCardWithValidArguments" class="App\Card\CardTest" classname="App.Card.CardTest" file="/home/h3rmano/dbwebb-kurser/mvc/me/report/tests/Card/CardTest.php" line="45" assertions="2" time="0.003076"/>
      <testcase name="testGetValue" class="App\Card\CardTest" classname="App.Card.CardTest" file="/home/h3rmano/dbwebb-kurser/mvc/me/report/tests/Card/CardTest.php" line="57" assertions="1" time="0.000669"/>
      <testcase name="testGetRank" class="App\Card\CardTest" classname="App.Card.CardTest" file="/home/h3rmano/dbwebb-kurser/mvc/me/report/tests/Card/CardTest.php" line="73" assertions="1" time="0.000625"/>
      <testcase name="testGetSuit" class="App\Card\CardTest" classname="App.Card.CardTest" file="/home/h3rmano/dbwebb-kurser/mvc/me/report/tests/Card/CardTest.php" line="89" assertions="1" time="0.000614"/>
      <testcase name="testGetColor" class="App\Card\CardTest" classname="App.Card.CardTest" file="/home/h3rmano/dbwebb-kurser/mvc/me/report/tests/Card/CardTest.php" line="105" assertions="1" time="0.000664"/>
      <testcase name="testGetCardAsInt" class="App\Card\CardTest" classname="App.Card.CardTest" file="/home/h3rmano/dbwebb-kurser/mvc/me/report/tests/Card/CardTest.php" line="121" assertions="1" time="0.000632"/>
      <testcase name="testGetBackOfCard" class="App\Card\CardTest" classname="App.Card.CardTest" file="/home/h3rmano/dbwebb-kurser/mvc/me/report/tests/Card/CardTest.php" line="138" assertions="1" time="0.000680"/>
      <testcase name="testIsFaceCard" class="App\Card\CardTest" classname="App.Card.CardTest" file="/home/h3rmano/dbwebb-kurser/mvc/me/report/tests/Card/CardTest.php" line="154" assertions="5" time="0.000677"/>
      <testcase name="testGetAsString" class="App\Card\CardTest" classname="App.Card.CardTest" file="/home/h3rmano/dbwebb-kurser/mvc/me/report/tests/Card/CardTest.php" line="190" assertions="1" time="0.000670"/>
    </testsuite>
    <testsuite name="App\Card\DeckOfCardsTest" file="/home/h3rmano/dbwebb-kurser/mvc/me/report/tests/DeckOfCards/DeckOfCardsTest.php" tests="22" assertions="64" errors="0" warnings="0" failures="0" skipped="0" time="0.031764">
      <testcase name="testCreateDeckOfCards" class="App\Card\DeckOfCardsTest" classname="App.Card.DeckOfCardsTest" file="/home/h3rmano/dbwebb-kurser/mvc/me/report/tests/DeckOfCards/DeckOfCardsTest.php" line="20" assertions="2" time="0.001332"/>
      <testcase name="testCreateDeckOfCardsComplete" class="App\Card\DeckOfCardsTest" classname="App.Card.DeckOfCardsTest" file="/home/h3rmano/dbwebb-kurser/mvc/me/report/tests/DeckOfCards/DeckOfCardsTest.php" line="32" assertions="3" time="0.002197"/>
      <testcase name="testCardsSuitCount" class="App\Card\DeckOfCardsTest" classname="App.Card.DeckOfCardsTest" file="/home/h3rmano/dbwebb-kurser/mvc/me/report/tests/DeckOfCards/DeckOfCardsTest.php" line="47" assertions="7" time="0.001515"/>
      <testcase name="testEmptyDeck" class="App\Card\DeckOfCardsTest" classname="App.Card.DeckOfCardsTest" file="/home/h3rmano/dbwebb-kurser/mvc/me/report/tests/DeckOfCards/DeckOfCardsTest.php" line="83" assertions="2" time="0.001107"/>
      <testcase name="testCardsRank" class="App\Card\DeckOfCardsTest" classname="App.Card.DeckOfCardsTest" file="/home/h3rmano/dbwebb-kurser/mvc/me/report/tests/DeckOfCards/DeckOfCardsTest.php" line="101" assertions="15" time="0.001364"/>
      <testcase name="testDrawCards" class="App\Card\DeckOfCardsTest" classname="App.Card.DeckOfCardsTest" file="/home/h3rmano/dbwebb-kurser/mvc/me/report/tests/DeckOfCards/DeckOfCardsTest.php" line="142" assertions="5" time="0.001210"/>
      <testcase name="testDrawCardNoCardsLeft" class="App\Card\DeckOfCardsTest" classname="App.Card.DeckOfCardsTest" file="/home/h3rmano/dbwebb-kurser/mvc/me/report/tests/DeckOfCards/DeckOfCardsTest.php" line="162" assertions="2" time="0.002178"/>
      <testcase name="testDrawCardsNoCardsLeft" class="App\Card\DeckOfCardsTest" classname="App.Card.DeckOfCardsTest" file="/home/h3rmano/dbwebb-kurser/mvc/me/report/tests/DeckOfCards/DeckOfCardsTest.php" line="183" assertions="2" time="0.001623"/>
      <testcase name="testDrawCardsExcessiveNr" class="App\Card\DeckOfCardsTest" classname="App.Card.DeckOfCardsTest" file="/home/h3rmano/dbwebb-kurser/mvc/me/report/tests/DeckOfCards/DeckOfCardsTest.php" line="206" assertions="2" time="0.001106"/>
      <testcase name="testDrawCardsNegativeNr" class="App\Card\DeckOfCardsTest" classname="App.Card.DeckOfCardsTest" file="/home/h3rmano/dbwebb-kurser/mvc/me/report/tests/DeckOfCards/DeckOfCardsTest.php" line="225" assertions="2" time="0.001185"/>
      <testcase name="testDrawCardsZero" class="App\Card\DeckOfCardsTest" classname="App.Card.DeckOfCardsTest" file="/home/h3rmano/dbwebb-kurser/mvc/me/report/tests/DeckOfCards/DeckOfCardsTest.php" line="245" assertions="2" time="0.001084"/>
      <testcase name="testGetDrawnCards" class="App\Card\DeckOfCardsTest" classname="App.Card.DeckOfCardsTest" file="/home/h3rmano/dbwebb-kurser/mvc/me/report/tests/DeckOfCards/DeckOfCardsTest.php" line="264" assertions="1" time="0.001122"/>
      <testcase name="testGetNumberOfCardsLeft" class="App\Card\DeckOfCardsTest" classname="App.Card.DeckOfCardsTest" file="/home/h3rmano/dbwebb-kurser/mvc/me/report/tests/DeckOfCards/DeckOfCardsTest.php" line="281" assertions="1" time="0.001945"/>
      <testcase name="testAddCardSingle" class="App\Card\DeckOfCardsTest" classname="App.Card.DeckOfCardsTest" file="/home/h3rmano/dbwebb-kurser/mvc/me/report/tests/DeckOfCards/DeckOfCardsTest.php" line="295" assertions="2" time="0.001128"/>
      <testcase name="testAddCardMultiple" class="App\Card\DeckOfCardsTest" classname="App.Card.DeckOfCardsTest" file="/home/h3rmano/dbwebb-kurser/mvc/me/report/tests/DeckOfCards/DeckOfCardsTest.php" line="313" assertions="4" time="0.001410"/>
      <testcase name="testSortDeck" class="App\Card\DeckOfCardsTest" classname="App.Card.DeckOfCardsTest" file="/home/h3rmano/dbwebb-kurser/mvc/me/report/tests/DeckOfCards/DeckOfCardsTest.php" line="343" assertions="2" time="0.001467"/>
      <testcase name="testSortDeckFirstByRankThenBySuit" class="App\Card\DeckOfCardsTest" classname="App.Card.DeckOfCardsTest" file="/home/h3rmano/dbwebb-kurser/mvc/me/report/tests/DeckOfCards/DeckOfCardsTest.php" line="389" assertions="2" time="0.001635"/>
      <testcase name="testShuffleDeck" class="App\Card\DeckOfCardsTest" classname="App.Card.DeckOfCardsTest" file="/home/h3rmano/dbwebb-kurser/mvc/me/report/tests/DeckOfCards/DeckOfCardsTest.php" line="425" assertions="2" time="0.002097"/>
      <testcase name="testGetUnicodeOfRoundCards" class="App\Card\DeckOfCardsTest" classname="App.Card.DeckOfCardsTest" file="/home/h3rmano/dbwebb-kurser/mvc/me/report/tests/DeckOfCards/DeckOfCardsTest.php" line="473" assertions="1" time="0.001537"/>
      <testcase name="testGetCardsUnicode" class="App\Card\DeckOfCardsTest" classname="App.Card.DeckOfCardsTest" file="/home/h3rmano/dbwebb-kurser/mvc/me/report/tests/DeckOfCards/DeckOfCardsTest.php" line="501" assertions="1" time="0.001170"/>
      <testcase name="testGetCardsDrawnUnicode" class="App\Card\DeckOfCardsTest" classname="App.Card.DeckOfCardsTest" file="/home/h3rmano/dbwebb-kurser/mvc/me/report/tests/DeckOfCards/DeckOfCardsTest.php" line="534" assertions="1" time="0.001225"/>
      <testcase name="testAddCardsAfterDrawing" class="App\Card\DeckOfCardsTest" classname="App.Card.DeckOfCardsTest" file="/home/h3rmano/dbwebb-kurser/mvc/me/report/tests/DeckOfCards/DeckOfCardsTest.php" line="568" assertions="3" time="0.001128"/>
    </testsuite>
    <testsuite name="App\Card\DeckOfCards52Test" file="/home/h3rmano/dbwebb-kurser/mvc/me/report/tests/DeckOfCards52/DeckOfCards52Test.php" tests="4" assertions="60" errors="0" warnings="0" failures="0" skipped="0" time="0.013245">
      <testcase name="testCreateDeckOfCards52" class="App\Card\DeckOfCards52Test" classname="App.Card.DeckOfCards52Test" file="/home/h3rmano/dbwebb-kurser/mvc/me/report/tests/DeckOfCards52/DeckOfCards52Test.php" line="20" assertions="2" time="0.001594"/>
      <testcase name="testCreateDeckOfCards52Complete" class="App\Card\DeckOfCards52Test" classname="App.Card.DeckOfCards52Test" file="/home/h3rmano/dbwebb-kurser/mvc/me/report/tests/DeckOfCards52/DeckOfCards52Test.php" line="32" assertions="3" time="0.001567"/>
      <testcase name="testCreateDeckOfCardsEmpty" class="App\Card\DeckOfCards52Test" classname="App.Card.DeckOfCards52Test" file="/home/h3rmano/dbwebb-kurser/mvc/me/report/tests/DeckOfCards52/DeckOfCards52Test.php" line="47" assertions="2" time="0.001417"/>
      <testcase name="testJokersAreRemoved" class="App\Card\DeckOfCards52Test" classname="App.Card.DeckOfCards52Test" file="/home/h3rmano/dbwebb-kurser/mvc/me/report/tests/DeckOfCards52/DeckOfCards52Test.php" line="65" assertions="53" time="0.008667"/>
    </testsuite>
    <testsuite name="App\Dice\DiceTest" file="/home/h3rmano/dbwebb-kurser/mvc/me/report/tests/Dice/DiceTest.php" tests="2" assertions="3" errors="0" warnings="0" failures="0" skipped="0" time="0.004323">
      <testcase name="testCreateDice" class="App\Dice\DiceTest" classname="App.Dice.DiceTest" file="/home/h3rmano/dbwebb-kurser/mvc/me/report/tests/Dice/DiceTest.php" line="17" assertions="2" time="0.002205"/>
      <testcase name="testEDRException" class="App\Dice\DiceTest" classname="App.Dice.DiceTest" file="/home/h3rmano/dbwebb-kurser/mvc/me/report/tests/Dice/DiceTest.php" line="30" assertions="1" time="0.002118"/>
    </testsuite>
  </testsuite>
</testsuites>
