<?xml version="1.0" encoding="UTF-8"?>
<testsuites>
  <testsuite name="/home/h3rmano/dbwebb-kurser/mvc/me/report/tests" tests="126" assertions="277" errors="0" warnings="0" failures="1" skipped="0" time="6.775232">
    <testsuite name="App\Card\BlackjackCardHandTest" file="/home/h3rmano/dbwebb-kurser/mvc/me/report/tests/BlackjackCardHand/BlackjackCardHandTest.php" tests="20" assertions="37" errors="0" warnings="0" failures="0" skipped="0" time="0.126097">
      <testcase name="testCreateBlackjackCardHand" class="App\Card\BlackjackCardHandTest" classname="App.Card.BlackjackCardHandTest" file="/home/h3rmano/dbwebb-kurser/mvc/me/report/tests/BlackjackCardHand/BlackjackCardHandTest.php" line="20" assertions="1" time="0.027783"/>
      <testcase name="testCreateWithArguments" class="App\Card\BlackjackCardHandTest" classname="App.Card.BlackjackCardHandTest" file="/home/h3rmano/dbwebb-kurser/mvc/me/report/tests/BlackjackCardHand/BlackjackCardHandTest.php" line="32" assertions="1" time="0.037223"/>
      <testcase name="testGetCards" class="App\Card\BlackjackCardHandTest" classname="App.Card.BlackjackCardHandTest" file="/home/h3rmano/dbwebb-kurser/mvc/me/report/tests/BlackjackCardHand/BlackjackCardHandTest.php" line="46" assertions="2" time="0.000683"/>
      <testcase name="testIsHandActive" class="App\Card\BlackjackCardHandTest" classname="App.Card.BlackjackCardHandTest" file="/home/h3rmano/dbwebb-kurser/mvc/me/report/tests/BlackjackCardHand/BlackjackCardHandTest.php" line="65" assertions="1" time="0.001304"/>
      <testcase name="testIsHandNotActive" class="App\Card\BlackjackCardHandTest" classname="App.Card.BlackjackCardHandTest" file="/home/h3rmano/dbwebb-kurser/mvc/me/report/tests/BlackjackCardHand/BlackjackCardHandTest.php" line="75" assertions="1" time="0.002155"/>
      <testcase name="testSetHandInactive" class="App\Card\BlackjackCardHandTest" classname="App.Card.BlackjackCardHandTest" file="/home/h3rmano/dbwebb-kurser/mvc/me/report/tests/BlackjackCardHand/BlackjackCardHandTest.php" line="87" assertions="2" time="0.000703"/>
      <testcase name="testaddCard" class="App\Card\BlackjackCardHandTest" classname="App.Card.BlackjackCardHandTest" file="/home/h3rmano/dbwebb-kurser/mvc/me/report/tests/BlackjackCardHand/BlackjackCardHandTest.php" line="102" assertions="2" time="0.001738"/>
      <testcase name="testaddCardFaultyArgument" class="App\Card\BlackjackCardHandTest" classname="App.Card.BlackjackCardHandTest" file="/home/h3rmano/dbwebb-kurser/mvc/me/report/tests/BlackjackCardHand/BlackjackCardHandTest.php" line="122" assertions="1" time="0.002302"/>
      <testcase name="testaddCards" class="App\Card\BlackjackCardHandTest" classname="App.Card.BlackjackCardHandTest" file="/home/h3rmano/dbwebb-kurser/mvc/me/report/tests/BlackjackCardHand/BlackjackCardHandTest.php" line="149" assertions="2" time="0.000668"/>
      <testcase name="testaddCardsFaultyArgument" class="App\Card\BlackjackCardHandTest" classname="App.Card.BlackjackCardHandTest" file="/home/h3rmano/dbwebb-kurser/mvc/me/report/tests/BlackjackCardHand/BlackjackCardHandTest.php" line="175" assertions="2" time="0.016819"/>
      <testcase name="testGetCurrentValue" class="App\Card\BlackjackCardHandTest" classname="App.Card.BlackjackCardHandTest" file="/home/h3rmano/dbwebb-kurser/mvc/me/report/tests/BlackjackCardHand/BlackjackCardHandTest.php" line="200" assertions="1" time="0.001652"/>
      <testcase name="testGetCurrentValueWithAce" class="App\Card\BlackjackCardHandTest" classname="App.Card.BlackjackCardHandTest" file="/home/h3rmano/dbwebb-kurser/mvc/me/report/tests/BlackjackCardHand/BlackjackCardHandTest.php" line="224" assertions="2" time="0.000830"/>
      <testcase name="testIsSplittable" class="App\Card\BlackjackCardHandTest" classname="App.Card.BlackjackCardHandTest" file="/home/h3rmano/dbwebb-kurser/mvc/me/report/tests/BlackjackCardHand/BlackjackCardHandTest.php" line="248" assertions="1" time="0.000680"/>
      <testcase name="testIsSplittableFalse" class="App\Card\BlackjackCardHandTest" classname="App.Card.BlackjackCardHandTest" file="/home/h3rmano/dbwebb-kurser/mvc/me/report/tests/BlackjackCardHand/BlackjackCardHandTest.php" line="266" assertions="1" time="0.000811"/>
      <testcase name="testIsSplittableEmpty" class="App\Card\BlackjackCardHandTest" classname="App.Card.BlackjackCardHandTest" file="/home/h3rmano/dbwebb-kurser/mvc/me/report/tests/BlackjackCardHand/BlackjackCardHandTest.php" line="286" assertions="1" time="0.000628"/>
      <testcase name="testSplitHand" class="App\Card\BlackjackCardHandTest" classname="App.Card.BlackjackCardHandTest" file="/home/h3rmano/dbwebb-kurser/mvc/me/report/tests/BlackjackCardHand/BlackjackCardHandTest.php" line="306" assertions="8" time="0.017785"/>
      <testcase name="testSplitHandInvalid2" class="App\Card\BlackjackCardHandTest" classname="App.Card.BlackjackCardHandTest" file="/home/h3rmano/dbwebb-kurser/mvc/me/report/tests/BlackjackCardHand/BlackjackCardHandTest.php" line="345" assertions="1" time="0.009265"/>
      <testcase name="testDrawCardFromDeck" class="App\Card\BlackjackCardHandTest" classname="App.Card.BlackjackCardHandTest" file="/home/h3rmano/dbwebb-kurser/mvc/me/report/tests/BlackjackCardHand/BlackjackCardHandTest.php" line="373" assertions="3" time="0.001642"/>
      <testcase name="testUpdateHandStatus21" class="App\Card\BlackjackCardHandTest" classname="App.Card.BlackjackCardHandTest" file="/home/h3rmano/dbwebb-kurser/mvc/me/report/tests/BlackjackCardHand/BlackjackCardHandTest.php" line="402" assertions="2" time="0.000726"/>
      <testcase name="testUpdateHandStatusSub21" class="App\Card\BlackjackCardHandTest" classname="App.Card.BlackjackCardHandTest" file="/home/h3rmano/dbwebb-kurser/mvc/me/report/tests/BlackjackCardHand/BlackjackCardHandTest.php" line="428" assertions="2" time="0.000700"/>
    </testsuite>
    <testsuite name="App\Card\BlackjackCardHandlingTest" file="/home/h3rmano/dbwebb-kurser/mvc/me/report/tests/BlackjackCardHandling/BlackjackCardHandlingTest.php" tests="28" assertions="38" errors="0" warnings="0" failures="0" skipped="0" time="0.062306">
      <testcase name="testGetHands" class="App\Card\BlackjackCardHandlingTest" classname="App.Card.BlackjackCardHandlingTest" file="/home/h3rmano/dbwebb-kurser/mvc/me/report/tests/BlackjackCardHandling/BlackjackCardHandlingTest.php" line="15" assertions="1" time="0.016919"/>
      <testcase name="testAddHandsEmpty" class="App\Card\BlackjackCardHandlingTest" classname="App.Card.BlackjackCardHandlingTest" file="/home/h3rmano/dbwebb-kurser/mvc/me/report/tests/BlackjackCardHandling/BlackjackCardHandlingTest.php" line="27" assertions="2" time="0.000836"/>
      <testcase name="testhandsCountNone" class="App\Card\BlackjackCardHandlingTest" classname="App.Card.BlackjackCardHandlingTest" file="/home/h3rmano/dbwebb-kurser/mvc/me/report/tests/BlackjackCardHandling/BlackjackCardHandlingTest.php" line="47" assertions="1" time="0.000698"/>
      <testcase name="testhandsCount" class="App\Card\BlackjackCardHandlingTest" classname="App.Card.BlackjackCardHandlingTest" file="/home/h3rmano/dbwebb-kurser/mvc/me/report/tests/BlackjackCardHandling/BlackjackCardHandlingTest.php" line="62" assertions="1" time="0.000717"/>
      <testcase name="testAddHands" class="App\Card\BlackjackCardHandlingTest" classname="App.Card.BlackjackCardHandlingTest" file="/home/h3rmano/dbwebb-kurser/mvc/me/report/tests/BlackjackCardHandling/BlackjackCardHandlingTest.php" line="86" assertions="3" time="0.000772"/>
      <testcase name="testAddHandsInvalid" class="App\Card\BlackjackCardHandlingTest" classname="App.Card.BlackjackCardHandlingTest" file="/home/h3rmano/dbwebb-kurser/mvc/me/report/tests/BlackjackCardHandling/BlackjackCardHandlingTest.php" line="112" assertions="1" time="0.000695"/>
      <testcase name="testAddCardToPlayerHand" class="App\Card\BlackjackCardHandlingTest" classname="App.Card.BlackjackCardHandlingTest" file="/home/h3rmano/dbwebb-kurser/mvc/me/report/tests/BlackjackCardHandling/BlackjackCardHandlingTest.php" line="127" assertions="1" time="0.000773"/>
      <testcase name="testAddCardToHandWhenNoHand" class="App\Card\BlackjackCardHandlingTest" classname="App.Card.BlackjackCardHandlingTest" file="/home/h3rmano/dbwebb-kurser/mvc/me/report/tests/BlackjackCardHandling/BlackjackCardHandlingTest.php" line="151" assertions="1" time="0.011697"/>
      <testcase name="testSplitPlayerHand" class="App\Card\BlackjackCardHandlingTest" classname="App.Card.BlackjackCardHandlingTest" file="/home/h3rmano/dbwebb-kurser/mvc/me/report/tests/BlackjackCardHandling/BlackjackCardHandlingTest.php" line="165" assertions="2" time="0.001956"/>
      <testcase name="testSplitPlayerHandNegativeIndex" class="App\Card\BlackjackCardHandlingTest" classname="App.Card.BlackjackCardHandlingTest" file="/home/h3rmano/dbwebb-kurser/mvc/me/report/tests/BlackjackCardHandling/BlackjackCardHandlingTest.php" line="191" assertions="2" time="0.001624"/>
      <testcase name="testSplitPlayerHandInvalid" class="App\Card\BlackjackCardHandlingTest" classname="App.Card.BlackjackCardHandlingTest" file="/home/h3rmano/dbwebb-kurser/mvc/me/report/tests/BlackjackCardHandling/BlackjackCardHandlingTest.php" line="219" assertions="1" time="0.001563"/>
      <testcase name="testSplitInactiveHand" class="App\Card\BlackjackCardHandlingTest" classname="App.Card.BlackjackCardHandlingTest" file="/home/h3rmano/dbwebb-kurser/mvc/me/report/tests/BlackjackCardHandling/BlackjackCardHandlingTest.php" line="243" assertions="1" time="0.001566"/>
      <testcase name="testStandHand" class="App\Card\BlackjackCardHandlingTest" classname="App.Card.BlackjackCardHandlingTest" file="/home/h3rmano/dbwebb-kurser/mvc/me/report/tests/BlackjackCardHandling/BlackjackCardHandlingTest.php" line="270" assertions="1" time="0.000691"/>
      <testcase name="testStandHandOutOfBounds" class="App\Card\BlackjackCardHandlingTest" classname="App.Card.BlackjackCardHandlingTest" file="/home/h3rmano/dbwebb-kurser/mvc/me/report/tests/BlackjackCardHandling/BlackjackCardHandlingTest.php" line="292" assertions="1" time="0.000758"/>
      <testcase name="testStandHandOutOfBoundsEmpty" class="App\Card\BlackjackCardHandlingTest" classname="App.Card.BlackjackCardHandlingTest" file="/home/h3rmano/dbwebb-kurser/mvc/me/report/tests/BlackjackCardHandling/BlackjackCardHandlingTest.php" line="314" assertions="1" time="0.000737"/>
      <testcase name="testStandHandNegativeIndex" class="App\Card\BlackjackCardHandlingTest" classname="App.Card.BlackjackCardHandlingTest" file="/home/h3rmano/dbwebb-kurser/mvc/me/report/tests/BlackjackCardHandling/BlackjackCardHandlingTest.php" line="331" assertions="1" time="0.000844"/>
      <testcase name="testUpdateHandStatusActive" class="App\Card\BlackjackCardHandlingTest" classname="App.Card.BlackjackCardHandlingTest" file="/home/h3rmano/dbwebb-kurser/mvc/me/report/tests/BlackjackCardHandling/BlackjackCardHandlingTest.php" line="352" assertions="1" time="0.000910"/>
      <testcase name="testUpdateHandStatusBust" class="App\Card\BlackjackCardHandlingTest" classname="App.Card.BlackjackCardHandlingTest" file="/home/h3rmano/dbwebb-kurser/mvc/me/report/tests/BlackjackCardHandling/BlackjackCardHandlingTest.php" line="373" assertions="1" time="0.000792"/>
      <testcase name="testUpdateHandStatus21" class="App\Card\BlackjackCardHandlingTest" classname="App.Card.BlackjackCardHandlingTest" file="/home/h3rmano/dbwebb-kurser/mvc/me/report/tests/BlackjackCardHandling/BlackjackCardHandlingTest.php" line="399" assertions="1" time="0.000832"/>
      <testcase name="testActiveHandsCount" class="App\Card\BlackjackCardHandlingTest" classname="App.Card.BlackjackCardHandlingTest" file="/home/h3rmano/dbwebb-kurser/mvc/me/report/tests/BlackjackCardHandling/BlackjackCardHandlingTest.php" line="423" assertions="1" time="0.002855"/>
      <testcase name="testActiveHandsCountZero" class="App\Card\BlackjackCardHandlingTest" classname="App.Card.BlackjackCardHandlingTest" file="/home/h3rmano/dbwebb-kurser/mvc/me/report/tests/BlackjackCardHandling/BlackjackCardHandlingTest.php" line="447" assertions="1" time="0.000784"/>
      <testcase name="testActiveHandsCount21" class="App\Card\BlackjackCardHandlingTest" classname="App.Card.BlackjackCardHandlingTest" file="/home/h3rmano/dbwebb-kurser/mvc/me/report/tests/BlackjackCardHandling/BlackjackCardHandlingTest.php" line="465" assertions="1" time="0.000870"/>
      <testcase name="testActiveHandsCountBust" class="App\Card\BlackjackCardHandlingTest" classname="App.Card.BlackjackCardHandlingTest" file="/home/h3rmano/dbwebb-kurser/mvc/me/report/tests/BlackjackCardHandling/BlackjackCardHandlingTest.php" line="487" assertions="1" time="0.000907"/>
      <testcase name="testactiveTurnStatusUnchanged" class="App\Card\BlackjackCardHandlingTest" classname="App.Card.BlackjackCardHandlingTest" file="/home/h3rmano/dbwebb-kurser/mvc/me/report/tests/BlackjackCardHandling/BlackjackCardHandlingTest.php" line="511" assertions="1" time="0.000934"/>
      <testcase name="testactiveTurnStatusChanged" class="App\Card\BlackjackCardHandlingTest" classname="App.Card.BlackjackCardHandlingTest" file="/home/h3rmano/dbwebb-kurser/mvc/me/report/tests/BlackjackCardHandling/BlackjackCardHandlingTest.php" line="550" assertions="1" time="0.001252"/>
      <testcase name="testResetHands" class="App\Card\BlackjackCardHandlingTest" classname="App.Card.BlackjackCardHandlingTest" file="/home/h3rmano/dbwebb-kurser/mvc/me/report/tests/BlackjackCardHandling/BlackjackCardHandlingTest.php" line="585" assertions="6" time="0.000908"/>
      <testcase name="testGetCardsInHandAsUnicode" class="App\Card\BlackjackCardHandlingTest" classname="App.Card.BlackjackCardHandlingTest" file="/home/h3rmano/dbwebb-kurser/mvc/me/report/tests/BlackjackCardHandling/BlackjackCardHandlingTest.php" line="632" assertions="1" time="0.000805"/>
      <testcase name="testGetCardsInHandAsUnicodeNoHands" class="App\Card\BlackjackCardHandlingTest" classname="App.Card.BlackjackCardHandlingTest" file="/home/h3rmano/dbwebb-kurser/mvc/me/report/tests/BlackjackCardHandling/BlackjackCardHandlingTest.php" line="656" assertions="1" time="0.007611"/>
    </testsuite>
    <testsuite name="App\Card\BlackjackDealerTest" file="/home/h3rmano/dbwebb-kurser/mvc/me/report/tests/BlackjackDealer/BlackjackDealerTest.php" tests="3" assertions="3" errors="0" warnings="0" failures="0" skipped="0" time="0.013864">
      <testcase name="testCreateNoArguments" class="App\Card\BlackjackDealerTest" classname="App.Card.BlackjackDealerTest" file="/home/h3rmano/dbwebb-kurser/mvc/me/report/tests/BlackjackDealer/BlackjackDealerTest.php" line="14" assertions="1" time="0.012298"/>
      <testcase name="testCreateNameNoHands" class="App\Card\BlackjackDealerTest" classname="App.Card.BlackjackDealerTest" file="/home/h3rmano/dbwebb-kurser/mvc/me/report/tests/BlackjackDealer/BlackjackDealerTest.php" line="24" assertions="1" time="0.000805"/>
      <testcase name="testCreateWithOneHand" class="App\Card\BlackjackDealerTest" classname="App.Card.BlackjackDealerTest" file="/home/h3rmano/dbwebb-kurser/mvc/me/report/tests/BlackjackDealer/BlackjackDealerTest.php" line="34" assertions="1" time="0.000760"/>
    </testsuite>
    <testsuite name="App\Card\BlackjackGameResultsTest" file="/home/h3rmano/dbwebb-kurser/mvc/me/report/tests/BlackjackGameResults/BlackjackGameResultsTest.php" tests="13" assertions="28" errors="0" warnings="0" failures="0" skipped="0" time="0.076809">
      <testcase name="testCreateGameResults" class="App\Card\BlackjackGameResultsTest" classname="App.Card.BlackjackGameResultsTest" file="/home/h3rmano/dbwebb-kurser/mvc/me/report/tests/BlackjackGameResults/BlackjackGameResultsTest.php" line="16" assertions="1" time="0.010773"/>
      <testcase name="testgetGameDecidedFalse" class="App\Card\BlackjackGameResultsTest" classname="App.Card.BlackjackGameResultsTest" file="/home/h3rmano/dbwebb-kurser/mvc/me/report/tests/BlackjackGameResults/BlackjackGameResultsTest.php" line="30" assertions="1" time="0.000733"/>
      <testcase name="testGameDecidedWhenPlayerOutOfChips" class="App\Card\BlackjackGameResultsTest" classname="App.Card.BlackjackGameResultsTest" file="/home/h3rmano/dbwebb-kurser/mvc/me/report/tests/BlackjackGameResults/BlackjackGameResultsTest.php" line="44" assertions="1" time="0.000748"/>
      <testcase name="testGameDecidedWhenDealerOutOfChips" class="App\Card\BlackjackGameResultsTest" classname="App.Card.BlackjackGameResultsTest" file="/home/h3rmano/dbwebb-kurser/mvc/me/report/tests/BlackjackGameResults/BlackjackGameResultsTest.php" line="60" assertions="1" time="0.000785"/>
      <testcase name="testPlayerWinsRoundDealerBust" class="App\Card\BlackjackGameResultsTest" classname="App.Card.BlackjackGameResultsTest" file="/home/h3rmano/dbwebb-kurser/mvc/me/report/tests/BlackjackGameResults/BlackjackGameResultsTest.php" line="80" assertions="3" time="0.001990"/>
      <testcase name="testPlayerWinsRoundDealerLower" class="App\Card\BlackjackGameResultsTest" classname="App.Card.BlackjackGameResultsTest" file="/home/h3rmano/dbwebb-kurser/mvc/me/report/tests/BlackjackGameResults/BlackjackGameResultsTest.php" line="118" assertions="3" time="0.001049"/>
      <testcase name="testDealerWinsRoundPlayerBust" class="App\Card\BlackjackGameResultsTest" classname="App.Card.BlackjackGameResultsTest" file="/home/h3rmano/dbwebb-kurser/mvc/me/report/tests/BlackjackGameResults/BlackjackGameResultsTest.php" line="157" assertions="3" time="0.001026"/>
      <testcase name="testDealerWinsRoundPlayerLower" class="App\Card\BlackjackGameResultsTest" classname="App.Card.BlackjackGameResultsTest" file="/home/h3rmano/dbwebb-kurser/mvc/me/report/tests/BlackjackGameResults/BlackjackGameResultsTest.php" line="196" assertions="3" time="0.001084"/>
      <testcase name="testDrawnRound" class="App\Card\BlackjackGameResultsTest" classname="App.Card.BlackjackGameResultsTest" file="/home/h3rmano/dbwebb-kurser/mvc/me/report/tests/BlackjackGameResults/BlackjackGameResultsTest.php" line="233" assertions="3" time="0.001186"/>
      <testcase name="testDrawnRoundBothBust" class="App\Card\BlackjackGameResultsTest" classname="App.Card.BlackjackGameResultsTest" file="/home/h3rmano/dbwebb-kurser/mvc/me/report/tests/BlackjackGameResults/BlackjackGameResultsTest.php" line="271" assertions="3" time="0.001069"/>
      <testcase name="testDecideBlackjackRoundResultsFormatting" class="App\Card\BlackjackGameResultsTest" classname="App.Card.BlackjackGameResultsTest" file="/home/h3rmano/dbwebb-kurser/mvc/me/report/tests/BlackjackGameResults/BlackjackGameResultsTest.php" line="311" assertions="4" time="0.002055"/>
      <testcase name="testEstablishSession" class="App\Card\BlackjackGameResultsTest" classname="App.Card.BlackjackGameResultsTest" file="/home/h3rmano/dbwebb-kurser/mvc/me/report/tests/BlackjackGameResults/BlackjackGameResultsTest.php" line="349" assertions="1" time="0.038549"/>
      <testcase name="testClearSession" class="App\Card\BlackjackGameResultsTest" classname="App.Card.BlackjackGameResultsTest" file="/home/h3rmano/dbwebb-kurser/mvc/me/report/tests/BlackjackGameResults/BlackjackGameResultsTest.php" line="368" assertions="1" time="0.015761"/>
    </testsuite>
    <testsuite name="App\Card\BlackjackPlayerTest" file="/home/h3rmano/dbwebb-kurser/mvc/me/report/tests/BlackjackPlayer/BlackjackPlayerTest.php" tests="20" assertions="25" errors="0" warnings="0" failures="0" skipped="0" time="0.026134">
      <testcase name="testCreateNoArguments" class="App\Card\BlackjackPlayerTest" classname="App.Card.BlackjackPlayerTest" file="/home/h3rmano/dbwebb-kurser/mvc/me/report/tests/BlackjackPlayer/BlackjackPlayerTest.php" line="16" assertions="1" time="0.000671"/>
      <testcase name="testCreateNameNoHands" class="App\Card\BlackjackPlayerTest" classname="App.Card.BlackjackPlayerTest" file="/home/h3rmano/dbwebb-kurser/mvc/me/report/tests/BlackjackPlayer/BlackjackPlayerTest.php" line="28" assertions="1" time="0.000657"/>
      <testcase name="testCreateNameHand" class="App\Card\BlackjackPlayerTest" classname="App.Card.BlackjackPlayerTest" file="/home/h3rmano/dbwebb-kurser/mvc/me/report/tests/BlackjackPlayer/BlackjackPlayerTest.php" line="40" assertions="1" time="0.000712"/>
      <testcase name="testCreateNameHands" class="App\Card\BlackjackPlayerTest" classname="App.Card.BlackjackPlayerTest" file="/home/h3rmano/dbwebb-kurser/mvc/me/report/tests/BlackjackPlayer/BlackjackPlayerTest.php" line="54" assertions="1" time="0.000764"/>
      <testcase name="testGetPlayerName" class="App\Card\BlackjackPlayerTest" classname="App.Card.BlackjackPlayerTest" file="/home/h3rmano/dbwebb-kurser/mvc/me/report/tests/BlackjackPlayer/BlackjackPlayerTest.php" line="71" assertions="1" time="0.001159"/>
      <testcase name="testIsActiveTurnDefaultTrue" class="App\Card\BlackjackPlayerTest" classname="App.Card.BlackjackPlayerTest" file="/home/h3rmano/dbwebb-kurser/mvc/me/report/tests/BlackjackPlayer/BlackjackPlayerTest.php" line="83" assertions="1" time="0.000691"/>
      <testcase name="testDeactivateTurn" class="App\Card\BlackjackPlayerTest" classname="App.Card.BlackjackPlayerTest" file="/home/h3rmano/dbwebb-kurser/mvc/me/report/tests/BlackjackPlayer/BlackjackPlayerTest.php" line="94" assertions="2" time="0.000755"/>
      <testcase name="testActivateTurn" class="App\Card\BlackjackPlayerTest" classname="App.Card.BlackjackPlayerTest" file="/home/h3rmano/dbwebb-kurser/mvc/me/report/tests/BlackjackPlayer/BlackjackPlayerTest.php" line="110" assertions="3" time="0.000705"/>
      <testcase name="testGetChipCount" class="App\Card\BlackjackPlayerTest" classname="App.Card.BlackjackPlayerTest" file="/home/h3rmano/dbwebb-kurser/mvc/me/report/tests/BlackjackPlayer/BlackjackPlayerTest.php" line="129" assertions="1" time="0.000646"/>
      <testcase name="testGetChipCountCustom" class="App\Card\BlackjackPlayerTest" classname="App.Card.BlackjackPlayerTest" file="/home/h3rmano/dbwebb-kurser/mvc/me/report/tests/BlackjackPlayer/BlackjackPlayerTest.php" line="140" assertions="1" time="0.000637"/>
      <testcase name="testGetChipCountCustomZero" class="App\Card\BlackjackPlayerTest" classname="App.Card.BlackjackPlayerTest" file="/home/h3rmano/dbwebb-kurser/mvc/me/report/tests/BlackjackPlayer/BlackjackPlayerTest.php" line="151" assertions="1" time="0.000723"/>
      <testcase name="testWagerNoChips" class="App\Card\BlackjackPlayerTest" classname="App.Card.BlackjackPlayerTest" file="/home/h3rmano/dbwebb-kurser/mvc/me/report/tests/BlackjackPlayer/BlackjackPlayerTest.php" line="162" assertions="1" time="0.000863"/>
      <testcase name="testWagerChipsWithSpecificAmount" class="App\Card\BlackjackPlayerTest" classname="App.Card.BlackjackPlayerTest" file="/home/h3rmano/dbwebb-kurser/mvc/me/report/tests/BlackjackPlayer/BlackjackPlayerTest.php" line="177" assertions="1" time="0.000735"/>
      <testcase name="testWagerNotEnoughChips" class="App\Card\BlackjackPlayerTest" classname="App.Card.BlackjackPlayerTest" file="/home/h3rmano/dbwebb-kurser/mvc/me/report/tests/BlackjackPlayer/BlackjackPlayerTest.php" line="191" assertions="1" time="0.012009"/>
      <testcase name="testgetChipsInPlayCount" class="App\Card\BlackjackPlayerTest" classname="App.Card.BlackjackPlayerTest" file="/home/h3rmano/dbwebb-kurser/mvc/me/report/tests/BlackjackPlayer/BlackjackPlayerTest.php" line="204" assertions="2" time="0.000743"/>
      <testcase name="testAddChips" class="App\Card\BlackjackPlayerTest" classname="App.Card.BlackjackPlayerTest" file="/home/h3rmano/dbwebb-kurser/mvc/me/report/tests/BlackjackPlayer/BlackjackPlayerTest.php" line="218" assertions="1" time="0.000688"/>
      <testcase name="testAddChipsZero" class="App\Card\BlackjackPlayerTest" classname="App.Card.BlackjackPlayerTest" file="/home/h3rmano/dbwebb-kurser/mvc/me/report/tests/BlackjackPlayer/BlackjackPlayerTest.php" line="229" assertions="1" time="0.000663"/>
      <testcase name="testResetChipsInPlay" class="App\Card\BlackjackPlayerTest" classname="App.Card.BlackjackPlayerTest" file="/home/h3rmano/dbwebb-kurser/mvc/me/report/tests/BlackjackPlayer/BlackjackPlayerTest.php" line="241" assertions="2" time="0.000680"/>
      <testcase name="testGetPlayerDetailsJsonEmptyHand" class="App\Card\BlackjackPlayerTest" classname="App.Card.BlackjackPlayerTest" file="/home/h3rmano/dbwebb-kurser/mvc/me/report/tests/BlackjackPlayer/BlackjackPlayerTest.php" line="258" assertions="1" time="0.000828"/>
      <testcase name="testGetPlayerDetailsJsonValidHand" class="App\Card\BlackjackPlayerTest" classname="App.Card.BlackjackPlayerTest" file="/home/h3rmano/dbwebb-kurser/mvc/me/report/tests/BlackjackPlayer/BlackjackPlayerTest.php" line="273" assertions="1" time="0.000806"/>
    </testsuite>
    <testsuite name="App\Card\CardTest" file="/home/h3rmano/dbwebb-kurser/mvc/me/report/tests/Card/CardTest.php" tests="12" assertions="17" errors="0" warnings="0" failures="0" skipped="0" time="0.011047">
      <testcase name="testCreateCardNoArguments" class="App\Card\CardTest" classname="App.Card.CardTest" file="/home/h3rmano/dbwebb-kurser/mvc/me/report/tests/Card/CardTest.php" line="17" assertions="1" time="0.000705"/>
      <testcase name="testCreateCardInvalidArguments" class="App\Card\CardTest" classname="App.Card.CardTest" file="/home/h3rmano/dbwebb-kurser/mvc/me/report/tests/Card/CardTest.php" line="26" assertions="1" time="0.000649"/>
      <testcase name="testCreateCardInsufficientArguments" class="App\Card\CardTest" classname="App.Card.CardTest" file="/home/h3rmano/dbwebb-kurser/mvc/me/report/tests/Card/CardTest.php" line="36" assertions="1" time="0.000659"/>
      <testcase name="testCreateCardWithValidArguments" class="App\Card\CardTest" classname="App.Card.CardTest" file="/home/h3rmano/dbwebb-kurser/mvc/me/report/tests/Card/CardTest.php" line="45" assertions="2" time="0.003315"/>
      <testcase name="testGetValue" class="App\Card\CardTest" classname="App.Card.CardTest" file="/home/h3rmano/dbwebb-kurser/mvc/me/report/tests/Card/CardTest.php" line="57" assertions="1" time="0.000633"/>
      <testcase name="testGetRank" class="App\Card\CardTest" classname="App.Card.CardTest" file="/home/h3rmano/dbwebb-kurser/mvc/me/report/tests/Card/CardTest.php" line="73" assertions="1" time="0.000643"/>
      <testcase name="testGetSuit" class="App\Card\CardTest" classname="App.Card.CardTest" file="/home/h3rmano/dbwebb-kurser/mvc/me/report/tests/Card/CardTest.php" line="89" assertions="1" time="0.000742"/>
      <testcase name="testGetColor" class="App\Card\CardTest" classname="App.Card.CardTest" file="/home/h3rmano/dbwebb-kurser/mvc/me/report/tests/Card/CardTest.php" line="105" assertions="1" time="0.000607"/>
      <testcase name="testGetCardAsInt" class="App\Card\CardTest" classname="App.Card.CardTest" file="/home/h3rmano/dbwebb-kurser/mvc/me/report/tests/Card/CardTest.php" line="121" assertions="1" time="0.000614"/>
      <testcase name="testGetBackOfCard" class="App\Card\CardTest" classname="App.Card.CardTest" file="/home/h3rmano/dbwebb-kurser/mvc/me/report/tests/Card/CardTest.php" line="138" assertions="1" time="0.000676"/>
      <testcase name="testIsFaceCard" class="App\Card\CardTest" classname="App.Card.CardTest" file="/home/h3rmano/dbwebb-kurser/mvc/me/report/tests/Card/CardTest.php" line="154" assertions="5" time="0.000759"/>
      <testcase name="testGetAsString" class="App\Card\CardTest" classname="App.Card.CardTest" file="/home/h3rmano/dbwebb-kurser/mvc/me/report/tests/Card/CardTest.php" line="190" assertions="1" time="0.001045"/>
    </testsuite>
    <testsuite name="App\Tests\Controller\BookControllerTest" file="/home/h3rmano/dbwebb-kurser/mvc/me/report/tests/Controller/BookControllerTest.php" tests="1" assertions="1" errors="0" warnings="0" failures="0" skipped="0" time="5.143164">
      <testcase name="testIndex" class="App\Tests\Controller\BookControllerTest" classname="App.Tests.Controller.BookControllerTest" file="/home/h3rmano/dbwebb-kurser/mvc/me/report/tests/Controller/BookControllerTest.php" line="9" assertions="1" time="5.143164"/>
    </testsuite>
    <testsuite name="App\Tests\Controller\BoookControllerTest" file="/home/h3rmano/dbwebb-kurser/mvc/me/report/tests/Controller/BoookControllerTest.php" tests="1" assertions="1" errors="0" warnings="0" failures="1" skipped="0" time="1.249329">
      <testcase name="testIndex" class="App\Tests\Controller\BoookControllerTest" classname="App.Tests.Controller.BoookControllerTest" file="/home/h3rmano/dbwebb-kurser/mvc/me/report/tests/Controller/BoookControllerTest.php" line="9" assertions="1" time="1.249329">
        <failure type="PHPUnit\Framework\ExpectationFailedException">App\Tests\Controller\BoookControllerTest::testIndex
Failed asserting that the Response is successful.
HTTP/1.1 404 Not Found&#13;
Cache-Control:          no-cache, private&#13;
Content-Type:           text/html; charset=UTF-8&#13;
Date:                   Tue, 27 May 2025 02:03:01 GMT&#13;
Vary:                   Accept&#13;
X-Debug-Exception:      No%20route%20found%20for%20%22GET%20http%3A%2F%2Flocalhost%2Fboook%22&#13;
X-Debug-Exception-File: %2Fhome%2Fh3rmano%2Fdbwebb-kurser%2Fmvc%2Fme%2Freport%2Fvendor%2Fsymfony%2Fhttp-kernel%2FEventListener%2FRouterListener.php:149&#13;
X-Robots-Tag:           noindex&#13;
&#13;
&lt;!-- No route found for &amp;quot;GET http://localhost/boook&amp;quot; (404 Not Found) --&gt;
&lt;!DOCTYPE html&gt;
&lt;html lang="en"&gt;
    &lt;head&gt;
        &lt;meta charset="UTF-8" /&gt;
        &lt;meta name="robots" content="noindex,nofollow" /&gt;
        &lt;meta name="viewport" content="width=device-width,initial-scale=1" /&gt;
        &lt;title&gt;No route found for &amp;quot;GET http://localhost/boook&amp;quot; (404 Not Found)&lt;/title&gt;
        &lt;link rel="icon" type="image/png" href="data:image/png;base64,iVBORw0KGgoAAAANSUhEUgAAABwAAAAgCAYAAAABtRhCAAADVUlEQVRIx82XX0jTURTHLYPyqZdefQx66CEo80+aYpoIkqzUikz6Z5klQoWUWYRIJYEUGpQ+lIr9U5dOTLdCtkmWZis3rbnC5fw/neYW002307mX/cZvP3/7o1PwwOdh95x7vnf39zvnd29AgBer2xO6DclAXiMqZAqxIiNIN/IYSUS2BPhjmGATchUxI+ADWiRhpWK7HKuHFVBFdmU5YvnI4grFGCaReF/EBH4KsZlGgj2JBTuCYBWRIYF8YoEOJ6wBt/gEs7mBbyOjQXruPLSdOgPCiEiPSUUHDoL8Ug5IUo9B/d5wrt+G7OAKNrODPuVdB6vRCIzN6SdBlpW9RIgk/1FeAXabzRlrUPVCS/JhbmwudztnGeeH9AyXBIwtmM3wLinZJZHifjHw2V+NBoRh+9ixQrbgbnaSIcl7cGea6hoXQbNe7za241oeO5Z0p42M4BV2EqP2D50wo+6HzvwC6C4sApNOR8cmOrtcnhtj2kYRyC9eBvXzKrBZrXSs72kFd1t3MoKVbMekQkEnSNKOO8fac3LpmK6l1TlGtsxmsdKFsecPYgwxst0cwROMYDXboSotg0WLBRqjY51jLYcENElXwW2XJKPydvoI2GN9T8rBtrAArYIUruBJXkFheCQYlCpQP6uk5dAQFQNaUROMSGVQFxLmkoQsxDJrhLbTZ+nvVsERME9MgPJRKV/58AsyomTSzE813WLFvWK++qI0xSfQl8k8Pg46sYRuv5t6dS+4RqxDwaa4BGjYH+NTQvKScIp9+YL/hoZh3jDtLRHtt2C3g6bmhX+CpsFBWg7ilDSPgj0lD2ncr5ev/BP8VvyAJhqVyZeUhPOrEhEFxgEtjft846Z/guQTNT89Q5P9flMLoth4F7808wKtWWKzAwNQHxrh/1vaid2F+XpYTSbQf1XA2McOmOpROnvpvMEA4tSjq1cW0sws2gCYxswY6TKkvzYnJq1NHZLnRU4BX+4U0uburvusu8Kv8iHY7qefkM4IFngJHEOUXmLEPgiGsI8YnlZILit3vSSLRTQe/MPIZva5pshNIEmyFQlCvruJKXPkCEfmePzkphXHdzZNQdoRI9KPlBAxlj/I8U97ERPS5bjGbWDFbEdqHVe5caTBeZZx2H/IMvzeN15yoQAAAABJRU5ErkJggg==" /&gt;
        &lt;style&gt;/* This file is based on WebProfilerBundle/Resources/views/Profiler/profiler.css.twig.
   If you make any change in this file, verify the same change is needed in the other file. */
:root {
    --font-sans-serif: Helvetica, Arial, sans-serif;
    --page-background: #f9f9f9;
    --color-text: #222;
    /* when updating any of these colors, do the same in toolbar.css.twig */
    --color-success: #4f805d;
    --color-warning: #a46a1f;
    --color-error: #b0413e;
    --color-muted: #999;
    --tab-background: #f0f0f0;
    --tab-border-color: #e5e5e5;
    --tab-active-border-color: #d4d4d4;
    --tab-color: #444;
    --tab-active-background: #fff;
    --tab-active-color: var(--color-text);
    --tab-disabled-background: #f5f5f5;
    --tab-disabled-color: #999;
    --selected-badge-background: #e5e5e5;
    --selected-badge-color: #525252;
    --selected-badge-shadow: inset 0 0 0 1px #d4d4d4;
    --selected-badge-warning-background: #fde496;
    --selected-badge-warning-color: #785b02;
    --selected-badge-warning-shadow: inset 0 0 0 1px #e6af05;
    --selected-badge-danger-background: #FCE9ED;
    --selected-badge-danger-color: #83122A;
    --selected-badge-danger-shadow: inset 0 0 0 1px #F5B8C5;
    --metric-value-background: #fff;
    --metric-value-color: inherit;
    --metric-unit-color: #999;
    --metric-label-background: #e0e0e0;
    --metric-label-color: inherit;
    --table-border: #e0e0e0;
    --table-background: #fff;
    --table-header: #e0e0e0;
    --trace-selected-background: #F7E5A1;
    --tree-active-background: #F7E5A1;
    --exception-title-color: var(--base-2);
    --shadow: 0px 0px 1px rgba(128, 128, 128, .2);
    --border: 1px solid #e0e0e0;
    --background-error: var(--color-error);
    --highlight-comment: #969896;
    --highlight-default: #222222;
    --highlight-keyword: #a71d5d;
    --highlight-string: #183691;
    --base-0: #fff;
    --base-1: #f5f5f5;
    --base-2: #e0e0e0;
    --base-3: #ccc;
    --base-4: #666;
    --base-5: #444;
    --base-6: #222;
}

.theme-dark {
    --page-background: #36393e;
    --color-text: #e0e0e0;
    --color-muted: #777;
    --color-error: #f76864;
    --tab-background: #404040;
    --tab-border-color: #737373;
    --tab-active-border-color: #171717;
    --tab-color: var(--color-text);
    --tab-active-background: #d4d4d4;
    --tab-active-color: #262626;
    --tab-disabled-background: var(--page-background);
    --tab-disabled-color: #a3a3a3;
    --selected-badge-background: #555;
    --selected-badge-color: #ddd;
    --selected-badge-shadow: none;
    --selected-badge-warning-background: #fcd55f;
    --selected-badge-warning-color: #785b02;
    --selected-badge-warning-shadow: inset 0 0 0 1px #af8503;
    --selected-badge-danger-background: #B41939;
    --selected-badge-danger-color: #FCE9ED;
    --selected-badge-danger-shadow: none;
    --metric-value-background: #555;
    --metric-value-color: inherit;
    --metric-unit-color: #999;
    --metric-label-background: #777;
    --metric-label-color: #e0e0e0;
    --trace-selected-background: #5d5227cc;
    --table-border: #444;
    --table-background: #333;
    --table-header: #555;
    --info-background: rgba(79, 148, 195, 0.5);
    --tree-active-background: var(--metric-label-background);
    --exception-title-color: var(--base-2);
    --shadow: 0px 0px 1px rgba(32, 32, 32, .2);
    --border: 1px solid #666;
    --background-error: #b0413e;
    --highlight-comment: #dedede;
    --highlight-default: var(--base-6);
    --highlight-keyword: #de8986;
    --highlight-string: #70a6fd;
    --base-0: #2e3136;
    --base-1: #444;
    --base-2: #666;
    --base-3: #666;
    --base-4: #666;
    --base-5: #e0e0e0;
    --base-6: #f5f5f5;
    --card-label-background: var(--tab-active-background);
    --card-label-color: var(--tab-active-color);
}

html{font-family:sans-serif;-webkit-text-size-adjust:100%;-ms-text-size-adjust:100%}body{margin:0}article,aside,details,figcaption,figure,footer,header,hgroup,main,menu,nav,section{display:block}audio,canvas,progress,video{display:inline-block;vertical-align:baseline}audio:not([controls]){display:none;height:0}[hidden],template{display:none}a{background-color:transparent}a:active,a:hover{outline:0}abbr[title]{border-bottom:1px dotted}b,strong{font-weight:700}dfn{font-style:italic}h1{margin:.67em 0;font-size:2em}mark{color:#000;background:#ff0}small{font-size:80%}sub,sup{position:relative;font-size:75%;line-height:0;vertical-align:baseline}sup{top:-.5em}sub{bottom:-.25em}img{border:0}svg:not(:root){overflow:hidden}figure{margin:1em 40px}hr{height:0;-webkit-box-sizing:content-box;-moz-box-sizing:content-box;box-sizing:content-box}pre{overflow:auto}code,kbd,pre,samp{font-family:monospace,monospace;font-size:1em}button,input,optgroup,select,textarea{margin:0;font:inherit;color:inherit}button{overflow:visible}button,select{text-transform:none}button,html input[type="button"],input[type="reset"],input[type="submit"]{-webkit-appearance:button;cursor:pointer}button[disabled],html input[disabled]{cursor:default}button::-moz-focus-inner,input::-moz-focus-inner{padding:0;border:0}input{line-height:normal}input[type="checkbox"],input[type="radio"]{-webkit-box-sizing:border-box;-moz-box-sizing:border-box;box-sizing:border-box;padding:0}input[type="number"]::-webkit-inner-spin-button,input[type="number"]::-webkit-outer-spin-button{height:auto}input[type="search"]{-webkit-box-sizing:content-box;-moz-box-sizing:content-box;box-sizing:content-box;-webkit-appearance:textfield}input[type="search"]::-webkit-search-cancel-button,input[type="search"]::-webkit-search-decoration{-webkit-appearance:none}fieldset{padding:.35em .625em .75em;margin:0 2px;border:1px solid silver}legend{padding:0;border:0}textarea{overflow:auto}optgroup{font-weight:700}table{border-spacing:0;border-collapse:collapse}td,th{padding:0}summary{cursor: pointer}

html {
    /* always display the vertical scrollbar to avoid jumps when toggling contents */
    overflow-y: scroll;
}
body { background-color: var(--page-background); color: var(--base-6); font: 14px/1.4 Helvetica, Arial, sans-serif; padding-bottom: 45px; }

a { cursor: pointer; text-decoration: none; }
a:hover { text-decoration: underline; }
abbr[title] { border-bottom: none; cursor: help; text-decoration: none; }

code, pre { font: 13px/1.5 Consolas, Monaco, Menlo, "Ubuntu Mono", "Liberation Mono", monospace; }

table, tr, th, td { background: var(--base-0); border-collapse: collapse; vertical-align: top; }
table { background: var(--base-0); border: var(--border); box-shadow: 0px 0px 1px rgba(128, 128, 128, .2); margin: 1em 0; width: 100%; }
table th, table td { border: solid var(--base-2); border-width: 1px 0; padding: 8px 10px; }
table th { background-color: var(--base-2); font-weight: bold; text-align: left; }

.m-t-5 { margin-top: 5px; }
.hidden-xs-down { display: none; }
.block { display: block; }
.full-width { width: 100%; }
.hidden { display: none; }
.prewrap { white-space: pre-wrap; }
.nowrap { white-space: nowrap; }
.newline { display: block; }
.break-long-words { word-wrap: break-word; overflow-wrap: break-word; -webkit-hyphens: auto; -moz-hyphens: auto; hyphens: auto; hyphenate-character: ''; min-width: 0; }
.text-small { font-size: 12px !important; }
.text-muted { color: #999; }
.text-bold { font-weight: bold; }
.empty { border: 4px dashed var(--base-2); color: #999; margin: 1em 0; padding: .5em 2em; }

.status-success { background: rgba(94, 151, 110, 0.3); }
.status-warning { background: rgba(240, 181, 24, 0.3); }
.status-error { background: rgba(176, 65, 62, 0.2); }
.status-success td, .status-warning td, .status-error td { background: transparent; }
tr.status-error td, tr.status-warning td { border-bottom: 1px solid var(--base-2); border-top: 1px solid var(--base-2); }
.status-warning .colored { color: #A46A1F; }
.status-error .colored  { color: var(--color-error); }

.sf-toggle { cursor: pointer; position: relative; }
.sf-toggle-content { -moz-transition: display .25s ease; -webkit-transition: display .25s ease; transition: display .25s ease; }
.sf-toggle-content.sf-toggle-hidden { display: none; }
.sf-toggle-content.sf-toggle-visible { display: block; }
thead.sf-toggle-content.sf-toggle-visible, tbody.sf-toggle-content.sf-toggle-visible { display: table-row-group; }
.sf-toggle-off .icon-close, .sf-toggle-on .icon-open { display: none; }
.sf-toggle-off .icon-open, .sf-toggle-on .icon-close { display: block; }

.tab-navigation {
    background-color: var(--tab-background);
    border-radius: 6px;
    box-shadow: inset 0 0 0 1px var(--tab-border-color), 0 0 0 5px var(--page-background);
    display: inline-flex;
    flex-wrap: wrap;
    margin: 0 0 15px;
    padding: 0;
    user-select: none;
    -webkit-user-select: none;
}
.sf-tabs-sm .tab-navigation {
    box-shadow: inset 0 0 0 1px var(--tab-border-color), 0 0 0 4px var(--page-background);
    margin: 0 0 10px;
}
.tab-navigation .tab-control {
    background: transparent;
    border: 0;
    box-shadow: none;
    transition: box-shadow .05s ease-in, background-color .05s ease-in;
    cursor: pointer;
    font-size: 14px;
    font-weight: 500;
    line-height: 1.4;
    margin: 0;
    padding: 4px 14px;
    position: relative;
    text-align: center;
    z-index: 1;
}
.sf-tabs-sm .tab-navigation .tab-control {
    font-size: 13px;
    padding: 2.5px 10px;
}
.tab-navigation .tab-control:before {
    background: var(--tab-border-color);
    bottom: 15%;
    content: "";
    left: 0;
    position: absolute;
    top: 15%;
    width: 1px;
}
.tab-navigation .tab-control:first-child:before,
.tab-navigation .tab-control.active + .tab-control:before,
.tab-navigation .tab-control.active:before {
    width: 0;
}
.tab-navigation .tab-control .badge {
    background: var(--selected-badge-background);
    box-shadow: var(--selected-badge-shadow);
    color: var(--selected-badge-color);
    display: inline-block;
    font-size: 12px;
    font-weight: bold;
    line-height: 1;
    margin-left: 8px;
    min-width: 10px;
    padding: 2px 6px;
    text-align: center;
    white-space: nowrap;
}
.tab-navigation .tab-control.disabled {
    color: var(--tab-disabled-color);
}
.tab-navigation .tab-control.active {
    background-color: var(--tab-active-background);
    border-radius: 6px;
    box-shadow: inset 0 0 0 1.5px var(--tab-active-border-color);
    color: var(--tab-active-color);
    position: relative;
    z-index: 1;
}
.theme-dark .tab-navigation li.active {
    box-shadow: inset 0 0 0 1px var(--tab-border-color);
}
.tab-content &gt; *:first-child {
    margin-top: 0;
}
.tab-navigation .tab-control .badge.status-warning {
    background: var(--selected-badge-warning-background);
    box-shadow: var(--selected-badge-warning-shadow);
    color: var(--selected-badge-warning-color);
}
.tab-navigation .tab-control .badge.status-error {
    background: var(--selected-badge-danger-background);
    box-shadow: var(--selected-badge-danger-shadow);
    color: var(--selected-badge-danger-color);
}

.sf-tabs .tab:not(:first-child) { display: none; }

[data-filters] { position: relative; }
[data-filtered] { cursor: pointer; }
[data-filtered]:after { content: '\00a0\25BE'; }
[data-filtered]:hover .filter-list li { display: inline-flex; }
[class*="filter-hidden-"] { display: none; }
.filter-list { position: absolute; border: var(--border); box-shadow: var(--shadow); margin: 0; padding: 0; display: flex; flex-direction: column; }
.filter-list :after { content: ''; }
.filter-list li {
    background: var(--tab-disabled-background);
    border-bottom: var(--border);
    color: var(--tab-disabled-color);
    display: none;
    list-style: none;
    margin: 0;
    padding: 5px 10px;
    text-align: left;
    font-weight: normal;
}
.filter-list li.active {
    background: var(--tab-background);
    color: var(--tab-color);
}
.filter-list li.last-active {
    background: var(--tab-active-background);
    color: var(--tab-active-color);
}

.filter-list-level li { cursor: s-resize; }
.filter-list-level li.active { cursor: n-resize; }
.filter-list-level li.last-active { cursor: default; }
.filter-list-level li.last-active:before { content: '\2714\00a0'; }
.filter-list-choice li:before { content: '\2714\00a0'; color: transparent; }
.filter-list-choice li.active:before { color: unset; }

.container { max-width: 1024px; margin: 0 auto; padding: 0 15px; }
.container::after { content: ""; display: table; clear: both; }

header { background-color: #222; color: rgba(255, 255, 255, 0.75); font-size: 13px; height: 33px; line-height: 33px; padding: 0; }
header .container { display: flex; justify-content: space-between; }
.logo { flex: 1; font-size: 13px; font-weight: normal; margin: 0; padding: 0; }
.logo svg { height: 18px; width: 18px; opacity: .8; vertical-align: -5px; }

.help-link { margin-left: 15px; }
.help-link a { color: inherit; }
.help-link .icon svg { height: 15px; width: 15px; opacity: .7; vertical-align: -2px; }
.help-link a:hover { color: #EEE; text-decoration: none; }
.help-link a:hover svg { opacity: .9; }

.exception-summary { background: var(--background-error); border-bottom: 2px solid rgba(0, 0, 0, 0.1); border-top: 1px solid rgba(0, 0, 0, .3); flex: 0 0 auto; margin-bottom: 15px; }
.exception-metadata { background: rgba(0, 0, 0, 0.1); padding: 7px 0; }
.exception-metadata .container { display: flex; flex-direction: row; justify-content: space-between; }
.exception-metadata h2, .exception-metadata h2 &gt; a { color: rgba(255, 255, 255, 0.8); font-size: 13px; font-weight: 400; margin: 0; }
.exception-http small { font-size: 13px; opacity: .7; }
.exception-hierarchy { flex: 1; }
.exception-hierarchy .icon { margin: 0 3px; opacity: .7; }
.exception-hierarchy .icon svg { height: 13px; width: 13px; vertical-align: -2px; }

.exception-without-message .exception-message-wrapper { display: none; }
.exception-message-wrapper .container { display: flex; align-items: flex-start; min-height: 70px; padding: 10px 15px 8px; }
.exception-message { flex-grow: 1; }
.exception-message, .exception-message a { color: #FFF; font-size: 21px; font-weight: 400; margin: 0; }
.exception-message.long { font-size: 18px; }
.exception-message a { border-bottom: 1px solid rgba(255, 255, 255, 0.5); font-size: inherit; text-decoration: none; }
.exception-message a:hover { border-bottom-color: #ffffff; }

.exception-properties-wrapper { margin: .8em 0; }
.exception-properties { background: var(--base-0); border: var(--border); box-shadow: 0px 0px 1px rgba(128, 128, 128, .2); }
.exception-properties pre { margin: 0; padding: 0.2em 0; }

.exception-illustration { flex-basis: 111px; flex-shrink: 0; height: 66px; margin-left: 15px; opacity: .7; }

.trace + .trace { margin-top: 30px; }
.trace-head { background-color: var(--base-2); padding: 10px; position: relative; }
.trace-head .trace-class { color: var(--base-6); font-size: 18px; font-weight: bold; line-height: 1.3; margin: 0; position: relative; }
.trace-head .trace-namespace { color: #999; display: block; font-size: 13px; }
.trace-head .icon { position: absolute; right: 0; top: 0; }
.trace-head .icon svg { fill: var(--base-5); height: 24px; width: 24px; }

.trace-details { background: var(--base-0); border: var(--border); box-shadow: 0px 0px 1px rgba(128, 128, 128, .2); margin: 0 0 1em; table-layout: fixed; }

.trace-message { font-size: 14px; font-weight: normal; margin: .5em 0 0; }

.trace-line { position: relative; padding-top: 8px; padding-bottom: 8px; }
.trace-line + .trace-line { border-top: var(--border); }
.trace-line:hover { background: var(--base-1); }
.trace-line a { color: var(--base-6); }
.trace-line .icon { opacity: .4; position: absolute; left: 10px; }
.trace-line .icon svg { fill: var(--base-5); height: 16px; width: 16px; }
.trace-line .icon.icon-copy { left: auto; top: auto; padding-left: 5px; display: none }
.trace-line:hover .icon.icon-copy:not(.hidden) { display: inline-block }
.trace-line-header { padding-left: 36px; padding-right: 10px; }

.trace-file-path, .trace-file-path a { color: var(--base-6); font-size: 13px; }
.trace-class { color: var(--color-error); }
.trace-type { padding: 0 2px; }
.trace-method { color: var(--color-error); font-weight: bold; }
.trace-arguments { color: #777; font-weight: normal; padding-left: 2px; }

.trace-code { background: var(--base-0); font-size: 12px; margin: 10px 10px 2px 10px; padding: 10px; overflow-x: auto; white-space: nowrap; }
.trace-code ol { margin: 0; float: left; }
.trace-code li { color: #969896; margin: 0; padding-left: 10px; float: left; width: 100%; }
.trace-code li + li { margin-top: 5px; }
.trace-code li.selected { background: var(--trace-selected-background); margin-top: 2px; }
.trace-code li code { color: var(--base-6); white-space: pre; }

.trace-as-text .stacktrace { line-height: 1.8; margin: 0 0 15px; white-space: pre-wrap; }

@media (min-width: 575px) {
    .hidden-xs-down { display: initial; }
    .help-link { margin-left: 30px; }
}&lt;/style&gt;
        &lt;style&gt;.sf-reset .traces {
    padding-bottom: 14px;
}
.sf-reset .traces li {
    font-size: 12px;
    color: #868686;
    padding: 5px 4px;
    list-style-type: decimal;
    margin-left: 20px;
}
.sf-reset #logs .traces li.error {
    font-style: normal;
    color: #AA3333;
    background: #f9ecec;
}
.sf-reset #logs .traces li.warning {
    font-style: normal;
    background: #ffcc00;
}
/* fix for Opera not liking empty &lt;li&gt; */
.sf-reset .traces li:after {
    content: "\00A0";
}
.sf-reset .trace {
    border: 1px solid #D3D3D3;
    padding: 10px;
    overflow: auto;
    margin: 10px 0 20px;
}
.sf-reset .block-exception {
    -moz-border-radius: 16px;
    -webkit-border-radius: 16px;
    border-radius: 16px;
    margin-bottom: 20px;
    background-color: #f6f6f6;
    border: 1px solid #dfdfdf;
    padding: 30px 28px;
    word-wrap: break-word;
    overflow: hidden;
}
.sf-reset .block-exception div {
    color: #313131;
    font-size: 10px;
}
.sf-reset .block-exception-detected .illustration-exception,
.sf-reset .block-exception-detected .text-exception {
    float: left;
}
.sf-reset .block-exception-detected .illustration-exception {
    width: 152px;
}
.sf-reset .block-exception-detected .text-exception {
    width: 670px;
    padding: 30px 44px 24px 46px;
    position: relative;
}
.sf-reset .text-exception .open-quote,
.sf-reset .text-exception .close-quote {
    font-family: Arial, Helvetica, sans-serif;
    position: absolute;
    color: #C9C9C9;
    font-size: 8em;
}
.sf-reset .open-quote {
    top: 0;
    left: 0;
}
.sf-reset .close-quote {
    bottom: -0.5em;
    right: 50px;
}
.sf-reset .block-exception p {
    font-family: Arial, Helvetica, sans-serif;
}
.sf-reset .block-exception p a,
.sf-reset .block-exception p a:hover {
    color: #565656;
}
.sf-reset .logs h2 {
    float: left;
    width: 654px;
}
.sf-reset .error-count, .sf-reset .support {
    float: right;
    width: 170px;
    text-align: right;
}
.sf-reset .error-count span {
    display: inline-block;
    background-color: #aacd4e;
    -moz-border-radius: 6px;
    -webkit-border-radius: 6px;
    border-radius: 6px;
    padding: 4px;
    color: white;
    margin-right: 2px;
    font-size: 11px;
    font-weight: bold;
}

.sf-reset .support a {
    display: inline-block;
    -moz-border-radius: 6px;
    -webkit-border-radius: 6px;
    border-radius: 6px;
    padding: 4px;
    color: #000000;
    margin-right: 2px;
    font-size: 11px;
    font-weight: bold;
}

.sf-reset .toggle {
    vertical-align: middle;
}
.sf-reset .linked ul,
.sf-reset .linked li {
    display: inline;
}
.sf-reset #output-content {
    color: #000;
    font-size: 12px;
}
.sf-reset #traces-text pre {
    white-space: pre;
    font-size: 12px;
    font-family: monospace;
}&lt;/style&gt;
    &lt;/head&gt;
    &lt;body&gt;
        &lt;script&gt;
            document.body.classList.add(
                localStorage.getItem('symfony/profiler/theme') || (matchMedia('(prefers-color-scheme: dark)').matches ? 'theme-dark' : 'theme-light')
            );
        &lt;/script&gt;

                    &lt;header&gt;
                &lt;div class="container"&gt;
                    &lt;h1 class="logo"&gt;&lt;svg xmlns="http://www.w3.org/2000/svg" width="24" height="24" viewBox="0 0 24 24"&gt;&lt;path fill="#FFF" d="M12 .9C5.8.9.9 5.8.9 12a11 11 0 1 0 22.2 0A11 11 0 0 0 12 .9zm6.5 6c-.6 0-.9-.3-.9-.8 0-.2 0-.4.2-.6l.2-.4c0-.3-.5-.4-.6-.4-1.8.1-2.3 2.5-2.7 4.4l-.2 1c1 .2 1.8 0 2.2-.3.6-.4-.2-.7-.1-1.2.1-.3.5-.5.7-.6.5 0 .7.5.7.9 0 .7-1 1.8-3 1.8l-.6-.1-.6 2.4c-.4 1.6-.8 3.8-2.4 5.7-1.4 1.7-2.9 1.9-3.5 1.9-1.2 0-1.9-.6-2-1.5 0-.8.7-1.3 1.2-1.3.6 0 1.1.5 1.1 1s-.2.6-.4.6c-.1.1-.3.2-.3.4 0 .1.1.3.4.3.5 0 .8-.3 1.1-.5 1.2-.9 1.6-2.7 2.2-5.7l.1-.7.7-3.2c-.8-.6-1.3-1.4-2.4-1.7-.6-.1-1.1.1-1.5.5-.4.5-.2 1.1.2 1.5l.7.6c.7.8 1.2 1.6 1 2.5-.3 1.5-2 2.6-4 1.9-1.8-.6-2-1.8-1.8-2.5.2-.6.6-.7 1.1-.6.5.2.6.7.6 1.2l-.1.3c-.2.1-.3.3-.3.4-.1.4.4.6.7.7.7.3 1.6-.2 1.8-.8a1 1 0 0 0-.4-1.1l-.7-.8c-.4-.4-1.1-1.4-.7-2.6.1-.5.4-.9.7-1.3a4 4 0 0 1 2.8-.6c1.2.4 1.8 1.1 2.6 1.8.5-1.2 1-2.4 1.8-3.5.9-.9 1.9-1.6 3.1-1.7 1.3.2 2.2.7 2.2 1.6 0 .4-.2 1.1-.9 1.1z"/&gt;&lt;/svg&gt; Symfony Exception&lt;/h1&gt;

                    &lt;div class="help-link"&gt;
                        &lt;a href="https://symfony.com/doc/7.2.6/index.html"&gt;
                            &lt;span class="icon"&gt;&lt;svg width="1792" height="1792" viewBox="0 0 1792 1792" xmlns="http://www.w3.org/2000/svg"&gt;&lt;path fill="#FFF" d="M1703 478q40 57 18 129l-275 906q-19 64-76.5 107.5T1247 1664H324q-77 0-148.5-53.5T76 1479q-24-67-2-127 0-4 3-27t4-37q1-8-3-21.5t-3-19.5q2-11 8-21t16.5-23.5T116 1179q23-38 45-91.5t30-91.5q3-10 .5-30t-.5-28q3-11 17-28t17-23q21-36 42-92t25-90q1-9-2.5-32t.5-28q4-13 22-30.5t22-22.5q19-26 42.5-84.5T404 411q1-8-3-25.5t-2-26.5q2-8 9-18t18-23 17-21q8-12 16.5-30.5t15-35 16-36 19.5-32 26.5-23.5 36-11.5T620 134l-1 3q38-9 51-9h761q74 0 114 56t18 130l-274 906q-36 119-71.5 153.5T1089 1408H220q-27 0-38 15-11 16-1 43 24 70 144 70h923q29 0 56-15.5t35-41.5l300-987q7-22 5-57 38 15 59 43zm-1064 2q-4 13 2 22.5t20 9.5h608q13 0 25.5-9.5T1311 480l21-64q4-13-2-22.5t-20-9.5H702q-13 0-25.5 9.5T660 416zm-83 256q-4 13 2 22.5t20 9.5h608q13 0 25.5-9.5T1228 736l21-64q4-13-2-22.5t-20-9.5H619q-13 0-25.5 9.5T577 672z"/&gt;&lt;/svg&gt;&lt;/span&gt;
                            &lt;span class="hidden-xs-down"&gt;Symfony&lt;/span&gt; Docs
                        &lt;/a&gt;
                    &lt;/div&gt;
                &lt;/div&gt;
            &lt;/header&gt;
        
        &lt;div class="exception-summary "&gt;
    &lt;div class="exception-metadata"&gt;
        &lt;div class="container"&gt;
            &lt;h2 class="exception-hierarchy"&gt;
                                    &lt;a href="#trace-box-2"&gt;&lt;abbr title="Symfony\Component\Routing\Exception\ResourceNotFoundException"&gt;ResourceNotFoundException&lt;/abbr&gt;&lt;/a&gt;
                    &lt;span class="icon"&gt;&lt;svg width="1792" height="1792" viewBox="0 0 1792 1792" xmlns="http://www.w3.org/2000/svg"&gt;&lt;path fill="#FFF" d="M1363 877l-742 742q-19 19-45 19t-45-19l-166-166q-19-19-19-45t19-45l531-531-531-531q-19-19-19-45t19-45L531 45q19-19 45-19t45 19l742 742q19 19 19 45t-19 45z"/&gt;&lt;/svg&gt;&lt;/span&gt;
                                &lt;a href="#trace-box-1"&gt;&lt;abbr title="Symfony\Component\HttpKernel\Exception\NotFoundHttpException"&gt;NotFoundHttpException&lt;/abbr&gt;&lt;/a&gt;
            &lt;/h2&gt;
            &lt;h2 class="exception-http"&gt;
                HTTP 404 &lt;small&gt;Not Found&lt;/small&gt;
            &lt;/h2&gt;
        &lt;/div&gt;
    &lt;/div&gt;
    &lt;div class="exception-message-wrapper"&gt;
        &lt;div class="container"&gt;
            &lt;h1 class="break-long-words exception-message"&gt;No route found for &amp;quot;GET http://localhost/boook&amp;quot;&lt;/h1&gt;

            &lt;div class="exception-illustration hidden-xs-down"&gt;
                &lt;svg viewBox="0 0 136 81" xmlns="http://www.w3.org/2000/svg" fill-rule="evenodd" clip-rule="evenodd" stroke-linejoin="round" stroke-miterlimit="1.4"&gt;&lt;path d="M92.4 20.4a23.2 23.2 0 0 1 9 1.9 23.7 23.7 0 0 1 5.2 3 24.3 24.3 0 0 1 3.4 3.4 24.8 24.8 0 0 1 5 9.4c.5 1.7.8 3.4 1 5.2v14.5h.4l.5.2a7.4 7.4 0 0 0 2.5.2l.2-.2.6-.8.8-1.3-.2-.1a5.5 5.5 0 0 1-.8-.3 5.6 5.6 0 0 1-2.3-1.8 5.7 5.7 0 0 1-.9-1.6 6.5 6.5 0 0 1-.2-2.8 7.3 7.3 0 0 1 .5-2l.3-.3.8-.9.3-.3c.2-.2.5-.3.8-.3H120.7c.2 0 .3-.1.4 0h.4l.2.1.3.2.2-.4.3-.4.1-.1 1.2-1 .3-.2.4-.1.4-.1h.3l1.5.1.4.1.8.5.1.2 1 1.1v.2H129.4l.4-.2 1.4-.5h1.1c.3 0 .7.2 1 .4.2 0 .3.2.5.3l.2.2.5.3.4.6.1.3.4 1.4.1.4v.6a7.8 7.8 0 0 1-.1.6 9.9 9.9 0 0 1-.8 2.4 7.8 7.8 0 0 1-3 3.3 6.4 6.4 0 0 1-1 .5 6.1 6.1 0 0 1-.6.2l-.7.1h-.1a23.4 23.4 0 0 1-.2 1.7 14.3 14.3 0 0 1-.6 2.1l-.8 2a9.2 9.2 0 0 1-.4.6l-.7 1a9.1 9.1 0 0 1-2.3 2.2c-.9.5-2 .6-3 .7l-1.4.1h-.5l-.4.1a15.8 15.8 0 0 1-2.8-.1v4.2a9.7 9.7 0 0 1-.7 3.5 9.6 9.6 0 0 1-1.7 2.8 9.3 9.3 0 0 1-3 2.3 9 9 0 0 1-5.4.7 9 9 0 0 1-3-1 9.4 9.4 0 0 1-2.7-2.5 10 10 0 0 1-1 1.2 9.3 9.3 0 0 1-2 1.3 9 9 0 0 1-2.4 1 9 9 0 0 1-6.5-1.1A9.4 9.4 0 0 1 85 77V77a10.9 10.9 0 0 1-.6.6 9.3 9.3 0 0 1-2.7 2 9 9 0 0 1-6 .8 9 9 0 0 1-2.4-1 9.3 9.3 0 0 1-2.3-1.7 9.6 9.6 0 0 1-1.8-2.8 9.7 9.7 0 0 1-.8-3.7v-4a18.5 18.5 0 0 1-2.9.2l-1.2-.1c-1.9-.3-3.7-1-5.1-2.2a8.2 8.2 0 0 1-1.1-1 10.2 10.2 0 0 1-.9-1.2 15.3 15.3 0 0 1-.7-1.3 20.8 20.8 0 0 1-1.9-6.2v-.2a6.5 6.5 0 0 1-1-.3 6.1 6.1 0 0 1-.6-.3 6.6 6.6 0 0 1-.9-.6 8.2 8.2 0 0 1-2.7-3.7 10 10 0 0 1-.3-1 10.3 10.3 0 0 1-.3-1.9V47v-.4l.1-.4.6-1.4.1-.2a2 2 0 0 1 .8-.8l.3-.2.3-.2a3.2 3.2 0 0 1 1.8-.5h.4l.3.2 1.4.6.2.2.4.3.3.4.7-.7.2-.2.4-.2.6-.2h2.1l.4.2.4.2.3.2.8 1 .2-.1h.1v-.1H63l1.1.1h.3l.8.5.3.4.7 1 .2.3.1.5a11 11 0 0 1 .2 1.5c0 .8 0 1.6-.3 2.3a6 6 0 0 1-.5 1.2 5.5 5.5 0 0 1-3.3 2.5 12.3 12.3 0 0 0 1.4 3h.1l.2.1 1 .2h1.5l.5-.2H67.8l.5-.2h.1V44v-.4a26.7 26.7 0 0 1 .3-2.3 24.7 24.7 0 0 1 5.7-12.5 24.2 24.2 0 0 1 3.5-3.3 23.7 23.7 0 0 1 4.9-3 23.2 23.2 0 0 1 5.6-1.7 23.7 23.7 0 0 1 4-.3zm-.3 2a21.2 21.2 0 0 0-8 1.7 21.6 21.6 0 0 0-4.8 2.7 22.2 22.2 0 0 0-3.2 3 22.7 22.7 0 0 0-5 9.2 23.4 23.4 0 0 0-.7 4.9v15.7l-.5.1a34.3 34.3 0 0 1-1.5.3h-.2l-.4.1h-.4l-.9.2a10 10 0 0 1-1.9 0c-.5 0-1-.2-1.5-.4a1.8 1.8 0 0 1-.3-.2 2 2 0 0 1-.3-.3 5.2 5.2 0 0 1-.1-.2 9 9 0 0 1-.6-.9 13.8 13.8 0 0 1-1-2 14.3 14.3 0 0 1-.6-2 14 14 0 0 1-.1-.8v-.2h.3a12.8 12.8 0 0 0 1.4-.2 4.4 4.4 0 0 0 .3 0 3.6 3.6 0 0 0 1.1-.7 3.4 3.4 0 0 0 1.2-1.7l.2-1.2a5.1 5.1 0 0 0 0-.8 7.2 7.2 0 0 0-.1-.8l-.7-1-1.2-.2-1 .7-.1 1.3a5 5 0 0 1 .1.4v.6a1 1 0 0 1 0 .3c-.1.3-.4.4-.7.5l-1.2.4v-.7A9.9 9.9 0 0 1 60 49l.3-.6v-.2l.1-.1v-1.6l-1-1.2h-1.5l-1 1.1v.4a5.3 5.3 0 0 0-.2.6 5.5 5.5 0 0 0 0 .5c0 .7 0 1.4.3 2 0 .4.2.8.4 1.2L57 51a9.5 9.5 0 0 1-1.1-.5h-.2a2 2 0 0 1-.4-.3c-.4-.4-.5-1-.6-1.6a5.6 5.6 0 0 1 0-.5v-.5-.5l-.6-1.5-1.4-.6-.9.3s-.2 0-.3.2a2 2 0 0 1-.1 0l-.6 1.4v.7a8.5 8.5 0 0 0 .5 2c.4 1.1 1 2.1 2 2.8a4.7 4.7 0 0 0 2.1.9h1a22.8 22.8 0 0 0 .1 1 18.1 18.1 0 0 0 .8 3.8 18.2 18.2 0 0 0 1.6 3.7l1 1.3c1 1 2.3 1.6 3.7 2a11.7 11.7 0 0 0 4.8 0h.4l.5-.2.5-.1.6-.2v6.6a8 8 0 0 0 .1 1.3 7.5 7.5 0 0 0 2.4 4.3 7.2 7.2 0 0 0 2.3 1.3 7 7 0 0 0 7-1.1 7.5 7.5 0 0 0 2-2.6A7.7 7.7 0 0 0 85 72V71a8.2 8.2 0 0 0 .2 1.3c0 .7.3 1.4.6 2a7.5 7.5 0 0 0 1.7 2.3 7.3 7.3 0 0 0 2.2 1.4 7.1 7.1 0 0 0 4.6.2 7.2 7.2 0 0 0 2.4-1.2 7.5 7.5 0 0 0 2.1-2.7 7.8 7.8 0 0 0 .7-2.4V71a9.3 9.3 0 0 0 .1.6 7.6 7.6 0 0 0 .6 2.5 7.5 7.5 0 0 0 2.4 3 7.1 7.1 0 0 0 7 .8 7.3 7.3 0 0 0 2.3-1.5 7.5 7.5 0 0 0 1.6-2.3 7.6 7.6 0 0 0 .5-2l.1-1.1v-6.7l.4.1a12.2 12.2 0 0 0 2 .5 11.1 11.1 0 0 0 2.5 0h.8l1.2-.1a9.5 9.5 0 0 0 1.4-.2l.9-.3a3.5 3.5 0 0 0 .6-.4l1.2-1.4a12.2 12.2 0 0 0 .8-1.2c0-.3.2-.5.3-.7a15.9 15.9 0 0 0 .7-2l.3-1.6v-1.3l.2-.9V54.6a15.5 15.5 0 0 0 1.8 0 4.5 4.5 0 0 0 1.4-.5 5.7 5.7 0 0 0 2.5-3.2 7.6 7.6 0 0 0 .4-1.5v-.3l-.4-1.4a5.2 5.2 0 0 1-.2-.1l-.4-.4a3.8 3.8 0 0 0-.2 0 1.4 1.4 0 0 0-.5-.2l-1.4.4-.7 1.3v.7a5.7 5.7 0 0 1-.1.8l-.7 1.4a1.9 1.9 0 0 1-.5.3h-.3a9.6 9.6 0 0 1-.8.3 8.8 8.8 0 0 1-.6 0l.2-.4.2-.5.2-.3v-.4l.1-.2V50l.1-1 .1-.6v-.6a4.8 4.8 0 0 0 0-.8v-.2l-1-1.1-1.5-.2-1.1 1-.2 1.4v.1l.2.4.2.3v.4l.1 1.1v.3l.1.5v.8a9.6 9.6 0 0 1-.8-.3l-.2-.1h-.3l-.8-.1h-.2a1.6 1.6 0 0 1-.2-.2.9.9 0 0 1-.2-.2 1 1 0 0 1-.1-.5l.2-.9v-1.2l-.9-.8h-1.2l-.8.9v.3a4.8 4.8 0 0 0-.3 2l.3.9a3.5 3.5 0 0 0 1.2 1.6l1 .5.8.2 1.4.1h.4l.2.1a12.1 12.1 0 0 1-1 2.6 13.2 13.2 0 0 1-.8 1.5 9.5 9.5 0 0 1-1 1.2l-.2.3a1.7 1.7 0 0 1-.4.3 2.4 2.4 0 0 1-.7.2h-2.5a7.8 7.8 0 0 1-.6-.2l-.7-.2h-.2a14.8 14.8 0 0 1-.6-.2 23.4 23.4 0 0 1-.4-.1l-.4-.1-.3-.1V43.9a34.6 34.6 0 0 0 0-.6 23.6 23.6 0 0 0-.4-3 22.7 22.7 0 0 0-1.5-4.7 22.6 22.6 0 0 0-4.6-6.7 21.9 21.9 0 0 0-6.9-4.7 21.2 21.2 0 0 0-8.1-1.8H92zm9.1 33.7l.3.1a1 1 0 0 1 .6.8v.4a8.4 8.4 0 0 1 0 .5 8.8 8.8 0 0 1-1.6 4.2l-1 1.3A10 10 0 0 1 95 66c-1.3.3-2.7.4-4 .3a10.4 10.4 0 0 1-2.7-.8 10 10 0 0 1-3.6-2.5 9.3 9.3 0 0 1-.8-1 9 9 0 0 1-.7-1.2 8.6 8.6 0 0 1-.8-3.4V57a1 1 0 0 1 .3-.6 1 1 0 0 1 1.3-.2 1 1 0 0 1 .4.8v.4a6.5 6.5 0 0 0 .5 2.2 7 7 0 0 0 2.1 2.8l1 .6c2.6 1.6 6 1.6 8.5 0a8 8 0 0 0 1.1-.6 7.6 7.6 0 0 0 1.2-1.2 7 7 0 0 0 1-1.7 6.5 6.5 0 0 0 .4-2.5 1 1 0 0 1 .7-1h.4zM30.7 43.7c-15.5 1-28.5-6-30.1-16.4C-1.2 15.7 11.6 4 29 1.3 46.6-1.7 62.3 5.5 64 17.1c1.6 10.4-8.7 21-23.7 25a31.2 31.2 0 0 0 0 .9v.3a19 19 0 0 0 .1 1l.1.4.1.9a4.7 4.7 0 0 0 .5 1l.7 1a9.2 9.2 0 0 0 1.2 1l1.5.8.6.8-.7.6-1.1.3a11.2 11.2 0 0 1-2.6.4 8.6 8.6 0 0 1-3-.5 8.5 8.5 0 0 1-1-.4 11.2 11.2 0 0 1-1.8-1.2 13.3 13.3 0 0 1-1-1 18 18 0 0 1-.7-.6l-.4-.4a23.4 23.4 0 0 1-1.3-1.8l-.1-.1-.3-.5V45l-.3-.6v-.7zM83.1 36c3.6 0 6.5 3.2 6.5 7.1 0 4-3 7.2-6.5 7.2S76.7 47 76.7 43 79.6 36 83 36zm18 0c3.6 0 6.5 3.2 6.5 7.1 0 4-2.9 7.2-6.4 7.2S94.7 47 94.7 43s3-7.1 6.5-7.1zm-18 6.1c2 0 3.5 1.6 3.5 3.6S85 49.2 83 49.2s-3.4-1.6-3.4-3.6S81.2 42 83 42zm17.9 0c1.9 0 3.4 1.6 3.4 3.6s-1.5 3.6-3.4 3.6c-2 0-3.5-1.6-3.5-3.6S99.1 42 101 42zM17 28c-.3 1.6-1.8 5-5.2 5.8-2.5.6-4.1-.8-4.5-2.6-.4-1.9.7-3.5 2.1-4.5A3.5 3.5 0 0 1 8 24.6c-.4-2 .8-3.7 3.2-4.2 1.9-.5 3.1.2 3.4 1.5.3 1.1-.5 2.2-1.8 2.5-.9.3-1.6 0-1.7-.6a1.4 1.4 0 0 1 0-.7s.3.2 1 0c.7-.1 1-.7.9-1.2-.2-.6-1-.8-1.8-.6-1 .2-2 1-1.7 2.6.3 1 .9 1.6 1.5 1.8l.7-.2c1-.2 1.5 0 1.6.5 0 .4-.2 1-1.2 1.2a3.3 3.3 0 0 1-1.5 0c-.9.7-1.6 1.9-1.3 3.2.3 1.3 1.3 2.2 3 1.8 2.5-.7 3.8-3.7 4.2-5-.3-.5-.6-1-.7-1.6-.1-.5.1-1 .9-1.2.4 0 .7.2.8.8a2.8 2.8 0 0 1 0 1l.7 1c.6-2 1.4-4 1.7-4 .6-.2 1.5.6 1.5.6-.8.7-1.7 2.4-2.3 4.2.8.6 1.6 1 2.1 1 .5-.1.8-.6 1-1.2-.3-2.2 1-4.3 2.3-4.6.7-.2 1.3.2 1.4.8.1.5 0 1.3-.9 1.7-.2-1-.6-1.3-1-1.3-.4.1-.7 1.4-.4 2.8.2 1 .7 1.5 1.3 1.4.8-.2 1.3-1.2 1.7-2.1-.3-2.1.9-4.2 2.2-4.5.7-.2 1.2.1 1.4 1 .4 1.4-1 2.8-2.2 3.4.3.7.7 1 1.3.9 1-.3 1.6-1.5 2-2.5l-.5-3v-.3s1.6-.3 1.8.6v.1c.2-.6.7-1.2 1.3-1.4.8-.1 1.5.6 1.7 1.6.5 2.2-.5 4.4-1.8 4.7H33a31.9 31.9 0 0 0 1 5.2c-.4.1-1.8.4-2-.4l-.5-5.6c-.5 1-1.3 2.2-2.5 2.4-1 .3-1.6-.3-2-1.1-.5 1-1.3 2.1-2.4 2.4-.8.2-1.5-.1-2-1-.3.8-.9 1.5-1.5 1.7-.7.1-1.5-.3-2.4-1-.3.8-.4 1.6-.4 2.2 0 0-.7 0-.8-.4-.1-.5 0-1.5.3-2.7a10.3 10.3 0 0 1-.7-.8zm38.2-17.8l.2.9c.5 1.9.4 4.4.8 6.4 0 .6-.4 3-1.4 3.3-.2 0-.3 0-.4-.4-.1-.7 0-1.6-.3-2.6-.2-1.1-.8-1.6-1.5-1.5-.8.2-1.3 1-1.6 2l-.1-.5c-.2-1-1.8-.6-1.8-.6a6.2 6.2 0 0 1 .4 1.3l.2 1c-.2.5-.6 1-1.2 1l-.2.1a7 7 0 0 0-.1-.8c-.3-1.1-1-2-1.6-1.8a.7.7 0 0 0-.4.3c-1.3.3-2.4 2-2.1 3.9-.2.9-.6 1.7-1 1.9-.5 0-.8-.5-1.1-1.8l-.1-1.2a4 4 0 0 0 0-1.7c0-.4-.4-.7-.8-.6-.7.2-.9 1.7-.5 3.8-.2 1-.6 2-1.3 2-.4.2-.8-.2-1-1l-.2-3c1.2-.5 2-1 1.8-1.7-.1-.5-.8-.7-.8-.7s0 .7-1 1.2l-.2-1.4c-.1-.6-.4-1-1.7-.6l.4 1 .2 1.5h-1v.8c0 .3.4.3 1 .2 0 1.3 0 2.7.2 3.6.3 1.4 1.2 2 2 1.7 1-.2 1.6-1.3 2-2.3.3 1.2 1 2 1.9 1.7.7-.2 1.2-1.1 1.6-2.2.4.8 1.1 1.1 2 1 1.2-.4 1.7-1.6 1.8-2.8h.2c.6-.2 1-.6 1.3-1 0 .8 0 1.5.2 2.1.1.5.3.7.6.6.5-.1 1-.9 1-.9a4 4 0 0 1-.3-1c-.3-1.3.3-3.6 1-3.7.2 0 .3.2.5.7v.8l.2 1.5v.7c.2.7.7 1.3 1.5 1 1.3-.2 2-2.6 2.1-3.9.3.2.6.2 1 .1-.6-2.2 0-6.1-.3-7.9-.1-.4-1-.5-1.7-.5h-.4zm-21.5 12c.4 0 .7.3 1 1.1.2 1.3-.3 2.6-.9 2.8-.2 0-.7 0-1-1.2v-.4c0-1.3.4-2 1-2.2zm-5.2 1c.3 0 .6.2.6.5.2.6-.3 1.3-1.2 2-.3-1.4.1-2.3.6-2.5zm18-.4c-.5.2-1-.4-1.2-1.2-.2-1 0-2.1.7-2.5v.5c.2.7.6 1.5 1.3 1.9 0 .7-.2 1.2-.7 1.3zm10-1.6c0 .5.4.7 1 .6.8-.2 1-1 .8-1.6 0-.5-.4-1-1-.8-.5.1-1 .9-.8 1.8zm-14.3-5.5c0-.4-.5-.7-1-.5-.8.2-1 1-.9 1.5.2.6.5 1 1 .8.5 0 1.1-1 1-1.8z" fill="#fff" fill-opacity=".6"/&gt;&lt;/svg&gt;            &lt;/div&gt;
        &lt;/div&gt;
    &lt;/div&gt;
&lt;/div&gt;

&lt;div class="container"&gt;
    &lt;div class="sf-tabs"&gt;
        &lt;div class="tab"&gt;
                        &lt;h3 class="tab-title"&gt;
                                    Exceptions &lt;span class="badge"&gt;2&lt;/span&gt;
                            &lt;/h3&gt;

            &lt;div class="tab-content"&gt;
                &lt;div class="trace trace-as-html" id="trace-box-1"&gt;
    &lt;div class="trace-details"&gt;
        &lt;div class="trace-head"&gt;
            &lt;div class="sf-toggle" data-toggle-selector="#trace-html-1" data-toggle-initial="display"&gt;
                &lt;span class="icon icon-close"&gt;&lt;svg width="1792" height="1792" viewBox="0 0 1792 1792" xmlns="http://www.w3.org/2000/svg"&gt;&lt;path d="M1344 800v64q0 14-9 23t-23 9H480q-14 0-23-9t-9-23v-64q0-14 9-23t23-9h832q14 0 23 9t9 23zm128 448V416q0-66-47-113t-113-47H480q-66 0-113 47t-47 113v832q0 66 47 113t113 47h832q66 0 113-47t47-113zm128-832v832q0 119-84.5 203.5T1312 1536H480q-119 0-203.5-84.5T192 1248V416q0-119 84.5-203.5T480 128h832q119 0 203.5 84.5T1600 416z"/&gt;&lt;/svg&gt;&lt;/span&gt;
                &lt;span class="icon icon-open"&gt;&lt;svg width="1792" height="1792" viewBox="0 0 1792 1792" xmlns="http://www.w3.org/2000/svg"&gt;&lt;path d="M1344 800v64q0 14-9 23t-23 9H960v352q0 14-9 23t-23 9h-64q-14 0-23-9t-9-23V896H480q-14 0-23-9t-9-23v-64q0-14 9-23t23-9h352V416q0-14 9-23t23-9h64q14 0 23 9t9 23v352h352q14 0 23 9t9 23zm128 448V416q0-66-47-113t-113-47H480q-66 0-113 47t-47 113v832q0 66 47 113t113 47h832q66 0 113-47t47-113zm128-832v832q0 119-84.5 203.5T1312 1536H480q-119 0-203.5-84.5T192 1248V416q0-119 84.5-203.5T480 128h832q119 0 203.5 84.5T1600 416z"/&gt;&lt;/svg&gt;&lt;/span&gt;
                                                    &lt;h3 class="trace-class"&gt;
                                                    &lt;span class="trace-namespace"&gt;Symfony\Component\HttpKernel\Exception\&lt;/span&gt;
                                                NotFoundHttpException                    &lt;/h3&gt;
                                            &lt;/div&gt;
                            &lt;details class="exception-properties-wrapper"&gt;
                    &lt;summary&gt;Show exception properties&lt;/summary&gt;
                    &lt;div class="exception-properties"&gt;
                        &lt;script&gt; Sfdump = window.Sfdump || (function (doc) { doc.documentElement.classList.add('sf-js-enabled'); var rxEsc = /([.*+?^${}()|\[\]\/\\])/g, idRx = /\bsf-dump-\d+-ref[012]\w+\b/, keyHint = 0 &lt;= navigator.platform.toUpperCase().indexOf('MAC') ? 'Cmd' : 'Ctrl', addEventListener = function (e, n, cb) { e.addEventListener(n, cb, false); }; if (!doc.addEventListener) { addEventListener = function (element, eventName, callback) { element.attachEvent('on' + eventName, function (e) { e.preventDefault = function () {e.returnValue = false;}; e.target = e.srcElement; callback(e); }); }; } function toggle(a, recursive) { var s = a.nextSibling || {}, oldClass = s.className, arrow, newClass; if (/\bsf-dump-compact\b/.test(oldClass)) { arrow = '&amp;#9660;'; newClass = 'sf-dump-expanded'; } else if (/\bsf-dump-expanded\b/.test(oldClass)) { arrow = '&amp;#9654;'; newClass = 'sf-dump-compact'; } else { return false; } if (doc.createEvent &amp;&amp; s.dispatchEvent) { var event = doc.createEvent('Event'); event.initEvent('sf-dump-expanded' === newClass ? 'sfbeforedumpexpand' : 'sfbeforedumpcollapse', true, false); s.dispatchEvent(event); } a.lastChild.innerHTML = arrow; s.className = s.className.replace(/\bsf-dump-(compact|expanded)\b/, newClass); if (recursive) { try { a = s.querySelectorAll('.'+oldClass); for (s = 0; s &lt; a.length; ++s) { if (-1 == a[s].className.indexOf(newClass)) { a[s].className = newClass; a[s].previousSibling.lastChild.innerHTML = arrow; } } } catch (e) { } } return true; }; function collapse(a, recursive) { var s = a.nextSibling || {}, oldClass = s.className; if (/\bsf-dump-expanded\b/.test(oldClass)) { toggle(a, recursive); return true; } return false; }; function expand(a, recursive) { var s = a.nextSibling || {}, oldClass = s.className; if (/\bsf-dump-compact\b/.test(oldClass)) { toggle(a, recursive); return true; } return false; }; function collapseAll(root) { var a = root.querySelector('a.sf-dump-toggle'); if (a) { collapse(a, true); expand(a); return true; } return false; } function reveal(node) { var previous, parents = []; while ((node = node.parentNode || {}) &amp;&amp; (previous = node.previousSibling) &amp;&amp; 'A' === previous.tagName) { parents.push(previous); } if (0 !== parents.length) { parents.forEach(function (parent) { expand(parent); }); return true; } return false; } function highlight(root, activeNode, nodes) { resetHighlightedNodes(root); Array.from(nodes||[]).forEach(function (node) { if (!/\bsf-dump-highlight\b/.test(node.className)) { node.className = node.className + ' sf-dump-highlight'; } }); if (!/\bsf-dump-highlight-active\b/.test(activeNode.className)) { activeNode.className = activeNode.className + ' sf-dump-highlight-active'; } } function resetHighlightedNodes(root) { Array.from(root.querySelectorAll('.sf-dump-str, .sf-dump-key, .sf-dump-public, .sf-dump-protected, .sf-dump-private')).forEach(function (strNode) { strNode.className = strNode.className.replace(/\bsf-dump-highlight\b/, ''); strNode.className = strNode.className.replace(/\bsf-dump-highlight-active\b/, ''); }); } return function (root, x) { root = doc.getElementById(root); var indentRx = new RegExp('^('+(root.getAttribute('data-indent-pad') || ' ').replace(rxEsc, '\\$1')+')+', 'm'), options = {"maxDepth":1,"maxStringLength":160,"fileLinkFormat":false}, elt = root.getElementsByTagName('A'), len = elt.length, i = 0, s, h, t = []; while (i &lt; len) t.push(elt[i++]); for (i in x) { options[i] = x[i]; } function a(e, f) { addEventListener(root, e, function (e, n) { if ('A' == e.target.tagName) { f(e.target, e); } else if ('A' == e.target.parentNode.tagName) { f(e.target.parentNode, e); } else { n = /\bsf-dump-ellipsis\b/.test(e.target.className) ? e.target.parentNode : e.target; if ((n = n.nextElementSibling) &amp;&amp; 'A' == n.tagName) { if (!/\bsf-dump-toggle\b/.test(n.className)) { n = n.nextElementSibling || n; } f(n, e, true); } } }); }; function isCtrlKey(e) { return e.ctrlKey || e.metaKey; } function xpathString(str) { var parts = str.match(/[^'"]+|['"]/g).map(function (part) { if ("'" == part) { return '"\'"'; } if ('"' == part) { return "'\"'"; } return "'" + part + "'"; }); return "concat(" + parts.join(",") + ", '')"; } function xpathHasClass(className) { return "contains(concat(' ', normalize-space(@class), ' '), ' " + className +" ')"; } a('mouseover', function (a, e, c) { if (c) { e.target.style.cursor = "pointer"; } }); a('click', function (a, e, c) { if (/\bsf-dump-toggle\b/.test(a.className)) { e.preventDefault(); if (!toggle(a, isCtrlKey(e))) { var r = doc.getElementById(a.getAttribute('href').slice(1)), s = r.previousSibling, f = r.parentNode, t = a.parentNode; t.replaceChild(r, a); f.replaceChild(a, s); t.insertBefore(s, r); f = f.firstChild.nodeValue.match(indentRx); t = t.firstChild.nodeValue.match(indentRx); if (f &amp;&amp; t &amp;&amp; f[0] !== t[0]) { r.innerHTML = r.innerHTML.replace(new RegExp('^'+f[0].replace(rxEsc, '\\$1'), 'mg'), t[0]); } if (/\bsf-dump-compact\b/.test(r.className)) { toggle(s, isCtrlKey(e)); } } if (c) { } else if (doc.getSelection) { try { doc.getSelection().removeAllRanges(); } catch (e) { doc.getSelection().empty(); } } else { doc.selection.empty(); } } else if (/\bsf-dump-str-toggle\b/.test(a.className)) { e.preventDefault(); e = a.parentNode.parentNode; e.className = e.className.replace(/\bsf-dump-str-(expand|collapse)\b/, a.parentNode.className); } }); elt = root.getElementsByTagName('SAMP'); len = elt.length; i = 0; while (i &lt; len) t.push(elt[i++]); len = t.length; for (i = 0; i &lt; len; ++i) { elt = t[i]; if ('SAMP' == elt.tagName) { a = elt.previousSibling || {}; if ('A' != a.tagName) { a = doc.createElement('A'); a.className = 'sf-dump-ref'; elt.parentNode.insertBefore(a, elt); } else { a.innerHTML += ' '; } a.title = (a.title ? a.title+'\n[' : '[')+keyHint+'+click] Expand all children'; a.innerHTML += elt.className == 'sf-dump-compact' ? '&lt;span&gt;&amp;#9654;&lt;/span&gt;' : '&lt;span&gt;&amp;#9660;&lt;/span&gt;'; a.className += ' sf-dump-toggle'; x = 1; if ('sf-dump' != elt.parentNode.className) { x += elt.parentNode.getAttribute('data-depth')/1; } } else if (/\bsf-dump-ref\b/.test(elt.className) &amp;&amp; (a = elt.getAttribute('href'))) { a = a.slice(1); elt.className += ' sf-dump-hover'; elt.className += ' '+a; if (/[\[{]$/.test(elt.previousSibling.nodeValue)) { a = a != elt.nextSibling.id &amp;&amp; doc.getElementById(a); try { s = a.nextSibling; elt.appendChild(a); s.parentNode.insertBefore(a, s); if (/^[@#]/.test(elt.innerHTML)) { elt.innerHTML += ' &lt;span&gt;&amp;#9654;&lt;/span&gt;'; } else { elt.innerHTML = '&lt;span&gt;&amp;#9654;&lt;/span&gt;'; elt.className = 'sf-dump-ref'; } elt.className += ' sf-dump-toggle'; } catch (e) { if ('&amp;' == elt.innerHTML.charAt(0)) { elt.innerHTML = '&amp;#8230;'; elt.className = 'sf-dump-ref'; } } } } } if (doc.evaluate &amp;&amp; Array.from &amp;&amp; root.children.length &gt; 1) { root.setAttribute('tabindex', 0); SearchState = function () { this.nodes = []; this.idx = 0; }; SearchState.prototype = { next: function () { if (this.isEmpty()) { return this.current(); } this.idx = this.idx &lt; (this.nodes.length - 1) ? this.idx + 1 : 0; return this.current(); }, previous: function () { if (this.isEmpty()) { return this.current(); } this.idx = this.idx &gt; 0 ? this.idx - 1 : (this.nodes.length - 1); return this.current(); }, isEmpty: function () { return 0 === this.count(); }, current: function () { if (this.isEmpty()) { return null; } return this.nodes[this.idx]; }, reset: function () { this.nodes = []; this.idx = 0; }, count: function () { return this.nodes.length; }, }; function showCurrent(state) { var currentNode = state.current(), currentRect, searchRect; if (currentNode) { reveal(currentNode); highlight(root, currentNode, state.nodes); if ('scrollIntoView' in currentNode) { currentNode.scrollIntoView(true); currentRect = currentNode.getBoundingClientRect(); searchRect = search.getBoundingClientRect(); if (currentRect.top &lt; (searchRect.top + searchRect.height)) { window.scrollBy(0, -(searchRect.top + searchRect.height + 5)); } } } counter.textContent = (state.isEmpty() ? 0 : state.idx + 1) + ' of ' + state.count(); } var search = doc.createElement('div'); search.className = 'sf-dump-search-wrapper sf-dump-search-hidden'; search.innerHTML = ' &lt;input type="text" class="sf-dump-search-input"&gt; &lt;span class="sf-dump-search-count"&gt;0 of 0&lt;\/span&gt; &lt;button type="button" class="sf-dump-search-input-previous" tabindex="-1"&gt; &lt;svg viewBox="0 0 1792 1792" xmlns="http://www.w3.org/2000/svg"&gt;&lt;path d="M1683 1331l-166 165q-19 19-45 19t-45-19L896 965l-531 531q-19 19-45 19t-45-19l-166-165q-19-19-19-45.5t19-45.5l742-741q19-19 45-19t45 19l742 741q19 19 19 45.5t-19 45.5z"\/&gt;&lt;\/svg&gt; &lt;\/button&gt; &lt;button type="button" class="sf-dump-search-input-next" tabindex="-1"&gt; &lt;svg viewBox="0 0 1792 1792" xmlns="http://www.w3.org/2000/svg"&gt;&lt;path d="M1683 808l-742 741q-19 19-45 19t-45-19L109 808q-19-19-19-45.5t19-45.5l166-165q19-19 45-19t45 19l531 531 531-531q19-19 45-19t45 19l166 165q19 19 19 45.5t-19 45.5z"\/&gt;&lt;\/svg&gt; &lt;\/button&gt; '; root.insertBefore(search, root.firstChild); var state = new SearchState(); var searchInput = search.querySelector('.sf-dump-search-input'); var counter = search.querySelector('.sf-dump-search-count'); var searchInputTimer = 0; var previousSearchQuery = ''; addEventListener(searchInput, 'keyup', function (e) { var searchQuery = e.target.value; /* Don't perform anything if the pressed key didn't change the query */ if (searchQuery === previousSearchQuery) { return; } previousSearchQuery = searchQuery; clearTimeout(searchInputTimer); searchInputTimer = setTimeout(function () { state.reset(); collapseAll(root); resetHighlightedNodes(root); if ('' === searchQuery) { counter.textContent = '0 of 0'; return; } var classMatches = [ "sf-dump-str", "sf-dump-key", "sf-dump-public", "sf-dump-protected", "sf-dump-private", ].map(xpathHasClass).join(' or '); var xpathResult = doc.evaluate('.//span[' + classMatches + '][contains(translate(child::text(), ' + xpathString(searchQuery.toUpperCase()) + ', ' + xpathString(searchQuery.toLowerCase()) + '), ' + xpathString(searchQuery.toLowerCase()) + ')]', root, null, XPathResult.ORDERED_NODE_ITERATOR_TYPE, null); while (node = xpathResult.iterateNext()) state.nodes.push(node); showCurrent(state); }, 400); }); Array.from(search.querySelectorAll('.sf-dump-search-input-next, .sf-dump-search-input-previous')).forEach(function (btn) { addEventListener(btn, 'click', function (e) { e.preventDefault(); -1 !== e.target.className.indexOf('next') ? state.next() : state.previous(); searchInput.focus(); collapseAll(root); showCurrent(state); }) }); addEventListener(root, 'keydown', function (e) { var isSearchActive = !/\bsf-dump-search-hidden\b/.test(search.className); if ((114 === e.keyCode &amp;&amp; !isSearchActive) || (isCtrlKey(e) &amp;&amp; 70 === e.keyCode)) { /* F3 or CMD/CTRL + F */ if (70 === e.keyCode &amp;&amp; document.activeElement === searchInput) { /* * If CMD/CTRL + F is hit while having focus on search input, * the user probably meant to trigger browser search instead. * Let the browser execute its behavior: */ return; } e.preventDefault(); search.className = search.className.replace(/\bsf-dump-search-hidden\b/, ''); searchInput.focus(); } else if (isSearchActive) { if (27 === e.keyCode) { /* ESC key */ search.className += ' sf-dump-search-hidden'; e.preventDefault(); resetHighlightedNodes(root); searchInput.value = ''; } else if ( (isCtrlKey(e) &amp;&amp; 71 === e.keyCode) /* CMD/CTRL + G */ || 13 === e.keyCode /* Enter */ || 114 === e.keyCode /* F3 */ ) { e.preventDefault(); e.shiftKey ? state.previous() : state.next(); collapseAll(root); showCurrent(state); } } }); } if (0 &gt;= options.maxStringLength) { return; } try { elt = root.querySelectorAll('.sf-dump-str'); len = elt.length; i = 0; t = []; while (i &lt; len) t.push(elt[i++]); len = t.length; for (i = 0; i &lt; len; ++i) { elt = t[i]; s = elt.innerText || elt.textContent; x = s.length - options.maxStringLength; if (0 &lt; x) { h = elt.innerHTML; elt[elt.innerText ? 'innerText' : 'textContent'] = s.substring(0, options.maxStringLength); elt.className += ' sf-dump-str-collapse'; elt.innerHTML = '&lt;span class=sf-dump-str-collapse&gt;'+h+'&lt;a class="sf-dump-ref sf-dump-str-toggle" title="Collapse"&gt; &amp;#9664;&lt;/a&gt;&lt;/span&gt;'+ '&lt;span class=sf-dump-str-expand&gt;'+elt.innerHTML+'&lt;a class="sf-dump-ref sf-dump-str-toggle" title="'+x+' remaining characters"&gt; &amp;#9654;&lt;/a&gt;&lt;/span&gt;'; } } } catch (e) { } }; })(document); &lt;/script&gt;&lt;style&gt; .sf-js-enabled pre.sf-dump .sf-dump-compact, .sf-js-enabled .sf-dump-str-collapse .sf-dump-str-collapse, .sf-js-enabled .sf-dump-str-expand .sf-dump-str-expand { display: none; } .sf-dump-hover:hover { background-color: #B729D9; color: #FFF !important; border-radius: 2px; } pre.sf-dump { display: block; white-space: pre; padding: 5px; overflow: initial !important; } pre.sf-dump:after { content: ""; visibility: hidden; display: block; height: 0; clear: both; } pre.sf-dump .sf-dump-ellipsization { display: inline-flex; } pre.sf-dump a { text-decoration: none; cursor: pointer; border: 0; outline: none; color: inherit; } pre.sf-dump img { max-width: 50em; max-height: 50em; margin: .5em 0 0 0; padding: 0; background: url(data:image/png;base64,iVBORw0KGgoAAAANSUhEUgAAABAAAAAQCAAAAAA6mKC9AAAAHUlEQVQY02O8zAABilCaiQEN0EeA8QuUcX9g3QEAAjcC5piyhyEAAAAASUVORK5CYII=) #D3D3D3; } pre.sf-dump .sf-dump-ellipsis { text-overflow: ellipsis; white-space: nowrap; overflow: hidden; } pre.sf-dump .sf-dump-ellipsis-tail { flex-shrink: 0; } pre.sf-dump code { display:inline; padding:0; background:none; } .sf-dump-public.sf-dump-highlight, .sf-dump-protected.sf-dump-highlight, .sf-dump-private.sf-dump-highlight, .sf-dump-str.sf-dump-highlight, .sf-dump-key.sf-dump-highlight { background: rgba(111, 172, 204, 0.3); border: 1px solid #7DA0B1; border-radius: 3px; } .sf-dump-public.sf-dump-highlight-active, .sf-dump-protected.sf-dump-highlight-active, .sf-dump-private.sf-dump-highlight-active, .sf-dump-str.sf-dump-highlight-active, .sf-dump-key.sf-dump-highlight-active { background: rgba(253, 175, 0, 0.4); border: 1px solid #ffa500; border-radius: 3px; } pre.sf-dump .sf-dump-search-hidden { display: none !important; } pre.sf-dump .sf-dump-search-wrapper { font-size: 0; white-space: nowrap; margin-bottom: 5px; display: flex; position: -webkit-sticky; position: sticky; top: 5px; } pre.sf-dump .sf-dump-search-wrapper &gt; * { vertical-align: top; box-sizing: border-box; height: 21px; font-weight: normal; border-radius: 0; background: #FFF; color: #757575; border: 1px solid #BBB; } pre.sf-dump .sf-dump-search-wrapper &gt; input.sf-dump-search-input { padding: 3px; height: 21px; font-size: 12px; border-right: none; border-top-left-radius: 3px; border-bottom-left-radius: 3px; color: #000; min-width: 15px; width: 100%; } pre.sf-dump .sf-dump-search-wrapper &gt; .sf-dump-search-input-next, pre.sf-dump .sf-dump-search-wrapper &gt; .sf-dump-search-input-previous { background: #F2F2F2; outline: none; border-left: none; font-size: 0; line-height: 0; } pre.sf-dump .sf-dump-search-wrapper &gt; .sf-dump-search-input-next { border-top-right-radius: 3px; border-bottom-right-radius: 3px; } pre.sf-dump .sf-dump-search-wrapper &gt; .sf-dump-search-input-next &gt; svg, pre.sf-dump .sf-dump-search-wrapper &gt; .sf-dump-search-input-previous &gt; svg { pointer-events: none; width: 12px; height: 12px; } pre.sf-dump .sf-dump-search-wrapper &gt; .sf-dump-search-count { display: inline-block; padding: 0 5px; margin: 0; border-left: none; line-height: 21px; font-size: 12px; }pre.sf-dump, pre.sf-dump .sf-dump-default{background:none; color:#CC7832; line-height:1.2em; font:12px Menlo, Monaco, Consolas, monospace; word-wrap: break-word; white-space: pre-wrap; position:relative; z-index:99999; word-break: break-all}pre.sf-dump .sf-dump-num{font-weight:bold; color:#1299DA}pre.sf-dump .sf-dump-const{font-weight:bold}pre.sf-dump .sf-dump-virtual{font-style:italic}pre.sf-dump .sf-dump-str{font-weight:bold; color:#629755;}pre.sf-dump .sf-dump-note{color:#6897BB}pre.sf-dump .sf-dump-ref{color:#6E6E6E}pre.sf-dump .sf-dump-public{color:#262626}pre.sf-dump .sf-dump-protected{color:#262626}pre.sf-dump .sf-dump-private{color:#262626}pre.sf-dump .sf-dump-meta{color:#B729D9}pre.sf-dump .sf-dump-key{color:#789339}pre.sf-dump .sf-dump-index{color:#1299DA}pre.sf-dump .sf-dump-ellipsis{color:#CC7832}pre.sf-dump .sf-dump-ns{user-select:none;}pre.sf-dump .sf-dump-ellipsis-note{color:#6897BB}&lt;/style&gt;&lt;pre class=sf-dump id=sf-dump-336575012 data-indent-pad="  "&gt;&lt;span class=sf-dump-note&gt;Symfony\Component\HttpKernel\Exception\NotFoundHttpException&lt;/span&gt; {&lt;a class=sf-dump-ref&gt;#173&lt;/a&gt;&lt;samp data-depth=1 class=sf-dump-expanded&gt;
  -&lt;span class=sf-dump-private title="Private property defined in class:&amp;#10;`Symfony\Component\HttpKernel\Exception\HttpException`"&gt;statusCode&lt;/span&gt;: &lt;span class=sf-dump-num&gt;404&lt;/span&gt;
  -&lt;span class=sf-dump-private title="Private property defined in class:&amp;#10;`Symfony\Component\HttpKernel\Exception\HttpException`"&gt;headers&lt;/span&gt;: []
&lt;/samp&gt;}
&lt;/pre&gt;&lt;script&gt;Sfdump("sf-dump-336575012")&lt;/script&gt;
                    &lt;/div&gt;
                &lt;/details&gt;
                    &lt;/div&gt;

        &lt;div id="trace-html-1" class="sf-toggle-content"&gt;
                    &lt;div class="trace-line trace-from-vendor"&gt;
                &lt;div class="trace-line-header break-long-words sf-toggle" data-toggle-selector="#trace-html-1-0" data-toggle-initial=""&gt;
            &lt;span class="icon icon-close"&gt;&lt;svg width="1792" height="1792" viewBox="0 0 1792 1792" xmlns="http://www.w3.org/2000/svg"&gt;&lt;path d="M1408 960V832q0-26-19-45t-45-19H448q-26 0-45 19t-19 45v128q0 26 19 45t45 19h896q26 0 45-19t19-45zm256-544v960q0 119-84.5 203.5T1376 1664H416q-119 0-203.5-84.5T128 1376V416q0-119 84.5-203.5T416 128h960q119 0 203.5 84.5T1664 416z"/&gt;&lt;/svg&gt;&lt;/span&gt;
        &lt;span class="icon icon-open"&gt;&lt;svg width="1792" height="1792" viewBox="0 0 1792 1792" xmlns="http://www.w3.org/2000/svg"&gt;&lt;path d="M1408 960V832q0-26-19-45t-45-19h-320V448q0-26-19-45t-45-19H832q-26 0-45 19t-19 45v320H448q-26 0-45 19t-19 45v128q0 26 19 45t45 19h320v320q0 26 19 45t45 19h128q26 0 45-19t19-45v-320h320q26 0 45-19t19-45zm256-544v960q0 119-84.5 203.5T1376 1664H416q-119 0-203.5-84.5T128 1376V416q0-119 84.5-203.5T416 128h960q119 0 203.5 84.5T1664 416z"/&gt;&lt;/svg&gt;&lt;/span&gt;
    
    
                    &lt;span class="block trace-file-path"&gt;
            in
            &lt;a href="file:///home/h3rmano/dbwebb-kurser/mvc/me/report/vendor/symfony/http-kernel/EventListener/RouterListener.php#L149"&gt;
                vendor/symfony/http-kernel/EventListener/&lt;strong&gt;RouterListener.php&lt;/strong&gt;
            &lt;/a&gt;
                        (line 149)
            &lt;span class="icon icon-copy hidden" data-clipboard-text="vendor/symfony/http-kernel/EventListener/RouterListener.php:149"&gt;
                &lt;svg xmlns="http://www.w3.org/2000/svg" height="24" viewBox="0 0 24 24" width="24"&gt;&lt;path d="M0 0h24v24H0z" fill="none"/&gt;&lt;path d="M16 1H4c-1.1 0-2 .9-2 2v14h2V3h12V1zm3 4H8c-1.1 0-2 .9-2 2v14c0 1.1.9 2 2 2h11c1.1 0 2-.9 2-2V7c0-1.1-.9-2-2-2zm0 16H8V7h11v14z"/&gt;&lt;/svg&gt;            &lt;/span&gt;
        &lt;/span&gt;
    &lt;/div&gt;
    &lt;div id="trace-html-1-0" class="trace-code sf-toggle-content"&gt;
        &lt;ol start="144"&gt;&lt;li&gt;&lt;code&gt;&lt;span style="color: var(--highlight-keyword)"&gt;&lt;/span&gt;&lt;/code&gt;&lt;/li&gt;
&lt;li&gt;&lt;code&gt;&lt;span style="color: var(--highlight-keyword)"&gt;            if (&lt;/span&gt;&lt;span style="color: var(--highlight-default)"&gt;$referer &lt;/span&gt;&lt;span style="color: var(--highlight-keyword)"&gt;= &lt;/span&gt;&lt;span style="color: var(--highlight-default)"&gt;$request&lt;/span&gt;&lt;span style="color: var(--highlight-keyword)"&gt;-&amp;gt;&lt;/span&gt;&lt;span style="color: var(--highlight-default)"&gt;headers&lt;/span&gt;&lt;span style="color: var(--highlight-keyword)"&gt;-&amp;gt;&lt;/span&gt;&lt;span style="color: var(--highlight-default)"&gt;get&lt;/span&gt;&lt;span style="color: var(--highlight-keyword)"&gt;(&lt;/span&gt;&lt;span style="color: var(--highlight-string)"&gt;'referer'&lt;/span&gt;&lt;span style="color: var(--highlight-keyword)"&gt;)) {&lt;/span&gt;&lt;/code&gt;&lt;/li&gt;
&lt;li&gt;&lt;code&gt;&lt;span style="color: var(--highlight-keyword)"&gt;                &lt;/span&gt;&lt;span style="color: var(--highlight-default)"&gt;$message &lt;/span&gt;&lt;span style="color: var(--highlight-keyword)"&gt;.= &lt;/span&gt;&lt;span style="color: var(--highlight-default)"&gt;\sprintf&lt;/span&gt;&lt;span style="color: var(--highlight-keyword)"&gt;(&lt;/span&gt;&lt;span style="color: var(--highlight-string)"&gt;' (from "%s")'&lt;/span&gt;&lt;span style="color: var(--highlight-keyword)"&gt;, &lt;/span&gt;&lt;span style="color: var(--highlight-default)"&gt;$referer&lt;/span&gt;&lt;span style="color: var(--highlight-keyword)"&gt;);&lt;/span&gt;&lt;/code&gt;&lt;/li&gt;
&lt;li&gt;&lt;code&gt;&lt;span style="color: var(--highlight-keyword)"&gt;            }&lt;/span&gt;&lt;/code&gt;&lt;/li&gt;
&lt;li&gt;&lt;code&gt;&lt;span style="color: var(--highlight-keyword)"&gt;&lt;/span&gt;&lt;/code&gt;&lt;/li&gt;
&lt;li class="selected"&gt;&lt;code&gt;&lt;span style="color: var(--highlight-keyword)"&gt;            throw new &lt;/span&gt;&lt;span style="color: var(--highlight-default)"&gt;NotFoundHttpException&lt;/span&gt;&lt;span style="color: var(--highlight-keyword)"&gt;(&lt;/span&gt;&lt;span style="color: var(--highlight-default)"&gt;$message&lt;/span&gt;&lt;span style="color: var(--highlight-keyword)"&gt;, &lt;/span&gt;&lt;span style="color: var(--highlight-default)"&gt;$e&lt;/span&gt;&lt;span style="color: var(--highlight-keyword)"&gt;);&lt;/span&gt;&lt;/code&gt;&lt;/li&gt;
&lt;li&gt;&lt;code&gt;&lt;span style="color: var(--highlight-keyword)"&gt;        } catch (&lt;/span&gt;&lt;span style="color: var(--highlight-default)"&gt;MethodNotAllowedException $e&lt;/span&gt;&lt;span style="color: var(--highlight-keyword)"&gt;) {&lt;/span&gt;&lt;/code&gt;&lt;/li&gt;
&lt;li&gt;&lt;code&gt;&lt;span style="color: var(--highlight-keyword)"&gt;            &lt;/span&gt;&lt;span style="color: var(--highlight-default)"&gt;$message &lt;/span&gt;&lt;span style="color: var(--highlight-keyword)"&gt;= &lt;/span&gt;&lt;span style="color: var(--highlight-default)"&gt;\sprintf&lt;/span&gt;&lt;span style="color: var(--highlight-keyword)"&gt;(&lt;/span&gt;&lt;span style="color: var(--highlight-string)"&gt;'No route found for "%s %s": Method Not Allowed (Allow: %s)'&lt;/span&gt;&lt;span style="color: var(--highlight-keyword)"&gt;, &lt;/span&gt;&lt;span style="color: var(--highlight-default)"&gt;$request&lt;/span&gt;&lt;span style="color: var(--highlight-keyword)"&gt;-&amp;gt;&lt;/span&gt;&lt;span style="color: var(--highlight-default)"&gt;getMethod&lt;/span&gt;&lt;span style="color: var(--highlight-keyword)"&gt;(), &lt;/span&gt;&lt;span style="color: var(--highlight-default)"&gt;$request&lt;/span&gt;&lt;span style="color: var(--highlight-keyword)"&gt;-&amp;gt;&lt;/span&gt;&lt;span style="color: var(--highlight-default)"&gt;getUriForPath&lt;/span&gt;&lt;span style="color: var(--highlight-keyword)"&gt;(&lt;/span&gt;&lt;span style="color: var(--highlight-default)"&gt;$request&lt;/span&gt;&lt;span style="color: var(--highlight-keyword)"&gt;-&amp;gt;&lt;/span&gt;&lt;span style="color: var(--highlight-default)"&gt;getPathInfo&lt;/span&gt;&lt;span style="color: var(--highlight-keyword)"&gt;()), &lt;/span&gt;&lt;span style="color: var(--highlight-default)"&gt;implode&lt;/span&gt;&lt;span style="color: var(--highlight-keyword)"&gt;(&lt;/span&gt;&lt;span style="color: var(--highlight-string)"&gt;', '&lt;/span&gt;&lt;span style="color: var(--highlight-keyword)"&gt;, &lt;/span&gt;&lt;span style="color: var(--highlight-default)"&gt;$e&lt;/span&gt;&lt;span style="color: var(--highlight-keyword)"&gt;-&amp;gt;&lt;/span&gt;&lt;span style="color: var(--highlight-default)"&gt;getAllowedMethods&lt;/span&gt;&lt;span style="color: var(--highlight-keyword)"&gt;()));&lt;/span&gt;&lt;/code&gt;&lt;/li&gt;
&lt;li&gt;&lt;code&gt;&lt;span style="color: var(--highlight-keyword)"&gt;&lt;/span&gt;&lt;/code&gt;&lt;/li&gt;
&lt;li&gt;&lt;code&gt;&lt;span style="color: var(--highlight-keyword)"&gt;            throw new &lt;/span&gt;&lt;span style="color: var(--highlight-default)"&gt;MethodNotAllowedHttpException&lt;/span&gt;&lt;span style="color: var(--highlight-keyword)"&gt;(&lt;/span&gt;&lt;span style="color: var(--highlight-default)"&gt;$e&lt;/span&gt;&lt;span style="color: var(--highlight-keyword)"&gt;-&amp;gt;&lt;/span&gt;&lt;span style="color: var(--highlight-default)"&gt;getAllowedMethods&lt;/span&gt;&lt;span style="color: var(--highlight-keyword)"&gt;(), &lt;/span&gt;&lt;span style="color: var(--highlight-default)"&gt;$message&lt;/span&gt;&lt;span style="color: var(--highlight-keyword)"&gt;, &lt;/span&gt;&lt;span style="color: var(--highlight-default)"&gt;$e&lt;/span&gt;&lt;span style="color: var(--highlight-keyword)"&gt;);&lt;/span&gt;&lt;/code&gt;&lt;/li&gt;
&lt;li&gt;&lt;code&gt;&lt;span style="color: var(--highlight-keyword)"&gt;        }&lt;/span&gt;&lt;/code&gt;&lt;/li&gt;&lt;/ol&gt;    &lt;/div&gt;            &lt;/div&gt;
                        &lt;div class="trace-line trace-from-vendor"&gt;
                &lt;div class="trace-line-header break-long-words sf-toggle" data-toggle-selector="#trace-html-1-1" data-toggle-initial=""&gt;
            &lt;span class="icon icon-close"&gt;&lt;svg width="1792" height="1792" viewBox="0 0 1792 1792" xmlns="http://www.w3.org/2000/svg"&gt;&lt;path d="M1408 960V832q0-26-19-45t-45-19H448q-26 0-45 19t-19 45v128q0 26 19 45t45 19h896q26 0 45-19t19-45zm256-544v960q0 119-84.5 203.5T1376 1664H416q-119 0-203.5-84.5T128 1376V416q0-119 84.5-203.5T416 128h960q119 0 203.5 84.5T1664 416z"/&gt;&lt;/svg&gt;&lt;/span&gt;
        &lt;span class="icon icon-open"&gt;&lt;svg width="1792" height="1792" viewBox="0 0 1792 1792" xmlns="http://www.w3.org/2000/svg"&gt;&lt;path d="M1408 960V832q0-26-19-45t-45-19h-320V448q0-26-19-45t-45-19H832q-26 0-45 19t-19 45v320H448q-26 0-45 19t-19 45v128q0 26 19 45t45 19h320v320q0 26 19 45t45 19h128q26 0 45-19t19-45v-320h320q26 0 45-19t19-45zm256-544v960q0 119-84.5 203.5T1376 1664H416q-119 0-203.5-84.5T128 1376V416q0-119 84.5-203.5T416 128h960q119 0 203.5 84.5T1664 416z"/&gt;&lt;/svg&gt;&lt;/span&gt;
    
    
                    &lt;span class="block trace-file-path"&gt;
            in
            &lt;a href="file:///home/h3rmano/dbwebb-kurser/mvc/me/report/vendor/symfony/event-dispatcher/Debug/WrappedListener.php#L115"&gt;
                vendor/symfony/event-dispatcher/Debug/&lt;strong&gt;WrappedListener.php&lt;/strong&gt;
            &lt;/a&gt;
                            &lt;span class="trace-type"&gt;-&gt;&lt;/span&gt;
                &lt;span class="trace-method"&gt;onKernelRequest&lt;/span&gt;
                        (line 115)
            &lt;span class="icon icon-copy hidden" data-clipboard-text="vendor/symfony/event-dispatcher/Debug/WrappedListener.php:115"&gt;
                &lt;svg xmlns="http://www.w3.org/2000/svg" height="24" viewBox="0 0 24 24" width="24"&gt;&lt;path d="M0 0h24v24H0z" fill="none"/&gt;&lt;path d="M16 1H4c-1.1 0-2 .9-2 2v14h2V3h12V1zm3 4H8c-1.1 0-2 .9-2 2v14c0 1.1.9 2 2 2h11c1.1 0 2-.9 2-2V7c0-1.1-.9-2-2-2zm0 16H8V7h11v14z"/&gt;&lt;/svg&gt;            &lt;/span&gt;
        &lt;/span&gt;
    &lt;/div&gt;
    &lt;div id="trace-html-1-1" class="trace-code sf-toggle-content"&gt;
        &lt;ol start="110"&gt;&lt;li&gt;&lt;code&gt;&lt;span style="color: var(--highlight-keyword)"&gt;        &lt;/span&gt;&lt;span style="color: var(--highlight-default)"&gt;$this&lt;/span&gt;&lt;span style="color: var(--highlight-keyword)"&gt;-&amp;gt;&lt;/span&gt;&lt;span style="color: var(--highlight-default)"&gt;priority &lt;/span&gt;&lt;span style="color: var(--highlight-keyword)"&gt;??= &lt;/span&gt;&lt;span style="color: var(--highlight-default)"&gt;$dispatcher&lt;/span&gt;&lt;span style="color: var(--highlight-keyword)"&gt;-&amp;gt;&lt;/span&gt;&lt;span style="color: var(--highlight-default)"&gt;getListenerPriority&lt;/span&gt;&lt;span style="color: var(--highlight-keyword)"&gt;(&lt;/span&gt;&lt;span style="color: var(--highlight-default)"&gt;$eventName&lt;/span&gt;&lt;span style="color: var(--highlight-keyword)"&gt;, &lt;/span&gt;&lt;span style="color: var(--highlight-default)"&gt;$this&lt;/span&gt;&lt;span style="color: var(--highlight-keyword)"&gt;-&amp;gt;&lt;/span&gt;&lt;span style="color: var(--highlight-default)"&gt;listener&lt;/span&gt;&lt;span style="color: var(--highlight-keyword)"&gt;);&lt;/span&gt;&lt;/code&gt;&lt;/li&gt;
&lt;li&gt;&lt;code&gt;&lt;span style="color: var(--highlight-keyword)"&gt;&lt;/span&gt;&lt;/code&gt;&lt;/li&gt;
&lt;li&gt;&lt;code&gt;&lt;span style="color: var(--highlight-keyword)"&gt;        &lt;/span&gt;&lt;span style="color: var(--highlight-default)"&gt;$e &lt;/span&gt;&lt;span style="color: var(--highlight-keyword)"&gt;= &lt;/span&gt;&lt;span style="color: var(--highlight-default)"&gt;$this&lt;/span&gt;&lt;span style="color: var(--highlight-keyword)"&gt;-&amp;gt;&lt;/span&gt;&lt;span style="color: var(--highlight-default)"&gt;stopwatch&lt;/span&gt;&lt;span style="color: var(--highlight-keyword)"&gt;-&amp;gt;&lt;/span&gt;&lt;span style="color: var(--highlight-default)"&gt;start&lt;/span&gt;&lt;span style="color: var(--highlight-keyword)"&gt;(&lt;/span&gt;&lt;span style="color: var(--highlight-default)"&gt;$this&lt;/span&gt;&lt;span style="color: var(--highlight-keyword)"&gt;-&amp;gt;&lt;/span&gt;&lt;span style="color: var(--highlight-default)"&gt;name&lt;/span&gt;&lt;span style="color: var(--highlight-keyword)"&gt;, &lt;/span&gt;&lt;span style="color: var(--highlight-string)"&gt;'event_listener'&lt;/span&gt;&lt;span style="color: var(--highlight-keyword)"&gt;);&lt;/span&gt;&lt;/code&gt;&lt;/li&gt;
&lt;li&gt;&lt;code&gt;&lt;span style="color: var(--highlight-keyword)"&gt;&lt;/span&gt;&lt;/code&gt;&lt;/li&gt;
&lt;li&gt;&lt;code&gt;&lt;span style="color: var(--highlight-keyword)"&gt;        try {&lt;/span&gt;&lt;/code&gt;&lt;/li&gt;
&lt;li class="selected"&gt;&lt;code&gt;&lt;span style="color: var(--highlight-keyword)"&gt;            (&lt;/span&gt;&lt;span style="color: var(--highlight-default)"&gt;$this&lt;/span&gt;&lt;span style="color: var(--highlight-keyword)"&gt;-&amp;gt;&lt;/span&gt;&lt;span style="color: var(--highlight-default)"&gt;optimizedListener &lt;/span&gt;&lt;span style="color: var(--highlight-keyword)"&gt;?? &lt;/span&gt;&lt;span style="color: var(--highlight-default)"&gt;$this&lt;/span&gt;&lt;span style="color: var(--highlight-keyword)"&gt;-&amp;gt;&lt;/span&gt;&lt;span style="color: var(--highlight-default)"&gt;listener&lt;/span&gt;&lt;span style="color: var(--highlight-keyword)"&gt;)(&lt;/span&gt;&lt;span style="color: var(--highlight-default)"&gt;$event&lt;/span&gt;&lt;span style="color: var(--highlight-keyword)"&gt;, &lt;/span&gt;&lt;span style="color: var(--highlight-default)"&gt;$eventName&lt;/span&gt;&lt;span style="color: var(--highlight-keyword)"&gt;, &lt;/span&gt;&lt;span style="color: var(--highlight-default)"&gt;$dispatcher&lt;/span&gt;&lt;span style="color: var(--highlight-keyword)"&gt;);&lt;/span&gt;&lt;/code&gt;&lt;/li&gt;
&lt;li&gt;&lt;code&gt;&lt;span style="color: var(--highlight-keyword)"&gt;        } finally {&lt;/span&gt;&lt;/code&gt;&lt;/li&gt;
&lt;li&gt;&lt;code&gt;&lt;span style="color: var(--highlight-keyword)"&gt;            if (&lt;/span&gt;&lt;span style="color: var(--highlight-default)"&gt;$e&lt;/span&gt;&lt;span style="color: var(--highlight-keyword)"&gt;-&amp;gt;&lt;/span&gt;&lt;span style="color: var(--highlight-default)"&gt;isStarted&lt;/span&gt;&lt;span style="color: var(--highlight-keyword)"&gt;()) {&lt;/span&gt;&lt;/code&gt;&lt;/li&gt;
&lt;li&gt;&lt;code&gt;&lt;span style="color: var(--highlight-keyword)"&gt;                &lt;/span&gt;&lt;span style="color: var(--highlight-default)"&gt;$e&lt;/span&gt;&lt;span style="color: var(--highlight-keyword)"&gt;-&amp;gt;&lt;/span&gt;&lt;span style="color: var(--highlight-default)"&gt;stop&lt;/span&gt;&lt;span style="color: var(--highlight-keyword)"&gt;();&lt;/span&gt;&lt;/code&gt;&lt;/li&gt;
&lt;li&gt;&lt;code&gt;&lt;span style="color: var(--highlight-keyword)"&gt;            }&lt;/span&gt;&lt;/code&gt;&lt;/li&gt;
&lt;li&gt;&lt;code&gt;&lt;span style="color: var(--highlight-keyword)"&gt;        }&lt;/span&gt;&lt;/code&gt;&lt;/li&gt;&lt;/ol&gt;    &lt;/div&gt;            &lt;/div&gt;
                        &lt;div class="trace-line trace-from-vendor"&gt;
                &lt;div class="trace-line-header break-long-words sf-toggle" data-toggle-selector="#trace-html-1-2" data-toggle-initial=""&gt;
            &lt;span class="icon icon-close"&gt;&lt;svg width="1792" height="1792" viewBox="0 0 1792 1792" xmlns="http://www.w3.org/2000/svg"&gt;&lt;path d="M1408 960V832q0-26-19-45t-45-19H448q-26 0-45 19t-19 45v128q0 26 19 45t45 19h896q26 0 45-19t19-45zm256-544v960q0 119-84.5 203.5T1376 1664H416q-119 0-203.5-84.5T128 1376V416q0-119 84.5-203.5T416 128h960q119 0 203.5 84.5T1664 416z"/&gt;&lt;/svg&gt;&lt;/span&gt;
        &lt;span class="icon icon-open"&gt;&lt;svg width="1792" height="1792" viewBox="0 0 1792 1792" xmlns="http://www.w3.org/2000/svg"&gt;&lt;path d="M1408 960V832q0-26-19-45t-45-19h-320V448q0-26-19-45t-45-19H832q-26 0-45 19t-19 45v320H448q-26 0-45 19t-19 45v128q0 26 19 45t45 19h320v320q0 26 19 45t45 19h128q26 0 45-19t19-45v-320h320q26 0 45-19t19-45zm256-544v960q0 119-84.5 203.5T1376 1664H416q-119 0-203.5-84.5T128 1376V416q0-119 84.5-203.5T416 128h960q119 0 203.5 84.5T1664 416z"/&gt;&lt;/svg&gt;&lt;/span&gt;
    
    
                    &lt;span class="block trace-file-path"&gt;
            in
            &lt;a href="file:///home/h3rmano/dbwebb-kurser/mvc/me/report/vendor/symfony/event-dispatcher/EventDispatcher.php#L206"&gt;
                vendor/symfony/event-dispatcher/&lt;strong&gt;EventDispatcher.php&lt;/strong&gt;
            &lt;/a&gt;
                            &lt;span class="trace-type"&gt;-&gt;&lt;/span&gt;
                &lt;span class="trace-method"&gt;__invoke&lt;/span&gt;
                        (line 206)
            &lt;span class="icon icon-copy hidden" data-clipboard-text="vendor/symfony/event-dispatcher/EventDispatcher.php:206"&gt;
                &lt;svg xmlns="http://www.w3.org/2000/svg" height="24" viewBox="0 0 24 24" width="24"&gt;&lt;path d="M0 0h24v24H0z" fill="none"/&gt;&lt;path d="M16 1H4c-1.1 0-2 .9-2 2v14h2V3h12V1zm3 4H8c-1.1 0-2 .9-2 2v14c0 1.1.9 2 2 2h11c1.1 0 2-.9 2-2V7c0-1.1-.9-2-2-2zm0 16H8V7h11v14z"/&gt;&lt;/svg&gt;            &lt;/span&gt;
        &lt;/span&gt;
    &lt;/div&gt;
    &lt;div id="trace-html-1-2" class="trace-code sf-toggle-content"&gt;
        &lt;ol start="201"&gt;&lt;li&gt;&lt;code&gt;&lt;span style="color: var(--highlight-keyword)"&gt;&lt;/span&gt;&lt;/code&gt;&lt;/li&gt;
&lt;li&gt;&lt;code&gt;&lt;span style="color: var(--highlight-keyword)"&gt;        foreach (&lt;/span&gt;&lt;span style="color: var(--highlight-default)"&gt;$listeners &lt;/span&gt;&lt;span style="color: var(--highlight-keyword)"&gt;as &lt;/span&gt;&lt;span style="color: var(--highlight-default)"&gt;$listener&lt;/span&gt;&lt;span style="color: var(--highlight-keyword)"&gt;) {&lt;/span&gt;&lt;/code&gt;&lt;/li&gt;
&lt;li&gt;&lt;code&gt;&lt;span style="color: var(--highlight-keyword)"&gt;            if (&lt;/span&gt;&lt;span style="color: var(--highlight-default)"&gt;$stoppable &lt;/span&gt;&lt;span style="color: var(--highlight-keyword)"&gt;&amp;amp;&amp;amp; &lt;/span&gt;&lt;span style="color: var(--highlight-default)"&gt;$event&lt;/span&gt;&lt;span style="color: var(--highlight-keyword)"&gt;-&amp;gt;&lt;/span&gt;&lt;span style="color: var(--highlight-default)"&gt;isPropagationStopped&lt;/span&gt;&lt;span style="color: var(--highlight-keyword)"&gt;()) {&lt;/span&gt;&lt;/code&gt;&lt;/li&gt;
&lt;li&gt;&lt;code&gt;&lt;span style="color: var(--highlight-keyword)"&gt;                break;&lt;/span&gt;&lt;/code&gt;&lt;/li&gt;
&lt;li&gt;&lt;code&gt;&lt;span style="color: var(--highlight-keyword)"&gt;            }&lt;/span&gt;&lt;/code&gt;&lt;/li&gt;
&lt;li class="selected"&gt;&lt;code&gt;&lt;span style="color: var(--highlight-keyword)"&gt;            &lt;/span&gt;&lt;span style="color: var(--highlight-default)"&gt;$listener&lt;/span&gt;&lt;span style="color: var(--highlight-keyword)"&gt;(&lt;/span&gt;&lt;span style="color: var(--highlight-default)"&gt;$event&lt;/span&gt;&lt;span style="color: var(--highlight-keyword)"&gt;, &lt;/span&gt;&lt;span style="color: var(--highlight-default)"&gt;$eventName&lt;/span&gt;&lt;span style="color: var(--highlight-keyword)"&gt;, &lt;/span&gt;&lt;span style="color: var(--highlight-default)"&gt;$this&lt;/span&gt;&lt;span style="color: var(--highlight-keyword)"&gt;);&lt;/span&gt;&lt;/code&gt;&lt;/li&gt;
&lt;li&gt;&lt;code&gt;&lt;span style="color: var(--highlight-keyword)"&gt;        }&lt;/span&gt;&lt;/code&gt;&lt;/li&gt;
&lt;li&gt;&lt;code&gt;&lt;span style="color: var(--highlight-keyword)"&gt;    }&lt;/span&gt;&lt;/code&gt;&lt;/li&gt;
&lt;li&gt;&lt;code&gt;&lt;span style="color: var(--highlight-keyword)"&gt;&lt;/span&gt;&lt;/code&gt;&lt;/li&gt;
&lt;li&gt;&lt;code&gt;&lt;span style="color: var(--highlight-keyword)"&gt;    &lt;/span&gt;&lt;span style="color: var(--highlight-comment)"&gt;/**&lt;/span&gt;&lt;/code&gt;&lt;/li&gt;
&lt;li&gt;&lt;code&gt;&lt;span style="color: var(--highlight-comment)"&gt;     * Sorts the internal list of listeners for the given event by priority.&lt;/span&gt;&lt;/code&gt;&lt;/li&gt;&lt;/ol&gt;    &lt;/div&gt;            &lt;/div&gt;
                        &lt;div class="trace-line trace-from-vendor"&gt;
                &lt;div class="trace-line-header break-long-words sf-toggle" data-toggle-selector="#trace-html-1-3" data-toggle-initial=""&gt;
            &lt;span class="icon icon-close"&gt;&lt;svg width="1792" height="1792" viewBox="0 0 1792 1792" xmlns="http://www.w3.org/2000/svg"&gt;&lt;path d="M1408 960V832q0-26-19-45t-45-19H448q-26 0-45 19t-19 45v128q0 26 19 45t45 19h896q26 0 45-19t19-45zm256-544v960q0 119-84.5 203.5T1376 1664H416q-119 0-203.5-84.5T128 1376V416q0-119 84.5-203.5T416 128h960q119 0 203.5 84.5T1664 416z"/&gt;&lt;/svg&gt;&lt;/span&gt;
        &lt;span class="icon icon-open"&gt;&lt;svg width="1792" height="1792" viewBox="0 0 1792 1792" xmlns="http://www.w3.org/2000/svg"&gt;&lt;path d="M1408 960V832q0-26-19-45t-45-19h-320V448q0-26-19-45t-45-19H832q-26 0-45 19t-19 45v320H448q-26 0-45 19t-19 45v128q0 26 19 45t45 19h320v320q0 26 19 45t45 19h128q26 0 45-19t19-45v-320h320q26 0 45-19t19-45zm256-544v960q0 119-84.5 203.5T1376 1664H416q-119 0-203.5-84.5T128 1376V416q0-119 84.5-203.5T416 128h960q119 0 203.5 84.5T1664 416z"/&gt;&lt;/svg&gt;&lt;/span&gt;
    
    
                    &lt;span class="block trace-file-path"&gt;
            in
            &lt;a href="file:///home/h3rmano/dbwebb-kurser/mvc/me/report/vendor/symfony/event-dispatcher/EventDispatcher.php#L56"&gt;
                vendor/symfony/event-dispatcher/&lt;strong&gt;EventDispatcher.php&lt;/strong&gt;
            &lt;/a&gt;
                            &lt;span class="trace-type"&gt;-&gt;&lt;/span&gt;
                &lt;span class="trace-method"&gt;callListeners&lt;/span&gt;
                        (line 56)
            &lt;span class="icon icon-copy hidden" data-clipboard-text="vendor/symfony/event-dispatcher/EventDispatcher.php:56"&gt;
                &lt;svg xmlns="http://www.w3.org/2000/svg" height="24" viewBox="0 0 24 24" width="24"&gt;&lt;path d="M0 0h24v24H0z" fill="none"/&gt;&lt;path d="M16 1H4c-1.1 0-2 .9-2 2v14h2V3h12V1zm3 4H8c-1.1 0-2 .9-2 2v14c0 1.1.9 2 2 2h11c1.1 0 2-.9 2-2V7c0-1.1-.9-2-2-2zm0 16H8V7h11v14z"/&gt;&lt;/svg&gt;            &lt;/span&gt;
        &lt;/span&gt;
    &lt;/div&gt;
    &lt;div id="trace-html-1-3" class="trace-code sf-toggle-content"&gt;
        &lt;ol start="51"&gt;&lt;li&gt;&lt;code&gt;&lt;span style="color: var(--highlight-keyword)"&gt;        } else {&lt;/span&gt;&lt;/code&gt;&lt;/li&gt;
&lt;li&gt;&lt;code&gt;&lt;span style="color: var(--highlight-keyword)"&gt;            &lt;/span&gt;&lt;span style="color: var(--highlight-default)"&gt;$listeners &lt;/span&gt;&lt;span style="color: var(--highlight-keyword)"&gt;= &lt;/span&gt;&lt;span style="color: var(--highlight-default)"&gt;$this&lt;/span&gt;&lt;span style="color: var(--highlight-keyword)"&gt;-&amp;gt;&lt;/span&gt;&lt;span style="color: var(--highlight-default)"&gt;getListeners&lt;/span&gt;&lt;span style="color: var(--highlight-keyword)"&gt;(&lt;/span&gt;&lt;span style="color: var(--highlight-default)"&gt;$eventName&lt;/span&gt;&lt;span style="color: var(--highlight-keyword)"&gt;);&lt;/span&gt;&lt;/code&gt;&lt;/li&gt;
&lt;li&gt;&lt;code&gt;&lt;span style="color: var(--highlight-keyword)"&gt;        }&lt;/span&gt;&lt;/code&gt;&lt;/li&gt;
&lt;li&gt;&lt;code&gt;&lt;span style="color: var(--highlight-keyword)"&gt;&lt;/span&gt;&lt;/code&gt;&lt;/li&gt;
&lt;li&gt;&lt;code&gt;&lt;span style="color: var(--highlight-keyword)"&gt;        if (&lt;/span&gt;&lt;span style="color: var(--highlight-default)"&gt;$listeners&lt;/span&gt;&lt;span style="color: var(--highlight-keyword)"&gt;) {&lt;/span&gt;&lt;/code&gt;&lt;/li&gt;
&lt;li class="selected"&gt;&lt;code&gt;&lt;span style="color: var(--highlight-keyword)"&gt;            &lt;/span&gt;&lt;span style="color: var(--highlight-default)"&gt;$this&lt;/span&gt;&lt;span style="color: var(--highlight-keyword)"&gt;-&amp;gt;&lt;/span&gt;&lt;span style="color: var(--highlight-default)"&gt;callListeners&lt;/span&gt;&lt;span style="color: var(--highlight-keyword)"&gt;(&lt;/span&gt;&lt;span style="color: var(--highlight-default)"&gt;$listeners&lt;/span&gt;&lt;span style="color: var(--highlight-keyword)"&gt;, &lt;/span&gt;&lt;span style="color: var(--highlight-default)"&gt;$eventName&lt;/span&gt;&lt;span style="color: var(--highlight-keyword)"&gt;, &lt;/span&gt;&lt;span style="color: var(--highlight-default)"&gt;$event&lt;/span&gt;&lt;span style="color: var(--highlight-keyword)"&gt;);&lt;/span&gt;&lt;/code&gt;&lt;/li&gt;
&lt;li&gt;&lt;code&gt;&lt;span style="color: var(--highlight-keyword)"&gt;        }&lt;/span&gt;&lt;/code&gt;&lt;/li&gt;
&lt;li&gt;&lt;code&gt;&lt;span style="color: var(--highlight-keyword)"&gt;&lt;/span&gt;&lt;/code&gt;&lt;/li&gt;
&lt;li&gt;&lt;code&gt;&lt;span style="color: var(--highlight-keyword)"&gt;        return &lt;/span&gt;&lt;span style="color: var(--highlight-default)"&gt;$event&lt;/span&gt;&lt;span style="color: var(--highlight-keyword)"&gt;;&lt;/span&gt;&lt;/code&gt;&lt;/li&gt;
&lt;li&gt;&lt;code&gt;&lt;span style="color: var(--highlight-keyword)"&gt;    }&lt;/span&gt;&lt;/code&gt;&lt;/li&gt;
&lt;li&gt;&lt;code&gt;&lt;span style="color: var(--highlight-keyword)"&gt;&lt;/span&gt;&lt;/code&gt;&lt;/li&gt;&lt;/ol&gt;    &lt;/div&gt;            &lt;/div&gt;
                        &lt;div class="trace-line trace-from-vendor"&gt;
                &lt;div class="trace-line-header break-long-words sf-toggle" data-toggle-selector="#trace-html-1-4" data-toggle-initial=""&gt;
            &lt;span class="icon icon-close"&gt;&lt;svg width="1792" height="1792" viewBox="0 0 1792 1792" xmlns="http://www.w3.org/2000/svg"&gt;&lt;path d="M1408 960V832q0-26-19-45t-45-19H448q-26 0-45 19t-19 45v128q0 26 19 45t45 19h896q26 0 45-19t19-45zm256-544v960q0 119-84.5 203.5T1376 1664H416q-119 0-203.5-84.5T128 1376V416q0-119 84.5-203.5T416 128h960q119 0 203.5 84.5T1664 416z"/&gt;&lt;/svg&gt;&lt;/span&gt;
        &lt;span class="icon icon-open"&gt;&lt;svg width="1792" height="1792" viewBox="0 0 1792 1792" xmlns="http://www.w3.org/2000/svg"&gt;&lt;path d="M1408 960V832q0-26-19-45t-45-19h-320V448q0-26-19-45t-45-19H832q-26 0-45 19t-19 45v320H448q-26 0-45 19t-19 45v128q0 26 19 45t45 19h320v320q0 26 19 45t45 19h128q26 0 45-19t19-45v-320h320q26 0 45-19t19-45zm256-544v960q0 119-84.5 203.5T1376 1664H416q-119 0-203.5-84.5T128 1376V416q0-119 84.5-203.5T416 128h960q119 0 203.5 84.5T1664 416z"/&gt;&lt;/svg&gt;&lt;/span&gt;
    
    
                    &lt;span class="block trace-file-path"&gt;
            in
            &lt;a href="file:///home/h3rmano/dbwebb-kurser/mvc/me/report/vendor/symfony/event-dispatcher/Debug/TraceableEventDispatcher.php#L122"&gt;
                vendor/symfony/event-dispatcher/Debug/&lt;strong&gt;TraceableEventDispatcher.php&lt;/strong&gt;
            &lt;/a&gt;
                            &lt;span class="trace-type"&gt;-&gt;&lt;/span&gt;
                &lt;span class="trace-method"&gt;dispatch&lt;/span&gt;
                        (line 122)
            &lt;span class="icon icon-copy hidden" data-clipboard-text="vendor/symfony/event-dispatcher/Debug/TraceableEventDispatcher.php:122"&gt;
                &lt;svg xmlns="http://www.w3.org/2000/svg" height="24" viewBox="0 0 24 24" width="24"&gt;&lt;path d="M0 0h24v24H0z" fill="none"/&gt;&lt;path d="M16 1H4c-1.1 0-2 .9-2 2v14h2V3h12V1zm3 4H8c-1.1 0-2 .9-2 2v14c0 1.1.9 2 2 2h11c1.1 0 2-.9 2-2V7c0-1.1-.9-2-2-2zm0 16H8V7h11v14z"/&gt;&lt;/svg&gt;            &lt;/span&gt;
        &lt;/span&gt;
    &lt;/div&gt;
    &lt;div id="trace-html-1-4" class="trace-code sf-toggle-content"&gt;
        &lt;ol start="117"&gt;&lt;li&gt;&lt;code&gt;&lt;span style="color: var(--highlight-keyword)"&gt;        try {&lt;/span&gt;&lt;/code&gt;&lt;/li&gt;
&lt;li&gt;&lt;code&gt;&lt;span style="color: var(--highlight-keyword)"&gt;            &lt;/span&gt;&lt;span style="color: var(--highlight-default)"&gt;$this&lt;/span&gt;&lt;span style="color: var(--highlight-keyword)"&gt;-&amp;gt;&lt;/span&gt;&lt;span style="color: var(--highlight-default)"&gt;beforeDispatch&lt;/span&gt;&lt;span style="color: var(--highlight-keyword)"&gt;(&lt;/span&gt;&lt;span style="color: var(--highlight-default)"&gt;$eventName&lt;/span&gt;&lt;span style="color: var(--highlight-keyword)"&gt;, &lt;/span&gt;&lt;span style="color: var(--highlight-default)"&gt;$event&lt;/span&gt;&lt;span style="color: var(--highlight-keyword)"&gt;);&lt;/span&gt;&lt;/code&gt;&lt;/li&gt;
&lt;li&gt;&lt;code&gt;&lt;span style="color: var(--highlight-keyword)"&gt;            try {&lt;/span&gt;&lt;/code&gt;&lt;/li&gt;
&lt;li&gt;&lt;code&gt;&lt;span style="color: var(--highlight-keyword)"&gt;                &lt;/span&gt;&lt;span style="color: var(--highlight-default)"&gt;$e &lt;/span&gt;&lt;span style="color: var(--highlight-keyword)"&gt;= &lt;/span&gt;&lt;span style="color: var(--highlight-default)"&gt;$this&lt;/span&gt;&lt;span style="color: var(--highlight-keyword)"&gt;-&amp;gt;&lt;/span&gt;&lt;span style="color: var(--highlight-default)"&gt;stopwatch&lt;/span&gt;&lt;span style="color: var(--highlight-keyword)"&gt;-&amp;gt;&lt;/span&gt;&lt;span style="color: var(--highlight-default)"&gt;start&lt;/span&gt;&lt;span style="color: var(--highlight-keyword)"&gt;(&lt;/span&gt;&lt;span style="color: var(--highlight-default)"&gt;$eventName&lt;/span&gt;&lt;span style="color: var(--highlight-keyword)"&gt;, &lt;/span&gt;&lt;span style="color: var(--highlight-string)"&gt;'section'&lt;/span&gt;&lt;span style="color: var(--highlight-keyword)"&gt;);&lt;/span&gt;&lt;/code&gt;&lt;/li&gt;
&lt;li&gt;&lt;code&gt;&lt;span style="color: var(--highlight-keyword)"&gt;                try {&lt;/span&gt;&lt;/code&gt;&lt;/li&gt;
&lt;li class="selected"&gt;&lt;code&gt;&lt;span style="color: var(--highlight-keyword)"&gt;                    &lt;/span&gt;&lt;span style="color: var(--highlight-default)"&gt;$this&lt;/span&gt;&lt;span style="color: var(--highlight-keyword)"&gt;-&amp;gt;&lt;/span&gt;&lt;span style="color: var(--highlight-default)"&gt;dispatcher&lt;/span&gt;&lt;span style="color: var(--highlight-keyword)"&gt;-&amp;gt;&lt;/span&gt;&lt;span style="color: var(--highlight-default)"&gt;dispatch&lt;/span&gt;&lt;span style="color: var(--highlight-keyword)"&gt;(&lt;/span&gt;&lt;span style="color: var(--highlight-default)"&gt;$event&lt;/span&gt;&lt;span style="color: var(--highlight-keyword)"&gt;, &lt;/span&gt;&lt;span style="color: var(--highlight-default)"&gt;$eventName&lt;/span&gt;&lt;span style="color: var(--highlight-keyword)"&gt;);&lt;/span&gt;&lt;/code&gt;&lt;/li&gt;
&lt;li&gt;&lt;code&gt;&lt;span style="color: var(--highlight-keyword)"&gt;                } finally {&lt;/span&gt;&lt;/code&gt;&lt;/li&gt;
&lt;li&gt;&lt;code&gt;&lt;span style="color: var(--highlight-keyword)"&gt;                    if (&lt;/span&gt;&lt;span style="color: var(--highlight-default)"&gt;$e&lt;/span&gt;&lt;span style="color: var(--highlight-keyword)"&gt;-&amp;gt;&lt;/span&gt;&lt;span style="color: var(--highlight-default)"&gt;isStarted&lt;/span&gt;&lt;span style="color: var(--highlight-keyword)"&gt;()) {&lt;/span&gt;&lt;/code&gt;&lt;/li&gt;
&lt;li&gt;&lt;code&gt;&lt;span style="color: var(--highlight-keyword)"&gt;                        &lt;/span&gt;&lt;span style="color: var(--highlight-default)"&gt;$e&lt;/span&gt;&lt;span style="color: var(--highlight-keyword)"&gt;-&amp;gt;&lt;/span&gt;&lt;span style="color: var(--highlight-default)"&gt;stop&lt;/span&gt;&lt;span style="color: var(--highlight-keyword)"&gt;();&lt;/span&gt;&lt;/code&gt;&lt;/li&gt;
&lt;li&gt;&lt;code&gt;&lt;span style="color: var(--highlight-keyword)"&gt;                    }&lt;/span&gt;&lt;/code&gt;&lt;/li&gt;
&lt;li&gt;&lt;code&gt;&lt;span style="color: var(--highlight-keyword)"&gt;                }&lt;/span&gt;&lt;/code&gt;&lt;/li&gt;&lt;/ol&gt;    &lt;/div&gt;            &lt;/div&gt;
                        &lt;div class="trace-line trace-from-vendor"&gt;
                &lt;div class="trace-line-header break-long-words sf-toggle" data-toggle-selector="#trace-html-1-5" data-toggle-initial=""&gt;
            &lt;span class="icon icon-close"&gt;&lt;svg width="1792" height="1792" viewBox="0 0 1792 1792" xmlns="http://www.w3.org/2000/svg"&gt;&lt;path d="M1408 960V832q0-26-19-45t-45-19H448q-26 0-45 19t-19 45v128q0 26 19 45t45 19h896q26 0 45-19t19-45zm256-544v960q0 119-84.5 203.5T1376 1664H416q-119 0-203.5-84.5T128 1376V416q0-119 84.5-203.5T416 128h960q119 0 203.5 84.5T1664 416z"/&gt;&lt;/svg&gt;&lt;/span&gt;
        &lt;span class="icon icon-open"&gt;&lt;svg width="1792" height="1792" viewBox="0 0 1792 1792" xmlns="http://www.w3.org/2000/svg"&gt;&lt;path d="M1408 960V832q0-26-19-45t-45-19h-320V448q0-26-19-45t-45-19H832q-26 0-45 19t-19 45v320H448q-26 0-45 19t-19 45v128q0 26 19 45t45 19h320v320q0 26 19 45t45 19h128q26 0 45-19t19-45v-320h320q26 0 45-19t19-45zm256-544v960q0 119-84.5 203.5T1376 1664H416q-119 0-203.5-84.5T128 1376V416q0-119 84.5-203.5T416 128h960q119 0 203.5 84.5T1664 416z"/&gt;&lt;/svg&gt;&lt;/span&gt;
    
    
                    &lt;span class="block trace-file-path"&gt;
            in
            &lt;a href="file:///home/h3rmano/dbwebb-kurser/mvc/me/report/vendor/symfony/http-kernel/HttpKernel.php#L159"&gt;
                vendor/symfony/http-kernel/&lt;strong&gt;HttpKernel.php&lt;/strong&gt;
            &lt;/a&gt;
                            &lt;span class="trace-type"&gt;-&gt;&lt;/span&gt;
                &lt;span class="trace-method"&gt;dispatch&lt;/span&gt;
                        (line 159)
            &lt;span class="icon icon-copy hidden" data-clipboard-text="vendor/symfony/http-kernel/HttpKernel.php:159"&gt;
                &lt;svg xmlns="http://www.w3.org/2000/svg" height="24" viewBox="0 0 24 24" width="24"&gt;&lt;path d="M0 0h24v24H0z" fill="none"/&gt;&lt;path d="M16 1H4c-1.1 0-2 .9-2 2v14h2V3h12V1zm3 4H8c-1.1 0-2 .9-2 2v14c0 1.1.9 2 2 2h11c1.1 0 2-.9 2-2V7c0-1.1-.9-2-2-2zm0 16H8V7h11v14z"/&gt;&lt;/svg&gt;            &lt;/span&gt;
        &lt;/span&gt;
    &lt;/div&gt;
    &lt;div id="trace-html-1-5" class="trace-code sf-toggle-content"&gt;
        &lt;ol start="154"&gt;&lt;li&gt;&lt;code&gt;&lt;span style="color: var(--highlight-comment)"&gt;     */&lt;/span&gt;&lt;/code&gt;&lt;/li&gt;
&lt;li&gt;&lt;code&gt;&lt;span style="color: var(--highlight-comment)"&gt;    &lt;/span&gt;&lt;span style="color: var(--highlight-keyword)"&gt;private function &lt;/span&gt;&lt;span style="color: var(--highlight-default)"&gt;handleRaw&lt;/span&gt;&lt;span style="color: var(--highlight-keyword)"&gt;(&lt;/span&gt;&lt;span style="color: var(--highlight-default)"&gt;Request $request&lt;/span&gt;&lt;span style="color: var(--highlight-keyword)"&gt;, &lt;/span&gt;&lt;span style="color: var(--highlight-default)"&gt;int $type &lt;/span&gt;&lt;span style="color: var(--highlight-keyword)"&gt;= &lt;/span&gt;&lt;span style="color: var(--highlight-default)"&gt;self&lt;/span&gt;&lt;span style="color: var(--highlight-keyword)"&gt;::&lt;/span&gt;&lt;span style="color: var(--highlight-default)"&gt;MAIN_REQUEST&lt;/span&gt;&lt;span style="color: var(--highlight-keyword)"&gt;): &lt;/span&gt;&lt;span style="color: var(--highlight-default)"&gt;Response&lt;/span&gt;&lt;/code&gt;&lt;/li&gt;
&lt;li&gt;&lt;code&gt;&lt;span style="color: var(--highlight-default)"&gt;    &lt;/span&gt;&lt;span style="color: var(--highlight-keyword)"&gt;{&lt;/span&gt;&lt;/code&gt;&lt;/li&gt;
&lt;li&gt;&lt;code&gt;&lt;span style="color: var(--highlight-keyword)"&gt;        &lt;/span&gt;&lt;span style="color: var(--highlight-comment)"&gt;// request&lt;/span&gt;&lt;/code&gt;&lt;/li&gt;
&lt;li&gt;&lt;code&gt;&lt;span style="color: var(--highlight-comment)"&gt;        &lt;/span&gt;&lt;span style="color: var(--highlight-default)"&gt;$event &lt;/span&gt;&lt;span style="color: var(--highlight-keyword)"&gt;= new &lt;/span&gt;&lt;span style="color: var(--highlight-default)"&gt;RequestEvent&lt;/span&gt;&lt;span style="color: var(--highlight-keyword)"&gt;(&lt;/span&gt;&lt;span style="color: var(--highlight-default)"&gt;$this&lt;/span&gt;&lt;span style="color: var(--highlight-keyword)"&gt;, &lt;/span&gt;&lt;span style="color: var(--highlight-default)"&gt;$request&lt;/span&gt;&lt;span style="color: var(--highlight-keyword)"&gt;, &lt;/span&gt;&lt;span style="color: var(--highlight-default)"&gt;$type&lt;/span&gt;&lt;span style="color: var(--highlight-keyword)"&gt;);&lt;/span&gt;&lt;/code&gt;&lt;/li&gt;
&lt;li class="selected"&gt;&lt;code&gt;&lt;span style="color: var(--highlight-keyword)"&gt;        &lt;/span&gt;&lt;span style="color: var(--highlight-default)"&gt;$this&lt;/span&gt;&lt;span style="color: var(--highlight-keyword)"&gt;-&amp;gt;&lt;/span&gt;&lt;span style="color: var(--highlight-default)"&gt;dispatcher&lt;/span&gt;&lt;span style="color: var(--highlight-keyword)"&gt;-&amp;gt;&lt;/span&gt;&lt;span style="color: var(--highlight-default)"&gt;dispatch&lt;/span&gt;&lt;span style="color: var(--highlight-keyword)"&gt;(&lt;/span&gt;&lt;span style="color: var(--highlight-default)"&gt;$event&lt;/span&gt;&lt;span style="color: var(--highlight-keyword)"&gt;, &lt;/span&gt;&lt;span style="color: var(--highlight-default)"&gt;KernelEvents&lt;/span&gt;&lt;span style="color: var(--highlight-keyword)"&gt;::&lt;/span&gt;&lt;span style="color: var(--highlight-default)"&gt;REQUEST&lt;/span&gt;&lt;span style="color: var(--highlight-keyword)"&gt;);&lt;/span&gt;&lt;/code&gt;&lt;/li&gt;
&lt;li&gt;&lt;code&gt;&lt;span style="color: var(--highlight-keyword)"&gt;&lt;/span&gt;&lt;/code&gt;&lt;/li&gt;
&lt;li&gt;&lt;code&gt;&lt;span style="color: var(--highlight-keyword)"&gt;        if (&lt;/span&gt;&lt;span style="color: var(--highlight-default)"&gt;$event&lt;/span&gt;&lt;span style="color: var(--highlight-keyword)"&gt;-&amp;gt;&lt;/span&gt;&lt;span style="color: var(--highlight-default)"&gt;hasResponse&lt;/span&gt;&lt;span style="color: var(--highlight-keyword)"&gt;()) {&lt;/span&gt;&lt;/code&gt;&lt;/li&gt;
&lt;li&gt;&lt;code&gt;&lt;span style="color: var(--highlight-keyword)"&gt;            return &lt;/span&gt;&lt;span style="color: var(--highlight-default)"&gt;$this&lt;/span&gt;&lt;span style="color: var(--highlight-keyword)"&gt;-&amp;gt;&lt;/span&gt;&lt;span style="color: var(--highlight-default)"&gt;filterResponse&lt;/span&gt;&lt;span style="color: var(--highlight-keyword)"&gt;(&lt;/span&gt;&lt;span style="color: var(--highlight-default)"&gt;$event&lt;/span&gt;&lt;span style="color: var(--highlight-keyword)"&gt;-&amp;gt;&lt;/span&gt;&lt;span style="color: var(--highlight-default)"&gt;getResponse&lt;/span&gt;&lt;span style="color: var(--highlight-keyword)"&gt;(), &lt;/span&gt;&lt;span style="color: var(--highlight-default)"&gt;$request&lt;/span&gt;&lt;span style="color: var(--highlight-keyword)"&gt;, &lt;/span&gt;&lt;span style="color: var(--highlight-default)"&gt;$type&lt;/span&gt;&lt;span style="color: var(--highlight-keyword)"&gt;);&lt;/span&gt;&lt;/code&gt;&lt;/li&gt;
&lt;li&gt;&lt;code&gt;&lt;span style="color: var(--highlight-keyword)"&gt;        }&lt;/span&gt;&lt;/code&gt;&lt;/li&gt;
&lt;li&gt;&lt;code&gt;&lt;span style="color: var(--highlight-keyword)"&gt;&lt;/span&gt;&lt;/code&gt;&lt;/li&gt;&lt;/ol&gt;    &lt;/div&gt;            &lt;/div&gt;
                        &lt;div class="trace-line trace-from-vendor"&gt;
                &lt;div class="trace-line-header break-long-words sf-toggle" data-toggle-selector="#trace-html-1-6" data-toggle-initial=""&gt;
            &lt;span class="icon icon-close"&gt;&lt;svg width="1792" height="1792" viewBox="0 0 1792 1792" xmlns="http://www.w3.org/2000/svg"&gt;&lt;path d="M1408 960V832q0-26-19-45t-45-19H448q-26 0-45 19t-19 45v128q0 26 19 45t45 19h896q26 0 45-19t19-45zm256-544v960q0 119-84.5 203.5T1376 1664H416q-119 0-203.5-84.5T128 1376V416q0-119 84.5-203.5T416 128h960q119 0 203.5 84.5T1664 416z"/&gt;&lt;/svg&gt;&lt;/span&gt;
        &lt;span class="icon icon-open"&gt;&lt;svg width="1792" height="1792" viewBox="0 0 1792 1792" xmlns="http://www.w3.org/2000/svg"&gt;&lt;path d="M1408 960V832q0-26-19-45t-45-19h-320V448q0-26-19-45t-45-19H832q-26 0-45 19t-19 45v320H448q-26 0-45 19t-19 45v128q0 26 19 45t45 19h320v320q0 26 19 45t45 19h128q26 0 45-19t19-45v-320h320q26 0 45-19t19-45zm256-544v960q0 119-84.5 203.5T1376 1664H416q-119 0-203.5-84.5T128 1376V416q0-119 84.5-203.5T416 128h960q119 0 203.5 84.5T1664 416z"/&gt;&lt;/svg&gt;&lt;/span&gt;
    
    
                    &lt;span class="block trace-file-path"&gt;
            in
            &lt;a href="file:///home/h3rmano/dbwebb-kurser/mvc/me/report/vendor/symfony/http-kernel/HttpKernel.php#L76"&gt;
                vendor/symfony/http-kernel/&lt;strong&gt;HttpKernel.php&lt;/strong&gt;
            &lt;/a&gt;
                            &lt;span class="trace-type"&gt;-&gt;&lt;/span&gt;
                &lt;span class="trace-method"&gt;handleRaw&lt;/span&gt;
                        (line 76)
            &lt;span class="icon icon-copy hidden" data-clipboard-text="vendor/symfony/http-kernel/HttpKernel.php:76"&gt;
                &lt;svg xmlns="http://www.w3.org/2000/svg" height="24" viewBox="0 0 24 24" width="24"&gt;&lt;path d="M0 0h24v24H0z" fill="none"/&gt;&lt;path d="M16 1H4c-1.1 0-2 .9-2 2v14h2V3h12V1zm3 4H8c-1.1 0-2 .9-2 2v14c0 1.1.9 2 2 2h11c1.1 0 2-.9 2-2V7c0-1.1-.9-2-2-2zm0 16H8V7h11v14z"/&gt;&lt;/svg&gt;            &lt;/span&gt;
        &lt;/span&gt;
    &lt;/div&gt;
    &lt;div id="trace-html-1-6" class="trace-code sf-toggle-content"&gt;
        &lt;ol start="71"&gt;&lt;li&gt;&lt;code&gt;&lt;span style="color: var(--highlight-keyword)"&gt;        &lt;/span&gt;&lt;span style="color: var(--highlight-default)"&gt;$request&lt;/span&gt;&lt;span style="color: var(--highlight-keyword)"&gt;-&amp;gt;&lt;/span&gt;&lt;span style="color: var(--highlight-default)"&gt;headers&lt;/span&gt;&lt;span style="color: var(--highlight-keyword)"&gt;-&amp;gt;&lt;/span&gt;&lt;span style="color: var(--highlight-default)"&gt;set&lt;/span&gt;&lt;span style="color: var(--highlight-keyword)"&gt;(&lt;/span&gt;&lt;span style="color: var(--highlight-string)"&gt;'X-Php-Ob-Level'&lt;/span&gt;&lt;span style="color: var(--highlight-keyword)"&gt;, (string) &lt;/span&gt;&lt;span style="color: var(--highlight-default)"&gt;ob_get_level&lt;/span&gt;&lt;span style="color: var(--highlight-keyword)"&gt;());&lt;/span&gt;&lt;/code&gt;&lt;/li&gt;
&lt;li&gt;&lt;code&gt;&lt;span style="color: var(--highlight-keyword)"&gt;&lt;/span&gt;&lt;/code&gt;&lt;/li&gt;
&lt;li&gt;&lt;code&gt;&lt;span style="color: var(--highlight-keyword)"&gt;        &lt;/span&gt;&lt;span style="color: var(--highlight-default)"&gt;$this&lt;/span&gt;&lt;span style="color: var(--highlight-keyword)"&gt;-&amp;gt;&lt;/span&gt;&lt;span style="color: var(--highlight-default)"&gt;requestStack&lt;/span&gt;&lt;span style="color: var(--highlight-keyword)"&gt;-&amp;gt;&lt;/span&gt;&lt;span style="color: var(--highlight-default)"&gt;push&lt;/span&gt;&lt;span style="color: var(--highlight-keyword)"&gt;(&lt;/span&gt;&lt;span style="color: var(--highlight-default)"&gt;$request&lt;/span&gt;&lt;span style="color: var(--highlight-keyword)"&gt;);&lt;/span&gt;&lt;/code&gt;&lt;/li&gt;
&lt;li&gt;&lt;code&gt;&lt;span style="color: var(--highlight-keyword)"&gt;        &lt;/span&gt;&lt;span style="color: var(--highlight-default)"&gt;$response &lt;/span&gt;&lt;span style="color: var(--highlight-keyword)"&gt;= &lt;/span&gt;&lt;span style="color: var(--highlight-default)"&gt;null&lt;/span&gt;&lt;span style="color: var(--highlight-keyword)"&gt;;&lt;/span&gt;&lt;/code&gt;&lt;/li&gt;
&lt;li&gt;&lt;code&gt;&lt;span style="color: var(--highlight-keyword)"&gt;        try {&lt;/span&gt;&lt;/code&gt;&lt;/li&gt;
&lt;li class="selected"&gt;&lt;code&gt;&lt;span style="color: var(--highlight-keyword)"&gt;            return &lt;/span&gt;&lt;span style="color: var(--highlight-default)"&gt;$response &lt;/span&gt;&lt;span style="color: var(--highlight-keyword)"&gt;= &lt;/span&gt;&lt;span style="color: var(--highlight-default)"&gt;$this&lt;/span&gt;&lt;span style="color: var(--highlight-keyword)"&gt;-&amp;gt;&lt;/span&gt;&lt;span style="color: var(--highlight-default)"&gt;handleRaw&lt;/span&gt;&lt;span style="color: var(--highlight-keyword)"&gt;(&lt;/span&gt;&lt;span style="color: var(--highlight-default)"&gt;$request&lt;/span&gt;&lt;span style="color: var(--highlight-keyword)"&gt;, &lt;/span&gt;&lt;span style="color: var(--highlight-default)"&gt;$type&lt;/span&gt;&lt;span style="color: var(--highlight-keyword)"&gt;);&lt;/span&gt;&lt;/code&gt;&lt;/li&gt;
&lt;li&gt;&lt;code&gt;&lt;span style="color: var(--highlight-keyword)"&gt;        } catch (&lt;/span&gt;&lt;span style="color: var(--highlight-default)"&gt;\Throwable $e&lt;/span&gt;&lt;span style="color: var(--highlight-keyword)"&gt;) {&lt;/span&gt;&lt;/code&gt;&lt;/li&gt;
&lt;li&gt;&lt;code&gt;&lt;span style="color: var(--highlight-keyword)"&gt;            if (&lt;/span&gt;&lt;span style="color: var(--highlight-default)"&gt;$e &lt;/span&gt;&lt;span style="color: var(--highlight-keyword)"&gt;instanceof &lt;/span&gt;&lt;span style="color: var(--highlight-default)"&gt;\Error &lt;/span&gt;&lt;span style="color: var(--highlight-keyword)"&gt;&amp;amp;&amp;amp; !&lt;/span&gt;&lt;span style="color: var(--highlight-default)"&gt;$this&lt;/span&gt;&lt;span style="color: var(--highlight-keyword)"&gt;-&amp;gt;&lt;/span&gt;&lt;span style="color: var(--highlight-default)"&gt;handleAllThrowables&lt;/span&gt;&lt;span style="color: var(--highlight-keyword)"&gt;) {&lt;/span&gt;&lt;/code&gt;&lt;/li&gt;
&lt;li&gt;&lt;code&gt;&lt;span style="color: var(--highlight-keyword)"&gt;                throw &lt;/span&gt;&lt;span style="color: var(--highlight-default)"&gt;$e&lt;/span&gt;&lt;span style="color: var(--highlight-keyword)"&gt;;&lt;/span&gt;&lt;/code&gt;&lt;/li&gt;
&lt;li&gt;&lt;code&gt;&lt;span style="color: var(--highlight-keyword)"&gt;            }&lt;/span&gt;&lt;/code&gt;&lt;/li&gt;
&lt;li&gt;&lt;code&gt;&lt;span style="color: var(--highlight-keyword)"&gt;&lt;/span&gt;&lt;/code&gt;&lt;/li&gt;&lt;/ol&gt;    &lt;/div&gt;            &lt;/div&gt;
                        &lt;div class="trace-line trace-from-vendor"&gt;
                &lt;div class="trace-line-header break-long-words sf-toggle" data-toggle-selector="#trace-html-1-7" data-toggle-initial=""&gt;
            &lt;span class="icon icon-close"&gt;&lt;svg width="1792" height="1792" viewBox="0 0 1792 1792" xmlns="http://www.w3.org/2000/svg"&gt;&lt;path d="M1408 960V832q0-26-19-45t-45-19H448q-26 0-45 19t-19 45v128q0 26 19 45t45 19h896q26 0 45-19t19-45zm256-544v960q0 119-84.5 203.5T1376 1664H416q-119 0-203.5-84.5T128 1376V416q0-119 84.5-203.5T416 128h960q119 0 203.5 84.5T1664 416z"/&gt;&lt;/svg&gt;&lt;/span&gt;
        &lt;span class="icon icon-open"&gt;&lt;svg width="1792" height="1792" viewBox="0 0 1792 1792" xmlns="http://www.w3.org/2000/svg"&gt;&lt;path d="M1408 960V832q0-26-19-45t-45-19h-320V448q0-26-19-45t-45-19H832q-26 0-45 19t-19 45v320H448q-26 0-45 19t-19 45v128q0 26 19 45t45 19h320v320q0 26 19 45t45 19h128q26 0 45-19t19-45v-320h320q26 0 45-19t19-45zm256-544v960q0 119-84.5 203.5T1376 1664H416q-119 0-203.5-84.5T128 1376V416q0-119 84.5-203.5T416 128h960q119 0 203.5 84.5T1664 416z"/&gt;&lt;/svg&gt;&lt;/span&gt;
    
    
                    &lt;span class="block trace-file-path"&gt;
            in
            &lt;a href="file:///home/h3rmano/dbwebb-kurser/mvc/me/report/vendor/symfony/http-kernel/Kernel.php#L182"&gt;
                vendor/symfony/http-kernel/&lt;strong&gt;Kernel.php&lt;/strong&gt;
            &lt;/a&gt;
                            &lt;span class="trace-type"&gt;-&gt;&lt;/span&gt;
                &lt;span class="trace-method"&gt;handle&lt;/span&gt;
                        (line 182)
            &lt;span class="icon icon-copy hidden" data-clipboard-text="vendor/symfony/http-kernel/Kernel.php:182"&gt;
                &lt;svg xmlns="http://www.w3.org/2000/svg" height="24" viewBox="0 0 24 24" width="24"&gt;&lt;path d="M0 0h24v24H0z" fill="none"/&gt;&lt;path d="M16 1H4c-1.1 0-2 .9-2 2v14h2V3h12V1zm3 4H8c-1.1 0-2 .9-2 2v14c0 1.1.9 2 2 2h11c1.1 0 2-.9 2-2V7c0-1.1-.9-2-2-2zm0 16H8V7h11v14z"/&gt;&lt;/svg&gt;            &lt;/span&gt;
        &lt;/span&gt;
    &lt;/div&gt;
    &lt;div id="trace-html-1-7" class="trace-code sf-toggle-content"&gt;
        &lt;ol start="177"&gt;&lt;li&gt;&lt;code&gt;&lt;span style="color: var(--highlight-keyword)"&gt;        &lt;/span&gt;&lt;span style="color: var(--highlight-default)"&gt;$this&lt;/span&gt;&lt;span style="color: var(--highlight-keyword)"&gt;-&amp;gt;&lt;/span&gt;&lt;span style="color: var(--highlight-default)"&gt;boot&lt;/span&gt;&lt;span style="color: var(--highlight-keyword)"&gt;();&lt;/span&gt;&lt;/code&gt;&lt;/li&gt;
&lt;li&gt;&lt;code&gt;&lt;span style="color: var(--highlight-keyword)"&gt;        ++&lt;/span&gt;&lt;span style="color: var(--highlight-default)"&gt;$this&lt;/span&gt;&lt;span style="color: var(--highlight-keyword)"&gt;-&amp;gt;&lt;/span&gt;&lt;span style="color: var(--highlight-default)"&gt;requestStackSize&lt;/span&gt;&lt;span style="color: var(--highlight-keyword)"&gt;;&lt;/span&gt;&lt;/code&gt;&lt;/li&gt;
&lt;li&gt;&lt;code&gt;&lt;span style="color: var(--highlight-keyword)"&gt;        &lt;/span&gt;&lt;span style="color: var(--highlight-default)"&gt;$this&lt;/span&gt;&lt;span style="color: var(--highlight-keyword)"&gt;-&amp;gt;&lt;/span&gt;&lt;span style="color: var(--highlight-default)"&gt;resetServices &lt;/span&gt;&lt;span style="color: var(--highlight-keyword)"&gt;= &lt;/span&gt;&lt;span style="color: var(--highlight-default)"&gt;true&lt;/span&gt;&lt;span style="color: var(--highlight-keyword)"&gt;;&lt;/span&gt;&lt;/code&gt;&lt;/li&gt;
&lt;li&gt;&lt;code&gt;&lt;span style="color: var(--highlight-keyword)"&gt;&lt;/span&gt;&lt;/code&gt;&lt;/li&gt;
&lt;li&gt;&lt;code&gt;&lt;span style="color: var(--highlight-keyword)"&gt;        try {&lt;/span&gt;&lt;/code&gt;&lt;/li&gt;
&lt;li class="selected"&gt;&lt;code&gt;&lt;span style="color: var(--highlight-keyword)"&gt;            return &lt;/span&gt;&lt;span style="color: var(--highlight-default)"&gt;$this&lt;/span&gt;&lt;span style="color: var(--highlight-keyword)"&gt;-&amp;gt;&lt;/span&gt;&lt;span style="color: var(--highlight-default)"&gt;getHttpKernel&lt;/span&gt;&lt;span style="color: var(--highlight-keyword)"&gt;()-&amp;gt;&lt;/span&gt;&lt;span style="color: var(--highlight-default)"&gt;handle&lt;/span&gt;&lt;span style="color: var(--highlight-keyword)"&gt;(&lt;/span&gt;&lt;span style="color: var(--highlight-default)"&gt;$request&lt;/span&gt;&lt;span style="color: var(--highlight-keyword)"&gt;, &lt;/span&gt;&lt;span style="color: var(--highlight-default)"&gt;$type&lt;/span&gt;&lt;span style="color: var(--highlight-keyword)"&gt;, &lt;/span&gt;&lt;span style="color: var(--highlight-default)"&gt;$catch&lt;/span&gt;&lt;span style="color: var(--highlight-keyword)"&gt;);&lt;/span&gt;&lt;/code&gt;&lt;/li&gt;
&lt;li&gt;&lt;code&gt;&lt;span style="color: var(--highlight-keyword)"&gt;        } finally {&lt;/span&gt;&lt;/code&gt;&lt;/li&gt;
&lt;li&gt;&lt;code&gt;&lt;span style="color: var(--highlight-keyword)"&gt;            --&lt;/span&gt;&lt;span style="color: var(--highlight-default)"&gt;$this&lt;/span&gt;&lt;span style="color: var(--highlight-keyword)"&gt;-&amp;gt;&lt;/span&gt;&lt;span style="color: var(--highlight-default)"&gt;requestStackSize&lt;/span&gt;&lt;span style="color: var(--highlight-keyword)"&gt;;&lt;/span&gt;&lt;/code&gt;&lt;/li&gt;
&lt;li&gt;&lt;code&gt;&lt;span style="color: var(--highlight-keyword)"&gt;        }&lt;/span&gt;&lt;/code&gt;&lt;/li&gt;
&lt;li&gt;&lt;code&gt;&lt;span style="color: var(--highlight-keyword)"&gt;    }&lt;/span&gt;&lt;/code&gt;&lt;/li&gt;
&lt;li&gt;&lt;code&gt;&lt;span style="color: var(--highlight-keyword)"&gt;&lt;/span&gt;&lt;/code&gt;&lt;/li&gt;&lt;/ol&gt;    &lt;/div&gt;            &lt;/div&gt;
                        &lt;div class="trace-line trace-from-vendor"&gt;
                &lt;div class="trace-line-header break-long-words sf-toggle" data-toggle-selector="#trace-html-1-8" data-toggle-initial=""&gt;
            &lt;span class="icon icon-close"&gt;&lt;svg width="1792" height="1792" viewBox="0 0 1792 1792" xmlns="http://www.w3.org/2000/svg"&gt;&lt;path d="M1408 960V832q0-26-19-45t-45-19H448q-26 0-45 19t-19 45v128q0 26 19 45t45 19h896q26 0 45-19t19-45zm256-544v960q0 119-84.5 203.5T1376 1664H416q-119 0-203.5-84.5T128 1376V416q0-119 84.5-203.5T416 128h960q119 0 203.5 84.5T1664 416z"/&gt;&lt;/svg&gt;&lt;/span&gt;
        &lt;span class="icon icon-open"&gt;&lt;svg width="1792" height="1792" viewBox="0 0 1792 1792" xmlns="http://www.w3.org/2000/svg"&gt;&lt;path d="M1408 960V832q0-26-19-45t-45-19h-320V448q0-26-19-45t-45-19H832q-26 0-45 19t-19 45v320H448q-26 0-45 19t-19 45v128q0 26 19 45t45 19h320v320q0 26 19 45t45 19h128q26 0 45-19t19-45v-320h320q26 0 45-19t19-45zm256-544v960q0 119-84.5 203.5T1376 1664H416q-119 0-203.5-84.5T128 1376V416q0-119 84.5-203.5T416 128h960q119 0 203.5 84.5T1664 416z"/&gt;&lt;/svg&gt;&lt;/span&gt;
    
    
                    &lt;span class="block trace-file-path"&gt;
            in
            &lt;a href="file:///home/h3rmano/dbwebb-kurser/mvc/me/report/vendor/symfony/http-kernel/HttpKernelBrowser.php#L62"&gt;
                vendor/symfony/http-kernel/&lt;strong&gt;HttpKernelBrowser.php&lt;/strong&gt;
            &lt;/a&gt;
                            &lt;span class="trace-type"&gt;-&gt;&lt;/span&gt;
                &lt;span class="trace-method"&gt;handle&lt;/span&gt;
                        (line 62)
            &lt;span class="icon icon-copy hidden" data-clipboard-text="vendor/symfony/http-kernel/HttpKernelBrowser.php:62"&gt;
                &lt;svg xmlns="http://www.w3.org/2000/svg" height="24" viewBox="0 0 24 24" width="24"&gt;&lt;path d="M0 0h24v24H0z" fill="none"/&gt;&lt;path d="M16 1H4c-1.1 0-2 .9-2 2v14h2V3h12V1zm3 4H8c-1.1 0-2 .9-2 2v14c0 1.1.9 2 2 2h11c1.1 0 2-.9 2-2V7c0-1.1-.9-2-2-2zm0 16H8V7h11v14z"/&gt;&lt;/svg&gt;            &lt;/span&gt;
        &lt;/span&gt;
    &lt;/div&gt;
    &lt;div id="trace-html-1-8" class="trace-code sf-toggle-content"&gt;
        &lt;ol start="57"&gt;&lt;li&gt;&lt;code&gt;&lt;span style="color: var(--highlight-keyword)"&gt;    &lt;/span&gt;&lt;span style="color: var(--highlight-comment)"&gt;/**&lt;/span&gt;&lt;/code&gt;&lt;/li&gt;
&lt;li&gt;&lt;code&gt;&lt;span style="color: var(--highlight-comment)"&gt;     * @param Request $request&lt;/span&gt;&lt;/code&gt;&lt;/li&gt;
&lt;li&gt;&lt;code&gt;&lt;span style="color: var(--highlight-comment)"&gt;     */&lt;/span&gt;&lt;/code&gt;&lt;/li&gt;
&lt;li&gt;&lt;code&gt;&lt;span style="color: var(--highlight-comment)"&gt;    &lt;/span&gt;&lt;span style="color: var(--highlight-keyword)"&gt;protected function &lt;/span&gt;&lt;span style="color: var(--highlight-default)"&gt;doRequest&lt;/span&gt;&lt;span style="color: var(--highlight-keyword)"&gt;(&lt;/span&gt;&lt;span style="color: var(--highlight-default)"&gt;object $request&lt;/span&gt;&lt;span style="color: var(--highlight-keyword)"&gt;): &lt;/span&gt;&lt;span style="color: var(--highlight-default)"&gt;Response&lt;/span&gt;&lt;/code&gt;&lt;/li&gt;
&lt;li&gt;&lt;code&gt;&lt;span style="color: var(--highlight-default)"&gt;    &lt;/span&gt;&lt;span style="color: var(--highlight-keyword)"&gt;{&lt;/span&gt;&lt;/code&gt;&lt;/li&gt;
&lt;li class="selected"&gt;&lt;code&gt;&lt;span style="color: var(--highlight-keyword)"&gt;        &lt;/span&gt;&lt;span style="color: var(--highlight-default)"&gt;$response &lt;/span&gt;&lt;span style="color: var(--highlight-keyword)"&gt;= &lt;/span&gt;&lt;span style="color: var(--highlight-default)"&gt;$this&lt;/span&gt;&lt;span style="color: var(--highlight-keyword)"&gt;-&amp;gt;&lt;/span&gt;&lt;span style="color: var(--highlight-default)"&gt;kernel&lt;/span&gt;&lt;span style="color: var(--highlight-keyword)"&gt;-&amp;gt;&lt;/span&gt;&lt;span style="color: var(--highlight-default)"&gt;handle&lt;/span&gt;&lt;span style="color: var(--highlight-keyword)"&gt;(&lt;/span&gt;&lt;span style="color: var(--highlight-default)"&gt;$request&lt;/span&gt;&lt;span style="color: var(--highlight-keyword)"&gt;, &lt;/span&gt;&lt;span style="color: var(--highlight-default)"&gt;HttpKernelInterface&lt;/span&gt;&lt;span style="color: var(--highlight-keyword)"&gt;::&lt;/span&gt;&lt;span style="color: var(--highlight-default)"&gt;MAIN_REQUEST&lt;/span&gt;&lt;span style="color: var(--highlight-keyword)"&gt;, &lt;/span&gt;&lt;span style="color: var(--highlight-default)"&gt;$this&lt;/span&gt;&lt;span style="color: var(--highlight-keyword)"&gt;-&amp;gt;&lt;/span&gt;&lt;span style="color: var(--highlight-default)"&gt;catchExceptions&lt;/span&gt;&lt;span style="color: var(--highlight-keyword)"&gt;);&lt;/span&gt;&lt;/code&gt;&lt;/li&gt;
&lt;li&gt;&lt;code&gt;&lt;span style="color: var(--highlight-keyword)"&gt;&lt;/span&gt;&lt;/code&gt;&lt;/li&gt;
&lt;li&gt;&lt;code&gt;&lt;span style="color: var(--highlight-keyword)"&gt;        if (&lt;/span&gt;&lt;span style="color: var(--highlight-default)"&gt;$this&lt;/span&gt;&lt;span style="color: var(--highlight-keyword)"&gt;-&amp;gt;&lt;/span&gt;&lt;span style="color: var(--highlight-default)"&gt;kernel &lt;/span&gt;&lt;span style="color: var(--highlight-keyword)"&gt;instanceof &lt;/span&gt;&lt;span style="color: var(--highlight-default)"&gt;TerminableInterface&lt;/span&gt;&lt;span style="color: var(--highlight-keyword)"&gt;) {&lt;/span&gt;&lt;/code&gt;&lt;/li&gt;
&lt;li&gt;&lt;code&gt;&lt;span style="color: var(--highlight-keyword)"&gt;            &lt;/span&gt;&lt;span style="color: var(--highlight-default)"&gt;$this&lt;/span&gt;&lt;span style="color: var(--highlight-keyword)"&gt;-&amp;gt;&lt;/span&gt;&lt;span style="color: var(--highlight-default)"&gt;kernel&lt;/span&gt;&lt;span style="color: var(--highlight-keyword)"&gt;-&amp;gt;&lt;/span&gt;&lt;span style="color: var(--highlight-default)"&gt;terminate&lt;/span&gt;&lt;span style="color: var(--highlight-keyword)"&gt;(&lt;/span&gt;&lt;span style="color: var(--highlight-default)"&gt;$request&lt;/span&gt;&lt;span style="color: var(--highlight-keyword)"&gt;, &lt;/span&gt;&lt;span style="color: var(--highlight-default)"&gt;$response&lt;/span&gt;&lt;span style="color: var(--highlight-keyword)"&gt;);&lt;/span&gt;&lt;/code&gt;&lt;/li&gt;
&lt;li&gt;&lt;code&gt;&lt;span style="color: var(--highlight-keyword)"&gt;        }&lt;/span&gt;&lt;/code&gt;&lt;/li&gt;
&lt;li&gt;&lt;code&gt;&lt;span style="color: var(--highlight-keyword)"&gt;&lt;/span&gt;&lt;/code&gt;&lt;/li&gt;&lt;/ol&gt;    &lt;/div&gt;            &lt;/div&gt;
                        &lt;div class="trace-line trace-from-vendor"&gt;
                &lt;div class="trace-line-header break-long-words sf-toggle" data-toggle-selector="#trace-html-1-9" data-toggle-initial=""&gt;
            &lt;span class="icon icon-close"&gt;&lt;svg width="1792" height="1792" viewBox="0 0 1792 1792" xmlns="http://www.w3.org/2000/svg"&gt;&lt;path d="M1408 960V832q0-26-19-45t-45-19H448q-26 0-45 19t-19 45v128q0 26 19 45t45 19h896q26 0 45-19t19-45zm256-544v960q0 119-84.5 203.5T1376 1664H416q-119 0-203.5-84.5T128 1376V416q0-119 84.5-203.5T416 128h960q119 0 203.5 84.5T1664 416z"/&gt;&lt;/svg&gt;&lt;/span&gt;
        &lt;span class="icon icon-open"&gt;&lt;svg width="1792" height="1792" viewBox="0 0 1792 1792" xmlns="http://www.w3.org/2000/svg"&gt;&lt;path d="M1408 960V832q0-26-19-45t-45-19h-320V448q0-26-19-45t-45-19H832q-26 0-45 19t-19 45v320H448q-26 0-45 19t-19 45v128q0 26 19 45t45 19h320v320q0 26 19 45t45 19h128q26 0 45-19t19-45v-320h320q26 0 45-19t19-45zm256-544v960q0 119-84.5 203.5T1376 1664H416q-119 0-203.5-84.5T128 1376V416q0-119 84.5-203.5T416 128h960q119 0 203.5 84.5T1664 416z"/&gt;&lt;/svg&gt;&lt;/span&gt;
    
    
                    &lt;span class="block trace-file-path"&gt;
            in
            &lt;a href="file:///home/h3rmano/dbwebb-kurser/mvc/me/report/vendor/symfony/framework-bundle/KernelBrowser.php#L157"&gt;
                vendor/symfony/framework-bundle/&lt;strong&gt;KernelBrowser.php&lt;/strong&gt;
            &lt;/a&gt;
                            &lt;span class="trace-type"&gt;-&gt;&lt;/span&gt;
                &lt;span class="trace-method"&gt;doRequest&lt;/span&gt;
                        (line 157)
            &lt;span class="icon icon-copy hidden" data-clipboard-text="vendor/symfony/framework-bundle/KernelBrowser.php:157"&gt;
                &lt;svg xmlns="http://www.w3.org/2000/svg" height="24" viewBox="0 0 24 24" width="24"&gt;&lt;path d="M0 0h24v24H0z" fill="none"/&gt;&lt;path d="M16 1H4c-1.1 0-2 .9-2 2v14h2V3h12V1zm3 4H8c-1.1 0-2 .9-2 2v14c0 1.1.9 2 2 2h11c1.1 0 2-.9 2-2V7c0-1.1-.9-2-2-2zm0 16H8V7h11v14z"/&gt;&lt;/svg&gt;            &lt;/span&gt;
        &lt;/span&gt;
    &lt;/div&gt;
    &lt;div id="trace-html-1-9" class="trace-code sf-toggle-content"&gt;
        &lt;ol start="152"&gt;&lt;li&gt;&lt;code&gt;&lt;span style="color: var(--highlight-keyword)"&gt;&lt;/span&gt;&lt;/code&gt;&lt;/li&gt;
&lt;li&gt;&lt;code&gt;&lt;span style="color: var(--highlight-keyword)"&gt;            &lt;/span&gt;&lt;span style="color: var(--highlight-default)"&gt;$this&lt;/span&gt;&lt;span style="color: var(--highlight-keyword)"&gt;-&amp;gt;&lt;/span&gt;&lt;span style="color: var(--highlight-default)"&gt;kernel&lt;/span&gt;&lt;span style="color: var(--highlight-keyword)"&gt;-&amp;gt;&lt;/span&gt;&lt;span style="color: var(--highlight-default)"&gt;boot&lt;/span&gt;&lt;span style="color: var(--highlight-keyword)"&gt;();&lt;/span&gt;&lt;/code&gt;&lt;/li&gt;
&lt;li&gt;&lt;code&gt;&lt;span style="color: var(--highlight-keyword)"&gt;            &lt;/span&gt;&lt;span style="color: var(--highlight-default)"&gt;$this&lt;/span&gt;&lt;span style="color: var(--highlight-keyword)"&gt;-&amp;gt;&lt;/span&gt;&lt;span style="color: var(--highlight-default)"&gt;getContainer&lt;/span&gt;&lt;span style="color: var(--highlight-keyword)"&gt;()-&amp;gt;&lt;/span&gt;&lt;span style="color: var(--highlight-default)"&gt;get&lt;/span&gt;&lt;span style="color: var(--highlight-keyword)"&gt;(&lt;/span&gt;&lt;span style="color: var(--highlight-string)"&gt;'profiler'&lt;/span&gt;&lt;span style="color: var(--highlight-keyword)"&gt;)-&amp;gt;&lt;/span&gt;&lt;span style="color: var(--highlight-default)"&gt;enable&lt;/span&gt;&lt;span style="color: var(--highlight-keyword)"&gt;();&lt;/span&gt;&lt;/code&gt;&lt;/li&gt;
&lt;li&gt;&lt;code&gt;&lt;span style="color: var(--highlight-keyword)"&gt;        }&lt;/span&gt;&lt;/code&gt;&lt;/li&gt;
&lt;li&gt;&lt;code&gt;&lt;span style="color: var(--highlight-keyword)"&gt;&lt;/span&gt;&lt;/code&gt;&lt;/li&gt;
&lt;li class="selected"&gt;&lt;code&gt;&lt;span style="color: var(--highlight-keyword)"&gt;        return &lt;/span&gt;&lt;span style="color: var(--highlight-default)"&gt;parent&lt;/span&gt;&lt;span style="color: var(--highlight-keyword)"&gt;::&lt;/span&gt;&lt;span style="color: var(--highlight-default)"&gt;doRequest&lt;/span&gt;&lt;span style="color: var(--highlight-keyword)"&gt;(&lt;/span&gt;&lt;span style="color: var(--highlight-default)"&gt;$request&lt;/span&gt;&lt;span style="color: var(--highlight-keyword)"&gt;);&lt;/span&gt;&lt;/code&gt;&lt;/li&gt;
&lt;li&gt;&lt;code&gt;&lt;span style="color: var(--highlight-keyword)"&gt;    }&lt;/span&gt;&lt;/code&gt;&lt;/li&gt;
&lt;li&gt;&lt;code&gt;&lt;span style="color: var(--highlight-keyword)"&gt;&lt;/span&gt;&lt;/code&gt;&lt;/li&gt;
&lt;li&gt;&lt;code&gt;&lt;span style="color: var(--highlight-keyword)"&gt;    &lt;/span&gt;&lt;span style="color: var(--highlight-comment)"&gt;/**&lt;/span&gt;&lt;/code&gt;&lt;/li&gt;
&lt;li&gt;&lt;code&gt;&lt;span style="color: var(--highlight-comment)"&gt;     * @param Request $request&lt;/span&gt;&lt;/code&gt;&lt;/li&gt;
&lt;li&gt;&lt;code&gt;&lt;span style="color: var(--highlight-comment)"&gt;     */&lt;/span&gt;&lt;/code&gt;&lt;/li&gt;&lt;/ol&gt;    &lt;/div&gt;            &lt;/div&gt;
                        &lt;div class="trace-line trace-from-vendor"&gt;
                &lt;div class="trace-line-header break-long-words sf-toggle" data-toggle-selector="#trace-html-1-10" data-toggle-initial=""&gt;
            &lt;span class="icon icon-close"&gt;&lt;svg width="1792" height="1792" viewBox="0 0 1792 1792" xmlns="http://www.w3.org/2000/svg"&gt;&lt;path d="M1408 960V832q0-26-19-45t-45-19H448q-26 0-45 19t-19 45v128q0 26 19 45t45 19h896q26 0 45-19t19-45zm256-544v960q0 119-84.5 203.5T1376 1664H416q-119 0-203.5-84.5T128 1376V416q0-119 84.5-203.5T416 128h960q119 0 203.5 84.5T1664 416z"/&gt;&lt;/svg&gt;&lt;/span&gt;
        &lt;span class="icon icon-open"&gt;&lt;svg width="1792" height="1792" viewBox="0 0 1792 1792" xmlns="http://www.w3.org/2000/svg"&gt;&lt;path d="M1408 960V832q0-26-19-45t-45-19h-320V448q0-26-19-45t-45-19H832q-26 0-45 19t-19 45v320H448q-26 0-45 19t-19 45v128q0 26 19 45t45 19h320v320q0 26 19 45t45 19h128q26 0 45-19t19-45v-320h320q26 0 45-19t19-45zm256-544v960q0 119-84.5 203.5T1376 1664H416q-119 0-203.5-84.5T128 1376V416q0-119 84.5-203.5T416 128h960q119 0 203.5 84.5T1664 416z"/&gt;&lt;/svg&gt;&lt;/span&gt;
    
    
                    &lt;span class="block trace-file-path"&gt;
            in
            &lt;a href="file:///home/h3rmano/dbwebb-kurser/mvc/me/report/vendor/symfony/browser-kit/AbstractBrowser.php#L378"&gt;
                vendor/symfony/browser-kit/&lt;strong&gt;AbstractBrowser.php&lt;/strong&gt;
            &lt;/a&gt;
                            &lt;span class="trace-type"&gt;-&gt;&lt;/span&gt;
                &lt;span class="trace-method"&gt;doRequest&lt;/span&gt;
                        (line 378)
            &lt;span class="icon icon-copy hidden" data-clipboard-text="vendor/symfony/browser-kit/AbstractBrowser.php:378"&gt;
                &lt;svg xmlns="http://www.w3.org/2000/svg" height="24" viewBox="0 0 24 24" width="24"&gt;&lt;path d="M0 0h24v24H0z" fill="none"/&gt;&lt;path d="M16 1H4c-1.1 0-2 .9-2 2v14h2V3h12V1zm3 4H8c-1.1 0-2 .9-2 2v14c0 1.1.9 2 2 2h11c1.1 0 2-.9 2-2V7c0-1.1-.9-2-2-2zm0 16H8V7h11v14z"/&gt;&lt;/svg&gt;            &lt;/span&gt;
        &lt;/span&gt;
    &lt;/div&gt;
    &lt;div id="trace-html-1-10" class="trace-code sf-toggle-content"&gt;
        &lt;ol start="373"&gt;&lt;li&gt;&lt;code&gt;&lt;span style="color: var(--highlight-keyword)"&gt;        }&lt;/span&gt;&lt;/code&gt;&lt;/li&gt;
&lt;li&gt;&lt;code&gt;&lt;span style="color: var(--highlight-keyword)"&gt;&lt;/span&gt;&lt;/code&gt;&lt;/li&gt;
&lt;li&gt;&lt;code&gt;&lt;span style="color: var(--highlight-keyword)"&gt;        if (&lt;/span&gt;&lt;span style="color: var(--highlight-default)"&gt;$this&lt;/span&gt;&lt;span style="color: var(--highlight-keyword)"&gt;-&amp;gt;&lt;/span&gt;&lt;span style="color: var(--highlight-default)"&gt;insulated&lt;/span&gt;&lt;span style="color: var(--highlight-keyword)"&gt;) {&lt;/span&gt;&lt;/code&gt;&lt;/li&gt;
&lt;li&gt;&lt;code&gt;&lt;span style="color: var(--highlight-keyword)"&gt;            &lt;/span&gt;&lt;span style="color: var(--highlight-default)"&gt;$this&lt;/span&gt;&lt;span style="color: var(--highlight-keyword)"&gt;-&amp;gt;&lt;/span&gt;&lt;span style="color: var(--highlight-default)"&gt;response &lt;/span&gt;&lt;span style="color: var(--highlight-keyword)"&gt;= &lt;/span&gt;&lt;span style="color: var(--highlight-default)"&gt;$this&lt;/span&gt;&lt;span style="color: var(--highlight-keyword)"&gt;-&amp;gt;&lt;/span&gt;&lt;span style="color: var(--highlight-default)"&gt;doRequestInProcess&lt;/span&gt;&lt;span style="color: var(--highlight-keyword)"&gt;(&lt;/span&gt;&lt;span style="color: var(--highlight-default)"&gt;$this&lt;/span&gt;&lt;span style="color: var(--highlight-keyword)"&gt;-&amp;gt;&lt;/span&gt;&lt;span style="color: var(--highlight-default)"&gt;request&lt;/span&gt;&lt;span style="color: var(--highlight-keyword)"&gt;);&lt;/span&gt;&lt;/code&gt;&lt;/li&gt;
&lt;li&gt;&lt;code&gt;&lt;span style="color: var(--highlight-keyword)"&gt;        } else {&lt;/span&gt;&lt;/code&gt;&lt;/li&gt;
&lt;li class="selected"&gt;&lt;code&gt;&lt;span style="color: var(--highlight-keyword)"&gt;            &lt;/span&gt;&lt;span style="color: var(--highlight-default)"&gt;$this&lt;/span&gt;&lt;span style="color: var(--highlight-keyword)"&gt;-&amp;gt;&lt;/span&gt;&lt;span style="color: var(--highlight-default)"&gt;response &lt;/span&gt;&lt;span style="color: var(--highlight-keyword)"&gt;= &lt;/span&gt;&lt;span style="color: var(--highlight-default)"&gt;$this&lt;/span&gt;&lt;span style="color: var(--highlight-keyword)"&gt;-&amp;gt;&lt;/span&gt;&lt;span style="color: var(--highlight-default)"&gt;doRequest&lt;/span&gt;&lt;span style="color: var(--highlight-keyword)"&gt;(&lt;/span&gt;&lt;span style="color: var(--highlight-default)"&gt;$this&lt;/span&gt;&lt;span style="color: var(--highlight-keyword)"&gt;-&amp;gt;&lt;/span&gt;&lt;span style="color: var(--highlight-default)"&gt;request&lt;/span&gt;&lt;span style="color: var(--highlight-keyword)"&gt;);&lt;/span&gt;&lt;/code&gt;&lt;/li&gt;
&lt;li&gt;&lt;code&gt;&lt;span style="color: var(--highlight-keyword)"&gt;        }&lt;/span&gt;&lt;/code&gt;&lt;/li&gt;
&lt;li&gt;&lt;code&gt;&lt;span style="color: var(--highlight-keyword)"&gt;&lt;/span&gt;&lt;/code&gt;&lt;/li&gt;
&lt;li&gt;&lt;code&gt;&lt;span style="color: var(--highlight-keyword)"&gt;        &lt;/span&gt;&lt;span style="color: var(--highlight-default)"&gt;$this&lt;/span&gt;&lt;span style="color: var(--highlight-keyword)"&gt;-&amp;gt;&lt;/span&gt;&lt;span style="color: var(--highlight-default)"&gt;internalResponse &lt;/span&gt;&lt;span style="color: var(--highlight-keyword)"&gt;= &lt;/span&gt;&lt;span style="color: var(--highlight-default)"&gt;$this&lt;/span&gt;&lt;span style="color: var(--highlight-keyword)"&gt;-&amp;gt;&lt;/span&gt;&lt;span style="color: var(--highlight-default)"&gt;filterResponse&lt;/span&gt;&lt;span style="color: var(--highlight-keyword)"&gt;(&lt;/span&gt;&lt;span style="color: var(--highlight-default)"&gt;$this&lt;/span&gt;&lt;span style="color: var(--highlight-keyword)"&gt;-&amp;gt;&lt;/span&gt;&lt;span style="color: var(--highlight-default)"&gt;response&lt;/span&gt;&lt;span style="color: var(--highlight-keyword)"&gt;);&lt;/span&gt;&lt;/code&gt;&lt;/li&gt;
&lt;li&gt;&lt;code&gt;&lt;span style="color: var(--highlight-keyword)"&gt;&lt;/span&gt;&lt;/code&gt;&lt;/li&gt;
&lt;li&gt;&lt;code&gt;&lt;span style="color: var(--highlight-keyword)"&gt;        &lt;/span&gt;&lt;span style="color: var(--highlight-default)"&gt;$this&lt;/span&gt;&lt;span style="color: var(--highlight-keyword)"&gt;-&amp;gt;&lt;/span&gt;&lt;span style="color: var(--highlight-default)"&gt;cookieJar&lt;/span&gt;&lt;span style="color: var(--highlight-keyword)"&gt;-&amp;gt;&lt;/span&gt;&lt;span style="color: var(--highlight-default)"&gt;updateFromResponse&lt;/span&gt;&lt;span style="color: var(--highlight-keyword)"&gt;(&lt;/span&gt;&lt;span style="color: var(--highlight-default)"&gt;$this&lt;/span&gt;&lt;span style="color: var(--highlight-keyword)"&gt;-&amp;gt;&lt;/span&gt;&lt;span style="color: var(--highlight-default)"&gt;internalResponse&lt;/span&gt;&lt;span style="color: var(--highlight-keyword)"&gt;, &lt;/span&gt;&lt;span style="color: var(--highlight-default)"&gt;$uri&lt;/span&gt;&lt;span style="color: var(--highlight-keyword)"&gt;);&lt;/span&gt;&lt;/code&gt;&lt;/li&gt;&lt;/ol&gt;    &lt;/div&gt;            &lt;/div&gt;
                        &lt;div class="trace-line "&gt;
                &lt;div class="trace-line-header break-long-words sf-toggle" data-toggle-selector="#trace-html-1-11" data-toggle-initial="display"&gt;
            &lt;span class="icon icon-close"&gt;&lt;svg width="1792" height="1792" viewBox="0 0 1792 1792" xmlns="http://www.w3.org/2000/svg"&gt;&lt;path d="M1408 960V832q0-26-19-45t-45-19H448q-26 0-45 19t-19 45v128q0 26 19 45t45 19h896q26 0 45-19t19-45zm256-544v960q0 119-84.5 203.5T1376 1664H416q-119 0-203.5-84.5T128 1376V416q0-119 84.5-203.5T416 128h960q119 0 203.5 84.5T1664 416z"/&gt;&lt;/svg&gt;&lt;/span&gt;
        &lt;span class="icon icon-open"&gt;&lt;svg width="1792" height="1792" viewBox="0 0 1792 1792" xmlns="http://www.w3.org/2000/svg"&gt;&lt;path d="M1408 960V832q0-26-19-45t-45-19h-320V448q0-26-19-45t-45-19H832q-26 0-45 19t-19 45v320H448q-26 0-45 19t-19 45v128q0 26 19 45t45 19h320v320q0 26 19 45t45 19h128q26 0 45-19t19-45v-320h320q26 0 45-19t19-45zm256-544v960q0 119-84.5 203.5T1376 1664H416q-119 0-203.5-84.5T128 1376V416q0-119 84.5-203.5T416 128h960q119 0 203.5 84.5T1664 416z"/&gt;&lt;/svg&gt;&lt;/span&gt;
    
            &lt;span class="trace-class"&gt;&lt;abbr title="Symfony\Component\BrowserKit\AbstractBrowser"&gt;AbstractBrowser&lt;/abbr&gt;&lt;/span&gt;&lt;span class="trace-type"&gt;-&gt;&lt;/span&gt;&lt;span class="trace-method"&gt;request&lt;/span&gt;&lt;span class="trace-arguments"&gt;()&lt;/span&gt;    
                    &lt;span class="block trace-file-path"&gt;
            in
            &lt;a href="file:///home/h3rmano/dbwebb-kurser/mvc/me/report/tests/Controller/BoookControllerTest.php#L12"&gt;
                tests/Controller/&lt;strong&gt;BoookControllerTest.php&lt;/strong&gt;
            &lt;/a&gt;
                        (line 12)
            &lt;span class="icon icon-copy hidden" data-clipboard-text="tests/Controller/BoookControllerTest.php:12"&gt;
                &lt;svg xmlns="http://www.w3.org/2000/svg" height="24" viewBox="0 0 24 24" width="24"&gt;&lt;path d="M0 0h24v24H0z" fill="none"/&gt;&lt;path d="M16 1H4c-1.1 0-2 .9-2 2v14h2V3h12V1zm3 4H8c-1.1 0-2 .9-2 2v14c0 1.1.9 2 2 2h11c1.1 0 2-.9 2-2V7c0-1.1-.9-2-2-2zm0 16H8V7h11v14z"/&gt;&lt;/svg&gt;            &lt;/span&gt;
        &lt;/span&gt;
    &lt;/div&gt;
    &lt;div id="trace-html-1-11" class="trace-code sf-toggle-content"&gt;
        &lt;ol start="7"&gt;&lt;li&gt;&lt;code&gt;&lt;span style="color: var(--highlight-keyword)"&gt;final class &lt;/span&gt;&lt;span style="color: var(--highlight-default)"&gt;BoookControllerTest &lt;/span&gt;&lt;span style="color: var(--highlight-keyword)"&gt;extends &lt;/span&gt;&lt;span style="color: var(--highlight-default)"&gt;WebTestCase&lt;/span&gt;&lt;/code&gt;&lt;/li&gt;
&lt;li&gt;&lt;code&gt;&lt;span style="color: var(--highlight-default)"&gt;&lt;/span&gt;&lt;span style="color: var(--highlight-keyword)"&gt;{&lt;/span&gt;&lt;/code&gt;&lt;/li&gt;
&lt;li&gt;&lt;code&gt;&lt;span style="color: var(--highlight-keyword)"&gt;    public function &lt;/span&gt;&lt;span style="color: var(--highlight-default)"&gt;testIndex&lt;/span&gt;&lt;span style="color: var(--highlight-keyword)"&gt;(): &lt;/span&gt;&lt;span style="color: var(--highlight-default)"&gt;void&lt;/span&gt;&lt;/code&gt;&lt;/li&gt;
&lt;li&gt;&lt;code&gt;&lt;span style="color: var(--highlight-default)"&gt;    &lt;/span&gt;&lt;span style="color: var(--highlight-keyword)"&gt;{&lt;/span&gt;&lt;/code&gt;&lt;/li&gt;
&lt;li&gt;&lt;code&gt;&lt;span style="color: var(--highlight-keyword)"&gt;        &lt;/span&gt;&lt;span style="color: var(--highlight-default)"&gt;$client &lt;/span&gt;&lt;span style="color: var(--highlight-keyword)"&gt;= static::&lt;/span&gt;&lt;span style="color: var(--highlight-default)"&gt;createClient&lt;/span&gt;&lt;span style="color: var(--highlight-keyword)"&gt;();&lt;/span&gt;&lt;/code&gt;&lt;/li&gt;
&lt;li class="selected"&gt;&lt;code&gt;&lt;span style="color: var(--highlight-keyword)"&gt;        &lt;/span&gt;&lt;span style="color: var(--highlight-default)"&gt;$client&lt;/span&gt;&lt;span style="color: var(--highlight-keyword)"&gt;-&amp;gt;&lt;/span&gt;&lt;span style="color: var(--highlight-default)"&gt;request&lt;/span&gt;&lt;span style="color: var(--highlight-keyword)"&gt;(&lt;/span&gt;&lt;span style="color: var(--highlight-string)"&gt;'GET'&lt;/span&gt;&lt;span style="color: var(--highlight-keyword)"&gt;, &lt;/span&gt;&lt;span style="color: var(--highlight-string)"&gt;'/boook'&lt;/span&gt;&lt;span style="color: var(--highlight-keyword)"&gt;);&lt;/span&gt;&lt;/code&gt;&lt;/li&gt;
&lt;li&gt;&lt;code&gt;&lt;span style="color: var(--highlight-keyword)"&gt;&lt;/span&gt;&lt;/code&gt;&lt;/li&gt;
&lt;li&gt;&lt;code&gt;&lt;span style="color: var(--highlight-keyword)"&gt;        &lt;/span&gt;&lt;span style="color: var(--highlight-default)"&gt;self&lt;/span&gt;&lt;span style="color: var(--highlight-keyword)"&gt;::&lt;/span&gt;&lt;span style="color: var(--highlight-default)"&gt;assertResponseIsSuccessful&lt;/span&gt;&lt;span style="color: var(--highlight-keyword)"&gt;();&lt;/span&gt;&lt;/code&gt;&lt;/li&gt;
&lt;li&gt;&lt;code&gt;&lt;span style="color: var(--highlight-keyword)"&gt;    }&lt;/span&gt;&lt;/code&gt;&lt;/li&gt;
&lt;li&gt;&lt;code&gt;&lt;span style="color: var(--highlight-keyword)"&gt;}&lt;/span&gt;&lt;/code&gt;&lt;/li&gt;
&lt;li&gt;&lt;code&gt;&lt;span style="color: var(--highlight-keyword)"&gt;&lt;/span&gt;&lt;/code&gt;&lt;/li&gt;&lt;/ol&gt;    &lt;/div&gt;            &lt;/div&gt;
                        &lt;div class="trace-line trace-from-vendor"&gt;
                &lt;div class="trace-line-header break-long-words sf-toggle" data-toggle-selector="#trace-html-1-12" data-toggle-initial=""&gt;
            &lt;span class="icon icon-close"&gt;&lt;svg width="1792" height="1792" viewBox="0 0 1792 1792" xmlns="http://www.w3.org/2000/svg"&gt;&lt;path d="M1408 960V832q0-26-19-45t-45-19H448q-26 0-45 19t-19 45v128q0 26 19 45t45 19h896q26 0 45-19t19-45zm256-544v960q0 119-84.5 203.5T1376 1664H416q-119 0-203.5-84.5T128 1376V416q0-119 84.5-203.5T416 128h960q119 0 203.5 84.5T1664 416z"/&gt;&lt;/svg&gt;&lt;/span&gt;
        &lt;span class="icon icon-open"&gt;&lt;svg width="1792" height="1792" viewBox="0 0 1792 1792" xmlns="http://www.w3.org/2000/svg"&gt;&lt;path d="M1408 960V832q0-26-19-45t-45-19h-320V448q0-26-19-45t-45-19H832q-26 0-45 19t-19 45v320H448q-26 0-45 19t-19 45v128q0 26 19 45t45 19h320v320q0 26 19 45t45 19h128q26 0 45-19t19-45v-320h320q26 0 45-19t19-45zm256-544v960q0 119-84.5 203.5T1376 1664H416q-119 0-203.5-84.5T128 1376V416q0-119 84.5-203.5T416 128h960q119 0 203.5 84.5T1664 416z"/&gt;&lt;/svg&gt;&lt;/span&gt;
    
    
                    &lt;span class="block trace-file-path"&gt;
            in
            &lt;a href="file:///home/h3rmano/dbwebb-kurser/mvc/me/report/vendor/phpunit/phpunit/src/Framework/TestCase.php#L1617"&gt;
                vendor/phpunit/phpunit/src/Framework/&lt;strong&gt;TestCase.php&lt;/strong&gt;
            &lt;/a&gt;
                            &lt;span class="trace-type"&gt;-&gt;&lt;/span&gt;
                &lt;span class="trace-method"&gt;testIndex&lt;/span&gt;
                        (line 1617)
            &lt;span class="icon icon-copy hidden" data-clipboard-text="vendor/phpunit/phpunit/src/Framework/TestCase.php:1617"&gt;
                &lt;svg xmlns="http://www.w3.org/2000/svg" height="24" viewBox="0 0 24 24" width="24"&gt;&lt;path d="M0 0h24v24H0z" fill="none"/&gt;&lt;path d="M16 1H4c-1.1 0-2 .9-2 2v14h2V3h12V1zm3 4H8c-1.1 0-2 .9-2 2v14c0 1.1.9 2 2 2h11c1.1 0 2-.9 2-2V7c0-1.1-.9-2-2-2zm0 16H8V7h11v14z"/&gt;&lt;/svg&gt;            &lt;/span&gt;
        &lt;/span&gt;
    &lt;/div&gt;
    &lt;div id="trace-html-1-12" class="trace-code sf-toggle-content"&gt;
        &lt;ol start="1612"&gt;&lt;li&gt;&lt;code&gt;&lt;span style="color: var(--highlight-keyword)"&gt;        &lt;/span&gt;&lt;span style="color: var(--highlight-default)"&gt;$testArguments &lt;/span&gt;&lt;span style="color: var(--highlight-keyword)"&gt;= &lt;/span&gt;&lt;span style="color: var(--highlight-default)"&gt;array_merge&lt;/span&gt;&lt;span style="color: var(--highlight-keyword)"&gt;(&lt;/span&gt;&lt;span style="color: var(--highlight-default)"&gt;$this&lt;/span&gt;&lt;span style="color: var(--highlight-keyword)"&gt;-&amp;gt;&lt;/span&gt;&lt;span style="color: var(--highlight-default)"&gt;data&lt;/span&gt;&lt;span style="color: var(--highlight-keyword)"&gt;, &lt;/span&gt;&lt;span style="color: var(--highlight-default)"&gt;$this&lt;/span&gt;&lt;span style="color: var(--highlight-keyword)"&gt;-&amp;gt;&lt;/span&gt;&lt;span style="color: var(--highlight-default)"&gt;dependencyInput&lt;/span&gt;&lt;span style="color: var(--highlight-keyword)"&gt;);&lt;/span&gt;&lt;/code&gt;&lt;/li&gt;
&lt;li&gt;&lt;code&gt;&lt;span style="color: var(--highlight-keyword)"&gt;&lt;/span&gt;&lt;/code&gt;&lt;/li&gt;
&lt;li&gt;&lt;code&gt;&lt;span style="color: var(--highlight-keyword)"&gt;        &lt;/span&gt;&lt;span style="color: var(--highlight-default)"&gt;$this&lt;/span&gt;&lt;span style="color: var(--highlight-keyword)"&gt;-&amp;gt;&lt;/span&gt;&lt;span style="color: var(--highlight-default)"&gt;registerMockObjectsFromTestArguments&lt;/span&gt;&lt;span style="color: var(--highlight-keyword)"&gt;(&lt;/span&gt;&lt;span style="color: var(--highlight-default)"&gt;$testArguments&lt;/span&gt;&lt;span style="color: var(--highlight-keyword)"&gt;);&lt;/span&gt;&lt;/code&gt;&lt;/li&gt;
&lt;li&gt;&lt;code&gt;&lt;span style="color: var(--highlight-keyword)"&gt;&lt;/span&gt;&lt;/code&gt;&lt;/li&gt;
&lt;li&gt;&lt;code&gt;&lt;span style="color: var(--highlight-keyword)"&gt;        try {&lt;/span&gt;&lt;/code&gt;&lt;/li&gt;
&lt;li class="selected"&gt;&lt;code&gt;&lt;span style="color: var(--highlight-keyword)"&gt;            &lt;/span&gt;&lt;span style="color: var(--highlight-default)"&gt;$testResult &lt;/span&gt;&lt;span style="color: var(--highlight-keyword)"&gt;= &lt;/span&gt;&lt;span style="color: var(--highlight-default)"&gt;$this&lt;/span&gt;&lt;span style="color: var(--highlight-keyword)"&gt;-&amp;gt;{&lt;/span&gt;&lt;span style="color: var(--highlight-default)"&gt;$this&lt;/span&gt;&lt;span style="color: var(--highlight-keyword)"&gt;-&amp;gt;&lt;/span&gt;&lt;span style="color: var(--highlight-default)"&gt;name&lt;/span&gt;&lt;span style="color: var(--highlight-keyword)"&gt;}(...&lt;/span&gt;&lt;span style="color: var(--highlight-default)"&gt;array_values&lt;/span&gt;&lt;span style="color: var(--highlight-keyword)"&gt;(&lt;/span&gt;&lt;span style="color: var(--highlight-default)"&gt;$testArguments&lt;/span&gt;&lt;span style="color: var(--highlight-keyword)"&gt;));&lt;/span&gt;&lt;/code&gt;&lt;/li&gt;
&lt;li&gt;&lt;code&gt;&lt;span style="color: var(--highlight-keyword)"&gt;        } catch (&lt;/span&gt;&lt;span style="color: var(--highlight-default)"&gt;Throwable $exception&lt;/span&gt;&lt;span style="color: var(--highlight-keyword)"&gt;) {&lt;/span&gt;&lt;/code&gt;&lt;/li&gt;
&lt;li&gt;&lt;code&gt;&lt;span style="color: var(--highlight-keyword)"&gt;            if (!&lt;/span&gt;&lt;span style="color: var(--highlight-default)"&gt;$this&lt;/span&gt;&lt;span style="color: var(--highlight-keyword)"&gt;-&amp;gt;&lt;/span&gt;&lt;span style="color: var(--highlight-default)"&gt;checkExceptionExpectations&lt;/span&gt;&lt;span style="color: var(--highlight-keyword)"&gt;(&lt;/span&gt;&lt;span style="color: var(--highlight-default)"&gt;$exception&lt;/span&gt;&lt;span style="color: var(--highlight-keyword)"&gt;)) {&lt;/span&gt;&lt;/code&gt;&lt;/li&gt;
&lt;li&gt;&lt;code&gt;&lt;span style="color: var(--highlight-keyword)"&gt;                throw &lt;/span&gt;&lt;span style="color: var(--highlight-default)"&gt;$exception&lt;/span&gt;&lt;span style="color: var(--highlight-keyword)"&gt;;&lt;/span&gt;&lt;/code&gt;&lt;/li&gt;
&lt;li&gt;&lt;code&gt;&lt;span style="color: var(--highlight-keyword)"&gt;            }&lt;/span&gt;&lt;/code&gt;&lt;/li&gt;
&lt;li&gt;&lt;code&gt;&lt;span style="color: var(--highlight-keyword)"&gt;&lt;/span&gt;&lt;/code&gt;&lt;/li&gt;&lt;/ol&gt;    &lt;/div&gt;            &lt;/div&gt;
                        &lt;div class="trace-line trace-from-vendor"&gt;
                &lt;div class="trace-line-header break-long-words sf-toggle" data-toggle-selector="#trace-html-1-13" data-toggle-initial=""&gt;
            &lt;span class="icon icon-close"&gt;&lt;svg width="1792" height="1792" viewBox="0 0 1792 1792" xmlns="http://www.w3.org/2000/svg"&gt;&lt;path d="M1408 960V832q0-26-19-45t-45-19H448q-26 0-45 19t-19 45v128q0 26 19 45t45 19h896q26 0 45-19t19-45zm256-544v960q0 119-84.5 203.5T1376 1664H416q-119 0-203.5-84.5T128 1376V416q0-119 84.5-203.5T416 128h960q119 0 203.5 84.5T1664 416z"/&gt;&lt;/svg&gt;&lt;/span&gt;
        &lt;span class="icon icon-open"&gt;&lt;svg width="1792" height="1792" viewBox="0 0 1792 1792" xmlns="http://www.w3.org/2000/svg"&gt;&lt;path d="M1408 960V832q0-26-19-45t-45-19h-320V448q0-26-19-45t-45-19H832q-26 0-45 19t-19 45v320H448q-26 0-45 19t-19 45v128q0 26 19 45t45 19h320v320q0 26 19 45t45 19h128q26 0 45-19t19-45v-320h320q26 0 45-19t19-45zm256-544v960q0 119-84.5 203.5T1376 1664H416q-119 0-203.5-84.5T128 1376V416q0-119 84.5-203.5T416 128h960q119 0 203.5 84.5T1664 416z"/&gt;&lt;/svg&gt;&lt;/span&gt;
    
    
                    &lt;span class="block trace-file-path"&gt;
            in
            &lt;a href="file:///home/h3rmano/dbwebb-kurser/mvc/me/report/vendor/phpunit/phpunit/src/Framework/TestCase.php#L1223"&gt;
                vendor/phpunit/phpunit/src/Framework/&lt;strong&gt;TestCase.php&lt;/strong&gt;
            &lt;/a&gt;
                            &lt;span class="trace-type"&gt;-&gt;&lt;/span&gt;
                &lt;span class="trace-method"&gt;runTest&lt;/span&gt;
                        (line 1223)
            &lt;span class="icon icon-copy hidden" data-clipboard-text="vendor/phpunit/phpunit/src/Framework/TestCase.php:1223"&gt;
                &lt;svg xmlns="http://www.w3.org/2000/svg" height="24" viewBox="0 0 24 24" width="24"&gt;&lt;path d="M0 0h24v24H0z" fill="none"/&gt;&lt;path d="M16 1H4c-1.1 0-2 .9-2 2v14h2V3h12V1zm3 4H8c-1.1 0-2 .9-2 2v14c0 1.1.9 2 2 2h11c1.1 0 2-.9 2-2V7c0-1.1-.9-2-2-2zm0 16H8V7h11v14z"/&gt;&lt;/svg&gt;            &lt;/span&gt;
        &lt;/span&gt;
    &lt;/div&gt;
    &lt;div id="trace-html-1-13" class="trace-code sf-toggle-content"&gt;
        &lt;ol start="1218"&gt;&lt;li&gt;&lt;code&gt;&lt;span style="color: var(--highlight-keyword)"&gt;&lt;/span&gt;&lt;/code&gt;&lt;/li&gt;
&lt;li&gt;&lt;code&gt;&lt;span style="color: var(--highlight-keyword)"&gt;            foreach (&lt;/span&gt;&lt;span style="color: var(--highlight-default)"&gt;$hookMethods&lt;/span&gt;&lt;span style="color: var(--highlight-keyword)"&gt;[&lt;/span&gt;&lt;span style="color: var(--highlight-string)"&gt;'preCondition'&lt;/span&gt;&lt;span style="color: var(--highlight-keyword)"&gt;] as &lt;/span&gt;&lt;span style="color: var(--highlight-default)"&gt;$method&lt;/span&gt;&lt;span style="color: var(--highlight-keyword)"&gt;) {&lt;/span&gt;&lt;/code&gt;&lt;/li&gt;
&lt;li&gt;&lt;code&gt;&lt;span style="color: var(--highlight-keyword)"&gt;                &lt;/span&gt;&lt;span style="color: var(--highlight-default)"&gt;$this&lt;/span&gt;&lt;span style="color: var(--highlight-keyword)"&gt;-&amp;gt;{&lt;/span&gt;&lt;span style="color: var(--highlight-default)"&gt;$method&lt;/span&gt;&lt;span style="color: var(--highlight-keyword)"&gt;}();&lt;/span&gt;&lt;/code&gt;&lt;/li&gt;
&lt;li&gt;&lt;code&gt;&lt;span style="color: var(--highlight-keyword)"&gt;            }&lt;/span&gt;&lt;/code&gt;&lt;/li&gt;
&lt;li&gt;&lt;code&gt;&lt;span style="color: var(--highlight-keyword)"&gt;&lt;/span&gt;&lt;/code&gt;&lt;/li&gt;
&lt;li class="selected"&gt;&lt;code&gt;&lt;span style="color: var(--highlight-keyword)"&gt;            &lt;/span&gt;&lt;span style="color: var(--highlight-default)"&gt;$this&lt;/span&gt;&lt;span style="color: var(--highlight-keyword)"&gt;-&amp;gt;&lt;/span&gt;&lt;span style="color: var(--highlight-default)"&gt;testResult &lt;/span&gt;&lt;span style="color: var(--highlight-keyword)"&gt;= &lt;/span&gt;&lt;span style="color: var(--highlight-default)"&gt;$this&lt;/span&gt;&lt;span style="color: var(--highlight-keyword)"&gt;-&amp;gt;&lt;/span&gt;&lt;span style="color: var(--highlight-default)"&gt;runTest&lt;/span&gt;&lt;span style="color: var(--highlight-keyword)"&gt;();&lt;/span&gt;&lt;/code&gt;&lt;/li&gt;
&lt;li&gt;&lt;code&gt;&lt;span style="color: var(--highlight-keyword)"&gt;            &lt;/span&gt;&lt;span style="color: var(--highlight-default)"&gt;$this&lt;/span&gt;&lt;span style="color: var(--highlight-keyword)"&gt;-&amp;gt;&lt;/span&gt;&lt;span style="color: var(--highlight-default)"&gt;verifyMockObjects&lt;/span&gt;&lt;span style="color: var(--highlight-keyword)"&gt;();&lt;/span&gt;&lt;/code&gt;&lt;/li&gt;
&lt;li&gt;&lt;code&gt;&lt;span style="color: var(--highlight-keyword)"&gt;&lt;/span&gt;&lt;/code&gt;&lt;/li&gt;
&lt;li&gt;&lt;code&gt;&lt;span style="color: var(--highlight-keyword)"&gt;            foreach (&lt;/span&gt;&lt;span style="color: var(--highlight-default)"&gt;$hookMethods&lt;/span&gt;&lt;span style="color: var(--highlight-keyword)"&gt;[&lt;/span&gt;&lt;span style="color: var(--highlight-string)"&gt;'postCondition'&lt;/span&gt;&lt;span style="color: var(--highlight-keyword)"&gt;] as &lt;/span&gt;&lt;span style="color: var(--highlight-default)"&gt;$method&lt;/span&gt;&lt;span style="color: var(--highlight-keyword)"&gt;) {&lt;/span&gt;&lt;/code&gt;&lt;/li&gt;
&lt;li&gt;&lt;code&gt;&lt;span style="color: var(--highlight-keyword)"&gt;                &lt;/span&gt;&lt;span style="color: var(--highlight-default)"&gt;$this&lt;/span&gt;&lt;span style="color: var(--highlight-keyword)"&gt;-&amp;gt;{&lt;/span&gt;&lt;span style="color: var(--highlight-default)"&gt;$method&lt;/span&gt;&lt;span style="color: var(--highlight-keyword)"&gt;}();&lt;/span&gt;&lt;/code&gt;&lt;/li&gt;
&lt;li&gt;&lt;code&gt;&lt;span style="color: var(--highlight-keyword)"&gt;            }&lt;/span&gt;&lt;/code&gt;&lt;/li&gt;&lt;/ol&gt;    &lt;/div&gt;            &lt;/div&gt;
                        &lt;div class="trace-line trace-from-vendor"&gt;
                &lt;div class="trace-line-header break-long-words sf-toggle" data-toggle-selector="#trace-html-1-14" data-toggle-initial=""&gt;
            &lt;span class="icon icon-close"&gt;&lt;svg width="1792" height="1792" viewBox="0 0 1792 1792" xmlns="http://www.w3.org/2000/svg"&gt;&lt;path d="M1408 960V832q0-26-19-45t-45-19H448q-26 0-45 19t-19 45v128q0 26 19 45t45 19h896q26 0 45-19t19-45zm256-544v960q0 119-84.5 203.5T1376 1664H416q-119 0-203.5-84.5T128 1376V416q0-119 84.5-203.5T416 128h960q119 0 203.5 84.5T1664 416z"/&gt;&lt;/svg&gt;&lt;/span&gt;
        &lt;span class="icon icon-open"&gt;&lt;svg width="1792" height="1792" viewBox="0 0 1792 1792" xmlns="http://www.w3.org/2000/svg"&gt;&lt;path d="M1408 960V832q0-26-19-45t-45-19h-320V448q0-26-19-45t-45-19H832q-26 0-45 19t-19 45v320H448q-26 0-45 19t-19 45v128q0 26 19 45t45 19h320v320q0 26 19 45t45 19h128q26 0 45-19t19-45v-320h320q26 0 45-19t19-45zm256-544v960q0 119-84.5 203.5T1376 1664H416q-119 0-203.5-84.5T128 1376V416q0-119 84.5-203.5T416 128h960q119 0 203.5 84.5T1664 416z"/&gt;&lt;/svg&gt;&lt;/span&gt;
    
    
                    &lt;span class="block trace-file-path"&gt;
            in
            &lt;a href="file:///home/h3rmano/dbwebb-kurser/mvc/me/report/vendor/phpunit/phpunit/src/Framework/TestResult.php#L729"&gt;
                vendor/phpunit/phpunit/src/Framework/&lt;strong&gt;TestResult.php&lt;/strong&gt;
            &lt;/a&gt;
                            &lt;span class="trace-type"&gt;-&gt;&lt;/span&gt;
                &lt;span class="trace-method"&gt;runBare&lt;/span&gt;
                        (line 729)
            &lt;span class="icon icon-copy hidden" data-clipboard-text="vendor/phpunit/phpunit/src/Framework/TestResult.php:729"&gt;
                &lt;svg xmlns="http://www.w3.org/2000/svg" height="24" viewBox="0 0 24 24" width="24"&gt;&lt;path d="M0 0h24v24H0z" fill="none"/&gt;&lt;path d="M16 1H4c-1.1 0-2 .9-2 2v14h2V3h12V1zm3 4H8c-1.1 0-2 .9-2 2v14c0 1.1.9 2 2 2h11c1.1 0 2-.9 2-2V7c0-1.1-.9-2-2-2zm0 16H8V7h11v14z"/&gt;&lt;/svg&gt;            &lt;/span&gt;
        &lt;/span&gt;
    &lt;/div&gt;
    &lt;div id="trace-html-1-14" class="trace-code sf-toggle-content"&gt;
        &lt;ol start="724"&gt;&lt;li&gt;&lt;code&gt;&lt;span style="color: var(--highlight-keyword)"&gt;                        &lt;/span&gt;&lt;span style="color: var(--highlight-default)"&gt;$_timeout &lt;/span&gt;&lt;span style="color: var(--highlight-keyword)"&gt;= &lt;/span&gt;&lt;span style="color: var(--highlight-default)"&gt;$this&lt;/span&gt;&lt;span style="color: var(--highlight-keyword)"&gt;-&amp;gt;&lt;/span&gt;&lt;span style="color: var(--highlight-default)"&gt;defaultTimeLimit&lt;/span&gt;&lt;span style="color: var(--highlight-keyword)"&gt;;&lt;/span&gt;&lt;/code&gt;&lt;/li&gt;
&lt;li&gt;&lt;code&gt;&lt;span style="color: var(--highlight-keyword)"&gt;                }&lt;/span&gt;&lt;/code&gt;&lt;/li&gt;
&lt;li&gt;&lt;code&gt;&lt;span style="color: var(--highlight-keyword)"&gt;&lt;/span&gt;&lt;/code&gt;&lt;/li&gt;
&lt;li&gt;&lt;code&gt;&lt;span style="color: var(--highlight-keyword)"&gt;                &lt;/span&gt;&lt;span style="color: var(--highlight-default)"&gt;$invoker&lt;/span&gt;&lt;span style="color: var(--highlight-keyword)"&gt;-&amp;gt;&lt;/span&gt;&lt;span style="color: var(--highlight-default)"&gt;invoke&lt;/span&gt;&lt;span style="color: var(--highlight-keyword)"&gt;([&lt;/span&gt;&lt;span style="color: var(--highlight-default)"&gt;$test&lt;/span&gt;&lt;span style="color: var(--highlight-keyword)"&gt;, &lt;/span&gt;&lt;span style="color: var(--highlight-string)"&gt;'runBare'&lt;/span&gt;&lt;span style="color: var(--highlight-keyword)"&gt;], [], &lt;/span&gt;&lt;span style="color: var(--highlight-default)"&gt;$_timeout&lt;/span&gt;&lt;span style="color: var(--highlight-keyword)"&gt;);&lt;/span&gt;&lt;/code&gt;&lt;/li&gt;
&lt;li&gt;&lt;code&gt;&lt;span style="color: var(--highlight-keyword)"&gt;            } else {&lt;/span&gt;&lt;/code&gt;&lt;/li&gt;
&lt;li class="selected"&gt;&lt;code&gt;&lt;span style="color: var(--highlight-keyword)"&gt;                &lt;/span&gt;&lt;span style="color: var(--highlight-default)"&gt;$test&lt;/span&gt;&lt;span style="color: var(--highlight-keyword)"&gt;-&amp;gt;&lt;/span&gt;&lt;span style="color: var(--highlight-default)"&gt;runBare&lt;/span&gt;&lt;span style="color: var(--highlight-keyword)"&gt;();&lt;/span&gt;&lt;/code&gt;&lt;/li&gt;
&lt;li&gt;&lt;code&gt;&lt;span style="color: var(--highlight-keyword)"&gt;            }&lt;/span&gt;&lt;/code&gt;&lt;/li&gt;
&lt;li&gt;&lt;code&gt;&lt;span style="color: var(--highlight-keyword)"&gt;        } catch (&lt;/span&gt;&lt;span style="color: var(--highlight-default)"&gt;TimeoutException $e&lt;/span&gt;&lt;span style="color: var(--highlight-keyword)"&gt;) {&lt;/span&gt;&lt;/code&gt;&lt;/li&gt;
&lt;li&gt;&lt;code&gt;&lt;span style="color: var(--highlight-keyword)"&gt;            &lt;/span&gt;&lt;span style="color: var(--highlight-default)"&gt;$this&lt;/span&gt;&lt;span style="color: var(--highlight-keyword)"&gt;-&amp;gt;&lt;/span&gt;&lt;span style="color: var(--highlight-default)"&gt;addFailure&lt;/span&gt;&lt;span style="color: var(--highlight-keyword)"&gt;(&lt;/span&gt;&lt;/code&gt;&lt;/li&gt;
&lt;li&gt;&lt;code&gt;&lt;span style="color: var(--highlight-keyword)"&gt;                &lt;/span&gt;&lt;span style="color: var(--highlight-default)"&gt;$test&lt;/span&gt;&lt;span style="color: var(--highlight-keyword)"&gt;,&lt;/span&gt;&lt;/code&gt;&lt;/li&gt;
&lt;li&gt;&lt;code&gt;&lt;span style="color: var(--highlight-keyword)"&gt;                new &lt;/span&gt;&lt;span style="color: var(--highlight-default)"&gt;RiskyTestError&lt;/span&gt;&lt;span style="color: var(--highlight-keyword)"&gt;(&lt;/span&gt;&lt;/code&gt;&lt;/li&gt;&lt;/ol&gt;    &lt;/div&gt;            &lt;/div&gt;
                        &lt;div class="trace-line trace-from-vendor"&gt;
                &lt;div class="trace-line-header break-long-words sf-toggle" data-toggle-selector="#trace-html-1-15" data-toggle-initial=""&gt;
            &lt;span class="icon icon-close"&gt;&lt;svg width="1792" height="1792" viewBox="0 0 1792 1792" xmlns="http://www.w3.org/2000/svg"&gt;&lt;path d="M1408 960V832q0-26-19-45t-45-19H448q-26 0-45 19t-19 45v128q0 26 19 45t45 19h896q26 0 45-19t19-45zm256-544v960q0 119-84.5 203.5T1376 1664H416q-119 0-203.5-84.5T128 1376V416q0-119 84.5-203.5T416 128h960q119 0 203.5 84.5T1664 416z"/&gt;&lt;/svg&gt;&lt;/span&gt;
        &lt;span class="icon icon-open"&gt;&lt;svg width="1792" height="1792" viewBox="0 0 1792 1792" xmlns="http://www.w3.org/2000/svg"&gt;&lt;path d="M1408 960V832q0-26-19-45t-45-19h-320V448q0-26-19-45t-45-19H832q-26 0-45 19t-19 45v320H448q-26 0-45 19t-19 45v128q0 26 19 45t45 19h320v320q0 26 19 45t45 19h128q26 0 45-19t19-45v-320h320q26 0 45-19t19-45zm256-544v960q0 119-84.5 203.5T1376 1664H416q-119 0-203.5-84.5T128 1376V416q0-119 84.5-203.5T416 128h960q119 0 203.5 84.5T1664 416z"/&gt;&lt;/svg&gt;&lt;/span&gt;
    
    
                    &lt;span class="block trace-file-path"&gt;
            in
            &lt;a href="file:///home/h3rmano/dbwebb-kurser/mvc/me/report/vendor/phpunit/phpunit/src/Framework/TestCase.php#L973"&gt;
                vendor/phpunit/phpunit/src/Framework/&lt;strong&gt;TestCase.php&lt;/strong&gt;
            &lt;/a&gt;
                            &lt;span class="trace-type"&gt;-&gt;&lt;/span&gt;
                &lt;span class="trace-method"&gt;run&lt;/span&gt;
                        (line 973)
            &lt;span class="icon icon-copy hidden" data-clipboard-text="vendor/phpunit/phpunit/src/Framework/TestCase.php:973"&gt;
                &lt;svg xmlns="http://www.w3.org/2000/svg" height="24" viewBox="0 0 24 24" width="24"&gt;&lt;path d="M0 0h24v24H0z" fill="none"/&gt;&lt;path d="M16 1H4c-1.1 0-2 .9-2 2v14h2V3h12V1zm3 4H8c-1.1 0-2 .9-2 2v14c0 1.1.9 2 2 2h11c1.1 0 2-.9 2-2V7c0-1.1-.9-2-2-2zm0 16H8V7h11v14z"/&gt;&lt;/svg&gt;            &lt;/span&gt;
        &lt;/span&gt;
    &lt;/div&gt;
    &lt;div id="trace-html-1-15" class="trace-code sf-toggle-content"&gt;
        &lt;ol start="968"&gt;&lt;li&gt;&lt;code&gt;&lt;span style="color: var(--highlight-keyword)"&gt;            &lt;/span&gt;&lt;span style="color: var(--highlight-default)"&gt;$template&lt;/span&gt;&lt;span style="color: var(--highlight-keyword)"&gt;-&amp;gt;&lt;/span&gt;&lt;span style="color: var(--highlight-default)"&gt;setVar&lt;/span&gt;&lt;span style="color: var(--highlight-keyword)"&gt;(&lt;/span&gt;&lt;span style="color: var(--highlight-default)"&gt;$var&lt;/span&gt;&lt;span style="color: var(--highlight-keyword)"&gt;);&lt;/span&gt;&lt;/code&gt;&lt;/li&gt;
&lt;li&gt;&lt;code&gt;&lt;span style="color: var(--highlight-keyword)"&gt;&lt;/span&gt;&lt;/code&gt;&lt;/li&gt;
&lt;li&gt;&lt;code&gt;&lt;span style="color: var(--highlight-keyword)"&gt;            &lt;/span&gt;&lt;span style="color: var(--highlight-default)"&gt;$php &lt;/span&gt;&lt;span style="color: var(--highlight-keyword)"&gt;= &lt;/span&gt;&lt;span style="color: var(--highlight-default)"&gt;AbstractPhpProcess&lt;/span&gt;&lt;span style="color: var(--highlight-keyword)"&gt;::&lt;/span&gt;&lt;span style="color: var(--highlight-default)"&gt;factory&lt;/span&gt;&lt;span style="color: var(--highlight-keyword)"&gt;();&lt;/span&gt;&lt;/code&gt;&lt;/li&gt;
&lt;li&gt;&lt;code&gt;&lt;span style="color: var(--highlight-keyword)"&gt;            &lt;/span&gt;&lt;span style="color: var(--highlight-default)"&gt;$php&lt;/span&gt;&lt;span style="color: var(--highlight-keyword)"&gt;-&amp;gt;&lt;/span&gt;&lt;span style="color: var(--highlight-default)"&gt;runTestJob&lt;/span&gt;&lt;span style="color: var(--highlight-keyword)"&gt;(&lt;/span&gt;&lt;span style="color: var(--highlight-default)"&gt;$template&lt;/span&gt;&lt;span style="color: var(--highlight-keyword)"&gt;-&amp;gt;&lt;/span&gt;&lt;span style="color: var(--highlight-default)"&gt;render&lt;/span&gt;&lt;span style="color: var(--highlight-keyword)"&gt;(), &lt;/span&gt;&lt;span style="color: var(--highlight-default)"&gt;$this&lt;/span&gt;&lt;span style="color: var(--highlight-keyword)"&gt;, &lt;/span&gt;&lt;span style="color: var(--highlight-default)"&gt;$result&lt;/span&gt;&lt;span style="color: var(--highlight-keyword)"&gt;, &lt;/span&gt;&lt;span style="color: var(--highlight-default)"&gt;$processResultFile&lt;/span&gt;&lt;span style="color: var(--highlight-keyword)"&gt;);&lt;/span&gt;&lt;/code&gt;&lt;/li&gt;
&lt;li&gt;&lt;code&gt;&lt;span style="color: var(--highlight-keyword)"&gt;        } else {&lt;/span&gt;&lt;/code&gt;&lt;/li&gt;
&lt;li class="selected"&gt;&lt;code&gt;&lt;span style="color: var(--highlight-keyword)"&gt;            &lt;/span&gt;&lt;span style="color: var(--highlight-default)"&gt;$result&lt;/span&gt;&lt;span style="color: var(--highlight-keyword)"&gt;-&amp;gt;&lt;/span&gt;&lt;span style="color: var(--highlight-default)"&gt;run&lt;/span&gt;&lt;span style="color: var(--highlight-keyword)"&gt;(&lt;/span&gt;&lt;span style="color: var(--highlight-default)"&gt;$this&lt;/span&gt;&lt;span style="color: var(--highlight-keyword)"&gt;);&lt;/span&gt;&lt;/code&gt;&lt;/li&gt;
&lt;li&gt;&lt;code&gt;&lt;span style="color: var(--highlight-keyword)"&gt;        }&lt;/span&gt;&lt;/code&gt;&lt;/li&gt;
&lt;li&gt;&lt;code&gt;&lt;span style="color: var(--highlight-keyword)"&gt;&lt;/span&gt;&lt;/code&gt;&lt;/li&gt;
&lt;li&gt;&lt;code&gt;&lt;span style="color: var(--highlight-keyword)"&gt;        &lt;/span&gt;&lt;span style="color: var(--highlight-default)"&gt;$this&lt;/span&gt;&lt;span style="color: var(--highlight-keyword)"&gt;-&amp;gt;&lt;/span&gt;&lt;span style="color: var(--highlight-default)"&gt;result &lt;/span&gt;&lt;span style="color: var(--highlight-keyword)"&gt;= &lt;/span&gt;&lt;span style="color: var(--highlight-default)"&gt;null&lt;/span&gt;&lt;span style="color: var(--highlight-keyword)"&gt;;&lt;/span&gt;&lt;/code&gt;&lt;/li&gt;
&lt;li&gt;&lt;code&gt;&lt;span style="color: var(--highlight-keyword)"&gt;&lt;/span&gt;&lt;/code&gt;&lt;/li&gt;
&lt;li&gt;&lt;code&gt;&lt;span style="color: var(--highlight-keyword)"&gt;        return &lt;/span&gt;&lt;span style="color: var(--highlight-default)"&gt;$result&lt;/span&gt;&lt;span style="color: var(--highlight-keyword)"&gt;;&lt;/span&gt;&lt;/code&gt;&lt;/li&gt;&lt;/ol&gt;    &lt;/div&gt;            &lt;/div&gt;
                        &lt;div class="trace-line trace-from-vendor"&gt;
                &lt;div class="trace-line-header break-long-words sf-toggle" data-toggle-selector="#trace-html-1-16" data-toggle-initial=""&gt;
            &lt;span class="icon icon-close"&gt;&lt;svg width="1792" height="1792" viewBox="0 0 1792 1792" xmlns="http://www.w3.org/2000/svg"&gt;&lt;path d="M1408 960V832q0-26-19-45t-45-19H448q-26 0-45 19t-19 45v128q0 26 19 45t45 19h896q26 0 45-19t19-45zm256-544v960q0 119-84.5 203.5T1376 1664H416q-119 0-203.5-84.5T128 1376V416q0-119 84.5-203.5T416 128h960q119 0 203.5 84.5T1664 416z"/&gt;&lt;/svg&gt;&lt;/span&gt;
        &lt;span class="icon icon-open"&gt;&lt;svg width="1792" height="1792" viewBox="0 0 1792 1792" xmlns="http://www.w3.org/2000/svg"&gt;&lt;path d="M1408 960V832q0-26-19-45t-45-19h-320V448q0-26-19-45t-45-19H832q-26 0-45 19t-19 45v320H448q-26 0-45 19t-19 45v128q0 26 19 45t45 19h320v320q0 26 19 45t45 19h128q26 0 45-19t19-45v-320h320q26 0 45-19t19-45zm256-544v960q0 119-84.5 203.5T1376 1664H416q-119 0-203.5-84.5T128 1376V416q0-119 84.5-203.5T416 128h960q119 0 203.5 84.5T1664 416z"/&gt;&lt;/svg&gt;&lt;/span&gt;
    
    
                    &lt;span class="block trace-file-path"&gt;
            in
            &lt;a href="file:///home/h3rmano/dbwebb-kurser/mvc/me/report/vendor/phpunit/phpunit/src/Framework/TestSuite.php#L685"&gt;
                vendor/phpunit/phpunit/src/Framework/&lt;strong&gt;TestSuite.php&lt;/strong&gt;
            &lt;/a&gt;
                            &lt;span class="trace-type"&gt;-&gt;&lt;/span&gt;
                &lt;span class="trace-method"&gt;run&lt;/span&gt;
                        (line 685)
            &lt;span class="icon icon-copy hidden" data-clipboard-text="vendor/phpunit/phpunit/src/Framework/TestSuite.php:685"&gt;
                &lt;svg xmlns="http://www.w3.org/2000/svg" height="24" viewBox="0 0 24 24" width="24"&gt;&lt;path d="M0 0h24v24H0z" fill="none"/&gt;&lt;path d="M16 1H4c-1.1 0-2 .9-2 2v14h2V3h12V1zm3 4H8c-1.1 0-2 .9-2 2v14c0 1.1.9 2 2 2h11c1.1 0 2-.9 2-2V7c0-1.1-.9-2-2-2zm0 16H8V7h11v14z"/&gt;&lt;/svg&gt;            &lt;/span&gt;
        &lt;/span&gt;
    &lt;/div&gt;
    &lt;div id="trace-html-1-16" class="trace-code sf-toggle-content"&gt;
        &lt;ol start="680"&gt;&lt;li&gt;&lt;code&gt;&lt;span style="color: var(--highlight-keyword)"&gt;                &lt;/span&gt;&lt;span style="color: var(--highlight-default)"&gt;$test&lt;/span&gt;&lt;span style="color: var(--highlight-keyword)"&gt;-&amp;gt;&lt;/span&gt;&lt;span style="color: var(--highlight-default)"&gt;setBackupGlobals&lt;/span&gt;&lt;span style="color: var(--highlight-keyword)"&gt;(&lt;/span&gt;&lt;span style="color: var(--highlight-default)"&gt;$this&lt;/span&gt;&lt;span style="color: var(--highlight-keyword)"&gt;-&amp;gt;&lt;/span&gt;&lt;span style="color: var(--highlight-default)"&gt;backupGlobals&lt;/span&gt;&lt;span style="color: var(--highlight-keyword)"&gt;);&lt;/span&gt;&lt;/code&gt;&lt;/li&gt;
&lt;li&gt;&lt;code&gt;&lt;span style="color: var(--highlight-keyword)"&gt;                &lt;/span&gt;&lt;span style="color: var(--highlight-default)"&gt;$test&lt;/span&gt;&lt;span style="color: var(--highlight-keyword)"&gt;-&amp;gt;&lt;/span&gt;&lt;span style="color: var(--highlight-default)"&gt;setBackupStaticAttributes&lt;/span&gt;&lt;span style="color: var(--highlight-keyword)"&gt;(&lt;/span&gt;&lt;span style="color: var(--highlight-default)"&gt;$this&lt;/span&gt;&lt;span style="color: var(--highlight-keyword)"&gt;-&amp;gt;&lt;/span&gt;&lt;span style="color: var(--highlight-default)"&gt;backupStaticAttributes&lt;/span&gt;&lt;span style="color: var(--highlight-keyword)"&gt;);&lt;/span&gt;&lt;/code&gt;&lt;/li&gt;
&lt;li&gt;&lt;code&gt;&lt;span style="color: var(--highlight-keyword)"&gt;                &lt;/span&gt;&lt;span style="color: var(--highlight-default)"&gt;$test&lt;/span&gt;&lt;span style="color: var(--highlight-keyword)"&gt;-&amp;gt;&lt;/span&gt;&lt;span style="color: var(--highlight-default)"&gt;setRunTestInSeparateProcess&lt;/span&gt;&lt;span style="color: var(--highlight-keyword)"&gt;(&lt;/span&gt;&lt;span style="color: var(--highlight-default)"&gt;$this&lt;/span&gt;&lt;span style="color: var(--highlight-keyword)"&gt;-&amp;gt;&lt;/span&gt;&lt;span style="color: var(--highlight-default)"&gt;runTestInSeparateProcess&lt;/span&gt;&lt;span style="color: var(--highlight-keyword)"&gt;);&lt;/span&gt;&lt;/code&gt;&lt;/li&gt;
&lt;li&gt;&lt;code&gt;&lt;span style="color: var(--highlight-keyword)"&gt;            }&lt;/span&gt;&lt;/code&gt;&lt;/li&gt;
&lt;li&gt;&lt;code&gt;&lt;span style="color: var(--highlight-keyword)"&gt;&lt;/span&gt;&lt;/code&gt;&lt;/li&gt;
&lt;li class="selected"&gt;&lt;code&gt;&lt;span style="color: var(--highlight-keyword)"&gt;            &lt;/span&gt;&lt;span style="color: var(--highlight-default)"&gt;$test&lt;/span&gt;&lt;span style="color: var(--highlight-keyword)"&gt;-&amp;gt;&lt;/span&gt;&lt;span style="color: var(--highlight-default)"&gt;run&lt;/span&gt;&lt;span style="color: var(--highlight-keyword)"&gt;(&lt;/span&gt;&lt;span style="color: var(--highlight-default)"&gt;$result&lt;/span&gt;&lt;span style="color: var(--highlight-keyword)"&gt;);&lt;/span&gt;&lt;/code&gt;&lt;/li&gt;
&lt;li&gt;&lt;code&gt;&lt;span style="color: var(--highlight-keyword)"&gt;        }&lt;/span&gt;&lt;/code&gt;&lt;/li&gt;
&lt;li&gt;&lt;code&gt;&lt;span style="color: var(--highlight-keyword)"&gt;&lt;/span&gt;&lt;/code&gt;&lt;/li&gt;
&lt;li&gt;&lt;code&gt;&lt;span style="color: var(--highlight-keyword)"&gt;        if (&lt;/span&gt;&lt;span style="color: var(--highlight-default)"&gt;$this&lt;/span&gt;&lt;span style="color: var(--highlight-keyword)"&gt;-&amp;gt;&lt;/span&gt;&lt;span style="color: var(--highlight-default)"&gt;testCase &lt;/span&gt;&lt;span style="color: var(--highlight-keyword)"&gt;&amp;amp;&amp;amp; &lt;/span&gt;&lt;span style="color: var(--highlight-default)"&gt;class_exists&lt;/span&gt;&lt;span style="color: var(--highlight-keyword)"&gt;(&lt;/span&gt;&lt;span style="color: var(--highlight-default)"&gt;$this&lt;/span&gt;&lt;span style="color: var(--highlight-keyword)"&gt;-&amp;gt;&lt;/span&gt;&lt;span style="color: var(--highlight-default)"&gt;name&lt;/span&gt;&lt;span style="color: var(--highlight-keyword)"&gt;, &lt;/span&gt;&lt;span style="color: var(--highlight-default)"&gt;false&lt;/span&gt;&lt;span style="color: var(--highlight-keyword)"&gt;)) {&lt;/span&gt;&lt;/code&gt;&lt;/li&gt;
&lt;li&gt;&lt;code&gt;&lt;span style="color: var(--highlight-keyword)"&gt;            foreach (&lt;/span&gt;&lt;span style="color: var(--highlight-default)"&gt;$hookMethods&lt;/span&gt;&lt;span style="color: var(--highlight-keyword)"&gt;[&lt;/span&gt;&lt;span style="color: var(--highlight-string)"&gt;'afterClass'&lt;/span&gt;&lt;span style="color: var(--highlight-keyword)"&gt;] as &lt;/span&gt;&lt;span style="color: var(--highlight-default)"&gt;$afterClassMethod&lt;/span&gt;&lt;span style="color: var(--highlight-keyword)"&gt;) {&lt;/span&gt;&lt;/code&gt;&lt;/li&gt;
&lt;li&gt;&lt;code&gt;&lt;span style="color: var(--highlight-keyword)"&gt;                if (&lt;/span&gt;&lt;span style="color: var(--highlight-default)"&gt;method_exists&lt;/span&gt;&lt;span style="color: var(--highlight-keyword)"&gt;(&lt;/span&gt;&lt;span style="color: var(--highlight-default)"&gt;$this&lt;/span&gt;&lt;span style="color: var(--highlight-keyword)"&gt;-&amp;gt;&lt;/span&gt;&lt;span style="color: var(--highlight-default)"&gt;name&lt;/span&gt;&lt;span style="color: var(--highlight-keyword)"&gt;, &lt;/span&gt;&lt;span style="color: var(--highlight-default)"&gt;$afterClassMethod&lt;/span&gt;&lt;span style="color: var(--highlight-keyword)"&gt;)) {&lt;/span&gt;&lt;/code&gt;&lt;/li&gt;&lt;/ol&gt;    &lt;/div&gt;            &lt;/div&gt;
                        &lt;div class="trace-line trace-from-vendor"&gt;
                &lt;div class="trace-line-header break-long-words sf-toggle" data-toggle-selector="#trace-html-1-17" data-toggle-initial=""&gt;
            &lt;span class="icon icon-close"&gt;&lt;svg width="1792" height="1792" viewBox="0 0 1792 1792" xmlns="http://www.w3.org/2000/svg"&gt;&lt;path d="M1408 960V832q0-26-19-45t-45-19H448q-26 0-45 19t-19 45v128q0 26 19 45t45 19h896q26 0 45-19t19-45zm256-544v960q0 119-84.5 203.5T1376 1664H416q-119 0-203.5-84.5T128 1376V416q0-119 84.5-203.5T416 128h960q119 0 203.5 84.5T1664 416z"/&gt;&lt;/svg&gt;&lt;/span&gt;
        &lt;span class="icon icon-open"&gt;&lt;svg width="1792" height="1792" viewBox="0 0 1792 1792" xmlns="http://www.w3.org/2000/svg"&gt;&lt;path d="M1408 960V832q0-26-19-45t-45-19h-320V448q0-26-19-45t-45-19H832q-26 0-45 19t-19 45v320H448q-26 0-45 19t-19 45v128q0 26 19 45t45 19h320v320q0 26 19 45t45 19h128q26 0 45-19t19-45v-320h320q26 0 45-19t19-45zm256-544v960q0 119-84.5 203.5T1376 1664H416q-119 0-203.5-84.5T128 1376V416q0-119 84.5-203.5T416 128h960q119 0 203.5 84.5T1664 416z"/&gt;&lt;/svg&gt;&lt;/span&gt;
    
    
                    &lt;span class="block trace-file-path"&gt;
            in
            &lt;a href="file:///home/h3rmano/dbwebb-kurser/mvc/me/report/vendor/phpunit/phpunit/src/Framework/TestSuite.php#L685"&gt;
                vendor/phpunit/phpunit/src/Framework/&lt;strong&gt;TestSuite.php&lt;/strong&gt;
            &lt;/a&gt;
                            &lt;span class="trace-type"&gt;-&gt;&lt;/span&gt;
                &lt;span class="trace-method"&gt;run&lt;/span&gt;
                        (line 685)
            &lt;span class="icon icon-copy hidden" data-clipboard-text="vendor/phpunit/phpunit/src/Framework/TestSuite.php:685"&gt;
                &lt;svg xmlns="http://www.w3.org/2000/svg" height="24" viewBox="0 0 24 24" width="24"&gt;&lt;path d="M0 0h24v24H0z" fill="none"/&gt;&lt;path d="M16 1H4c-1.1 0-2 .9-2 2v14h2V3h12V1zm3 4H8c-1.1 0-2 .9-2 2v14c0 1.1.9 2 2 2h11c1.1 0 2-.9 2-2V7c0-1.1-.9-2-2-2zm0 16H8V7h11v14z"/&gt;&lt;/svg&gt;            &lt;/span&gt;
        &lt;/span&gt;
    &lt;/div&gt;
    &lt;div id="trace-html-1-17" class="trace-code sf-toggle-content"&gt;
        &lt;ol start="680"&gt;&lt;li&gt;&lt;code&gt;&lt;span style="color: var(--highlight-keyword)"&gt;                &lt;/span&gt;&lt;span style="color: var(--highlight-default)"&gt;$test&lt;/span&gt;&lt;span style="color: var(--highlight-keyword)"&gt;-&amp;gt;&lt;/span&gt;&lt;span style="color: var(--highlight-default)"&gt;setBackupGlobals&lt;/span&gt;&lt;span style="color: var(--highlight-keyword)"&gt;(&lt;/span&gt;&lt;span style="color: var(--highlight-default)"&gt;$this&lt;/span&gt;&lt;span style="color: var(--highlight-keyword)"&gt;-&amp;gt;&lt;/span&gt;&lt;span style="color: var(--highlight-default)"&gt;backupGlobals&lt;/span&gt;&lt;span style="color: var(--highlight-keyword)"&gt;);&lt;/span&gt;&lt;/code&gt;&lt;/li&gt;
&lt;li&gt;&lt;code&gt;&lt;span style="color: var(--highlight-keyword)"&gt;                &lt;/span&gt;&lt;span style="color: var(--highlight-default)"&gt;$test&lt;/span&gt;&lt;span style="color: var(--highlight-keyword)"&gt;-&amp;gt;&lt;/span&gt;&lt;span style="color: var(--highlight-default)"&gt;setBackupStaticAttributes&lt;/span&gt;&lt;span style="color: var(--highlight-keyword)"&gt;(&lt;/span&gt;&lt;span style="color: var(--highlight-default)"&gt;$this&lt;/span&gt;&lt;span style="color: var(--highlight-keyword)"&gt;-&amp;gt;&lt;/span&gt;&lt;span style="color: var(--highlight-default)"&gt;backupStaticAttributes&lt;/span&gt;&lt;span style="color: var(--highlight-keyword)"&gt;);&lt;/span&gt;&lt;/code&gt;&lt;/li&gt;
&lt;li&gt;&lt;code&gt;&lt;span style="color: var(--highlight-keyword)"&gt;                &lt;/span&gt;&lt;span style="color: var(--highlight-default)"&gt;$test&lt;/span&gt;&lt;span style="color: var(--highlight-keyword)"&gt;-&amp;gt;&lt;/span&gt;&lt;span style="color: var(--highlight-default)"&gt;setRunTestInSeparateProcess&lt;/span&gt;&lt;span style="color: var(--highlight-keyword)"&gt;(&lt;/span&gt;&lt;span style="color: var(--highlight-default)"&gt;$this&lt;/span&gt;&lt;span style="color: var(--highlight-keyword)"&gt;-&amp;gt;&lt;/span&gt;&lt;span style="color: var(--highlight-default)"&gt;runTestInSeparateProcess&lt;/span&gt;&lt;span style="color: var(--highlight-keyword)"&gt;);&lt;/span&gt;&lt;/code&gt;&lt;/li&gt;
&lt;li&gt;&lt;code&gt;&lt;span style="color: var(--highlight-keyword)"&gt;            }&lt;/span&gt;&lt;/code&gt;&lt;/li&gt;
&lt;li&gt;&lt;code&gt;&lt;span style="color: var(--highlight-keyword)"&gt;&lt;/span&gt;&lt;/code&gt;&lt;/li&gt;
&lt;li class="selected"&gt;&lt;code&gt;&lt;span style="color: var(--highlight-keyword)"&gt;            &lt;/span&gt;&lt;span style="color: var(--highlight-default)"&gt;$test&lt;/span&gt;&lt;span style="color: var(--highlight-keyword)"&gt;-&amp;gt;&lt;/span&gt;&lt;span style="color: var(--highlight-default)"&gt;run&lt;/span&gt;&lt;span style="color: var(--highlight-keyword)"&gt;(&lt;/span&gt;&lt;span style="color: var(--highlight-default)"&gt;$result&lt;/span&gt;&lt;span style="color: var(--highlight-keyword)"&gt;);&lt;/span&gt;&lt;/code&gt;&lt;/li&gt;
&lt;li&gt;&lt;code&gt;&lt;span style="color: var(--highlight-keyword)"&gt;        }&lt;/span&gt;&lt;/code&gt;&lt;/li&gt;
&lt;li&gt;&lt;code&gt;&lt;span style="color: var(--highlight-keyword)"&gt;&lt;/span&gt;&lt;/code&gt;&lt;/li&gt;
&lt;li&gt;&lt;code&gt;&lt;span style="color: var(--highlight-keyword)"&gt;        if (&lt;/span&gt;&lt;span style="color: var(--highlight-default)"&gt;$this&lt;/span&gt;&lt;span style="color: var(--highlight-keyword)"&gt;-&amp;gt;&lt;/span&gt;&lt;span style="color: var(--highlight-default)"&gt;testCase &lt;/span&gt;&lt;span style="color: var(--highlight-keyword)"&gt;&amp;amp;&amp;amp; &lt;/span&gt;&lt;span style="color: var(--highlight-default)"&gt;class_exists&lt;/span&gt;&lt;span style="color: var(--highlight-keyword)"&gt;(&lt;/span&gt;&lt;span style="color: var(--highlight-default)"&gt;$this&lt;/span&gt;&lt;span style="color: var(--highlight-keyword)"&gt;-&amp;gt;&lt;/span&gt;&lt;span style="color: var(--highlight-default)"&gt;name&lt;/span&gt;&lt;span style="color: var(--highlight-keyword)"&gt;, &lt;/span&gt;&lt;span style="color: var(--highlight-default)"&gt;false&lt;/span&gt;&lt;span style="color: var(--highlight-keyword)"&gt;)) {&lt;/span&gt;&lt;/code&gt;&lt;/li&gt;
&lt;li&gt;&lt;code&gt;&lt;span style="color: var(--highlight-keyword)"&gt;            foreach (&lt;/span&gt;&lt;span style="color: var(--highlight-default)"&gt;$hookMethods&lt;/span&gt;&lt;span style="color: var(--highlight-keyword)"&gt;[&lt;/span&gt;&lt;span style="color: var(--highlight-string)"&gt;'afterClass'&lt;/span&gt;&lt;span style="color: var(--highlight-keyword)"&gt;] as &lt;/span&gt;&lt;span style="color: var(--highlight-default)"&gt;$afterClassMethod&lt;/span&gt;&lt;span style="color: var(--highlight-keyword)"&gt;) {&lt;/span&gt;&lt;/code&gt;&lt;/li&gt;
&lt;li&gt;&lt;code&gt;&lt;span style="color: var(--highlight-keyword)"&gt;                if (&lt;/span&gt;&lt;span style="color: var(--highlight-default)"&gt;method_exists&lt;/span&gt;&lt;span style="color: var(--highlight-keyword)"&gt;(&lt;/span&gt;&lt;span style="color: var(--highlight-default)"&gt;$this&lt;/span&gt;&lt;span style="color: var(--highlight-keyword)"&gt;-&amp;gt;&lt;/span&gt;&lt;span style="color: var(--highlight-default)"&gt;name&lt;/span&gt;&lt;span style="color: var(--highlight-keyword)"&gt;, &lt;/span&gt;&lt;span style="color: var(--highlight-default)"&gt;$afterClassMethod&lt;/span&gt;&lt;span style="color: var(--highlight-keyword)"&gt;)) {&lt;/span&gt;&lt;/code&gt;&lt;/li&gt;&lt;/ol&gt;    &lt;/div&gt;            &lt;/div&gt;
                        &lt;div class="trace-line trace-from-vendor"&gt;
                &lt;div class="trace-line-header break-long-words sf-toggle" data-toggle-selector="#trace-html-1-18" data-toggle-initial=""&gt;
            &lt;span class="icon icon-close"&gt;&lt;svg width="1792" height="1792" viewBox="0 0 1792 1792" xmlns="http://www.w3.org/2000/svg"&gt;&lt;path d="M1408 960V832q0-26-19-45t-45-19H448q-26 0-45 19t-19 45v128q0 26 19 45t45 19h896q26 0 45-19t19-45zm256-544v960q0 119-84.5 203.5T1376 1664H416q-119 0-203.5-84.5T128 1376V416q0-119 84.5-203.5T416 128h960q119 0 203.5 84.5T1664 416z"/&gt;&lt;/svg&gt;&lt;/span&gt;
        &lt;span class="icon icon-open"&gt;&lt;svg width="1792" height="1792" viewBox="0 0 1792 1792" xmlns="http://www.w3.org/2000/svg"&gt;&lt;path d="M1408 960V832q0-26-19-45t-45-19h-320V448q0-26-19-45t-45-19H832q-26 0-45 19t-19 45v320H448q-26 0-45 19t-19 45v128q0 26 19 45t45 19h320v320q0 26 19 45t45 19h128q26 0 45-19t19-45v-320h320q26 0 45-19t19-45zm256-544v960q0 119-84.5 203.5T1376 1664H416q-119 0-203.5-84.5T128 1376V416q0-119 84.5-203.5T416 128h960q119 0 203.5 84.5T1664 416z"/&gt;&lt;/svg&gt;&lt;/span&gt;
    
    
                    &lt;span class="block trace-file-path"&gt;
            in
            &lt;a href="file:///home/h3rmano/dbwebb-kurser/mvc/me/report/vendor/phpunit/phpunit/src/TextUI/TestRunner.php#L651"&gt;
                vendor/phpunit/phpunit/src/TextUI/&lt;strong&gt;TestRunner.php&lt;/strong&gt;
            &lt;/a&gt;
                            &lt;span class="trace-type"&gt;-&gt;&lt;/span&gt;
                &lt;span class="trace-method"&gt;run&lt;/span&gt;
                        (line 651)
            &lt;span class="icon icon-copy hidden" data-clipboard-text="vendor/phpunit/phpunit/src/TextUI/TestRunner.php:651"&gt;
                &lt;svg xmlns="http://www.w3.org/2000/svg" height="24" viewBox="0 0 24 24" width="24"&gt;&lt;path d="M0 0h24v24H0z" fill="none"/&gt;&lt;path d="M16 1H4c-1.1 0-2 .9-2 2v14h2V3h12V1zm3 4H8c-1.1 0-2 .9-2 2v14c0 1.1.9 2 2 2h11c1.1 0 2-.9 2-2V7c0-1.1-.9-2-2-2zm0 16H8V7h11v14z"/&gt;&lt;/svg&gt;            &lt;/span&gt;
        &lt;/span&gt;
    &lt;/div&gt;
    &lt;div id="trace-html-1-18" class="trace-code sf-toggle-content"&gt;
        &lt;ol start="646"&gt;&lt;li&gt;&lt;code&gt;&lt;span style="color: var(--highlight-keyword)"&gt;            if (&lt;/span&gt;&lt;span style="color: var(--highlight-default)"&gt;$extension &lt;/span&gt;&lt;span style="color: var(--highlight-keyword)"&gt;instanceof &lt;/span&gt;&lt;span style="color: var(--highlight-default)"&gt;BeforeFirstTestHook&lt;/span&gt;&lt;span style="color: var(--highlight-keyword)"&gt;) {&lt;/span&gt;&lt;/code&gt;&lt;/li&gt;
&lt;li&gt;&lt;code&gt;&lt;span style="color: var(--highlight-keyword)"&gt;                &lt;/span&gt;&lt;span style="color: var(--highlight-default)"&gt;$extension&lt;/span&gt;&lt;span style="color: var(--highlight-keyword)"&gt;-&amp;gt;&lt;/span&gt;&lt;span style="color: var(--highlight-default)"&gt;executeBeforeFirstTest&lt;/span&gt;&lt;span style="color: var(--highlight-keyword)"&gt;();&lt;/span&gt;&lt;/code&gt;&lt;/li&gt;
&lt;li&gt;&lt;code&gt;&lt;span style="color: var(--highlight-keyword)"&gt;            }&lt;/span&gt;&lt;/code&gt;&lt;/li&gt;
&lt;li&gt;&lt;code&gt;&lt;span style="color: var(--highlight-keyword)"&gt;        }&lt;/span&gt;&lt;/code&gt;&lt;/li&gt;
&lt;li&gt;&lt;code&gt;&lt;span style="color: var(--highlight-keyword)"&gt;&lt;/span&gt;&lt;/code&gt;&lt;/li&gt;
&lt;li class="selected"&gt;&lt;code&gt;&lt;span style="color: var(--highlight-keyword)"&gt;        &lt;/span&gt;&lt;span style="color: var(--highlight-default)"&gt;$suite&lt;/span&gt;&lt;span style="color: var(--highlight-keyword)"&gt;-&amp;gt;&lt;/span&gt;&lt;span style="color: var(--highlight-default)"&gt;run&lt;/span&gt;&lt;span style="color: var(--highlight-keyword)"&gt;(&lt;/span&gt;&lt;span style="color: var(--highlight-default)"&gt;$result&lt;/span&gt;&lt;span style="color: var(--highlight-keyword)"&gt;);&lt;/span&gt;&lt;/code&gt;&lt;/li&gt;
&lt;li&gt;&lt;code&gt;&lt;span style="color: var(--highlight-keyword)"&gt;&lt;/span&gt;&lt;/code&gt;&lt;/li&gt;
&lt;li&gt;&lt;code&gt;&lt;span style="color: var(--highlight-keyword)"&gt;        foreach (&lt;/span&gt;&lt;span style="color: var(--highlight-default)"&gt;$this&lt;/span&gt;&lt;span style="color: var(--highlight-keyword)"&gt;-&amp;gt;&lt;/span&gt;&lt;span style="color: var(--highlight-default)"&gt;extensions &lt;/span&gt;&lt;span style="color: var(--highlight-keyword)"&gt;as &lt;/span&gt;&lt;span style="color: var(--highlight-default)"&gt;$extension&lt;/span&gt;&lt;span style="color: var(--highlight-keyword)"&gt;) {&lt;/span&gt;&lt;/code&gt;&lt;/li&gt;
&lt;li&gt;&lt;code&gt;&lt;span style="color: var(--highlight-keyword)"&gt;            if (&lt;/span&gt;&lt;span style="color: var(--highlight-default)"&gt;$extension &lt;/span&gt;&lt;span style="color: var(--highlight-keyword)"&gt;instanceof &lt;/span&gt;&lt;span style="color: var(--highlight-default)"&gt;AfterLastTestHook&lt;/span&gt;&lt;span style="color: var(--highlight-keyword)"&gt;) {&lt;/span&gt;&lt;/code&gt;&lt;/li&gt;
&lt;li&gt;&lt;code&gt;&lt;span style="color: var(--highlight-keyword)"&gt;                &lt;/span&gt;&lt;span style="color: var(--highlight-default)"&gt;$extension&lt;/span&gt;&lt;span style="color: var(--highlight-keyword)"&gt;-&amp;gt;&lt;/span&gt;&lt;span style="color: var(--highlight-default)"&gt;executeAfterLastTest&lt;/span&gt;&lt;span style="color: var(--highlight-keyword)"&gt;();&lt;/span&gt;&lt;/code&gt;&lt;/li&gt;
&lt;li&gt;&lt;code&gt;&lt;span style="color: var(--highlight-keyword)"&gt;            }&lt;/span&gt;&lt;/code&gt;&lt;/li&gt;&lt;/ol&gt;    &lt;/div&gt;            &lt;/div&gt;
                        &lt;div class="trace-line trace-from-vendor"&gt;
                &lt;div class="trace-line-header break-long-words sf-toggle" data-toggle-selector="#trace-html-1-19" data-toggle-initial=""&gt;
            &lt;span class="icon icon-close"&gt;&lt;svg width="1792" height="1792" viewBox="0 0 1792 1792" xmlns="http://www.w3.org/2000/svg"&gt;&lt;path d="M1408 960V832q0-26-19-45t-45-19H448q-26 0-45 19t-19 45v128q0 26 19 45t45 19h896q26 0 45-19t19-45zm256-544v960q0 119-84.5 203.5T1376 1664H416q-119 0-203.5-84.5T128 1376V416q0-119 84.5-203.5T416 128h960q119 0 203.5 84.5T1664 416z"/&gt;&lt;/svg&gt;&lt;/span&gt;
        &lt;span class="icon icon-open"&gt;&lt;svg width="1792" height="1792" viewBox="0 0 1792 1792" xmlns="http://www.w3.org/2000/svg"&gt;&lt;path d="M1408 960V832q0-26-19-45t-45-19h-320V448q0-26-19-45t-45-19H832q-26 0-45 19t-19 45v320H448q-26 0-45 19t-19 45v128q0 26 19 45t45 19h320v320q0 26 19 45t45 19h128q26 0 45-19t19-45v-320h320q26 0 45-19t19-45zm256-544v960q0 119-84.5 203.5T1376 1664H416q-119 0-203.5-84.5T128 1376V416q0-119 84.5-203.5T416 128h960q119 0 203.5 84.5T1664 416z"/&gt;&lt;/svg&gt;&lt;/span&gt;
    
    
                    &lt;span class="block trace-file-path"&gt;
            in
            &lt;a href="file:///home/h3rmano/dbwebb-kurser/mvc/me/report/vendor/phpunit/phpunit/src/TextUI/Command.php#L146"&gt;
                vendor/phpunit/phpunit/src/TextUI/&lt;strong&gt;Command.php&lt;/strong&gt;
            &lt;/a&gt;
                            &lt;span class="trace-type"&gt;-&gt;&lt;/span&gt;
                &lt;span class="trace-method"&gt;run&lt;/span&gt;
                        (line 146)
            &lt;span class="icon icon-copy hidden" data-clipboard-text="vendor/phpunit/phpunit/src/TextUI/Command.php:146"&gt;
                &lt;svg xmlns="http://www.w3.org/2000/svg" height="24" viewBox="0 0 24 24" width="24"&gt;&lt;path d="M0 0h24v24H0z" fill="none"/&gt;&lt;path d="M16 1H4c-1.1 0-2 .9-2 2v14h2V3h12V1zm3 4H8c-1.1 0-2 .9-2 2v14c0 1.1.9 2 2 2h11c1.1 0 2-.9 2-2V7c0-1.1-.9-2-2-2zm0 16H8V7h11v14z"/&gt;&lt;/svg&gt;            &lt;/span&gt;
        &lt;/span&gt;
    &lt;/div&gt;
    &lt;div id="trace-html-1-19" class="trace-code sf-toggle-content"&gt;
        &lt;ol start="141"&gt;&lt;li&gt;&lt;code&gt;&lt;span style="color: var(--highlight-keyword)"&gt;        }&lt;/span&gt;&lt;/code&gt;&lt;/li&gt;
&lt;li&gt;&lt;code&gt;&lt;span style="color: var(--highlight-keyword)"&gt;&lt;/span&gt;&lt;/code&gt;&lt;/li&gt;
&lt;li&gt;&lt;code&gt;&lt;span style="color: var(--highlight-keyword)"&gt;        unset(&lt;/span&gt;&lt;span style="color: var(--highlight-default)"&gt;$this&lt;/span&gt;&lt;span style="color: var(--highlight-keyword)"&gt;-&amp;gt;&lt;/span&gt;&lt;span style="color: var(--highlight-default)"&gt;arguments&lt;/span&gt;&lt;span style="color: var(--highlight-keyword)"&gt;[&lt;/span&gt;&lt;span style="color: var(--highlight-string)"&gt;'test'&lt;/span&gt;&lt;span style="color: var(--highlight-keyword)"&gt;], &lt;/span&gt;&lt;span style="color: var(--highlight-default)"&gt;$this&lt;/span&gt;&lt;span style="color: var(--highlight-keyword)"&gt;-&amp;gt;&lt;/span&gt;&lt;span style="color: var(--highlight-default)"&gt;arguments&lt;/span&gt;&lt;span style="color: var(--highlight-keyword)"&gt;[&lt;/span&gt;&lt;span style="color: var(--highlight-string)"&gt;'testFile'&lt;/span&gt;&lt;span style="color: var(--highlight-keyword)"&gt;]);&lt;/span&gt;&lt;/code&gt;&lt;/li&gt;
&lt;li&gt;&lt;code&gt;&lt;span style="color: var(--highlight-keyword)"&gt;&lt;/span&gt;&lt;/code&gt;&lt;/li&gt;
&lt;li&gt;&lt;code&gt;&lt;span style="color: var(--highlight-keyword)"&gt;        try {&lt;/span&gt;&lt;/code&gt;&lt;/li&gt;
&lt;li class="selected"&gt;&lt;code&gt;&lt;span style="color: var(--highlight-keyword)"&gt;            &lt;/span&gt;&lt;span style="color: var(--highlight-default)"&gt;$result &lt;/span&gt;&lt;span style="color: var(--highlight-keyword)"&gt;= &lt;/span&gt;&lt;span style="color: var(--highlight-default)"&gt;$runner&lt;/span&gt;&lt;span style="color: var(--highlight-keyword)"&gt;-&amp;gt;&lt;/span&gt;&lt;span style="color: var(--highlight-default)"&gt;run&lt;/span&gt;&lt;span style="color: var(--highlight-keyword)"&gt;(&lt;/span&gt;&lt;span style="color: var(--highlight-default)"&gt;$suite&lt;/span&gt;&lt;span style="color: var(--highlight-keyword)"&gt;, &lt;/span&gt;&lt;span style="color: var(--highlight-default)"&gt;$this&lt;/span&gt;&lt;span style="color: var(--highlight-keyword)"&gt;-&amp;gt;&lt;/span&gt;&lt;span style="color: var(--highlight-default)"&gt;arguments&lt;/span&gt;&lt;span style="color: var(--highlight-keyword)"&gt;, &lt;/span&gt;&lt;span style="color: var(--highlight-default)"&gt;$this&lt;/span&gt;&lt;span style="color: var(--highlight-keyword)"&gt;-&amp;gt;&lt;/span&gt;&lt;span style="color: var(--highlight-default)"&gt;warnings&lt;/span&gt;&lt;span style="color: var(--highlight-keyword)"&gt;, &lt;/span&gt;&lt;span style="color: var(--highlight-default)"&gt;$exit&lt;/span&gt;&lt;span style="color: var(--highlight-keyword)"&gt;);&lt;/span&gt;&lt;/code&gt;&lt;/li&gt;
&lt;li&gt;&lt;code&gt;&lt;span style="color: var(--highlight-keyword)"&gt;        } catch (&lt;/span&gt;&lt;span style="color: var(--highlight-default)"&gt;Throwable $t&lt;/span&gt;&lt;span style="color: var(--highlight-keyword)"&gt;) {&lt;/span&gt;&lt;/code&gt;&lt;/li&gt;
&lt;li&gt;&lt;code&gt;&lt;span style="color: var(--highlight-keyword)"&gt;            print &lt;/span&gt;&lt;span style="color: var(--highlight-default)"&gt;$t&lt;/span&gt;&lt;span style="color: var(--highlight-keyword)"&gt;-&amp;gt;&lt;/span&gt;&lt;span style="color: var(--highlight-default)"&gt;getMessage&lt;/span&gt;&lt;span style="color: var(--highlight-keyword)"&gt;() . &lt;/span&gt;&lt;span style="color: var(--highlight-default)"&gt;PHP_EOL&lt;/span&gt;&lt;span style="color: var(--highlight-keyword)"&gt;;&lt;/span&gt;&lt;/code&gt;&lt;/li&gt;
&lt;li&gt;&lt;code&gt;&lt;span style="color: var(--highlight-keyword)"&gt;        }&lt;/span&gt;&lt;/code&gt;&lt;/li&gt;
&lt;li&gt;&lt;code&gt;&lt;span style="color: var(--highlight-keyword)"&gt;&lt;/span&gt;&lt;/code&gt;&lt;/li&gt;
&lt;li&gt;&lt;code&gt;&lt;span style="color: var(--highlight-keyword)"&gt;        &lt;/span&gt;&lt;span style="color: var(--highlight-default)"&gt;$return &lt;/span&gt;&lt;span style="color: var(--highlight-keyword)"&gt;= &lt;/span&gt;&lt;span style="color: var(--highlight-default)"&gt;TestRunner&lt;/span&gt;&lt;span style="color: var(--highlight-keyword)"&gt;::&lt;/span&gt;&lt;span style="color: var(--highlight-default)"&gt;FAILURE_EXIT&lt;/span&gt;&lt;span style="color: var(--highlight-keyword)"&gt;;&lt;/span&gt;&lt;/code&gt;&lt;/li&gt;&lt;/ol&gt;    &lt;/div&gt;            &lt;/div&gt;
                        &lt;div class="trace-line trace-from-vendor"&gt;
                &lt;div class="trace-line-header break-long-words sf-toggle" data-toggle-selector="#trace-html-1-20" data-toggle-initial=""&gt;
            &lt;span class="icon icon-close"&gt;&lt;svg width="1792" height="1792" viewBox="0 0 1792 1792" xmlns="http://www.w3.org/2000/svg"&gt;&lt;path d="M1408 960V832q0-26-19-45t-45-19H448q-26 0-45 19t-19 45v128q0 26 19 45t45 19h896q26 0 45-19t19-45zm256-544v960q0 119-84.5 203.5T1376 1664H416q-119 0-203.5-84.5T128 1376V416q0-119 84.5-203.5T416 128h960q119 0 203.5 84.5T1664 416z"/&gt;&lt;/svg&gt;&lt;/span&gt;
        &lt;span class="icon icon-open"&gt;&lt;svg width="1792" height="1792" viewBox="0 0 1792 1792" xmlns="http://www.w3.org/2000/svg"&gt;&lt;path d="M1408 960V832q0-26-19-45t-45-19h-320V448q0-26-19-45t-45-19H832q-26 0-45 19t-19 45v320H448q-26 0-45 19t-19 45v128q0 26 19 45t45 19h320v320q0 26 19 45t45 19h128q26 0 45-19t19-45v-320h320q26 0 45-19t19-45zm256-544v960q0 119-84.5 203.5T1376 1664H416q-119 0-203.5-84.5T128 1376V416q0-119 84.5-203.5T416 128h960q119 0 203.5 84.5T1664 416z"/&gt;&lt;/svg&gt;&lt;/span&gt;
    
    
                    &lt;span class="block trace-file-path"&gt;
            in
            &lt;a href="file:///home/h3rmano/dbwebb-kurser/mvc/me/report/vendor/phpunit/phpunit/src/TextUI/Command.php#L99"&gt;
                vendor/phpunit/phpunit/src/TextUI/&lt;strong&gt;Command.php&lt;/strong&gt;
            &lt;/a&gt;
                            &lt;span class="trace-type"&gt;-&gt;&lt;/span&gt;
                &lt;span class="trace-method"&gt;run&lt;/span&gt;
                        (line 99)
            &lt;span class="icon icon-copy hidden" data-clipboard-text="vendor/phpunit/phpunit/src/TextUI/Command.php:99"&gt;
                &lt;svg xmlns="http://www.w3.org/2000/svg" height="24" viewBox="0 0 24 24" width="24"&gt;&lt;path d="M0 0h24v24H0z" fill="none"/&gt;&lt;path d="M16 1H4c-1.1 0-2 .9-2 2v14h2V3h12V1zm3 4H8c-1.1 0-2 .9-2 2v14c0 1.1.9 2 2 2h11c1.1 0 2-.9 2-2V7c0-1.1-.9-2-2-2zm0 16H8V7h11v14z"/&gt;&lt;/svg&gt;            &lt;/span&gt;
        &lt;/span&gt;
    &lt;/div&gt;
    &lt;div id="trace-html-1-20" class="trace-code sf-toggle-content"&gt;
        &lt;ol start="94"&gt;&lt;li&gt;&lt;code&gt;&lt;span style="color: var(--highlight-comment)"&gt;     * @throws Exception&lt;/span&gt;&lt;/code&gt;&lt;/li&gt;
&lt;li&gt;&lt;code&gt;&lt;span style="color: var(--highlight-comment)"&gt;     */&lt;/span&gt;&lt;/code&gt;&lt;/li&gt;
&lt;li&gt;&lt;code&gt;&lt;span style="color: var(--highlight-comment)"&gt;    &lt;/span&gt;&lt;span style="color: var(--highlight-keyword)"&gt;public static function &lt;/span&gt;&lt;span style="color: var(--highlight-default)"&gt;main&lt;/span&gt;&lt;span style="color: var(--highlight-keyword)"&gt;(&lt;/span&gt;&lt;span style="color: var(--highlight-default)"&gt;bool $exit &lt;/span&gt;&lt;span style="color: var(--highlight-keyword)"&gt;= &lt;/span&gt;&lt;span style="color: var(--highlight-default)"&gt;true&lt;/span&gt;&lt;span style="color: var(--highlight-keyword)"&gt;): &lt;/span&gt;&lt;span style="color: var(--highlight-default)"&gt;int&lt;/span&gt;&lt;/code&gt;&lt;/li&gt;
&lt;li&gt;&lt;code&gt;&lt;span style="color: var(--highlight-default)"&gt;    &lt;/span&gt;&lt;span style="color: var(--highlight-keyword)"&gt;{&lt;/span&gt;&lt;/code&gt;&lt;/li&gt;
&lt;li&gt;&lt;code&gt;&lt;span style="color: var(--highlight-keyword)"&gt;        try {&lt;/span&gt;&lt;/code&gt;&lt;/li&gt;
&lt;li class="selected"&gt;&lt;code&gt;&lt;span style="color: var(--highlight-keyword)"&gt;            return (new static)-&amp;gt;&lt;/span&gt;&lt;span style="color: var(--highlight-default)"&gt;run&lt;/span&gt;&lt;span style="color: var(--highlight-keyword)"&gt;(&lt;/span&gt;&lt;span style="color: var(--highlight-default)"&gt;$_SERVER&lt;/span&gt;&lt;span style="color: var(--highlight-keyword)"&gt;[&lt;/span&gt;&lt;span style="color: var(--highlight-string)"&gt;'argv'&lt;/span&gt;&lt;span style="color: var(--highlight-keyword)"&gt;], &lt;/span&gt;&lt;span style="color: var(--highlight-default)"&gt;$exit&lt;/span&gt;&lt;span style="color: var(--highlight-keyword)"&gt;);&lt;/span&gt;&lt;/code&gt;&lt;/li&gt;
&lt;li&gt;&lt;code&gt;&lt;span style="color: var(--highlight-keyword)"&gt;        } catch (&lt;/span&gt;&lt;span style="color: var(--highlight-default)"&gt;Throwable $t&lt;/span&gt;&lt;span style="color: var(--highlight-keyword)"&gt;) {&lt;/span&gt;&lt;/code&gt;&lt;/li&gt;
&lt;li&gt;&lt;code&gt;&lt;span style="color: var(--highlight-keyword)"&gt;            throw new &lt;/span&gt;&lt;span style="color: var(--highlight-default)"&gt;RuntimeException&lt;/span&gt;&lt;span style="color: var(--highlight-keyword)"&gt;(&lt;/span&gt;&lt;/code&gt;&lt;/li&gt;
&lt;li&gt;&lt;code&gt;&lt;span style="color: var(--highlight-keyword)"&gt;                &lt;/span&gt;&lt;span style="color: var(--highlight-default)"&gt;$t&lt;/span&gt;&lt;span style="color: var(--highlight-keyword)"&gt;-&amp;gt;&lt;/span&gt;&lt;span style="color: var(--highlight-default)"&gt;getMessage&lt;/span&gt;&lt;span style="color: var(--highlight-keyword)"&gt;(),&lt;/span&gt;&lt;/code&gt;&lt;/li&gt;
&lt;li&gt;&lt;code&gt;&lt;span style="color: var(--highlight-keyword)"&gt;                (int) &lt;/span&gt;&lt;span style="color: var(--highlight-default)"&gt;$t&lt;/span&gt;&lt;span style="color: var(--highlight-keyword)"&gt;-&amp;gt;&lt;/span&gt;&lt;span style="color: var(--highlight-default)"&gt;getCode&lt;/span&gt;&lt;span style="color: var(--highlight-keyword)"&gt;(),&lt;/span&gt;&lt;/code&gt;&lt;/li&gt;
&lt;li&gt;&lt;code&gt;&lt;span style="color: var(--highlight-keyword)"&gt;                &lt;/span&gt;&lt;span style="color: var(--highlight-default)"&gt;$t&lt;/span&gt;&lt;span style="color: var(--highlight-keyword)"&gt;,&lt;/span&gt;&lt;/code&gt;&lt;/li&gt;&lt;/ol&gt;    &lt;/div&gt;            &lt;/div&gt;
                        &lt;div class="trace-line trace-from-vendor"&gt;
                &lt;div class="trace-line-header break-long-words sf-toggle" data-toggle-selector="#trace-html-1-21" data-toggle-initial=""&gt;
            &lt;span class="icon icon-close"&gt;&lt;svg width="1792" height="1792" viewBox="0 0 1792 1792" xmlns="http://www.w3.org/2000/svg"&gt;&lt;path d="M1408 960V832q0-26-19-45t-45-19H448q-26 0-45 19t-19 45v128q0 26 19 45t45 19h896q26 0 45-19t19-45zm256-544v960q0 119-84.5 203.5T1376 1664H416q-119 0-203.5-84.5T128 1376V416q0-119 84.5-203.5T416 128h960q119 0 203.5 84.5T1664 416z"/&gt;&lt;/svg&gt;&lt;/span&gt;
        &lt;span class="icon icon-open"&gt;&lt;svg width="1792" height="1792" viewBox="0 0 1792 1792" xmlns="http://www.w3.org/2000/svg"&gt;&lt;path d="M1408 960V832q0-26-19-45t-45-19h-320V448q0-26-19-45t-45-19H832q-26 0-45 19t-19 45v320H448q-26 0-45 19t-19 45v128q0 26 19 45t45 19h320v320q0 26 19 45t45 19h128q26 0 45-19t19-45v-320h320q26 0 45-19t19-45zm256-544v960q0 119-84.5 203.5T1376 1664H416q-119 0-203.5-84.5T128 1376V416q0-119 84.5-203.5T416 128h960q119 0 203.5 84.5T1664 416z"/&gt;&lt;/svg&gt;&lt;/span&gt;
    
    
                    &lt;span class="block trace-file-path"&gt;
            in
            &lt;a href="file:///home/h3rmano/dbwebb-kurser/mvc/me/report/vendor/phpunit/phpunit/phpunit#L107"&gt;
                vendor/phpunit/phpunit/&lt;strong&gt;phpunit&lt;/strong&gt;
            &lt;/a&gt;
                            &lt;span class="trace-type"&gt;::&lt;/span&gt;
                &lt;span class="trace-method"&gt;main&lt;/span&gt;
                        (line 107)
            &lt;span class="icon icon-copy hidden" data-clipboard-text="vendor/phpunit/phpunit/phpunit:107"&gt;
                &lt;svg xmlns="http://www.w3.org/2000/svg" height="24" viewBox="0 0 24 24" width="24"&gt;&lt;path d="M0 0h24v24H0z" fill="none"/&gt;&lt;path d="M16 1H4c-1.1 0-2 .9-2 2v14h2V3h12V1zm3 4H8c-1.1 0-2 .9-2 2v14c0 1.1.9 2 2 2h11c1.1 0 2-.9 2-2V7c0-1.1-.9-2-2-2zm0 16H8V7h11v14z"/&gt;&lt;/svg&gt;            &lt;/span&gt;
        &lt;/span&gt;
    &lt;/div&gt;
    &lt;div id="trace-html-1-21" class="trace-code sf-toggle-content"&gt;
        &lt;ol start="102"&gt;&lt;li&gt;&lt;code&gt;&lt;span style="color: var(--highlight-keyword)"&gt;unset(&lt;/span&gt;&lt;span style="color: var(--highlight-default)"&gt;$options&lt;/span&gt;&lt;span style="color: var(--highlight-keyword)"&gt;);&lt;/span&gt;&lt;/code&gt;&lt;/li&gt;
&lt;li&gt;&lt;code&gt;&lt;span style="color: var(--highlight-keyword)"&gt;&lt;/span&gt;&lt;/code&gt;&lt;/li&gt;
&lt;li&gt;&lt;code&gt;&lt;span style="color: var(--highlight-keyword)"&gt;require &lt;/span&gt;&lt;span style="color: var(--highlight-default)"&gt;PHPUNIT_COMPOSER_INSTALL&lt;/span&gt;&lt;span style="color: var(--highlight-keyword)"&gt;;&lt;/span&gt;&lt;/code&gt;&lt;/li&gt;
&lt;li&gt;&lt;code&gt;&lt;span style="color: var(--highlight-keyword)"&gt;&lt;/span&gt;&lt;/code&gt;&lt;/li&gt;
&lt;li&gt;&lt;code&gt;&lt;span style="color: var(--highlight-keyword)"&gt;&lt;/span&gt;&lt;span style="color: var(--highlight-default)"&gt;PHPUnit\TextUI\Command&lt;/span&gt;&lt;span style="color: var(--highlight-keyword)"&gt;::&lt;/span&gt;&lt;span style="color: var(--highlight-default)"&gt;main&lt;/span&gt;&lt;span style="color: var(--highlight-keyword)"&gt;();&lt;/span&gt;&lt;/code&gt;&lt;/li&gt;
&lt;li class="selected"&gt;&lt;code&gt;&lt;span style="color: var(--highlight-keyword)"&gt;&lt;/span&gt;&lt;/code&gt;&lt;/li&gt;&lt;/ol&gt;    &lt;/div&gt;            &lt;/div&gt;
                        &lt;div class="trace-line "&gt;
                &lt;div class="trace-line-header break-long-words sf-toggle" data-toggle-selector="#trace-html-1-22" data-toggle-initial=""&gt;
            &lt;span class="icon icon-close"&gt;&lt;svg width="1792" height="1792" viewBox="0 0 1792 1792" xmlns="http://www.w3.org/2000/svg"&gt;&lt;path d="M1408 960V832q0-26-19-45t-45-19H448q-26 0-45 19t-19 45v128q0 26 19 45t45 19h896q26 0 45-19t19-45zm256-544v960q0 119-84.5 203.5T1376 1664H416q-119 0-203.5-84.5T128 1376V416q0-119 84.5-203.5T416 128h960q119 0 203.5 84.5T1664 416z"/&gt;&lt;/svg&gt;&lt;/span&gt;
        &lt;span class="icon icon-open"&gt;&lt;svg width="1792" height="1792" viewBox="0 0 1792 1792" xmlns="http://www.w3.org/2000/svg"&gt;&lt;path d="M1408 960V832q0-26-19-45t-45-19h-320V448q0-26-19-45t-45-19H832q-26 0-45 19t-19 45v320H448q-26 0-45 19t-19 45v128q0 26 19 45t45 19h320v320q0 26 19 45t45 19h128q26 0 45-19t19-45v-320h320q26 0 45-19t19-45zm256-544v960q0 119-84.5 203.5T1376 1664H416q-119 0-203.5-84.5T128 1376V416q0-119 84.5-203.5T416 128h960q119 0 203.5 84.5T1664 416z"/&gt;&lt;/svg&gt;&lt;/span&gt;
    
            &lt;span class="trace-class"&gt;&lt;abbr title=""&gt;&lt;/abbr&gt;&lt;/span&gt;&lt;span class="trace-method"&gt;require&lt;/span&gt;&lt;span class="trace-arguments"&gt;('/home/h3rmano/dbwebb-kurser/mvc/me/report/vendor/phpunit/phpunit/phpunit')&lt;/span&gt;    
                    &lt;span class="block trace-file-path"&gt;
            in
            &lt;a href="file:///home/h3rmano/dbwebb-kurser/mvc/me/report/bin/phpunit#L10"&gt;
                bin/&lt;strong&gt;phpunit&lt;/strong&gt;
            &lt;/a&gt;
                        (line 10)
            &lt;span class="icon icon-copy hidden" data-clipboard-text="bin/phpunit:10"&gt;
                &lt;svg xmlns="http://www.w3.org/2000/svg" height="24" viewBox="0 0 24 24" width="24"&gt;&lt;path d="M0 0h24v24H0z" fill="none"/&gt;&lt;path d="M16 1H4c-1.1 0-2 .9-2 2v14h2V3h12V1zm3 4H8c-1.1 0-2 .9-2 2v14c0 1.1.9 2 2 2h11c1.1 0 2-.9 2-2V7c0-1.1-.9-2-2-2zm0 16H8V7h11v14z"/&gt;&lt;/svg&gt;            &lt;/span&gt;
        &lt;/span&gt;
    &lt;/div&gt;
    &lt;div id="trace-html-1-22" class="trace-code sf-toggle-content"&gt;
        &lt;ol start="5"&gt;&lt;li&gt;&lt;code&gt;&lt;span style="color: var(--highlight-keyword)"&gt;}&lt;/span&gt;&lt;/code&gt;&lt;/li&gt;
&lt;li&gt;&lt;code&gt;&lt;span style="color: var(--highlight-keyword)"&gt;&lt;/span&gt;&lt;/code&gt;&lt;/li&gt;
&lt;li&gt;&lt;code&gt;&lt;span style="color: var(--highlight-keyword)"&gt;if (&lt;/span&gt;&lt;span style="color: var(--highlight-default)"&gt;is_file&lt;/span&gt;&lt;span style="color: var(--highlight-keyword)"&gt;(&lt;/span&gt;&lt;span style="color: var(--highlight-default)"&gt;dirname&lt;/span&gt;&lt;span style="color: var(--highlight-keyword)"&gt;(&lt;/span&gt;&lt;span style="color: var(--highlight-default)"&gt;__DIR__&lt;/span&gt;&lt;span style="color: var(--highlight-keyword)"&gt;).&lt;/span&gt;&lt;span style="color: var(--highlight-string)"&gt;'/vendor/phpunit/phpunit/phpunit'&lt;/span&gt;&lt;span style="color: var(--highlight-keyword)"&gt;)) {&lt;/span&gt;&lt;/code&gt;&lt;/li&gt;
&lt;li&gt;&lt;code&gt;&lt;span style="color: var(--highlight-keyword)"&gt;    if (&lt;/span&gt;&lt;span style="color: var(--highlight-default)"&gt;PHP_VERSION_ID &lt;/span&gt;&lt;span style="color: var(--highlight-keyword)"&gt;&amp;gt;= &lt;/span&gt;&lt;span style="color: var(--highlight-default)"&gt;80000&lt;/span&gt;&lt;span style="color: var(--highlight-keyword)"&gt;) {&lt;/span&gt;&lt;/code&gt;&lt;/li&gt;
&lt;li&gt;&lt;code&gt;&lt;span style="color: var(--highlight-keyword)"&gt;        require &lt;/span&gt;&lt;span style="color: var(--highlight-default)"&gt;dirname&lt;/span&gt;&lt;span style="color: var(--highlight-keyword)"&gt;(&lt;/span&gt;&lt;span style="color: var(--highlight-default)"&gt;__DIR__&lt;/span&gt;&lt;span style="color: var(--highlight-keyword)"&gt;).&lt;/span&gt;&lt;span style="color: var(--highlight-string)"&gt;'/vendor/phpunit/phpunit/phpunit'&lt;/span&gt;&lt;span style="color: var(--highlight-keyword)"&gt;;&lt;/span&gt;&lt;/code&gt;&lt;/li&gt;
&lt;li class="selected"&gt;&lt;code&gt;&lt;span style="color: var(--highlight-keyword)"&gt;    } else {&lt;/span&gt;&lt;/code&gt;&lt;/li&gt;
&lt;li&gt;&lt;code&gt;&lt;span style="color: var(--highlight-keyword)"&gt;        &lt;/span&gt;&lt;span style="color: var(--highlight-default)"&gt;define&lt;/span&gt;&lt;span style="color: var(--highlight-keyword)"&gt;(&lt;/span&gt;&lt;span style="color: var(--highlight-string)"&gt;'PHPUNIT_COMPOSER_INSTALL'&lt;/span&gt;&lt;span style="color: var(--highlight-keyword)"&gt;, &lt;/span&gt;&lt;span style="color: var(--highlight-default)"&gt;dirname&lt;/span&gt;&lt;span style="color: var(--highlight-keyword)"&gt;(&lt;/span&gt;&lt;span style="color: var(--highlight-default)"&gt;__DIR__&lt;/span&gt;&lt;span style="color: var(--highlight-keyword)"&gt;).&lt;/span&gt;&lt;span style="color: var(--highlight-string)"&gt;'/vendor/autoload.php'&lt;/span&gt;&lt;span style="color: var(--highlight-keyword)"&gt;);&lt;/span&gt;&lt;/code&gt;&lt;/li&gt;
&lt;li&gt;&lt;code&gt;&lt;span style="color: var(--highlight-keyword)"&gt;        require &lt;/span&gt;&lt;span style="color: var(--highlight-default)"&gt;PHPUNIT_COMPOSER_INSTALL&lt;/span&gt;&lt;span style="color: var(--highlight-keyword)"&gt;;&lt;/span&gt;&lt;/code&gt;&lt;/li&gt;
&lt;li&gt;&lt;code&gt;&lt;span style="color: var(--highlight-keyword)"&gt;        &lt;/span&gt;&lt;span style="color: var(--highlight-default)"&gt;PHPUnit\TextUI\Command&lt;/span&gt;&lt;span style="color: var(--highlight-keyword)"&gt;::&lt;/span&gt;&lt;span style="color: var(--highlight-default)"&gt;main&lt;/span&gt;&lt;span style="color: var(--highlight-keyword)"&gt;();&lt;/span&gt;&lt;/code&gt;&lt;/li&gt;
&lt;li&gt;&lt;code&gt;&lt;span style="color: var(--highlight-keyword)"&gt;    }&lt;/span&gt;&lt;/code&gt;&lt;/li&gt;
&lt;li&gt;&lt;code&gt;&lt;span style="color: var(--highlight-keyword)"&gt;} else {&lt;/span&gt;&lt;/code&gt;&lt;/li&gt;&lt;/ol&gt;    &lt;/div&gt;            &lt;/div&gt;
                    &lt;/div&gt;
    &lt;/div&gt;
&lt;/div&gt;&lt;div class="trace trace-as-html" id="trace-box-2"&gt;
    &lt;div class="trace-details"&gt;
        &lt;div class="trace-head"&gt;
            &lt;div class="sf-toggle" data-toggle-selector="#trace-html-2" data-toggle-initial=""&gt;
                &lt;span class="icon icon-close"&gt;&lt;svg width="1792" height="1792" viewBox="0 0 1792 1792" xmlns="http://www.w3.org/2000/svg"&gt;&lt;path d="M1344 800v64q0 14-9 23t-23 9H480q-14 0-23-9t-9-23v-64q0-14 9-23t23-9h832q14 0 23 9t9 23zm128 448V416q0-66-47-113t-113-47H480q-66 0-113 47t-47 113v832q0 66 47 113t113 47h832q66 0 113-47t47-113zm128-832v832q0 119-84.5 203.5T1312 1536H480q-119 0-203.5-84.5T192 1248V416q0-119 84.5-203.5T480 128h832q119 0 203.5 84.5T1600 416z"/&gt;&lt;/svg&gt;&lt;/span&gt;
                &lt;span class="icon icon-open"&gt;&lt;svg width="1792" height="1792" viewBox="0 0 1792 1792" xmlns="http://www.w3.org/2000/svg"&gt;&lt;path d="M1344 800v64q0 14-9 23t-23 9H960v352q0 14-9 23t-23 9h-64q-14 0-23-9t-9-23V896H480q-14 0-23-9t-9-23v-64q0-14 9-23t23-9h352V416q0-14 9-23t23-9h64q14 0 23 9t9 23v352h352q14 0 23 9t9 23zm128 448V416q0-66-47-113t-113-47H480q-66 0-113 47t-47 113v832q0 66 47 113t113 47h832q66 0 113-47t47-113zm128-832v832q0 119-84.5 203.5T1312 1536H480q-119 0-203.5-84.5T192 1248V416q0-119 84.5-203.5T480 128h832q119 0 203.5 84.5T1600 416z"/&gt;&lt;/svg&gt;&lt;/span&gt;
                                                    &lt;h3 class="trace-class"&gt;
                                                    &lt;span class="trace-namespace"&gt;Symfony\Component\Routing\Exception\&lt;/span&gt;
                                                ResourceNotFoundException                    &lt;/h3&gt;
                                                    &lt;p class="break-long-words trace-message"&gt;No routes found for &amp;quot;/boook/&amp;quot;.&lt;/p&gt;
                            &lt;/div&gt;
                    &lt;/div&gt;

        &lt;div id="trace-html-2" class="sf-toggle-content"&gt;
                    &lt;div class="trace-line trace-from-vendor"&gt;
                &lt;div class="trace-line-header break-long-words sf-toggle" data-toggle-selector="#trace-html-2-0" data-toggle-initial=""&gt;
            &lt;span class="icon icon-close"&gt;&lt;svg width="1792" height="1792" viewBox="0 0 1792 1792" xmlns="http://www.w3.org/2000/svg"&gt;&lt;path d="M1408 960V832q0-26-19-45t-45-19H448q-26 0-45 19t-19 45v128q0 26 19 45t45 19h896q26 0 45-19t19-45zm256-544v960q0 119-84.5 203.5T1376 1664H416q-119 0-203.5-84.5T128 1376V416q0-119 84.5-203.5T416 128h960q119 0 203.5 84.5T1664 416z"/&gt;&lt;/svg&gt;&lt;/span&gt;
        &lt;span class="icon icon-open"&gt;&lt;svg width="1792" height="1792" viewBox="0 0 1792 1792" xmlns="http://www.w3.org/2000/svg"&gt;&lt;path d="M1408 960V832q0-26-19-45t-45-19h-320V448q0-26-19-45t-45-19H832q-26 0-45 19t-19 45v320H448q-26 0-45 19t-19 45v128q0 26 19 45t45 19h320v320q0 26 19 45t45 19h128q26 0 45-19t19-45v-320h320q26 0 45-19t19-45zm256-544v960q0 119-84.5 203.5T1376 1664H416q-119 0-203.5-84.5T128 1376V416q0-119 84.5-203.5T416 128h960q119 0 203.5 84.5T1664 416z"/&gt;&lt;/svg&gt;&lt;/span&gt;
    
    
                    &lt;span class="block trace-file-path"&gt;
            in
            &lt;a href="file:///home/h3rmano/dbwebb-kurser/mvc/me/report/vendor/symfony/routing/Matcher/Dumper/CompiledUrlMatcherTrait.php#L70"&gt;
                vendor/symfony/routing/Matcher/Dumper/&lt;strong&gt;CompiledUrlMatcherTrait.php&lt;/strong&gt;
            &lt;/a&gt;
                        (line 70)
            &lt;span class="icon icon-copy hidden" data-clipboard-text="vendor/symfony/routing/Matcher/Dumper/CompiledUrlMatcherTrait.php:70"&gt;
                &lt;svg xmlns="http://www.w3.org/2000/svg" height="24" viewBox="0 0 24 24" width="24"&gt;&lt;path d="M0 0h24v24H0z" fill="none"/&gt;&lt;path d="M16 1H4c-1.1 0-2 .9-2 2v14h2V3h12V1zm3 4H8c-1.1 0-2 .9-2 2v14c0 1.1.9 2 2 2h11c1.1 0 2-.9 2-2V7c0-1.1-.9-2-2-2zm0 16H8V7h11v14z"/&gt;&lt;/svg&gt;            &lt;/span&gt;
        &lt;/span&gt;
    &lt;/div&gt;
    &lt;div id="trace-html-2-0" class="trace-code sf-toggle-content"&gt;
        &lt;ol start="65"&gt;&lt;li&gt;&lt;code&gt;&lt;span style="color: var(--highlight-keyword)"&gt;            if (&lt;/span&gt;&lt;span style="color: var(--highlight-default)"&gt;$allowSchemes&lt;/span&gt;&lt;span style="color: var(--highlight-keyword)"&gt;) {&lt;/span&gt;&lt;/code&gt;&lt;/li&gt;
&lt;li&gt;&lt;code&gt;&lt;span style="color: var(--highlight-keyword)"&gt;                goto &lt;/span&gt;&lt;span style="color: var(--highlight-default)"&gt;redirect_scheme&lt;/span&gt;&lt;span style="color: var(--highlight-keyword)"&gt;;&lt;/span&gt;&lt;/code&gt;&lt;/li&gt;
&lt;li&gt;&lt;code&gt;&lt;span style="color: var(--highlight-keyword)"&gt;            }&lt;/span&gt;&lt;/code&gt;&lt;/li&gt;
&lt;li&gt;&lt;code&gt;&lt;span style="color: var(--highlight-keyword)"&gt;        }&lt;/span&gt;&lt;/code&gt;&lt;/li&gt;
&lt;li&gt;&lt;code&gt;&lt;span style="color: var(--highlight-keyword)"&gt;&lt;/span&gt;&lt;/code&gt;&lt;/li&gt;
&lt;li class="selected"&gt;&lt;code&gt;&lt;span style="color: var(--highlight-keyword)"&gt;        throw new &lt;/span&gt;&lt;span style="color: var(--highlight-default)"&gt;ResourceNotFoundException&lt;/span&gt;&lt;span style="color: var(--highlight-keyword)"&gt;(&lt;/span&gt;&lt;span style="color: var(--highlight-default)"&gt;\sprintf&lt;/span&gt;&lt;span style="color: var(--highlight-keyword)"&gt;(&lt;/span&gt;&lt;span style="color: var(--highlight-string)"&gt;'No routes found for "%s".'&lt;/span&gt;&lt;span style="color: var(--highlight-keyword)"&gt;, &lt;/span&gt;&lt;span style="color: var(--highlight-default)"&gt;$pathinfo&lt;/span&gt;&lt;span style="color: var(--highlight-keyword)"&gt;));&lt;/span&gt;&lt;/code&gt;&lt;/li&gt;
&lt;li&gt;&lt;code&gt;&lt;span style="color: var(--highlight-keyword)"&gt;    }&lt;/span&gt;&lt;/code&gt;&lt;/li&gt;
&lt;li&gt;&lt;code&gt;&lt;span style="color: var(--highlight-keyword)"&gt;&lt;/span&gt;&lt;/code&gt;&lt;/li&gt;
&lt;li&gt;&lt;code&gt;&lt;span style="color: var(--highlight-keyword)"&gt;    private function &lt;/span&gt;&lt;span style="color: var(--highlight-default)"&gt;doMatch&lt;/span&gt;&lt;span style="color: var(--highlight-keyword)"&gt;(&lt;/span&gt;&lt;span style="color: var(--highlight-default)"&gt;string $pathinfo&lt;/span&gt;&lt;span style="color: var(--highlight-keyword)"&gt;, array &amp;amp;&lt;/span&gt;&lt;span style="color: var(--highlight-default)"&gt;$allow &lt;/span&gt;&lt;span style="color: var(--highlight-keyword)"&gt;= [], array &amp;amp;&lt;/span&gt;&lt;span style="color: var(--highlight-default)"&gt;$allowSchemes &lt;/span&gt;&lt;span style="color: var(--highlight-keyword)"&gt;= []): array&lt;/span&gt;&lt;/code&gt;&lt;/li&gt;
&lt;li&gt;&lt;code&gt;&lt;span style="color: var(--highlight-keyword)"&gt;    {&lt;/span&gt;&lt;/code&gt;&lt;/li&gt;
&lt;li&gt;&lt;code&gt;&lt;span style="color: var(--highlight-keyword)"&gt;        &lt;/span&gt;&lt;span style="color: var(--highlight-default)"&gt;$allow &lt;/span&gt;&lt;span style="color: var(--highlight-keyword)"&gt;= &lt;/span&gt;&lt;span style="color: var(--highlight-default)"&gt;$allowSchemes &lt;/span&gt;&lt;span style="color: var(--highlight-keyword)"&gt;= [];&lt;/span&gt;&lt;/code&gt;&lt;/li&gt;&lt;/ol&gt;    &lt;/div&gt;            &lt;/div&gt;
                        &lt;div class="trace-line trace-from-vendor"&gt;
                &lt;div class="trace-line-header break-long-words sf-toggle" data-toggle-selector="#trace-html-2-1" data-toggle-initial=""&gt;
            &lt;span class="icon icon-close"&gt;&lt;svg width="1792" height="1792" viewBox="0 0 1792 1792" xmlns="http://www.w3.org/2000/svg"&gt;&lt;path d="M1408 960V832q0-26-19-45t-45-19H448q-26 0-45 19t-19 45v128q0 26 19 45t45 19h896q26 0 45-19t19-45zm256-544v960q0 119-84.5 203.5T1376 1664H416q-119 0-203.5-84.5T128 1376V416q0-119 84.5-203.5T416 128h960q119 0 203.5 84.5T1664 416z"/&gt;&lt;/svg&gt;&lt;/span&gt;
        &lt;span class="icon icon-open"&gt;&lt;svg width="1792" height="1792" viewBox="0 0 1792 1792" xmlns="http://www.w3.org/2000/svg"&gt;&lt;path d="M1408 960V832q0-26-19-45t-45-19h-320V448q0-26-19-45t-45-19H832q-26 0-45 19t-19 45v320H448q-26 0-45 19t-19 45v128q0 26 19 45t45 19h320v320q0 26 19 45t45 19h128q26 0 45-19t19-45v-320h320q26 0 45-19t19-45zm256-544v960q0 119-84.5 203.5T1376 1664H416q-119 0-203.5-84.5T128 1376V416q0-119 84.5-203.5T416 128h960q119 0 203.5 84.5T1664 416z"/&gt;&lt;/svg&gt;&lt;/span&gt;
    
    
                    &lt;span class="block trace-file-path"&gt;
            in
            &lt;a href="file:///home/h3rmano/dbwebb-kurser/mvc/me/report/vendor/symfony/routing/Matcher/UrlMatcher.php#L89"&gt;
                vendor/symfony/routing/Matcher/&lt;strong&gt;UrlMatcher.php&lt;/strong&gt;
            &lt;/a&gt;
                            &lt;span class="trace-type"&gt;-&gt;&lt;/span&gt;
                &lt;span class="trace-method"&gt;match&lt;/span&gt;
                        (line 89)
            &lt;span class="icon icon-copy hidden" data-clipboard-text="vendor/symfony/routing/Matcher/UrlMatcher.php:89"&gt;
                &lt;svg xmlns="http://www.w3.org/2000/svg" height="24" viewBox="0 0 24 24" width="24"&gt;&lt;path d="M0 0h24v24H0z" fill="none"/&gt;&lt;path d="M16 1H4c-1.1 0-2 .9-2 2v14h2V3h12V1zm3 4H8c-1.1 0-2 .9-2 2v14c0 1.1.9 2 2 2h11c1.1 0 2-.9 2-2V7c0-1.1-.9-2-2-2zm0 16H8V7h11v14z"/&gt;&lt;/svg&gt;            &lt;/span&gt;
        &lt;/span&gt;
    &lt;/div&gt;
    &lt;div id="trace-html-2-1" class="trace-code sf-toggle-content"&gt;
        &lt;ol start="84"&gt;&lt;li&gt;&lt;code&gt;&lt;span style="color: var(--highlight-keyword)"&gt;&lt;/span&gt;&lt;/code&gt;&lt;/li&gt;
&lt;li&gt;&lt;code&gt;&lt;span style="color: var(--highlight-keyword)"&gt;    public function &lt;/span&gt;&lt;span style="color: var(--highlight-default)"&gt;matchRequest&lt;/span&gt;&lt;span style="color: var(--highlight-keyword)"&gt;(&lt;/span&gt;&lt;span style="color: var(--highlight-default)"&gt;Request $request&lt;/span&gt;&lt;span style="color: var(--highlight-keyword)"&gt;): array&lt;/span&gt;&lt;/code&gt;&lt;/li&gt;
&lt;li&gt;&lt;code&gt;&lt;span style="color: var(--highlight-keyword)"&gt;    {&lt;/span&gt;&lt;/code&gt;&lt;/li&gt;
&lt;li&gt;&lt;code&gt;&lt;span style="color: var(--highlight-keyword)"&gt;        &lt;/span&gt;&lt;span style="color: var(--highlight-default)"&gt;$this&lt;/span&gt;&lt;span style="color: var(--highlight-keyword)"&gt;-&amp;gt;&lt;/span&gt;&lt;span style="color: var(--highlight-default)"&gt;request &lt;/span&gt;&lt;span style="color: var(--highlight-keyword)"&gt;= &lt;/span&gt;&lt;span style="color: var(--highlight-default)"&gt;$request&lt;/span&gt;&lt;span style="color: var(--highlight-keyword)"&gt;;&lt;/span&gt;&lt;/code&gt;&lt;/li&gt;
&lt;li&gt;&lt;code&gt;&lt;span style="color: var(--highlight-keyword)"&gt;&lt;/span&gt;&lt;/code&gt;&lt;/li&gt;
&lt;li class="selected"&gt;&lt;code&gt;&lt;span style="color: var(--highlight-keyword)"&gt;        &lt;/span&gt;&lt;span style="color: var(--highlight-default)"&gt;$ret &lt;/span&gt;&lt;span style="color: var(--highlight-keyword)"&gt;= &lt;/span&gt;&lt;span style="color: var(--highlight-default)"&gt;$this&lt;/span&gt;&lt;span style="color: var(--highlight-keyword)"&gt;-&amp;gt;&lt;/span&gt;&lt;span style="color: var(--highlight-default)"&gt;match&lt;/span&gt;&lt;span style="color: var(--highlight-keyword)"&gt;(&lt;/span&gt;&lt;span style="color: var(--highlight-default)"&gt;$request&lt;/span&gt;&lt;span style="color: var(--highlight-keyword)"&gt;-&amp;gt;&lt;/span&gt;&lt;span style="color: var(--highlight-default)"&gt;getPathInfo&lt;/span&gt;&lt;span style="color: var(--highlight-keyword)"&gt;());&lt;/span&gt;&lt;/code&gt;&lt;/li&gt;
&lt;li&gt;&lt;code&gt;&lt;span style="color: var(--highlight-keyword)"&gt;&lt;/span&gt;&lt;/code&gt;&lt;/li&gt;
&lt;li&gt;&lt;code&gt;&lt;span style="color: var(--highlight-keyword)"&gt;        &lt;/span&gt;&lt;span style="color: var(--highlight-default)"&gt;$this&lt;/span&gt;&lt;span style="color: var(--highlight-keyword)"&gt;-&amp;gt;&lt;/span&gt;&lt;span style="color: var(--highlight-default)"&gt;request &lt;/span&gt;&lt;span style="color: var(--highlight-keyword)"&gt;= &lt;/span&gt;&lt;span style="color: var(--highlight-default)"&gt;null&lt;/span&gt;&lt;span style="color: var(--highlight-keyword)"&gt;;&lt;/span&gt;&lt;/code&gt;&lt;/li&gt;
&lt;li&gt;&lt;code&gt;&lt;span style="color: var(--highlight-keyword)"&gt;&lt;/span&gt;&lt;/code&gt;&lt;/li&gt;
&lt;li&gt;&lt;code&gt;&lt;span style="color: var(--highlight-keyword)"&gt;        return &lt;/span&gt;&lt;span style="color: var(--highlight-default)"&gt;$ret&lt;/span&gt;&lt;span style="color: var(--highlight-keyword)"&gt;;&lt;/span&gt;&lt;/code&gt;&lt;/li&gt;
&lt;li&gt;&lt;code&gt;&lt;span style="color: var(--highlight-keyword)"&gt;    }&lt;/span&gt;&lt;/code&gt;&lt;/li&gt;&lt;/ol&gt;    &lt;/div&gt;            &lt;/div&gt;
                        &lt;div class="trace-line trace-from-vendor"&gt;
                &lt;div class="trace-line-header break-long-words sf-toggle" data-toggle-selector="#trace-html-2-2" data-toggle-initial=""&gt;
            &lt;span class="icon icon-close"&gt;&lt;svg width="1792" height="1792" viewBox="0 0 1792 1792" xmlns="http://www.w3.org/2000/svg"&gt;&lt;path d="M1408 960V832q0-26-19-45t-45-19H448q-26 0-45 19t-19 45v128q0 26 19 45t45 19h896q26 0 45-19t19-45zm256-544v960q0 119-84.5 203.5T1376 1664H416q-119 0-203.5-84.5T128 1376V416q0-119 84.5-203.5T416 128h960q119 0 203.5 84.5T1664 416z"/&gt;&lt;/svg&gt;&lt;/span&gt;
        &lt;span class="icon icon-open"&gt;&lt;svg width="1792" height="1792" viewBox="0 0 1792 1792" xmlns="http://www.w3.org/2000/svg"&gt;&lt;path d="M1408 960V832q0-26-19-45t-45-19h-320V448q0-26-19-45t-45-19H832q-26 0-45 19t-19 45v320H448q-26 0-45 19t-19 45v128q0 26 19 45t45 19h320v320q0 26 19 45t45 19h128q26 0 45-19t19-45v-320h320q26 0 45-19t19-45zm256-544v960q0 119-84.5 203.5T1376 1664H416q-119 0-203.5-84.5T128 1376V416q0-119 84.5-203.5T416 128h960q119 0 203.5 84.5T1664 416z"/&gt;&lt;/svg&gt;&lt;/span&gt;
    
    
                    &lt;span class="block trace-file-path"&gt;
            in
            &lt;a href="file:///home/h3rmano/dbwebb-kurser/mvc/me/report/vendor/symfony/routing/Router.php#L188"&gt;
                vendor/symfony/routing/&lt;strong&gt;Router.php&lt;/strong&gt;
            &lt;/a&gt;
                            &lt;span class="trace-type"&gt;-&gt;&lt;/span&gt;
                &lt;span class="trace-method"&gt;matchRequest&lt;/span&gt;
                        (line 188)
            &lt;span class="icon icon-copy hidden" data-clipboard-text="vendor/symfony/routing/Router.php:188"&gt;
                &lt;svg xmlns="http://www.w3.org/2000/svg" height="24" viewBox="0 0 24 24" width="24"&gt;&lt;path d="M0 0h24v24H0z" fill="none"/&gt;&lt;path d="M16 1H4c-1.1 0-2 .9-2 2v14h2V3h12V1zm3 4H8c-1.1 0-2 .9-2 2v14c0 1.1.9 2 2 2h11c1.1 0 2-.9 2-2V7c0-1.1-.9-2-2-2zm0 16H8V7h11v14z"/&gt;&lt;/svg&gt;            &lt;/span&gt;
        &lt;/span&gt;
    &lt;/div&gt;
    &lt;div id="trace-html-2-2" class="trace-code sf-toggle-content"&gt;
        &lt;ol start="183"&gt;&lt;li&gt;&lt;code&gt;&lt;span style="color: var(--highlight-keyword)"&gt;        if (!&lt;/span&gt;&lt;span style="color: var(--highlight-default)"&gt;$matcher &lt;/span&gt;&lt;span style="color: var(--highlight-keyword)"&gt;instanceof &lt;/span&gt;&lt;span style="color: var(--highlight-default)"&gt;RequestMatcherInterface&lt;/span&gt;&lt;span style="color: var(--highlight-keyword)"&gt;) {&lt;/span&gt;&lt;/code&gt;&lt;/li&gt;
&lt;li&gt;&lt;code&gt;&lt;span style="color: var(--highlight-keyword)"&gt;            &lt;/span&gt;&lt;span style="color: var(--highlight-comment)"&gt;// fallback to the default UrlMatcherInterface&lt;/span&gt;&lt;/code&gt;&lt;/li&gt;
&lt;li&gt;&lt;code&gt;&lt;span style="color: var(--highlight-comment)"&gt;            &lt;/span&gt;&lt;span style="color: var(--highlight-keyword)"&gt;return &lt;/span&gt;&lt;span style="color: var(--highlight-default)"&gt;$matcher&lt;/span&gt;&lt;span style="color: var(--highlight-keyword)"&gt;-&amp;gt;&lt;/span&gt;&lt;span style="color: var(--highlight-default)"&gt;match&lt;/span&gt;&lt;span style="color: var(--highlight-keyword)"&gt;(&lt;/span&gt;&lt;span style="color: var(--highlight-default)"&gt;$request&lt;/span&gt;&lt;span style="color: var(--highlight-keyword)"&gt;-&amp;gt;&lt;/span&gt;&lt;span style="color: var(--highlight-default)"&gt;getPathInfo&lt;/span&gt;&lt;span style="color: var(--highlight-keyword)"&gt;());&lt;/span&gt;&lt;/code&gt;&lt;/li&gt;
&lt;li&gt;&lt;code&gt;&lt;span style="color: var(--highlight-keyword)"&gt;        }&lt;/span&gt;&lt;/code&gt;&lt;/li&gt;
&lt;li&gt;&lt;code&gt;&lt;span style="color: var(--highlight-keyword)"&gt;&lt;/span&gt;&lt;/code&gt;&lt;/li&gt;
&lt;li class="selected"&gt;&lt;code&gt;&lt;span style="color: var(--highlight-keyword)"&gt;        return &lt;/span&gt;&lt;span style="color: var(--highlight-default)"&gt;$matcher&lt;/span&gt;&lt;span style="color: var(--highlight-keyword)"&gt;-&amp;gt;&lt;/span&gt;&lt;span style="color: var(--highlight-default)"&gt;matchRequest&lt;/span&gt;&lt;span style="color: var(--highlight-keyword)"&gt;(&lt;/span&gt;&lt;span style="color: var(--highlight-default)"&gt;$request&lt;/span&gt;&lt;span style="color: var(--highlight-keyword)"&gt;);&lt;/span&gt;&lt;/code&gt;&lt;/li&gt;
&lt;li&gt;&lt;code&gt;&lt;span style="color: var(--highlight-keyword)"&gt;    }&lt;/span&gt;&lt;/code&gt;&lt;/li&gt;
&lt;li&gt;&lt;code&gt;&lt;span style="color: var(--highlight-keyword)"&gt;&lt;/span&gt;&lt;/code&gt;&lt;/li&gt;
&lt;li&gt;&lt;code&gt;&lt;span style="color: var(--highlight-keyword)"&gt;    &lt;/span&gt;&lt;span style="color: var(--highlight-comment)"&gt;/**&lt;/span&gt;&lt;/code&gt;&lt;/li&gt;
&lt;li&gt;&lt;code&gt;&lt;span style="color: var(--highlight-comment)"&gt;     * Gets the UrlMatcher or RequestMatcher instance associated with this Router.&lt;/span&gt;&lt;/code&gt;&lt;/li&gt;
&lt;li&gt;&lt;code&gt;&lt;span style="color: var(--highlight-comment)"&gt;     */&lt;/span&gt;&lt;/code&gt;&lt;/li&gt;&lt;/ol&gt;    &lt;/div&gt;            &lt;/div&gt;
                        &lt;div class="trace-line trace-from-vendor"&gt;
                &lt;div class="trace-line-header break-long-words sf-toggle" data-toggle-selector="#trace-html-2-3" data-toggle-initial=""&gt;
            &lt;span class="icon icon-close"&gt;&lt;svg width="1792" height="1792" viewBox="0 0 1792 1792" xmlns="http://www.w3.org/2000/svg"&gt;&lt;path d="M1408 960V832q0-26-19-45t-45-19H448q-26 0-45 19t-19 45v128q0 26 19 45t45 19h896q26 0 45-19t19-45zm256-544v960q0 119-84.5 203.5T1376 1664H416q-119 0-203.5-84.5T128 1376V416q0-119 84.5-203.5T416 128h960q119 0 203.5 84.5T1664 416z"/&gt;&lt;/svg&gt;&lt;/span&gt;
        &lt;span class="icon icon-open"&gt;&lt;svg width="1792" height="1792" viewBox="0 0 1792 1792" xmlns="http://www.w3.org/2000/svg"&gt;&lt;path d="M1408 960V832q0-26-19-45t-45-19h-320V448q0-26-19-45t-45-19H832q-26 0-45 19t-19 45v320H448q-26 0-45 19t-19 45v128q0 26 19 45t45 19h320v320q0 26 19 45t45 19h128q26 0 45-19t19-45v-320h320q26 0 45-19t19-45zm256-544v960q0 119-84.5 203.5T1376 1664H416q-119 0-203.5-84.5T128 1376V416q0-119 84.5-203.5T416 128h960q119 0 203.5 84.5T1664 416z"/&gt;&lt;/svg&gt;&lt;/span&gt;
    
    
                    &lt;span class="block trace-file-path"&gt;
            in
            &lt;a href="file:///home/h3rmano/dbwebb-kurser/mvc/me/report/vendor/symfony/http-kernel/EventListener/RouterListener.php#L101"&gt;
                vendor/symfony/http-kernel/EventListener/&lt;strong&gt;RouterListener.php&lt;/strong&gt;
            &lt;/a&gt;
                            &lt;span class="trace-type"&gt;-&gt;&lt;/span&gt;
                &lt;span class="trace-method"&gt;matchRequest&lt;/span&gt;
                        (line 101)
            &lt;span class="icon icon-copy hidden" data-clipboard-text="vendor/symfony/http-kernel/EventListener/RouterListener.php:101"&gt;
                &lt;svg xmlns="http://www.w3.org/2000/svg" height="24" viewBox="0 0 24 24" width="24"&gt;&lt;path d="M0 0h24v24H0z" fill="none"/&gt;&lt;path d="M16 1H4c-1.1 0-2 .9-2 2v14h2V3h12V1zm3 4H8c-1.1 0-2 .9-2 2v14c0 1.1.9 2 2 2h11c1.1 0 2-.9 2-2V7c0-1.1-.9-2-2-2zm0 16H8V7h11v14z"/&gt;&lt;/svg&gt;            &lt;/span&gt;
        &lt;/span&gt;
    &lt;/div&gt;
    &lt;div id="trace-html-2-3" class="trace-code sf-toggle-content"&gt;
        &lt;ol start="96"&gt;&lt;li&gt;&lt;code&gt;&lt;span style="color: var(--highlight-keyword)"&gt;&lt;/span&gt;&lt;/code&gt;&lt;/li&gt;
&lt;li&gt;&lt;code&gt;&lt;span style="color: var(--highlight-keyword)"&gt;        &lt;/span&gt;&lt;span style="color: var(--highlight-comment)"&gt;// add attributes based on the request (routing)&lt;/span&gt;&lt;/code&gt;&lt;/li&gt;
&lt;li&gt;&lt;code&gt;&lt;span style="color: var(--highlight-comment)"&gt;        &lt;/span&gt;&lt;span style="color: var(--highlight-keyword)"&gt;try {&lt;/span&gt;&lt;/code&gt;&lt;/li&gt;
&lt;li&gt;&lt;code&gt;&lt;span style="color: var(--highlight-keyword)"&gt;            &lt;/span&gt;&lt;span style="color: var(--highlight-comment)"&gt;// matching a request is more powerful than matching a URL path + context, so try that first&lt;/span&gt;&lt;/code&gt;&lt;/li&gt;
&lt;li&gt;&lt;code&gt;&lt;span style="color: var(--highlight-comment)"&gt;            &lt;/span&gt;&lt;span style="color: var(--highlight-keyword)"&gt;if (&lt;/span&gt;&lt;span style="color: var(--highlight-default)"&gt;$this&lt;/span&gt;&lt;span style="color: var(--highlight-keyword)"&gt;-&amp;gt;&lt;/span&gt;&lt;span style="color: var(--highlight-default)"&gt;matcher &lt;/span&gt;&lt;span style="color: var(--highlight-keyword)"&gt;instanceof &lt;/span&gt;&lt;span style="color: var(--highlight-default)"&gt;RequestMatcherInterface&lt;/span&gt;&lt;span style="color: var(--highlight-keyword)"&gt;) {&lt;/span&gt;&lt;/code&gt;&lt;/li&gt;
&lt;li class="selected"&gt;&lt;code&gt;&lt;span style="color: var(--highlight-keyword)"&gt;                &lt;/span&gt;&lt;span style="color: var(--highlight-default)"&gt;$parameters &lt;/span&gt;&lt;span style="color: var(--highlight-keyword)"&gt;= &lt;/span&gt;&lt;span style="color: var(--highlight-default)"&gt;$this&lt;/span&gt;&lt;span style="color: var(--highlight-keyword)"&gt;-&amp;gt;&lt;/span&gt;&lt;span style="color: var(--highlight-default)"&gt;matcher&lt;/span&gt;&lt;span style="color: var(--highlight-keyword)"&gt;-&amp;gt;&lt;/span&gt;&lt;span style="color: var(--highlight-default)"&gt;matchRequest&lt;/span&gt;&lt;span style="color: var(--highlight-keyword)"&gt;(&lt;/span&gt;&lt;span style="color: var(--highlight-default)"&gt;$request&lt;/span&gt;&lt;span style="color: var(--highlight-keyword)"&gt;);&lt;/span&gt;&lt;/code&gt;&lt;/li&gt;
&lt;li&gt;&lt;code&gt;&lt;span style="color: var(--highlight-keyword)"&gt;            } else {&lt;/span&gt;&lt;/code&gt;&lt;/li&gt;
&lt;li&gt;&lt;code&gt;&lt;span style="color: var(--highlight-keyword)"&gt;                &lt;/span&gt;&lt;span style="color: var(--highlight-default)"&gt;$parameters &lt;/span&gt;&lt;span style="color: var(--highlight-keyword)"&gt;= &lt;/span&gt;&lt;span style="color: var(--highlight-default)"&gt;$this&lt;/span&gt;&lt;span style="color: var(--highlight-keyword)"&gt;-&amp;gt;&lt;/span&gt;&lt;span style="color: var(--highlight-default)"&gt;matcher&lt;/span&gt;&lt;span style="color: var(--highlight-keyword)"&gt;-&amp;gt;&lt;/span&gt;&lt;span style="color: var(--highlight-default)"&gt;match&lt;/span&gt;&lt;span style="color: var(--highlight-keyword)"&gt;(&lt;/span&gt;&lt;span style="color: var(--highlight-default)"&gt;$request&lt;/span&gt;&lt;span style="color: var(--highlight-keyword)"&gt;-&amp;gt;&lt;/span&gt;&lt;span style="color: var(--highlight-default)"&gt;getPathInfo&lt;/span&gt;&lt;span style="color: var(--highlight-keyword)"&gt;());&lt;/span&gt;&lt;/code&gt;&lt;/li&gt;
&lt;li&gt;&lt;code&gt;&lt;span style="color: var(--highlight-keyword)"&gt;            }&lt;/span&gt;&lt;/code&gt;&lt;/li&gt;
&lt;li&gt;&lt;code&gt;&lt;span style="color: var(--highlight-keyword)"&gt;&lt;/span&gt;&lt;/code&gt;&lt;/li&gt;
&lt;li&gt;&lt;code&gt;&lt;span style="color: var(--highlight-keyword)"&gt;            &lt;/span&gt;&lt;span style="color: var(--highlight-default)"&gt;$this&lt;/span&gt;&lt;span style="color: var(--highlight-keyword)"&gt;-&amp;gt;&lt;/span&gt;&lt;span style="color: var(--highlight-default)"&gt;logger&lt;/span&gt;&lt;span style="color: var(--highlight-keyword)"&gt;?-&amp;gt;&lt;/span&gt;&lt;span style="color: var(--highlight-default)"&gt;info&lt;/span&gt;&lt;span style="color: var(--highlight-keyword)"&gt;(&lt;/span&gt;&lt;span style="color: var(--highlight-string)"&gt;'Matched route "{route}".'&lt;/span&gt;&lt;span style="color: var(--highlight-keyword)"&gt;, [&lt;/span&gt;&lt;/code&gt;&lt;/li&gt;&lt;/ol&gt;    &lt;/div&gt;            &lt;/div&gt;
                        &lt;div class="trace-line trace-from-vendor"&gt;
                &lt;div class="trace-line-header break-long-words sf-toggle" data-toggle-selector="#trace-html-2-4" data-toggle-initial=""&gt;
            &lt;span class="icon icon-close"&gt;&lt;svg width="1792" height="1792" viewBox="0 0 1792 1792" xmlns="http://www.w3.org/2000/svg"&gt;&lt;path d="M1408 960V832q0-26-19-45t-45-19H448q-26 0-45 19t-19 45v128q0 26 19 45t45 19h896q26 0 45-19t19-45zm256-544v960q0 119-84.5 203.5T1376 1664H416q-119 0-203.5-84.5T128 1376V416q0-119 84.5-203.5T416 128h960q119 0 203.5 84.5T1664 416z"/&gt;&lt;/svg&gt;&lt;/span&gt;
        &lt;span class="icon icon-open"&gt;&lt;svg width="1792" height="1792" viewBox="0 0 1792 1792" xmlns="http://www.w3.org/2000/svg"&gt;&lt;path d="M1408 960V832q0-26-19-45t-45-19h-320V448q0-26-19-45t-45-19H832q-26 0-45 19t-19 45v320H448q-26 0-45 19t-19 45v128q0 26 19 45t45 19h320v320q0 26 19 45t45 19h128q26 0 45-19t19-45v-320h320q26 0 45-19t19-45zm256-544v960q0 119-84.5 203.5T1376 1664H416q-119 0-203.5-84.5T128 1376V416q0-119 84.5-203.5T416 128h960q119 0 203.5 84.5T1664 416z"/&gt;&lt;/svg&gt;&lt;/span&gt;
    
    
                    &lt;span class="block trace-file-path"&gt;
            in
            &lt;a href="file:///home/h3rmano/dbwebb-kurser/mvc/me/report/vendor/symfony/event-dispatcher/Debug/WrappedListener.php#L115"&gt;
                vendor/symfony/event-dispatcher/Debug/&lt;strong&gt;WrappedListener.php&lt;/strong&gt;
            &lt;/a&gt;
                            &lt;span class="trace-type"&gt;-&gt;&lt;/span&gt;
                &lt;span class="trace-method"&gt;onKernelRequest&lt;/span&gt;
                        (line 115)
            &lt;span class="icon icon-copy hidden" data-clipboard-text="vendor/symfony/event-dispatcher/Debug/WrappedListener.php:115"&gt;
                &lt;svg xmlns="http://www.w3.org/2000/svg" height="24" viewBox="0 0 24 24" width="24"&gt;&lt;path d="M0 0h24v24H0z" fill="none"/&gt;&lt;path d="M16 1H4c-1.1 0-2 .9-2 2v14h2V3h12V1zm3 4H8c-1.1 0-2 .9-2 2v14c0 1.1.9 2 2 2h11c1.1 0 2-.9 2-2V7c0-1.1-.9-2-2-2zm0 16H8V7h11v14z"/&gt;&lt;/svg&gt;            &lt;/span&gt;
        &lt;/span&gt;
    &lt;/div&gt;
    &lt;div id="trace-html-2-4" class="trace-code sf-toggle-content"&gt;
        &lt;ol start="110"&gt;&lt;li&gt;&lt;code&gt;&lt;span style="color: var(--highlight-keyword)"&gt;        &lt;/span&gt;&lt;span style="color: var(--highlight-default)"&gt;$this&lt;/span&gt;&lt;span style="color: var(--highlight-keyword)"&gt;-&amp;gt;&lt;/span&gt;&lt;span style="color: var(--highlight-default)"&gt;priority &lt;/span&gt;&lt;span style="color: var(--highlight-keyword)"&gt;??= &lt;/span&gt;&lt;span style="color: var(--highlight-default)"&gt;$dispatcher&lt;/span&gt;&lt;span style="color: var(--highlight-keyword)"&gt;-&amp;gt;&lt;/span&gt;&lt;span style="color: var(--highlight-default)"&gt;getListenerPriority&lt;/span&gt;&lt;span style="color: var(--highlight-keyword)"&gt;(&lt;/span&gt;&lt;span style="color: var(--highlight-default)"&gt;$eventName&lt;/span&gt;&lt;span style="color: var(--highlight-keyword)"&gt;, &lt;/span&gt;&lt;span style="color: var(--highlight-default)"&gt;$this&lt;/span&gt;&lt;span style="color: var(--highlight-keyword)"&gt;-&amp;gt;&lt;/span&gt;&lt;span style="color: var(--highlight-default)"&gt;listener&lt;/span&gt;&lt;span style="color: var(--highlight-keyword)"&gt;);&lt;/span&gt;&lt;/code&gt;&lt;/li&gt;
&lt;li&gt;&lt;code&gt;&lt;span style="color: var(--highlight-keyword)"&gt;&lt;/span&gt;&lt;/code&gt;&lt;/li&gt;
&lt;li&gt;&lt;code&gt;&lt;span style="color: var(--highlight-keyword)"&gt;        &lt;/span&gt;&lt;span style="color: var(--highlight-default)"&gt;$e &lt;/span&gt;&lt;span style="color: var(--highlight-keyword)"&gt;= &lt;/span&gt;&lt;span style="color: var(--highlight-default)"&gt;$this&lt;/span&gt;&lt;span style="color: var(--highlight-keyword)"&gt;-&amp;gt;&lt;/span&gt;&lt;span style="color: var(--highlight-default)"&gt;stopwatch&lt;/span&gt;&lt;span style="color: var(--highlight-keyword)"&gt;-&amp;gt;&lt;/span&gt;&lt;span style="color: var(--highlight-default)"&gt;start&lt;/span&gt;&lt;span style="color: var(--highlight-keyword)"&gt;(&lt;/span&gt;&lt;span style="color: var(--highlight-default)"&gt;$this&lt;/span&gt;&lt;span style="color: var(--highlight-keyword)"&gt;-&amp;gt;&lt;/span&gt;&lt;span style="color: var(--highlight-default)"&gt;name&lt;/span&gt;&lt;span style="color: var(--highlight-keyword)"&gt;, &lt;/span&gt;&lt;span style="color: var(--highlight-string)"&gt;'event_listener'&lt;/span&gt;&lt;span style="color: var(--highlight-keyword)"&gt;);&lt;/span&gt;&lt;/code&gt;&lt;/li&gt;
&lt;li&gt;&lt;code&gt;&lt;span style="color: var(--highlight-keyword)"&gt;&lt;/span&gt;&lt;/code&gt;&lt;/li&gt;
&lt;li&gt;&lt;code&gt;&lt;span style="color: var(--highlight-keyword)"&gt;        try {&lt;/span&gt;&lt;/code&gt;&lt;/li&gt;
&lt;li class="selected"&gt;&lt;code&gt;&lt;span style="color: var(--highlight-keyword)"&gt;            (&lt;/span&gt;&lt;span style="color: var(--highlight-default)"&gt;$this&lt;/span&gt;&lt;span style="color: var(--highlight-keyword)"&gt;-&amp;gt;&lt;/span&gt;&lt;span style="color: var(--highlight-default)"&gt;optimizedListener &lt;/span&gt;&lt;span style="color: var(--highlight-keyword)"&gt;?? &lt;/span&gt;&lt;span style="color: var(--highlight-default)"&gt;$this&lt;/span&gt;&lt;span style="color: var(--highlight-keyword)"&gt;-&amp;gt;&lt;/span&gt;&lt;span style="color: var(--highlight-default)"&gt;listener&lt;/span&gt;&lt;span style="color: var(--highlight-keyword)"&gt;)(&lt;/span&gt;&lt;span style="color: var(--highlight-default)"&gt;$event&lt;/span&gt;&lt;span style="color: var(--highlight-keyword)"&gt;, &lt;/span&gt;&lt;span style="color: var(--highlight-default)"&gt;$eventName&lt;/span&gt;&lt;span style="color: var(--highlight-keyword)"&gt;, &lt;/span&gt;&lt;span style="color: var(--highlight-default)"&gt;$dispatcher&lt;/span&gt;&lt;span style="color: var(--highlight-keyword)"&gt;);&lt;/span&gt;&lt;/code&gt;&lt;/li&gt;
&lt;li&gt;&lt;code&gt;&lt;span style="color: var(--highlight-keyword)"&gt;        } finally {&lt;/span&gt;&lt;/code&gt;&lt;/li&gt;
&lt;li&gt;&lt;code&gt;&lt;span style="color: var(--highlight-keyword)"&gt;            if (&lt;/span&gt;&lt;span style="color: var(--highlight-default)"&gt;$e&lt;/span&gt;&lt;span style="color: var(--highlight-keyword)"&gt;-&amp;gt;&lt;/span&gt;&lt;span style="color: var(--highlight-default)"&gt;isStarted&lt;/span&gt;&lt;span style="color: var(--highlight-keyword)"&gt;()) {&lt;/span&gt;&lt;/code&gt;&lt;/li&gt;
&lt;li&gt;&lt;code&gt;&lt;span style="color: var(--highlight-keyword)"&gt;                &lt;/span&gt;&lt;span style="color: var(--highlight-default)"&gt;$e&lt;/span&gt;&lt;span style="color: var(--highlight-keyword)"&gt;-&amp;gt;&lt;/span&gt;&lt;span style="color: var(--highlight-default)"&gt;stop&lt;/span&gt;&lt;span style="color: var(--highlight-keyword)"&gt;();&lt;/span&gt;&lt;/code&gt;&lt;/li&gt;
&lt;li&gt;&lt;code&gt;&lt;span style="color: var(--highlight-keyword)"&gt;            }&lt;/span&gt;&lt;/code&gt;&lt;/li&gt;
&lt;li&gt;&lt;code&gt;&lt;span style="color: var(--highlight-keyword)"&gt;        }&lt;/span&gt;&lt;/code&gt;&lt;/li&gt;&lt;/ol&gt;    &lt;/div&gt;            &lt;/div&gt;
                        &lt;div class="trace-line trace-from-vendor"&gt;
                &lt;div class="trace-line-header break-long-words sf-toggle" data-toggle-selector="#trace-html-2-5" data-toggle-initial=""&gt;
            &lt;span class="icon icon-close"&gt;&lt;svg width="1792" height="1792" viewBox="0 0 1792 1792" xmlns="http://www.w3.org/2000/svg"&gt;&lt;path d="M1408 960V832q0-26-19-45t-45-19H448q-26 0-45 19t-19 45v128q0 26 19 45t45 19h896q26 0 45-19t19-45zm256-544v960q0 119-84.5 203.5T1376 1664H416q-119 0-203.5-84.5T128 1376V416q0-119 84.5-203.5T416 128h960q119 0 203.5 84.5T1664 416z"/&gt;&lt;/svg&gt;&lt;/span&gt;
        &lt;span class="icon icon-open"&gt;&lt;svg width="1792" height="1792" viewBox="0 0 1792 1792" xmlns="http://www.w3.org/2000/svg"&gt;&lt;path d="M1408 960V832q0-26-19-45t-45-19h-320V448q0-26-19-45t-45-19H832q-26 0-45 19t-19 45v320H448q-26 0-45 19t-19 45v128q0 26 19 45t45 19h320v320q0 26 19 45t45 19h128q26 0 45-19t19-45v-320h320q26 0 45-19t19-45zm256-544v960q0 119-84.5 203.5T1376 1664H416q-119 0-203.5-84.5T128 1376V416q0-119 84.5-203.5T416 128h960q119 0 203.5 84.5T1664 416z"/&gt;&lt;/svg&gt;&lt;/span&gt;
    
    
                    &lt;span class="block trace-file-path"&gt;
            in
            &lt;a href="file:///home/h3rmano/dbwebb-kurser/mvc/me/report/vendor/symfony/event-dispatcher/EventDispatcher.php#L206"&gt;
                vendor/symfony/event-dispatcher/&lt;strong&gt;EventDispatcher.php&lt;/strong&gt;
            &lt;/a&gt;
                            &lt;span class="trace-type"&gt;-&gt;&lt;/span&gt;
                &lt;span class="trace-method"&gt;__invoke&lt;/span&gt;
                        (line 206)
            &lt;span class="icon icon-copy hidden" data-clipboard-text="vendor/symfony/event-dispatcher/EventDispatcher.php:206"&gt;
                &lt;svg xmlns="http://www.w3.org/2000/svg" height="24" viewBox="0 0 24 24" width="24"&gt;&lt;path d="M0 0h24v24H0z" fill="none"/&gt;&lt;path d="M16 1H4c-1.1 0-2 .9-2 2v14h2V3h12V1zm3 4H8c-1.1 0-2 .9-2 2v14c0 1.1.9 2 2 2h11c1.1 0 2-.9 2-2V7c0-1.1-.9-2-2-2zm0 16H8V7h11v14z"/&gt;&lt;/svg&gt;            &lt;/span&gt;
        &lt;/span&gt;
    &lt;/div&gt;
    &lt;div id="trace-html-2-5" class="trace-code sf-toggle-content"&gt;
        &lt;ol start="201"&gt;&lt;li&gt;&lt;code&gt;&lt;span style="color: var(--highlight-keyword)"&gt;&lt;/span&gt;&lt;/code&gt;&lt;/li&gt;
&lt;li&gt;&lt;code&gt;&lt;span style="color: var(--highlight-keyword)"&gt;        foreach (&lt;/span&gt;&lt;span style="color: var(--highlight-default)"&gt;$listeners &lt;/span&gt;&lt;span style="color: var(--highlight-keyword)"&gt;as &lt;/span&gt;&lt;span style="color: var(--highlight-default)"&gt;$listener&lt;/span&gt;&lt;span style="color: var(--highlight-keyword)"&gt;) {&lt;/span&gt;&lt;/code&gt;&lt;/li&gt;
&lt;li&gt;&lt;code&gt;&lt;span style="color: var(--highlight-keyword)"&gt;            if (&lt;/span&gt;&lt;span style="color: var(--highlight-default)"&gt;$stoppable &lt;/span&gt;&lt;span style="color: var(--highlight-keyword)"&gt;&amp;amp;&amp;amp; &lt;/span&gt;&lt;span style="color: var(--highlight-default)"&gt;$event&lt;/span&gt;&lt;span style="color: var(--highlight-keyword)"&gt;-&amp;gt;&lt;/span&gt;&lt;span style="color: var(--highlight-default)"&gt;isPropagationStopped&lt;/span&gt;&lt;span style="color: var(--highlight-keyword)"&gt;()) {&lt;/span&gt;&lt;/code&gt;&lt;/li&gt;
&lt;li&gt;&lt;code&gt;&lt;span style="color: var(--highlight-keyword)"&gt;                break;&lt;/span&gt;&lt;/code&gt;&lt;/li&gt;
&lt;li&gt;&lt;code&gt;&lt;span style="color: var(--highlight-keyword)"&gt;            }&lt;/span&gt;&lt;/code&gt;&lt;/li&gt;
&lt;li class="selected"&gt;&lt;code&gt;&lt;span style="color: var(--highlight-keyword)"&gt;            &lt;/span&gt;&lt;span style="color: var(--highlight-default)"&gt;$listener&lt;/span&gt;&lt;span style="color: var(--highlight-keyword)"&gt;(&lt;/span&gt;&lt;span style="color: var(--highlight-default)"&gt;$event&lt;/span&gt;&lt;span style="color: var(--highlight-keyword)"&gt;, &lt;/span&gt;&lt;span style="color: var(--highlight-default)"&gt;$eventName&lt;/span&gt;&lt;span style="color: var(--highlight-keyword)"&gt;, &lt;/span&gt;&lt;span style="color: var(--highlight-default)"&gt;$this&lt;/span&gt;&lt;span style="color: var(--highlight-keyword)"&gt;);&lt;/span&gt;&lt;/code&gt;&lt;/li&gt;
&lt;li&gt;&lt;code&gt;&lt;span style="color: var(--highlight-keyword)"&gt;        }&lt;/span&gt;&lt;/code&gt;&lt;/li&gt;
&lt;li&gt;&lt;code&gt;&lt;span style="color: var(--highlight-keyword)"&gt;    }&lt;/span&gt;&lt;/code&gt;&lt;/li&gt;
&lt;li&gt;&lt;code&gt;&lt;span style="color: var(--highlight-keyword)"&gt;&lt;/span&gt;&lt;/code&gt;&lt;/li&gt;
&lt;li&gt;&lt;code&gt;&lt;span style="color: var(--highlight-keyword)"&gt;    &lt;/span&gt;&lt;span style="color: var(--highlight-comment)"&gt;/**&lt;/span&gt;&lt;/code&gt;&lt;/li&gt;
&lt;li&gt;&lt;code&gt;&lt;span style="color: var(--highlight-comment)"&gt;     * Sorts the internal list of listeners for the given event by priority.&lt;/span&gt;&lt;/code&gt;&lt;/li&gt;&lt;/ol&gt;    &lt;/div&gt;            &lt;/div&gt;
                        &lt;div class="trace-line trace-from-vendor"&gt;
                &lt;div class="trace-line-header break-long-words sf-toggle" data-toggle-selector="#trace-html-2-6" data-toggle-initial=""&gt;
            &lt;span class="icon icon-close"&gt;&lt;svg width="1792" height="1792" viewBox="0 0 1792 1792" xmlns="http://www.w3.org/2000/svg"&gt;&lt;path d="M1408 960V832q0-26-19-45t-45-19H448q-26 0-45 19t-19 45v128q0 26 19 45t45 19h896q26 0 45-19t19-45zm256-544v960q0 119-84.5 203.5T1376 1664H416q-119 0-203.5-84.5T128 1376V416q0-119 84.5-203.5T416 128h960q119 0 203.5 84.5T1664 416z"/&gt;&lt;/svg&gt;&lt;/span&gt;
        &lt;span class="icon icon-open"&gt;&lt;svg width="1792" height="1792" viewBox="0 0 1792 1792" xmlns="http://www.w3.org/2000/svg"&gt;&lt;path d="M1408 960V832q0-26-19-45t-45-19h-320V448q0-26-19-45t-45-19H832q-26 0-45 19t-19 45v320H448q-26 0-45 19t-19 45v128q0 26 19 45t45 19h320v320q0 26 19 45t45 19h128q26 0 45-19t19-45v-320h320q26 0 45-19t19-45zm256-544v960q0 119-84.5 203.5T1376 1664H416q-119 0-203.5-84.5T128 1376V416q0-119 84.5-203.5T416 128h960q119 0 203.5 84.5T1664 416z"/&gt;&lt;/svg&gt;&lt;/span&gt;
    
    
                    &lt;span class="block trace-file-path"&gt;
            in
            &lt;a href="file:///home/h3rmano/dbwebb-kurser/mvc/me/report/vendor/symfony/event-dispatcher/EventDispatcher.php#L56"&gt;
                vendor/symfony/event-dispatcher/&lt;strong&gt;EventDispatcher.php&lt;/strong&gt;
            &lt;/a&gt;
                            &lt;span class="trace-type"&gt;-&gt;&lt;/span&gt;
                &lt;span class="trace-method"&gt;callListeners&lt;/span&gt;
                        (line 56)
            &lt;span class="icon icon-copy hidden" data-clipboard-text="vendor/symfony/event-dispatcher/EventDispatcher.php:56"&gt;
                &lt;svg xmlns="http://www.w3.org/2000/svg" height="24" viewBox="0 0 24 24" width="24"&gt;&lt;path d="M0 0h24v24H0z" fill="none"/&gt;&lt;path d="M16 1H4c-1.1 0-2 .9-2 2v14h2V3h12V1zm3 4H8c-1.1 0-2 .9-2 2v14c0 1.1.9 2 2 2h11c1.1 0 2-.9 2-2V7c0-1.1-.9-2-2-2zm0 16H8V7h11v14z"/&gt;&lt;/svg&gt;            &lt;/span&gt;
        &lt;/span&gt;
    &lt;/div&gt;
    &lt;div id="trace-html-2-6" class="trace-code sf-toggle-content"&gt;
        &lt;ol start="51"&gt;&lt;li&gt;&lt;code&gt;&lt;span style="color: var(--highlight-keyword)"&gt;        } else {&lt;/span&gt;&lt;/code&gt;&lt;/li&gt;
&lt;li&gt;&lt;code&gt;&lt;span style="color: var(--highlight-keyword)"&gt;            &lt;/span&gt;&lt;span style="color: var(--highlight-default)"&gt;$listeners &lt;/span&gt;&lt;span style="color: var(--highlight-keyword)"&gt;= &lt;/span&gt;&lt;span style="color: var(--highlight-default)"&gt;$this&lt;/span&gt;&lt;span style="color: var(--highlight-keyword)"&gt;-&amp;gt;&lt;/span&gt;&lt;span style="color: var(--highlight-default)"&gt;getListeners&lt;/span&gt;&lt;span style="color: var(--highlight-keyword)"&gt;(&lt;/span&gt;&lt;span style="color: var(--highlight-default)"&gt;$eventName&lt;/span&gt;&lt;span style="color: var(--highlight-keyword)"&gt;);&lt;/span&gt;&lt;/code&gt;&lt;/li&gt;
&lt;li&gt;&lt;code&gt;&lt;span style="color: var(--highlight-keyword)"&gt;        }&lt;/span&gt;&lt;/code&gt;&lt;/li&gt;
&lt;li&gt;&lt;code&gt;&lt;span style="color: var(--highlight-keyword)"&gt;&lt;/span&gt;&lt;/code&gt;&lt;/li&gt;
&lt;li&gt;&lt;code&gt;&lt;span style="color: var(--highlight-keyword)"&gt;        if (&lt;/span&gt;&lt;span style="color: var(--highlight-default)"&gt;$listeners&lt;/span&gt;&lt;span style="color: var(--highlight-keyword)"&gt;) {&lt;/span&gt;&lt;/code&gt;&lt;/li&gt;
&lt;li class="selected"&gt;&lt;code&gt;&lt;span style="color: var(--highlight-keyword)"&gt;            &lt;/span&gt;&lt;span style="color: var(--highlight-default)"&gt;$this&lt;/span&gt;&lt;span style="color: var(--highlight-keyword)"&gt;-&amp;gt;&lt;/span&gt;&lt;span style="color: var(--highlight-default)"&gt;callListeners&lt;/span&gt;&lt;span style="color: var(--highlight-keyword)"&gt;(&lt;/span&gt;&lt;span style="color: var(--highlight-default)"&gt;$listeners&lt;/span&gt;&lt;span style="color: var(--highlight-keyword)"&gt;, &lt;/span&gt;&lt;span style="color: var(--highlight-default)"&gt;$eventName&lt;/span&gt;&lt;span style="color: var(--highlight-keyword)"&gt;, &lt;/span&gt;&lt;span style="color: var(--highlight-default)"&gt;$event&lt;/span&gt;&lt;span style="color: var(--highlight-keyword)"&gt;);&lt;/span&gt;&lt;/code&gt;&lt;/li&gt;
&lt;li&gt;&lt;code&gt;&lt;span style="color: var(--highlight-keyword)"&gt;        }&lt;/span&gt;&lt;/code&gt;&lt;/li&gt;
&lt;li&gt;&lt;code&gt;&lt;span style="color: var(--highlight-keyword)"&gt;&lt;/span&gt;&lt;/code&gt;&lt;/li&gt;
&lt;li&gt;&lt;code&gt;&lt;span style="color: var(--highlight-keyword)"&gt;        return &lt;/span&gt;&lt;span style="color: var(--highlight-default)"&gt;$event&lt;/span&gt;&lt;span style="color: var(--highlight-keyword)"&gt;;&lt;/span&gt;&lt;/code&gt;&lt;/li&gt;
&lt;li&gt;&lt;code&gt;&lt;span style="color: var(--highlight-keyword)"&gt;    }&lt;/span&gt;&lt;/code&gt;&lt;/li&gt;
&lt;li&gt;&lt;code&gt;&lt;span style="color: var(--highlight-keyword)"&gt;&lt;/span&gt;&lt;/code&gt;&lt;/li&gt;&lt;/ol&gt;    &lt;/div&gt;            &lt;/div&gt;
                        &lt;div class="trace-line trace-from-vendor"&gt;
                &lt;div class="trace-line-header break-long-words sf-toggle" data-toggle-selector="#trace-html-2-7" data-toggle-initial=""&gt;
            &lt;span class="icon icon-close"&gt;&lt;svg width="1792" height="1792" viewBox="0 0 1792 1792" xmlns="http://www.w3.org/2000/svg"&gt;&lt;path d="M1408 960V832q0-26-19-45t-45-19H448q-26 0-45 19t-19 45v128q0 26 19 45t45 19h896q26 0 45-19t19-45zm256-544v960q0 119-84.5 203.5T1376 1664H416q-119 0-203.5-84.5T128 1376V416q0-119 84.5-203.5T416 128h960q119 0 203.5 84.5T1664 416z"/&gt;&lt;/svg&gt;&lt;/span&gt;
        &lt;span class="icon icon-open"&gt;&lt;svg width="1792" height="1792" viewBox="0 0 1792 1792" xmlns="http://www.w3.org/2000/svg"&gt;&lt;path d="M1408 960V832q0-26-19-45t-45-19h-320V448q0-26-19-45t-45-19H832q-26 0-45 19t-19 45v320H448q-26 0-45 19t-19 45v128q0 26 19 45t45 19h320v320q0 26 19 45t45 19h128q26 0 45-19t19-45v-320h320q26 0 45-19t19-45zm256-544v960q0 119-84.5 203.5T1376 1664H416q-119 0-203.5-84.5T128 1376V416q0-119 84.5-203.5T416 128h960q119 0 203.5 84.5T1664 416z"/&gt;&lt;/svg&gt;&lt;/span&gt;
    
    
                    &lt;span class="block trace-file-path"&gt;
            in
            &lt;a href="file:///home/h3rmano/dbwebb-kurser/mvc/me/report/vendor/symfony/event-dispatcher/Debug/TraceableEventDispatcher.php#L122"&gt;
                vendor/symfony/event-dispatcher/Debug/&lt;strong&gt;TraceableEventDispatcher.php&lt;/strong&gt;
            &lt;/a&gt;
                            &lt;span class="trace-type"&gt;-&gt;&lt;/span&gt;
                &lt;span class="trace-method"&gt;dispatch&lt;/span&gt;
                        (line 122)
            &lt;span class="icon icon-copy hidden" data-clipboard-text="vendor/symfony/event-dispatcher/Debug/TraceableEventDispatcher.php:122"&gt;
                &lt;svg xmlns="http://www.w3.org/2000/svg" height="24" viewBox="0 0 24 24" width="24"&gt;&lt;path d="M0 0h24v24H0z" fill="none"/&gt;&lt;path d="M16 1H4c-1.1 0-2 .9-2 2v14h2V3h12V1zm3 4H8c-1.1 0-2 .9-2 2v14c0 1.1.9 2 2 2h11c1.1 0 2-.9 2-2V7c0-1.1-.9-2-2-2zm0 16H8V7h11v14z"/&gt;&lt;/svg&gt;            &lt;/span&gt;
        &lt;/span&gt;
    &lt;/div&gt;
    &lt;div id="trace-html-2-7" class="trace-code sf-toggle-content"&gt;
        &lt;ol start="117"&gt;&lt;li&gt;&lt;code&gt;&lt;span style="color: var(--highlight-keyword)"&gt;        try {&lt;/span&gt;&lt;/code&gt;&lt;/li&gt;
&lt;li&gt;&lt;code&gt;&lt;span style="color: var(--highlight-keyword)"&gt;            &lt;/span&gt;&lt;span style="color: var(--highlight-default)"&gt;$this&lt;/span&gt;&lt;span style="color: var(--highlight-keyword)"&gt;-&amp;gt;&lt;/span&gt;&lt;span style="color: var(--highlight-default)"&gt;beforeDispatch&lt;/span&gt;&lt;span style="color: var(--highlight-keyword)"&gt;(&lt;/span&gt;&lt;span style="color: var(--highlight-default)"&gt;$eventName&lt;/span&gt;&lt;span style="color: var(--highlight-keyword)"&gt;, &lt;/span&gt;&lt;span style="color: var(--highlight-default)"&gt;$event&lt;/span&gt;&lt;span style="color: var(--highlight-keyword)"&gt;);&lt;/span&gt;&lt;/code&gt;&lt;/li&gt;
&lt;li&gt;&lt;code&gt;&lt;span style="color: var(--highlight-keyword)"&gt;            try {&lt;/span&gt;&lt;/code&gt;&lt;/li&gt;
&lt;li&gt;&lt;code&gt;&lt;span style="color: var(--highlight-keyword)"&gt;                &lt;/span&gt;&lt;span style="color: var(--highlight-default)"&gt;$e &lt;/span&gt;&lt;span style="color: var(--highlight-keyword)"&gt;= &lt;/span&gt;&lt;span style="color: var(--highlight-default)"&gt;$this&lt;/span&gt;&lt;span style="color: var(--highlight-keyword)"&gt;-&amp;gt;&lt;/span&gt;&lt;span style="color: var(--highlight-default)"&gt;stopwatch&lt;/span&gt;&lt;span style="color: var(--highlight-keyword)"&gt;-&amp;gt;&lt;/span&gt;&lt;span style="color: var(--highlight-default)"&gt;start&lt;/span&gt;&lt;span style="color: var(--highlight-keyword)"&gt;(&lt;/span&gt;&lt;span style="color: var(--highlight-default)"&gt;$eventName&lt;/span&gt;&lt;span style="color: var(--highlight-keyword)"&gt;, &lt;/span&gt;&lt;span style="color: var(--highlight-string)"&gt;'section'&lt;/span&gt;&lt;span style="color: var(--highlight-keyword)"&gt;);&lt;/span&gt;&lt;/code&gt;&lt;/li&gt;
&lt;li&gt;&lt;code&gt;&lt;span style="color: var(--highlight-keyword)"&gt;                try {&lt;/span&gt;&lt;/code&gt;&lt;/li&gt;
&lt;li class="selected"&gt;&lt;code&gt;&lt;span style="color: var(--highlight-keyword)"&gt;                    &lt;/span&gt;&lt;span style="color: var(--highlight-default)"&gt;$this&lt;/span&gt;&lt;span style="color: var(--highlight-keyword)"&gt;-&amp;gt;&lt;/span&gt;&lt;span style="color: var(--highlight-default)"&gt;dispatcher&lt;/span&gt;&lt;span style="color: var(--highlight-keyword)"&gt;-&amp;gt;&lt;/span&gt;&lt;span style="color: var(--highlight-default)"&gt;dispatch&lt;/span&gt;&lt;span style="color: var(--highlight-keyword)"&gt;(&lt;/span&gt;&lt;span style="color: var(--highlight-default)"&gt;$event&lt;/span&gt;&lt;span style="color: var(--highlight-keyword)"&gt;, &lt;/span&gt;&lt;span style="color: var(--highlight-default)"&gt;$eventName&lt;/span&gt;&lt;span style="color: var(--highlight-keyword)"&gt;);&lt;/span&gt;&lt;/code&gt;&lt;/li&gt;
&lt;li&gt;&lt;code&gt;&lt;span style="color: var(--highlight-keyword)"&gt;                } finally {&lt;/span&gt;&lt;/code&gt;&lt;/li&gt;
&lt;li&gt;&lt;code&gt;&lt;span style="color: var(--highlight-keyword)"&gt;                    if (&lt;/span&gt;&lt;span style="color: var(--highlight-default)"&gt;$e&lt;/span&gt;&lt;span style="color: var(--highlight-keyword)"&gt;-&amp;gt;&lt;/span&gt;&lt;span style="color: var(--highlight-default)"&gt;isStarted&lt;/span&gt;&lt;span style="color: var(--highlight-keyword)"&gt;()) {&lt;/span&gt;&lt;/code&gt;&lt;/li&gt;
&lt;li&gt;&lt;code&gt;&lt;span style="color: var(--highlight-keyword)"&gt;                        &lt;/span&gt;&lt;span style="color: var(--highlight-default)"&gt;$e&lt;/span&gt;&lt;span style="color: var(--highlight-keyword)"&gt;-&amp;gt;&lt;/span&gt;&lt;span style="color: var(--highlight-default)"&gt;stop&lt;/span&gt;&lt;span style="color: var(--highlight-keyword)"&gt;();&lt;/span&gt;&lt;/code&gt;&lt;/li&gt;
&lt;li&gt;&lt;code&gt;&lt;span style="color: var(--highlight-keyword)"&gt;                    }&lt;/span&gt;&lt;/code&gt;&lt;/li&gt;
&lt;li&gt;&lt;code&gt;&lt;span style="color: var(--highlight-keyword)"&gt;                }&lt;/span&gt;&lt;/code&gt;&lt;/li&gt;&lt;/ol&gt;    &lt;/div&gt;            &lt;/div&gt;
                        &lt;div class="trace-line trace-from-vendor"&gt;
                &lt;div class="trace-line-header break-long-words sf-toggle" data-toggle-selector="#trace-html-2-8" data-toggle-initial=""&gt;
            &lt;span class="icon icon-close"&gt;&lt;svg width="1792" height="1792" viewBox="0 0 1792 1792" xmlns="http://www.w3.org/2000/svg"&gt;&lt;path d="M1408 960V832q0-26-19-45t-45-19H448q-26 0-45 19t-19 45v128q0 26 19 45t45 19h896q26 0 45-19t19-45zm256-544v960q0 119-84.5 203.5T1376 1664H416q-119 0-203.5-84.5T128 1376V416q0-119 84.5-203.5T416 128h960q119 0 203.5 84.5T1664 416z"/&gt;&lt;/svg&gt;&lt;/span&gt;
        &lt;span class="icon icon-open"&gt;&lt;svg width="1792" height="1792" viewBox="0 0 1792 1792" xmlns="http://www.w3.org/2000/svg"&gt;&lt;path d="M1408 960V832q0-26-19-45t-45-19h-320V448q0-26-19-45t-45-19H832q-26 0-45 19t-19 45v320H448q-26 0-45 19t-19 45v128q0 26 19 45t45 19h320v320q0 26 19 45t45 19h128q26 0 45-19t19-45v-320h320q26 0 45-19t19-45zm256-544v960q0 119-84.5 203.5T1376 1664H416q-119 0-203.5-84.5T128 1376V416q0-119 84.5-203.5T416 128h960q119 0 203.5 84.5T1664 416z"/&gt;&lt;/svg&gt;&lt;/span&gt;
    
    
                    &lt;span class="block trace-file-path"&gt;
            in
            &lt;a href="file:///home/h3rmano/dbwebb-kurser/mvc/me/report/vendor/symfony/http-kernel/HttpKernel.php#L159"&gt;
                vendor/symfony/http-kernel/&lt;strong&gt;HttpKernel.php&lt;/strong&gt;
            &lt;/a&gt;
                            &lt;span class="trace-type"&gt;-&gt;&lt;/span&gt;
                &lt;span class="trace-method"&gt;dispatch&lt;/span&gt;
                        (line 159)
            &lt;span class="icon icon-copy hidden" data-clipboard-text="vendor/symfony/http-kernel/HttpKernel.php:159"&gt;
                &lt;svg xmlns="http://www.w3.org/2000/svg" height="24" viewBox="0 0 24 24" width="24"&gt;&lt;path d="M0 0h24v24H0z" fill="none"/&gt;&lt;path d="M16 1H4c-1.1 0-2 .9-2 2v14h2V3h12V1zm3 4H8c-1.1 0-2 .9-2 2v14c0 1.1.9 2 2 2h11c1.1 0 2-.9 2-2V7c0-1.1-.9-2-2-2zm0 16H8V7h11v14z"/&gt;&lt;/svg&gt;            &lt;/span&gt;
        &lt;/span&gt;
    &lt;/div&gt;
    &lt;div id="trace-html-2-8" class="trace-code sf-toggle-content"&gt;
        &lt;ol start="154"&gt;&lt;li&gt;&lt;code&gt;&lt;span style="color: var(--highlight-comment)"&gt;     */&lt;/span&gt;&lt;/code&gt;&lt;/li&gt;
&lt;li&gt;&lt;code&gt;&lt;span style="color: var(--highlight-comment)"&gt;    &lt;/span&gt;&lt;span style="color: var(--highlight-keyword)"&gt;private function &lt;/span&gt;&lt;span style="color: var(--highlight-default)"&gt;handleRaw&lt;/span&gt;&lt;span style="color: var(--highlight-keyword)"&gt;(&lt;/span&gt;&lt;span style="color: var(--highlight-default)"&gt;Request $request&lt;/span&gt;&lt;span style="color: var(--highlight-keyword)"&gt;, &lt;/span&gt;&lt;span style="color: var(--highlight-default)"&gt;int $type &lt;/span&gt;&lt;span style="color: var(--highlight-keyword)"&gt;= &lt;/span&gt;&lt;span style="color: var(--highlight-default)"&gt;self&lt;/span&gt;&lt;span style="color: var(--highlight-keyword)"&gt;::&lt;/span&gt;&lt;span style="color: var(--highlight-default)"&gt;MAIN_REQUEST&lt;/span&gt;&lt;span style="color: var(--highlight-keyword)"&gt;): &lt;/span&gt;&lt;span style="color: var(--highlight-default)"&gt;Response&lt;/span&gt;&lt;/code&gt;&lt;/li&gt;
&lt;li&gt;&lt;code&gt;&lt;span style="color: var(--highlight-default)"&gt;    &lt;/span&gt;&lt;span style="color: var(--highlight-keyword)"&gt;{&lt;/span&gt;&lt;/code&gt;&lt;/li&gt;
&lt;li&gt;&lt;code&gt;&lt;span style="color: var(--highlight-keyword)"&gt;        &lt;/span&gt;&lt;span style="color: var(--highlight-comment)"&gt;// request&lt;/span&gt;&lt;/code&gt;&lt;/li&gt;
&lt;li&gt;&lt;code&gt;&lt;span style="color: var(--highlight-comment)"&gt;        &lt;/span&gt;&lt;span style="color: var(--highlight-default)"&gt;$event &lt;/span&gt;&lt;span style="color: var(--highlight-keyword)"&gt;= new &lt;/span&gt;&lt;span style="color: var(--highlight-default)"&gt;RequestEvent&lt;/span&gt;&lt;span style="color: var(--highlight-keyword)"&gt;(&lt;/span&gt;&lt;span style="color: var(--highlight-default)"&gt;$this&lt;/span&gt;&lt;span style="color: var(--highlight-keyword)"&gt;, &lt;/span&gt;&lt;span style="color: var(--highlight-default)"&gt;$request&lt;/span&gt;&lt;span style="color: var(--highlight-keyword)"&gt;, &lt;/span&gt;&lt;span style="color: var(--highlight-default)"&gt;$type&lt;/span&gt;&lt;span style="color: var(--highlight-keyword)"&gt;);&lt;/span&gt;&lt;/code&gt;&lt;/li&gt;
&lt;li class="selected"&gt;&lt;code&gt;&lt;span style="color: var(--highlight-keyword)"&gt;        &lt;/span&gt;&lt;span style="color: var(--highlight-default)"&gt;$this&lt;/span&gt;&lt;span style="color: var(--highlight-keyword)"&gt;-&amp;gt;&lt;/span&gt;&lt;span style="color: var(--highlight-default)"&gt;dispatcher&lt;/span&gt;&lt;span style="color: var(--highlight-keyword)"&gt;-&amp;gt;&lt;/span&gt;&lt;span style="color: var(--highlight-default)"&gt;dispatch&lt;/span&gt;&lt;span style="color: var(--highlight-keyword)"&gt;(&lt;/span&gt;&lt;span style="color: var(--highlight-default)"&gt;$event&lt;/span&gt;&lt;span style="color: var(--highlight-keyword)"&gt;, &lt;/span&gt;&lt;span style="color: var(--highlight-default)"&gt;KernelEvents&lt;/span&gt;&lt;span style="color: var(--highlight-keyword)"&gt;::&lt;/span&gt;&lt;span style="color: var(--highlight-default)"&gt;REQUEST&lt;/span&gt;&lt;span style="color: var(--highlight-keyword)"&gt;);&lt;/span&gt;&lt;/code&gt;&lt;/li&gt;
&lt;li&gt;&lt;code&gt;&lt;span style="color: var(--highlight-keyword)"&gt;&lt;/span&gt;&lt;/code&gt;&lt;/li&gt;
&lt;li&gt;&lt;code&gt;&lt;span style="color: var(--highlight-keyword)"&gt;        if (&lt;/span&gt;&lt;span style="color: var(--highlight-default)"&gt;$event&lt;/span&gt;&lt;span style="color: var(--highlight-keyword)"&gt;-&amp;gt;&lt;/span&gt;&lt;span style="color: var(--highlight-default)"&gt;hasResponse&lt;/span&gt;&lt;span style="color: var(--highlight-keyword)"&gt;()) {&lt;/span&gt;&lt;/code&gt;&lt;/li&gt;
&lt;li&gt;&lt;code&gt;&lt;span style="color: var(--highlight-keyword)"&gt;            return &lt;/span&gt;&lt;span style="color: var(--highlight-default)"&gt;$this&lt;/span&gt;&lt;span style="color: var(--highlight-keyword)"&gt;-&amp;gt;&lt;/span&gt;&lt;span style="color: var(--highlight-default)"&gt;filterResponse&lt;/span&gt;&lt;span style="color: var(--highlight-keyword)"&gt;(&lt;/span&gt;&lt;span style="color: var(--highlight-default)"&gt;$event&lt;/span&gt;&lt;span style="color: var(--highlight-keyword)"&gt;-&amp;gt;&lt;/span&gt;&lt;span style="color: var(--highlight-default)"&gt;getResponse&lt;/span&gt;&lt;span style="color: var(--highlight-keyword)"&gt;(), &lt;/span&gt;&lt;span style="color: var(--highlight-default)"&gt;$request&lt;/span&gt;&lt;span style="color: var(--highlight-keyword)"&gt;, &lt;/span&gt;&lt;span style="color: var(--highlight-default)"&gt;$type&lt;/span&gt;&lt;span style="color: var(--highlight-keyword)"&gt;);&lt;/span&gt;&lt;/code&gt;&lt;/li&gt;
&lt;li&gt;&lt;code&gt;&lt;span style="color: var(--highlight-keyword)"&gt;        }&lt;/span&gt;&lt;/code&gt;&lt;/li&gt;
&lt;li&gt;&lt;code&gt;&lt;span style="color: var(--highlight-keyword)"&gt;&lt;/span&gt;&lt;/code&gt;&lt;/li&gt;&lt;/ol&gt;    &lt;/div&gt;            &lt;/div&gt;
                        &lt;div class="trace-line trace-from-vendor"&gt;
                &lt;div class="trace-line-header break-long-words sf-toggle" data-toggle-selector="#trace-html-2-9" data-toggle-initial=""&gt;
            &lt;span class="icon icon-close"&gt;&lt;svg width="1792" height="1792" viewBox="0 0 1792 1792" xmlns="http://www.w3.org/2000/svg"&gt;&lt;path d="M1408 960V832q0-26-19-45t-45-19H448q-26 0-45 19t-19 45v128q0 26 19 45t45 19h896q26 0 45-19t19-45zm256-544v960q0 119-84.5 203.5T1376 1664H416q-119 0-203.5-84.5T128 1376V416q0-119 84.5-203.5T416 128h960q119 0 203.5 84.5T1664 416z"/&gt;&lt;/svg&gt;&lt;/span&gt;
        &lt;span class="icon icon-open"&gt;&lt;svg width="1792" height="1792" viewBox="0 0 1792 1792" xmlns="http://www.w3.org/2000/svg"&gt;&lt;path d="M1408 960V832q0-26-19-45t-45-19h-320V448q0-26-19-45t-45-19H832q-26 0-45 19t-19 45v320H448q-26 0-45 19t-19 45v128q0 26 19 45t45 19h320v320q0 26 19 45t45 19h128q26 0 45-19t19-45v-320h320q26 0 45-19t19-45zm256-544v960q0 119-84.5 203.5T1376 1664H416q-119 0-203.5-84.5T128 1376V416q0-119 84.5-203.5T416 128h960q119 0 203.5 84.5T1664 416z"/&gt;&lt;/svg&gt;&lt;/span&gt;
    
    
                    &lt;span class="block trace-file-path"&gt;
            in
            &lt;a href="file:///home/h3rmano/dbwebb-kurser/mvc/me/report/vendor/symfony/http-kernel/HttpKernel.php#L76"&gt;
                vendor/symfony/http-kernel/&lt;strong&gt;HttpKernel.php&lt;/strong&gt;
            &lt;/a&gt;
                            &lt;span class="trace-type"&gt;-&gt;&lt;/span&gt;
                &lt;span class="trace-method"&gt;handleRaw&lt;/span&gt;
                        (line 76)
            &lt;span class="icon icon-copy hidden" data-clipboard-text="vendor/symfony/http-kernel/HttpKernel.php:76"&gt;
                &lt;svg xmlns="http://www.w3.org/2000/svg" height="24" viewBox="0 0 24 24" width="24"&gt;&lt;path d="M0 0h24v24H0z" fill="none"/&gt;&lt;path d="M16 1H4c-1.1 0-2 .9-2 2v14h2V3h12V1zm3 4H8c-1.1 0-2 .9-2 2v14c0 1.1.9 2 2 2h11c1.1 0 2-.9 2-2V7c0-1.1-.9-2-2-2zm0 16H8V7h11v14z"/&gt;&lt;/svg&gt;            &lt;/span&gt;
        &lt;/span&gt;
    &lt;/div&gt;
    &lt;div id="trace-html-2-9" class="trace-code sf-toggle-content"&gt;
        &lt;ol start="71"&gt;&lt;li&gt;&lt;code&gt;&lt;span style="color: var(--highlight-keyword)"&gt;        &lt;/span&gt;&lt;span style="color: var(--highlight-default)"&gt;$request&lt;/span&gt;&lt;span style="color: var(--highlight-keyword)"&gt;-&amp;gt;&lt;/span&gt;&lt;span style="color: var(--highlight-default)"&gt;headers&lt;/span&gt;&lt;span style="color: var(--highlight-keyword)"&gt;-&amp;gt;&lt;/span&gt;&lt;span style="color: var(--highlight-default)"&gt;set&lt;/span&gt;&lt;span style="color: var(--highlight-keyword)"&gt;(&lt;/span&gt;&lt;span style="color: var(--highlight-string)"&gt;'X-Php-Ob-Level'&lt;/span&gt;&lt;span style="color: var(--highlight-keyword)"&gt;, (string) &lt;/span&gt;&lt;span style="color: var(--highlight-default)"&gt;ob_get_level&lt;/span&gt;&lt;span style="color: var(--highlight-keyword)"&gt;());&lt;/span&gt;&lt;/code&gt;&lt;/li&gt;
&lt;li&gt;&lt;code&gt;&lt;span style="color: var(--highlight-keyword)"&gt;&lt;/span&gt;&lt;/code&gt;&lt;/li&gt;
&lt;li&gt;&lt;code&gt;&lt;span style="color: var(--highlight-keyword)"&gt;        &lt;/span&gt;&lt;span style="color: var(--highlight-default)"&gt;$this&lt;/span&gt;&lt;span style="color: var(--highlight-keyword)"&gt;-&amp;gt;&lt;/span&gt;&lt;span style="color: var(--highlight-default)"&gt;requestStack&lt;/span&gt;&lt;span style="color: var(--highlight-keyword)"&gt;-&amp;gt;&lt;/span&gt;&lt;span style="color: var(--highlight-default)"&gt;push&lt;/span&gt;&lt;span style="color: var(--highlight-keyword)"&gt;(&lt;/span&gt;&lt;span style="color: var(--highlight-default)"&gt;$request&lt;/span&gt;&lt;span style="color: var(--highlight-keyword)"&gt;);&lt;/span&gt;&lt;/code&gt;&lt;/li&gt;
&lt;li&gt;&lt;code&gt;&lt;span style="color: var(--highlight-keyword)"&gt;        &lt;/span&gt;&lt;span style="color: var(--highlight-default)"&gt;$response &lt;/span&gt;&lt;span style="color: var(--highlight-keyword)"&gt;= &lt;/span&gt;&lt;span style="color: var(--highlight-default)"&gt;null&lt;/span&gt;&lt;span style="color: var(--highlight-keyword)"&gt;;&lt;/span&gt;&lt;/code&gt;&lt;/li&gt;
&lt;li&gt;&lt;code&gt;&lt;span style="color: var(--highlight-keyword)"&gt;        try {&lt;/span&gt;&lt;/code&gt;&lt;/li&gt;
&lt;li class="selected"&gt;&lt;code&gt;&lt;span style="color: var(--highlight-keyword)"&gt;            return &lt;/span&gt;&lt;span style="color: var(--highlight-default)"&gt;$response &lt;/span&gt;&lt;span style="color: var(--highlight-keyword)"&gt;= &lt;/span&gt;&lt;span style="color: var(--highlight-default)"&gt;$this&lt;/span&gt;&lt;span style="color: var(--highlight-keyword)"&gt;-&amp;gt;&lt;/span&gt;&lt;span style="color: var(--highlight-default)"&gt;handleRaw&lt;/span&gt;&lt;span style="color: var(--highlight-keyword)"&gt;(&lt;/span&gt;&lt;span style="color: var(--highlight-default)"&gt;$request&lt;/span&gt;&lt;span style="color: var(--highlight-keyword)"&gt;, &lt;/span&gt;&lt;span style="color: var(--highlight-default)"&gt;$type&lt;/span&gt;&lt;span style="color: var(--highlight-keyword)"&gt;);&lt;/span&gt;&lt;/code&gt;&lt;/li&gt;
&lt;li&gt;&lt;code&gt;&lt;span style="color: var(--highlight-keyword)"&gt;        } catch (&lt;/span&gt;&lt;span style="color: var(--highlight-default)"&gt;\Throwable $e&lt;/span&gt;&lt;span style="color: var(--highlight-keyword)"&gt;) {&lt;/span&gt;&lt;/code&gt;&lt;/li&gt;
&lt;li&gt;&lt;code&gt;&lt;span style="color: var(--highlight-keyword)"&gt;            if (&lt;/span&gt;&lt;span style="color: var(--highlight-default)"&gt;$e &lt;/span&gt;&lt;span style="color: var(--highlight-keyword)"&gt;instanceof &lt;/span&gt;&lt;span style="color: var(--highlight-default)"&gt;\Error &lt;/span&gt;&lt;span style="color: var(--highlight-keyword)"&gt;&amp;amp;&amp;amp; !&lt;/span&gt;&lt;span style="color: var(--highlight-default)"&gt;$this&lt;/span&gt;&lt;span style="color: var(--highlight-keyword)"&gt;-&amp;gt;&lt;/span&gt;&lt;span style="color: var(--highlight-default)"&gt;handleAllThrowables&lt;/span&gt;&lt;span style="color: var(--highlight-keyword)"&gt;) {&lt;/span&gt;&lt;/code&gt;&lt;/li&gt;
&lt;li&gt;&lt;code&gt;&lt;span style="color: var(--highlight-keyword)"&gt;                throw &lt;/span&gt;&lt;span style="color: var(--highlight-default)"&gt;$e&lt;/span&gt;&lt;span style="color: var(--highlight-keyword)"&gt;;&lt;/span&gt;&lt;/code&gt;&lt;/li&gt;
&lt;li&gt;&lt;code&gt;&lt;span style="color: var(--highlight-keyword)"&gt;            }&lt;/span&gt;&lt;/code&gt;&lt;/li&gt;
&lt;li&gt;&lt;code&gt;&lt;span style="color: var(--highlight-keyword)"&gt;&lt;/span&gt;&lt;/code&gt;&lt;/li&gt;&lt;/ol&gt;    &lt;/div&gt;            &lt;/div&gt;
                        &lt;div class="trace-line trace-from-vendor"&gt;
                &lt;div class="trace-line-header break-long-words sf-toggle" data-toggle-selector="#trace-html-2-10" data-toggle-initial=""&gt;
            &lt;span class="icon icon-close"&gt;&lt;svg width="1792" height="1792" viewBox="0 0 1792 1792" xmlns="http://www.w3.org/2000/svg"&gt;&lt;path d="M1408 960V832q0-26-19-45t-45-19H448q-26 0-45 19t-19 45v128q0 26 19 45t45 19h896q26 0 45-19t19-45zm256-544v960q0 119-84.5 203.5T1376 1664H416q-119 0-203.5-84.5T128 1376V416q0-119 84.5-203.5T416 128h960q119 0 203.5 84.5T1664 416z"/&gt;&lt;/svg&gt;&lt;/span&gt;
        &lt;span class="icon icon-open"&gt;&lt;svg width="1792" height="1792" viewBox="0 0 1792 1792" xmlns="http://www.w3.org/2000/svg"&gt;&lt;path d="M1408 960V832q0-26-19-45t-45-19h-320V448q0-26-19-45t-45-19H832q-26 0-45 19t-19 45v320H448q-26 0-45 19t-19 45v128q0 26 19 45t45 19h320v320q0 26 19 45t45 19h128q26 0 45-19t19-45v-320h320q26 0 45-19t19-45zm256-544v960q0 119-84.5 203.5T1376 1664H416q-119 0-203.5-84.5T128 1376V416q0-119 84.5-203.5T416 128h960q119 0 203.5 84.5T1664 416z"/&gt;&lt;/svg&gt;&lt;/span&gt;
    
    
                    &lt;span class="block trace-file-path"&gt;
            in
            &lt;a href="file:///home/h3rmano/dbwebb-kurser/mvc/me/report/vendor/symfony/http-kernel/Kernel.php#L182"&gt;
                vendor/symfony/http-kernel/&lt;strong&gt;Kernel.php&lt;/strong&gt;
            &lt;/a&gt;
                            &lt;span class="trace-type"&gt;-&gt;&lt;/span&gt;
                &lt;span class="trace-method"&gt;handle&lt;/span&gt;
                        (line 182)
            &lt;span class="icon icon-copy hidden" data-clipboard-text="vendor/symfony/http-kernel/Kernel.php:182"&gt;
                &lt;svg xmlns="http://www.w3.org/2000/svg" height="24" viewBox="0 0 24 24" width="24"&gt;&lt;path d="M0 0h24v24H0z" fill="none"/&gt;&lt;path d="M16 1H4c-1.1 0-2 .9-2 2v14h2V3h12V1zm3 4H8c-1.1 0-2 .9-2 2v14c0 1.1.9 2 2 2h11c1.1 0 2-.9 2-2V7c0-1.1-.9-2-2-2zm0 16H8V7h11v14z"/&gt;&lt;/svg&gt;            &lt;/span&gt;
        &lt;/span&gt;
    &lt;/div&gt;
    &lt;div id="trace-html-2-10" class="trace-code sf-toggle-content"&gt;
        &lt;ol start="177"&gt;&lt;li&gt;&lt;code&gt;&lt;span style="color: var(--highlight-keyword)"&gt;        &lt;/span&gt;&lt;span style="color: var(--highlight-default)"&gt;$this&lt;/span&gt;&lt;span style="color: var(--highlight-keyword)"&gt;-&amp;gt;&lt;/span&gt;&lt;span style="color: var(--highlight-default)"&gt;boot&lt;/span&gt;&lt;span style="color: var(--highlight-keyword)"&gt;();&lt;/span&gt;&lt;/code&gt;&lt;/li&gt;
&lt;li&gt;&lt;code&gt;&lt;span style="color: var(--highlight-keyword)"&gt;        ++&lt;/span&gt;&lt;span style="color: var(--highlight-default)"&gt;$this&lt;/span&gt;&lt;span style="color: var(--highlight-keyword)"&gt;-&amp;gt;&lt;/span&gt;&lt;span style="color: var(--highlight-default)"&gt;requestStackSize&lt;/span&gt;&lt;span style="color: var(--highlight-keyword)"&gt;;&lt;/span&gt;&lt;/code&gt;&lt;/li&gt;
&lt;li&gt;&lt;code&gt;&lt;span style="color: var(--highlight-keyword)"&gt;        &lt;/span&gt;&lt;span style="color: var(--highlight-default)"&gt;$this&lt;/span&gt;&lt;span style="color: var(--highlight-keyword)"&gt;-&amp;gt;&lt;/span&gt;&lt;span style="color: var(--highlight-default)"&gt;resetServices &lt;/span&gt;&lt;span style="color: var(--highlight-keyword)"&gt;= &lt;/span&gt;&lt;span style="color: var(--highlight-default)"&gt;true&lt;/span&gt;&lt;span style="color: var(--highlight-keyword)"&gt;;&lt;/span&gt;&lt;/code&gt;&lt;/li&gt;
&lt;li&gt;&lt;code&gt;&lt;span style="color: var(--highlight-keyword)"&gt;&lt;/span&gt;&lt;/code&gt;&lt;/li&gt;
&lt;li&gt;&lt;code&gt;&lt;span style="color: var(--highlight-keyword)"&gt;        try {&lt;/span&gt;&lt;/code&gt;&lt;/li&gt;
&lt;li class="selected"&gt;&lt;code&gt;&lt;span style="color: var(--highlight-keyword)"&gt;            return &lt;/span&gt;&lt;span style="color: var(--highlight-default)"&gt;$this&lt;/span&gt;&lt;span style="color: var(--highlight-keyword)"&gt;-&amp;gt;&lt;/span&gt;&lt;span style="color: var(--highlight-default)"&gt;getHttpKernel&lt;/span&gt;&lt;span style="color: var(--highlight-keyword)"&gt;()-&amp;gt;&lt;/span&gt;&lt;span style="color: var(--highlight-default)"&gt;handle&lt;/span&gt;&lt;span style="color: var(--highlight-keyword)"&gt;(&lt;/span&gt;&lt;span style="color: var(--highlight-default)"&gt;$request&lt;/span&gt;&lt;span style="color: var(--highlight-keyword)"&gt;, &lt;/span&gt;&lt;span style="color: var(--highlight-default)"&gt;$type&lt;/span&gt;&lt;span style="color: var(--highlight-keyword)"&gt;, &lt;/span&gt;&lt;span style="color: var(--highlight-default)"&gt;$catch&lt;/span&gt;&lt;span style="color: var(--highlight-keyword)"&gt;);&lt;/span&gt;&lt;/code&gt;&lt;/li&gt;
&lt;li&gt;&lt;code&gt;&lt;span style="color: var(--highlight-keyword)"&gt;        } finally {&lt;/span&gt;&lt;/code&gt;&lt;/li&gt;
&lt;li&gt;&lt;code&gt;&lt;span style="color: var(--highlight-keyword)"&gt;            --&lt;/span&gt;&lt;span style="color: var(--highlight-default)"&gt;$this&lt;/span&gt;&lt;span style="color: var(--highlight-keyword)"&gt;-&amp;gt;&lt;/span&gt;&lt;span style="color: var(--highlight-default)"&gt;requestStackSize&lt;/span&gt;&lt;span style="color: var(--highlight-keyword)"&gt;;&lt;/span&gt;&lt;/code&gt;&lt;/li&gt;
&lt;li&gt;&lt;code&gt;&lt;span style="color: var(--highlight-keyword)"&gt;        }&lt;/span&gt;&lt;/code&gt;&lt;/li&gt;
&lt;li&gt;&lt;code&gt;&lt;span style="color: var(--highlight-keyword)"&gt;    }&lt;/span&gt;&lt;/code&gt;&lt;/li&gt;
&lt;li&gt;&lt;code&gt;&lt;span style="color: var(--highlight-keyword)"&gt;&lt;/span&gt;&lt;/code&gt;&lt;/li&gt;&lt;/ol&gt;    &lt;/div&gt;            &lt;/div&gt;
                        &lt;div class="trace-line trace-from-vendor"&gt;
                &lt;div class="trace-line-header break-long-words sf-toggle" data-toggle-selector="#trace-html-2-11" data-toggle-initial=""&gt;
            &lt;span class="icon icon-close"&gt;&lt;svg width="1792" height="1792" viewBox="0 0 1792 1792" xmlns="http://www.w3.org/2000/svg"&gt;&lt;path d="M1408 960V832q0-26-19-45t-45-19H448q-26 0-45 19t-19 45v128q0 26 19 45t45 19h896q26 0 45-19t19-45zm256-544v960q0 119-84.5 203.5T1376 1664H416q-119 0-203.5-84.5T128 1376V416q0-119 84.5-203.5T416 128h960q119 0 203.5 84.5T1664 416z"/&gt;&lt;/svg&gt;&lt;/span&gt;
        &lt;span class="icon icon-open"&gt;&lt;svg width="1792" height="1792" viewBox="0 0 1792 1792" xmlns="http://www.w3.org/2000/svg"&gt;&lt;path d="M1408 960V832q0-26-19-45t-45-19h-320V448q0-26-19-45t-45-19H832q-26 0-45 19t-19 45v320H448q-26 0-45 19t-19 45v128q0 26 19 45t45 19h320v320q0 26 19 45t45 19h128q26 0 45-19t19-45v-320h320q26 0 45-19t19-45zm256-544v960q0 119-84.5 203.5T1376 1664H416q-119 0-203.5-84.5T128 1376V416q0-119 84.5-203.5T416 128h960q119 0 203.5 84.5T1664 416z"/&gt;&lt;/svg&gt;&lt;/span&gt;
    
    
                    &lt;span class="block trace-file-path"&gt;
            in
            &lt;a href="file:///home/h3rmano/dbwebb-kurser/mvc/me/report/vendor/symfony/http-kernel/HttpKernelBrowser.php#L62"&gt;
                vendor/symfony/http-kernel/&lt;strong&gt;HttpKernelBrowser.php&lt;/strong&gt;
            &lt;/a&gt;
                            &lt;span class="trace-type"&gt;-&gt;&lt;/span&gt;
                &lt;span class="trace-method"&gt;handle&lt;/span&gt;
                        (line 62)
            &lt;span class="icon icon-copy hidden" data-clipboard-text="vendor/symfony/http-kernel/HttpKernelBrowser.php:62"&gt;
                &lt;svg xmlns="http://www.w3.org/2000/svg" height="24" viewBox="0 0 24 24" width="24"&gt;&lt;path d="M0 0h24v24H0z" fill="none"/&gt;&lt;path d="M16 1H4c-1.1 0-2 .9-2 2v14h2V3h12V1zm3 4H8c-1.1 0-2 .9-2 2v14c0 1.1.9 2 2 2h11c1.1 0 2-.9 2-2V7c0-1.1-.9-2-2-2zm0 16H8V7h11v14z"/&gt;&lt;/svg&gt;            &lt;/span&gt;
        &lt;/span&gt;
    &lt;/div&gt;
    &lt;div id="trace-html-2-11" class="trace-code sf-toggle-content"&gt;
        &lt;ol start="57"&gt;&lt;li&gt;&lt;code&gt;&lt;span style="color: var(--highlight-keyword)"&gt;    &lt;/span&gt;&lt;span style="color: var(--highlight-comment)"&gt;/**&lt;/span&gt;&lt;/code&gt;&lt;/li&gt;
&lt;li&gt;&lt;code&gt;&lt;span style="color: var(--highlight-comment)"&gt;     * @param Request $request&lt;/span&gt;&lt;/code&gt;&lt;/li&gt;
&lt;li&gt;&lt;code&gt;&lt;span style="color: var(--highlight-comment)"&gt;     */&lt;/span&gt;&lt;/code&gt;&lt;/li&gt;
&lt;li&gt;&lt;code&gt;&lt;span style="color: var(--highlight-comment)"&gt;    &lt;/span&gt;&lt;span style="color: var(--highlight-keyword)"&gt;protected function &lt;/span&gt;&lt;span style="color: var(--highlight-default)"&gt;doRequest&lt;/span&gt;&lt;span style="color: var(--highlight-keyword)"&gt;(&lt;/span&gt;&lt;span style="color: var(--highlight-default)"&gt;object $request&lt;/span&gt;&lt;span style="color: var(--highlight-keyword)"&gt;): &lt;/span&gt;&lt;span style="color: var(--highlight-default)"&gt;Response&lt;/span&gt;&lt;/code&gt;&lt;/li&gt;
&lt;li&gt;&lt;code&gt;&lt;span style="color: var(--highlight-default)"&gt;    &lt;/span&gt;&lt;span style="color: var(--highlight-keyword)"&gt;{&lt;/span&gt;&lt;/code&gt;&lt;/li&gt;
&lt;li class="selected"&gt;&lt;code&gt;&lt;span style="color: var(--highlight-keyword)"&gt;        &lt;/span&gt;&lt;span style="color: var(--highlight-default)"&gt;$response &lt;/span&gt;&lt;span style="color: var(--highlight-keyword)"&gt;= &lt;/span&gt;&lt;span style="color: var(--highlight-default)"&gt;$this&lt;/span&gt;&lt;span style="color: var(--highlight-keyword)"&gt;-&amp;gt;&lt;/span&gt;&lt;span style="color: var(--highlight-default)"&gt;kernel&lt;/span&gt;&lt;span style="color: var(--highlight-keyword)"&gt;-&amp;gt;&lt;/span&gt;&lt;span style="color: var(--highlight-default)"&gt;handle&lt;/span&gt;&lt;span style="color: var(--highlight-keyword)"&gt;(&lt;/span&gt;&lt;span style="color: var(--highlight-default)"&gt;$request&lt;/span&gt;&lt;span style="color: var(--highlight-keyword)"&gt;, &lt;/span&gt;&lt;span style="color: var(--highlight-default)"&gt;HttpKernelInterface&lt;/span&gt;&lt;span style="color: var(--highlight-keyword)"&gt;::&lt;/span&gt;&lt;span style="color: var(--highlight-default)"&gt;MAIN_REQUEST&lt;/span&gt;&lt;span style="color: var(--highlight-keyword)"&gt;, &lt;/span&gt;&lt;span style="color: var(--highlight-default)"&gt;$this&lt;/span&gt;&lt;span style="color: var(--highlight-keyword)"&gt;-&amp;gt;&lt;/span&gt;&lt;span style="color: var(--highlight-default)"&gt;catchExceptions&lt;/span&gt;&lt;span style="color: var(--highlight-keyword)"&gt;);&lt;/span&gt;&lt;/code&gt;&lt;/li&gt;
&lt;li&gt;&lt;code&gt;&lt;span style="color: var(--highlight-keyword)"&gt;&lt;/span&gt;&lt;/code&gt;&lt;/li&gt;
&lt;li&gt;&lt;code&gt;&lt;span style="color: var(--highlight-keyword)"&gt;        if (&lt;/span&gt;&lt;span style="color: var(--highlight-default)"&gt;$this&lt;/span&gt;&lt;span style="color: var(--highlight-keyword)"&gt;-&amp;gt;&lt;/span&gt;&lt;span style="color: var(--highlight-default)"&gt;kernel &lt;/span&gt;&lt;span style="color: var(--highlight-keyword)"&gt;instanceof &lt;/span&gt;&lt;span style="color: var(--highlight-default)"&gt;TerminableInterface&lt;/span&gt;&lt;span style="color: var(--highlight-keyword)"&gt;) {&lt;/span&gt;&lt;/code&gt;&lt;/li&gt;
&lt;li&gt;&lt;code&gt;&lt;span style="color: var(--highlight-keyword)"&gt;            &lt;/span&gt;&lt;span style="color: var(--highlight-default)"&gt;$this&lt;/span&gt;&lt;span style="color: var(--highlight-keyword)"&gt;-&amp;gt;&lt;/span&gt;&lt;span style="color: var(--highlight-default)"&gt;kernel&lt;/span&gt;&lt;span style="color: var(--highlight-keyword)"&gt;-&amp;gt;&lt;/span&gt;&lt;span style="color: var(--highlight-default)"&gt;terminate&lt;/span&gt;&lt;span style="color: var(--highlight-keyword)"&gt;(&lt;/span&gt;&lt;span style="color: var(--highlight-default)"&gt;$request&lt;/span&gt;&lt;span style="color: var(--highlight-keyword)"&gt;, &lt;/span&gt;&lt;span style="color: var(--highlight-default)"&gt;$response&lt;/span&gt;&lt;span style="color: var(--highlight-keyword)"&gt;);&lt;/span&gt;&lt;/code&gt;&lt;/li&gt;
&lt;li&gt;&lt;code&gt;&lt;span style="color: var(--highlight-keyword)"&gt;        }&lt;/span&gt;&lt;/code&gt;&lt;/li&gt;
&lt;li&gt;&lt;code&gt;&lt;span style="color: var(--highlight-keyword)"&gt;&lt;/span&gt;&lt;/code&gt;&lt;/li&gt;&lt;/ol&gt;    &lt;/div&gt;            &lt;/div&gt;
                        &lt;div class="trace-line trace-from-vendor"&gt;
                &lt;div class="trace-line-header break-long-words sf-toggle" data-toggle-selector="#trace-html-2-12" data-toggle-initial=""&gt;
            &lt;span class="icon icon-close"&gt;&lt;svg width="1792" height="1792" viewBox="0 0 1792 1792" xmlns="http://www.w3.org/2000/svg"&gt;&lt;path d="M1408 960V832q0-26-19-45t-45-19H448q-26 0-45 19t-19 45v128q0 26 19 45t45 19h896q26 0 45-19t19-45zm256-544v960q0 119-84.5 203.5T1376 1664H416q-119 0-203.5-84.5T128 1376V416q0-119 84.5-203.5T416 128h960q119 0 203.5 84.5T1664 416z"/&gt;&lt;/svg&gt;&lt;/span&gt;
        &lt;span class="icon icon-open"&gt;&lt;svg width="1792" height="1792" viewBox="0 0 1792 1792" xmlns="http://www.w3.org/2000/svg"&gt;&lt;path d="M1408 960V832q0-26-19-45t-45-19h-320V448q0-26-19-45t-45-19H832q-26 0-45 19t-19 45v320H448q-26 0-45 19t-19 45v128q0 26 19 45t45 19h320v320q0 26 19 45t45 19h128q26 0 45-19t19-45v-320h320q26 0 45-19t19-45zm256-544v960q0 119-84.5 203.5T1376 1664H416q-119 0-203.5-84.5T128 1376V416q0-119 84.5-203.5T416 128h960q119 0 203.5 84.5T1664 416z"/&gt;&lt;/svg&gt;&lt;/span&gt;
    
    
                    &lt;span class="block trace-file-path"&gt;
            in
            &lt;a href="file:///home/h3rmano/dbwebb-kurser/mvc/me/report/vendor/symfony/framework-bundle/KernelBrowser.php#L157"&gt;
                vendor/symfony/framework-bundle/&lt;strong&gt;KernelBrowser.php&lt;/strong&gt;
            &lt;/a&gt;
                            &lt;span class="trace-type"&gt;-&gt;&lt;/span&gt;
                &lt;span class="trace-method"&gt;doRequest&lt;/span&gt;
                        (line 157)
            &lt;span class="icon icon-copy hidden" data-clipboard-text="vendor/symfony/framework-bundle/KernelBrowser.php:157"&gt;
                &lt;svg xmlns="http://www.w3.org/2000/svg" height="24" viewBox="0 0 24 24" width="24"&gt;&lt;path d="M0 0h24v24H0z" fill="none"/&gt;&lt;path d="M16 1H4c-1.1 0-2 .9-2 2v14h2V3h12V1zm3 4H8c-1.1 0-2 .9-2 2v14c0 1.1.9 2 2 2h11c1.1 0 2-.9 2-2V7c0-1.1-.9-2-2-2zm0 16H8V7h11v14z"/&gt;&lt;/svg&gt;            &lt;/span&gt;
        &lt;/span&gt;
    &lt;/div&gt;
    &lt;div id="trace-html-2-12" class="trace-code sf-toggle-content"&gt;
        &lt;ol start="152"&gt;&lt;li&gt;&lt;code&gt;&lt;span style="color: var(--highlight-keyword)"&gt;&lt;/span&gt;&lt;/code&gt;&lt;/li&gt;
&lt;li&gt;&lt;code&gt;&lt;span style="color: var(--highlight-keyword)"&gt;            &lt;/span&gt;&lt;span style="color: var(--highlight-default)"&gt;$this&lt;/span&gt;&lt;span style="color: var(--highlight-keyword)"&gt;-&amp;gt;&lt;/span&gt;&lt;span style="color: var(--highlight-default)"&gt;kernel&lt;/span&gt;&lt;span style="color: var(--highlight-keyword)"&gt;-&amp;gt;&lt;/span&gt;&lt;span style="color: var(--highlight-default)"&gt;boot&lt;/span&gt;&lt;span style="color: var(--highlight-keyword)"&gt;();&lt;/span&gt;&lt;/code&gt;&lt;/li&gt;
&lt;li&gt;&lt;code&gt;&lt;span style="color: var(--highlight-keyword)"&gt;            &lt;/span&gt;&lt;span style="color: var(--highlight-default)"&gt;$this&lt;/span&gt;&lt;span style="color: var(--highlight-keyword)"&gt;-&amp;gt;&lt;/span&gt;&lt;span style="color: var(--highlight-default)"&gt;getContainer&lt;/span&gt;&lt;span style="color: var(--highlight-keyword)"&gt;()-&amp;gt;&lt;/span&gt;&lt;span style="color: var(--highlight-default)"&gt;get&lt;/span&gt;&lt;span style="color: var(--highlight-keyword)"&gt;(&lt;/span&gt;&lt;span style="color: var(--highlight-string)"&gt;'profiler'&lt;/span&gt;&lt;span style="color: var(--highlight-keyword)"&gt;)-&amp;gt;&lt;/span&gt;&lt;span style="color: var(--highlight-default)"&gt;enable&lt;/span&gt;&lt;span style="color: var(--highlight-keyword)"&gt;();&lt;/span&gt;&lt;/code&gt;&lt;/li&gt;
&lt;li&gt;&lt;code&gt;&lt;span style="color: var(--highlight-keyword)"&gt;        }&lt;/span&gt;&lt;/code&gt;&lt;/li&gt;
&lt;li&gt;&lt;code&gt;&lt;span style="color: var(--highlight-keyword)"&gt;&lt;/span&gt;&lt;/code&gt;&lt;/li&gt;
&lt;li class="selected"&gt;&lt;code&gt;&lt;span style="color: var(--highlight-keyword)"&gt;        return &lt;/span&gt;&lt;span style="color: var(--highlight-default)"&gt;parent&lt;/span&gt;&lt;span style="color: var(--highlight-keyword)"&gt;::&lt;/span&gt;&lt;span style="color: var(--highlight-default)"&gt;doRequest&lt;/span&gt;&lt;span style="color: var(--highlight-keyword)"&gt;(&lt;/span&gt;&lt;span style="color: var(--highlight-default)"&gt;$request&lt;/span&gt;&lt;span style="color: var(--highlight-keyword)"&gt;);&lt;/span&gt;&lt;/code&gt;&lt;/li&gt;
&lt;li&gt;&lt;code&gt;&lt;span style="color: var(--highlight-keyword)"&gt;    }&lt;/span&gt;&lt;/code&gt;&lt;/li&gt;
&lt;li&gt;&lt;code&gt;&lt;span style="color: var(--highlight-keyword)"&gt;&lt;/span&gt;&lt;/code&gt;&lt;/li&gt;
&lt;li&gt;&lt;code&gt;&lt;span style="color: var(--highlight-keyword)"&gt;    &lt;/span&gt;&lt;span style="color: var(--highlight-comment)"&gt;/**&lt;/span&gt;&lt;/code&gt;&lt;/li&gt;
&lt;li&gt;&lt;code&gt;&lt;span style="color: var(--highlight-comment)"&gt;     * @param Request $request&lt;/span&gt;&lt;/code&gt;&lt;/li&gt;
&lt;li&gt;&lt;code&gt;&lt;span style="color: var(--highlight-comment)"&gt;     */&lt;/span&gt;&lt;/code&gt;&lt;/li&gt;&lt;/ol&gt;    &lt;/div&gt;            &lt;/div&gt;
                        &lt;div class="trace-line trace-from-vendor"&gt;
                &lt;div class="trace-line-header break-long-words sf-toggle" data-toggle-selector="#trace-html-2-13" data-toggle-initial=""&gt;
            &lt;span class="icon icon-close"&gt;&lt;svg width="1792" height="1792" viewBox="0 0 1792 1792" xmlns="http://www.w3.org/2000/svg"&gt;&lt;path d="M1408 960V832q0-26-19-45t-45-19H448q-26 0-45 19t-19 45v128q0 26 19 45t45 19h896q26 0 45-19t19-45zm256-544v960q0 119-84.5 203.5T1376 1664H416q-119 0-203.5-84.5T128 1376V416q0-119 84.5-203.5T416 128h960q119 0 203.5 84.5T1664 416z"/&gt;&lt;/svg&gt;&lt;/span&gt;
        &lt;span class="icon icon-open"&gt;&lt;svg width="1792" height="1792" viewBox="0 0 1792 1792" xmlns="http://www.w3.org/2000/svg"&gt;&lt;path d="M1408 960V832q0-26-19-45t-45-19h-320V448q0-26-19-45t-45-19H832q-26 0-45 19t-19 45v320H448q-26 0-45 19t-19 45v128q0 26 19 45t45 19h320v320q0 26 19 45t45 19h128q26 0 45-19t19-45v-320h320q26 0 45-19t19-45zm256-544v960q0 119-84.5 203.5T1376 1664H416q-119 0-203.5-84.5T128 1376V416q0-119 84.5-203.5T416 128h960q119 0 203.5 84.5T1664 416z"/&gt;&lt;/svg&gt;&lt;/span&gt;
    
    
                    &lt;span class="block trace-file-path"&gt;
            in
            &lt;a href="file:///home/h3rmano/dbwebb-kurser/mvc/me/report/vendor/symfony/browser-kit/AbstractBrowser.php#L378"&gt;
                vendor/symfony/browser-kit/&lt;strong&gt;AbstractBrowser.php&lt;/strong&gt;
            &lt;/a&gt;
                            &lt;span class="trace-type"&gt;-&gt;&lt;/span&gt;
                &lt;span class="trace-method"&gt;doRequest&lt;/span&gt;
                        (line 378)
            &lt;span class="icon icon-copy hidden" data-clipboard-text="vendor/symfony/browser-kit/AbstractBrowser.php:378"&gt;
                &lt;svg xmlns="http://www.w3.org/2000/svg" height="24" viewBox="0 0 24 24" width="24"&gt;&lt;path d="M0 0h24v24H0z" fill="none"/&gt;&lt;path d="M16 1H4c-1.1 0-2 .9-2 2v14h2V3h12V1zm3 4H8c-1.1 0-2 .9-2 2v14c0 1.1.9 2 2 2h11c1.1 0 2-.9 2-2V7c0-1.1-.9-2-2-2zm0 16H8V7h11v14z"/&gt;&lt;/svg&gt;            &lt;/span&gt;
        &lt;/span&gt;
    &lt;/div&gt;
    &lt;div id="trace-html-2-13" class="trace-code sf-toggle-content"&gt;
        &lt;ol start="373"&gt;&lt;li&gt;&lt;code&gt;&lt;span style="color: var(--highlight-keyword)"&gt;        }&lt;/span&gt;&lt;/code&gt;&lt;/li&gt;
&lt;li&gt;&lt;code&gt;&lt;span style="color: var(--highlight-keyword)"&gt;&lt;/span&gt;&lt;/code&gt;&lt;/li&gt;
&lt;li&gt;&lt;code&gt;&lt;span style="color: var(--highlight-keyword)"&gt;        if (&lt;/span&gt;&lt;span style="color: var(--highlight-default)"&gt;$this&lt;/span&gt;&lt;span style="color: var(--highlight-keyword)"&gt;-&amp;gt;&lt;/span&gt;&lt;span style="color: var(--highlight-default)"&gt;insulated&lt;/span&gt;&lt;span style="color: var(--highlight-keyword)"&gt;) {&lt;/span&gt;&lt;/code&gt;&lt;/li&gt;
&lt;li&gt;&lt;code&gt;&lt;span style="color: var(--highlight-keyword)"&gt;            &lt;/span&gt;&lt;span style="color: var(--highlight-default)"&gt;$this&lt;/span&gt;&lt;span style="color: var(--highlight-keyword)"&gt;-&amp;gt;&lt;/span&gt;&lt;span style="color: var(--highlight-default)"&gt;response &lt;/span&gt;&lt;span style="color: var(--highlight-keyword)"&gt;= &lt;/span&gt;&lt;span style="color: var(--highlight-default)"&gt;$this&lt;/span&gt;&lt;span style="color: var(--highlight-keyword)"&gt;-&amp;gt;&lt;/span&gt;&lt;span style="color: var(--highlight-default)"&gt;doRequestInProcess&lt;/span&gt;&lt;span style="color: var(--highlight-keyword)"&gt;(&lt;/span&gt;&lt;span style="color: var(--highlight-default)"&gt;$this&lt;/span&gt;&lt;span style="color: var(--highlight-keyword)"&gt;-&amp;gt;&lt;/span&gt;&lt;span style="color: var(--highlight-default)"&gt;request&lt;/span&gt;&lt;span style="color: var(--highlight-keyword)"&gt;);&lt;/span&gt;&lt;/code&gt;&lt;/li&gt;
&lt;li&gt;&lt;code&gt;&lt;span style="color: var(--highlight-keyword)"&gt;        } else {&lt;/span&gt;&lt;/code&gt;&lt;/li&gt;
&lt;li class="selected"&gt;&lt;code&gt;&lt;span style="color: var(--highlight-keyword)"&gt;            &lt;/span&gt;&lt;span style="color: var(--highlight-default)"&gt;$this&lt;/span&gt;&lt;span style="color: var(--highlight-keyword)"&gt;-&amp;gt;&lt;/span&gt;&lt;span style="color: var(--highlight-default)"&gt;response &lt;/span&gt;&lt;span style="color: var(--highlight-keyword)"&gt;= &lt;/span&gt;&lt;span style="color: var(--highlight-default)"&gt;$this&lt;/span&gt;&lt;span style="color: var(--highlight-keyword)"&gt;-&amp;gt;&lt;/span&gt;&lt;span style="color: var(--highlight-default)"&gt;doRequest&lt;/span&gt;&lt;span style="color: var(--highlight-keyword)"&gt;(&lt;/span&gt;&lt;span style="color: var(--highlight-default)"&gt;$this&lt;/span&gt;&lt;span style="color: var(--highlight-keyword)"&gt;-&amp;gt;&lt;/span&gt;&lt;span style="color: var(--highlight-default)"&gt;request&lt;/span&gt;&lt;span style="color: var(--highlight-keyword)"&gt;);&lt;/span&gt;&lt;/code&gt;&lt;/li&gt;
&lt;li&gt;&lt;code&gt;&lt;span style="color: var(--highlight-keyword)"&gt;        }&lt;/span&gt;&lt;/code&gt;&lt;/li&gt;
&lt;li&gt;&lt;code&gt;&lt;span style="color: var(--highlight-keyword)"&gt;&lt;/span&gt;&lt;/code&gt;&lt;/li&gt;
&lt;li&gt;&lt;code&gt;&lt;span style="color: var(--highlight-keyword)"&gt;        &lt;/span&gt;&lt;span style="color: var(--highlight-default)"&gt;$this&lt;/span&gt;&lt;span style="color: var(--highlight-keyword)"&gt;-&amp;gt;&lt;/span&gt;&lt;span style="color: var(--highlight-default)"&gt;internalResponse &lt;/span&gt;&lt;span style="color: var(--highlight-keyword)"&gt;= &lt;/span&gt;&lt;span style="color: var(--highlight-default)"&gt;$this&lt;/span&gt;&lt;span style="color: var(--highlight-keyword)"&gt;-&amp;gt;&lt;/span&gt;&lt;span style="color: var(--highlight-default)"&gt;filterResponse&lt;/span&gt;&lt;span style="color: var(--highlight-keyword)"&gt;(&lt;/span&gt;&lt;span style="color: var(--highlight-default)"&gt;$this&lt;/span&gt;&lt;span style="color: var(--highlight-keyword)"&gt;-&amp;gt;&lt;/span&gt;&lt;span style="color: var(--highlight-default)"&gt;response&lt;/span&gt;&lt;span style="color: var(--highlight-keyword)"&gt;);&lt;/span&gt;&lt;/code&gt;&lt;/li&gt;
&lt;li&gt;&lt;code&gt;&lt;span style="color: var(--highlight-keyword)"&gt;&lt;/span&gt;&lt;/code&gt;&lt;/li&gt;
&lt;li&gt;&lt;code&gt;&lt;span style="color: var(--highlight-keyword)"&gt;        &lt;/span&gt;&lt;span style="color: var(--highlight-default)"&gt;$this&lt;/span&gt;&lt;span style="color: var(--highlight-keyword)"&gt;-&amp;gt;&lt;/span&gt;&lt;span style="color: var(--highlight-default)"&gt;cookieJar&lt;/span&gt;&lt;span style="color: var(--highlight-keyword)"&gt;-&amp;gt;&lt;/span&gt;&lt;span style="color: var(--highlight-default)"&gt;updateFromResponse&lt;/span&gt;&lt;span style="color: var(--highlight-keyword)"&gt;(&lt;/span&gt;&lt;span style="color: var(--highlight-default)"&gt;$this&lt;/span&gt;&lt;span style="color: var(--highlight-keyword)"&gt;-&amp;gt;&lt;/span&gt;&lt;span style="color: var(--highlight-default)"&gt;internalResponse&lt;/span&gt;&lt;span style="color: var(--highlight-keyword)"&gt;, &lt;/span&gt;&lt;span style="color: var(--highlight-default)"&gt;$uri&lt;/span&gt;&lt;span style="color: var(--highlight-keyword)"&gt;);&lt;/span&gt;&lt;/code&gt;&lt;/li&gt;&lt;/ol&gt;    &lt;/div&gt;            &lt;/div&gt;
                        &lt;div class="trace-line "&gt;
                &lt;div class="trace-line-header break-long-words sf-toggle" data-toggle-selector="#trace-html-2-14" data-toggle-initial="display"&gt;
            &lt;span class="icon icon-close"&gt;&lt;svg width="1792" height="1792" viewBox="0 0 1792 1792" xmlns="http://www.w3.org/2000/svg"&gt;&lt;path d="M1408 960V832q0-26-19-45t-45-19H448q-26 0-45 19t-19 45v128q0 26 19 45t45 19h896q26 0 45-19t19-45zm256-544v960q0 119-84.5 203.5T1376 1664H416q-119 0-203.5-84.5T128 1376V416q0-119 84.5-203.5T416 128h960q119 0 203.5 84.5T1664 416z"/&gt;&lt;/svg&gt;&lt;/span&gt;
        &lt;span class="icon icon-open"&gt;&lt;svg width="1792" height="1792" viewBox="0 0 1792 1792" xmlns="http://www.w3.org/2000/svg"&gt;&lt;path d="M1408 960V832q0-26-19-45t-45-19h-320V448q0-26-19-45t-45-19H832q-26 0-45 19t-19 45v320H448q-26 0-45 19t-19 45v128q0 26 19 45t45 19h320v320q0 26 19 45t45 19h128q26 0 45-19t19-45v-320h320q26 0 45-19t19-45zm256-544v960q0 119-84.5 203.5T1376 1664H416q-119 0-203.5-84.5T128 1376V416q0-119 84.5-203.5T416 128h960q119 0 203.5 84.5T1664 416z"/&gt;&lt;/svg&gt;&lt;/span&gt;
    
            &lt;span class="trace-class"&gt;&lt;abbr title="Symfony\Component\BrowserKit\AbstractBrowser"&gt;AbstractBrowser&lt;/abbr&gt;&lt;/span&gt;&lt;span class="trace-type"&gt;-&gt;&lt;/span&gt;&lt;span class="trace-method"&gt;request&lt;/span&gt;&lt;span class="trace-arguments"&gt;()&lt;/span&gt;    
                    &lt;span class="block trace-file-path"&gt;
            in
            &lt;a href="file:///home/h3rmano/dbwebb-kurser/mvc/me/report/tests/Controller/BoookControllerTest.php#L12"&gt;
                tests/Controller/&lt;strong&gt;BoookControllerTest.php&lt;/strong&gt;
            &lt;/a&gt;
                        (line 12)
            &lt;span class="icon icon-copy hidden" data-clipboard-text="tests/Controller/BoookControllerTest.php:12"&gt;
                &lt;svg xmlns="http://www.w3.org/2000/svg" height="24" viewBox="0 0 24 24" width="24"&gt;&lt;path d="M0 0h24v24H0z" fill="none"/&gt;&lt;path d="M16 1H4c-1.1 0-2 .9-2 2v14h2V3h12V1zm3 4H8c-1.1 0-2 .9-2 2v14c0 1.1.9 2 2 2h11c1.1 0 2-.9 2-2V7c0-1.1-.9-2-2-2zm0 16H8V7h11v14z"/&gt;&lt;/svg&gt;            &lt;/span&gt;
        &lt;/span&gt;
    &lt;/div&gt;
    &lt;div id="trace-html-2-14" class="trace-code sf-toggle-content"&gt;
        &lt;ol start="7"&gt;&lt;li&gt;&lt;code&gt;&lt;span style="color: var(--highlight-keyword)"&gt;final class &lt;/span&gt;&lt;span style="color: var(--highlight-default)"&gt;BoookControllerTest &lt;/span&gt;&lt;span style="color: var(--highlight-keyword)"&gt;extends &lt;/span&gt;&lt;span style="color: var(--highlight-default)"&gt;WebTestCase&lt;/span&gt;&lt;/code&gt;&lt;/li&gt;
&lt;li&gt;&lt;code&gt;&lt;span style="color: var(--highlight-default)"&gt;&lt;/span&gt;&lt;span style="color: var(--highlight-keyword)"&gt;{&lt;/span&gt;&lt;/code&gt;&lt;/li&gt;
&lt;li&gt;&lt;code&gt;&lt;span style="color: var(--highlight-keyword)"&gt;    public function &lt;/span&gt;&lt;span style="color: var(--highlight-default)"&gt;testIndex&lt;/span&gt;&lt;span style="color: var(--highlight-keyword)"&gt;(): &lt;/span&gt;&lt;span style="color: var(--highlight-default)"&gt;void&lt;/span&gt;&lt;/code&gt;&lt;/li&gt;
&lt;li&gt;&lt;code&gt;&lt;span style="color: var(--highlight-default)"&gt;    &lt;/span&gt;&lt;span style="color: var(--highlight-keyword)"&gt;{&lt;/span&gt;&lt;/code&gt;&lt;/li&gt;
&lt;li&gt;&lt;code&gt;&lt;span style="color: var(--highlight-keyword)"&gt;        &lt;/span&gt;&lt;span style="color: var(--highlight-default)"&gt;$client &lt;/span&gt;&lt;span style="color: var(--highlight-keyword)"&gt;= static::&lt;/span&gt;&lt;span style="color: var(--highlight-default)"&gt;createClient&lt;/span&gt;&lt;span style="color: var(--highlight-keyword)"&gt;();&lt;/span&gt;&lt;/code&gt;&lt;/li&gt;
&lt;li class="selected"&gt;&lt;code&gt;&lt;span style="color: var(--highlight-keyword)"&gt;        &lt;/span&gt;&lt;span style="color: var(--highlight-default)"&gt;$client&lt;/span&gt;&lt;span style="color: var(--highlight-keyword)"&gt;-&amp;gt;&lt;/span&gt;&lt;span style="color: var(--highlight-default)"&gt;request&lt;/span&gt;&lt;span style="color: var(--highlight-keyword)"&gt;(&lt;/span&gt;&lt;span style="color: var(--highlight-string)"&gt;'GET'&lt;/span&gt;&lt;span style="color: var(--highlight-keyword)"&gt;, &lt;/span&gt;&lt;span style="color: var(--highlight-string)"&gt;'/boook'&lt;/span&gt;&lt;span style="color: var(--highlight-keyword)"&gt;);&lt;/span&gt;&lt;/code&gt;&lt;/li&gt;
&lt;li&gt;&lt;code&gt;&lt;span style="color: var(--highlight-keyword)"&gt;&lt;/span&gt;&lt;/code&gt;&lt;/li&gt;
&lt;li&gt;&lt;code&gt;&lt;span style="color: var(--highlight-keyword)"&gt;        &lt;/span&gt;&lt;span style="color: var(--highlight-default)"&gt;self&lt;/span&gt;&lt;span style="color: var(--highlight-keyword)"&gt;::&lt;/span&gt;&lt;span style="color: var(--highlight-default)"&gt;assertResponseIsSuccessful&lt;/span&gt;&lt;span style="color: var(--highlight-keyword)"&gt;();&lt;/span&gt;&lt;/code&gt;&lt;/li&gt;
&lt;li&gt;&lt;code&gt;&lt;span style="color: var(--highlight-keyword)"&gt;    }&lt;/span&gt;&lt;/code&gt;&lt;/li&gt;
&lt;li&gt;&lt;code&gt;&lt;span style="color: var(--highlight-keyword)"&gt;}&lt;/span&gt;&lt;/code&gt;&lt;/li&gt;
&lt;li&gt;&lt;code&gt;&lt;span style="color: var(--highlight-keyword)"&gt;&lt;/span&gt;&lt;/code&gt;&lt;/li&gt;&lt;/ol&gt;    &lt;/div&gt;            &lt;/div&gt;
                        &lt;div class="trace-line trace-from-vendor"&gt;
                &lt;div class="trace-line-header break-long-words sf-toggle" data-toggle-selector="#trace-html-2-15" data-toggle-initial=""&gt;
            &lt;span class="icon icon-close"&gt;&lt;svg width="1792" height="1792" viewBox="0 0 1792 1792" xmlns="http://www.w3.org/2000/svg"&gt;&lt;path d="M1408 960V832q0-26-19-45t-45-19H448q-26 0-45 19t-19 45v128q0 26 19 45t45 19h896q26 0 45-19t19-45zm256-544v960q0 119-84.5 203.5T1376 1664H416q-119 0-203.5-84.5T128 1376V416q0-119 84.5-203.5T416 128h960q119 0 203.5 84.5T1664 416z"/&gt;&lt;/svg&gt;&lt;/span&gt;
        &lt;span class="icon icon-open"&gt;&lt;svg width="1792" height="1792" viewBox="0 0 1792 1792" xmlns="http://www.w3.org/2000/svg"&gt;&lt;path d="M1408 960V832q0-26-19-45t-45-19h-320V448q0-26-19-45t-45-19H832q-26 0-45 19t-19 45v320H448q-26 0-45 19t-19 45v128q0 26 19 45t45 19h320v320q0 26 19 45t45 19h128q26 0 45-19t19-45v-320h320q26 0 45-19t19-45zm256-544v960q0 119-84.5 203.5T1376 1664H416q-119 0-203.5-84.5T128 1376V416q0-119 84.5-203.5T416 128h960q119 0 203.5 84.5T1664 416z"/&gt;&lt;/svg&gt;&lt;/span&gt;
    
    
                    &lt;span class="block trace-file-path"&gt;
            in
            &lt;a href="file:///home/h3rmano/dbwebb-kurser/mvc/me/report/vendor/phpunit/phpunit/src/Framework/TestCase.php#L1617"&gt;
                vendor/phpunit/phpunit/src/Framework/&lt;strong&gt;TestCase.php&lt;/strong&gt;
            &lt;/a&gt;
                            &lt;span class="trace-type"&gt;-&gt;&lt;/span&gt;
                &lt;span class="trace-method"&gt;testIndex&lt;/span&gt;
                        (line 1617)
            &lt;span class="icon icon-copy hidden" data-clipboard-text="vendor/phpunit/phpunit/src/Framework/TestCase.php:1617"&gt;
                &lt;svg xmlns="http://www.w3.org/2000/svg" height="24" viewBox="0 0 24 24" width="24"&gt;&lt;path d="M0 0h24v24H0z" fill="none"/&gt;&lt;path d="M16 1H4c-1.1 0-2 .9-2 2v14h2V3h12V1zm3 4H8c-1.1 0-2 .9-2 2v14c0 1.1.9 2 2 2h11c1.1 0 2-.9 2-2V7c0-1.1-.9-2-2-2zm0 16H8V7h11v14z"/&gt;&lt;/svg&gt;            &lt;/span&gt;
        &lt;/span&gt;
    &lt;/div&gt;
    &lt;div id="trace-html-2-15" class="trace-code sf-toggle-content"&gt;
        &lt;ol start="1612"&gt;&lt;li&gt;&lt;code&gt;&lt;span style="color: var(--highlight-keyword)"&gt;        &lt;/span&gt;&lt;span style="color: var(--highlight-default)"&gt;$testArguments &lt;/span&gt;&lt;span style="color: var(--highlight-keyword)"&gt;= &lt;/span&gt;&lt;span style="color: var(--highlight-default)"&gt;array_merge&lt;/span&gt;&lt;span style="color: var(--highlight-keyword)"&gt;(&lt;/span&gt;&lt;span style="color: var(--highlight-default)"&gt;$this&lt;/span&gt;&lt;span style="color: var(--highlight-keyword)"&gt;-&amp;gt;&lt;/span&gt;&lt;span style="color: var(--highlight-default)"&gt;data&lt;/span&gt;&lt;span style="color: var(--highlight-keyword)"&gt;, &lt;/span&gt;&lt;span style="color: var(--highlight-default)"&gt;$this&lt;/span&gt;&lt;span style="color: var(--highlight-keyword)"&gt;-&amp;gt;&lt;/span&gt;&lt;span style="color: var(--highlight-default)"&gt;dependencyInput&lt;/span&gt;&lt;span style="color: var(--highlight-keyword)"&gt;);&lt;/span&gt;&lt;/code&gt;&lt;/li&gt;
&lt;li&gt;&lt;code&gt;&lt;span style="color: var(--highlight-keyword)"&gt;&lt;/span&gt;&lt;/code&gt;&lt;/li&gt;
&lt;li&gt;&lt;code&gt;&lt;span style="color: var(--highlight-keyword)"&gt;        &lt;/span&gt;&lt;span style="color: var(--highlight-default)"&gt;$this&lt;/span&gt;&lt;span style="color: var(--highlight-keyword)"&gt;-&amp;gt;&lt;/span&gt;&lt;span style="color: var(--highlight-default)"&gt;registerMockObjectsFromTestArguments&lt;/span&gt;&lt;span style="color: var(--highlight-keyword)"&gt;(&lt;/span&gt;&lt;span style="color: var(--highlight-default)"&gt;$testArguments&lt;/span&gt;&lt;span style="color: var(--highlight-keyword)"&gt;);&lt;/span&gt;&lt;/code&gt;&lt;/li&gt;
&lt;li&gt;&lt;code&gt;&lt;span style="color: var(--highlight-keyword)"&gt;&lt;/span&gt;&lt;/code&gt;&lt;/li&gt;
&lt;li&gt;&lt;code&gt;&lt;span style="color: var(--highlight-keyword)"&gt;        try {&lt;/span&gt;&lt;/code&gt;&lt;/li&gt;
&lt;li class="selected"&gt;&lt;code&gt;&lt;span style="color: var(--highlight-keyword)"&gt;            &lt;/span&gt;&lt;span style="color: var(--highlight-default)"&gt;$testResult &lt;/span&gt;&lt;span style="color: var(--highlight-keyword)"&gt;= &lt;/span&gt;&lt;span style="color: var(--highlight-default)"&gt;$this&lt;/span&gt;&lt;span style="color: var(--highlight-keyword)"&gt;-&amp;gt;{&lt;/span&gt;&lt;span style="color: var(--highlight-default)"&gt;$this&lt;/span&gt;&lt;span style="color: var(--highlight-keyword)"&gt;-&amp;gt;&lt;/span&gt;&lt;span style="color: var(--highlight-default)"&gt;name&lt;/span&gt;&lt;span style="color: var(--highlight-keyword)"&gt;}(...&lt;/span&gt;&lt;span style="color: var(--highlight-default)"&gt;array_values&lt;/span&gt;&lt;span style="color: var(--highlight-keyword)"&gt;(&lt;/span&gt;&lt;span style="color: var(--highlight-default)"&gt;$testArguments&lt;/span&gt;&lt;span style="color: var(--highlight-keyword)"&gt;));&lt;/span&gt;&lt;/code&gt;&lt;/li&gt;
&lt;li&gt;&lt;code&gt;&lt;span style="color: var(--highlight-keyword)"&gt;        } catch (&lt;/span&gt;&lt;span style="color: var(--highlight-default)"&gt;Throwable $exception&lt;/span&gt;&lt;span style="color: var(--highlight-keyword)"&gt;) {&lt;/span&gt;&lt;/code&gt;&lt;/li&gt;
&lt;li&gt;&lt;code&gt;&lt;span style="color: var(--highlight-keyword)"&gt;            if (!&lt;/span&gt;&lt;span style="color: var(--highlight-default)"&gt;$this&lt;/span&gt;&lt;span style="color: var(--highlight-keyword)"&gt;-&amp;gt;&lt;/span&gt;&lt;span style="color: var(--highlight-default)"&gt;checkExceptionExpectations&lt;/span&gt;&lt;span style="color: var(--highlight-keyword)"&gt;(&lt;/span&gt;&lt;span style="color: var(--highlight-default)"&gt;$exception&lt;/span&gt;&lt;span style="color: var(--highlight-keyword)"&gt;)) {&lt;/span&gt;&lt;/code&gt;&lt;/li&gt;
&lt;li&gt;&lt;code&gt;&lt;span style="color: var(--highlight-keyword)"&gt;                throw &lt;/span&gt;&lt;span style="color: var(--highlight-default)"&gt;$exception&lt;/span&gt;&lt;span style="color: var(--highlight-keyword)"&gt;;&lt;/span&gt;&lt;/code&gt;&lt;/li&gt;
&lt;li&gt;&lt;code&gt;&lt;span style="color: var(--highlight-keyword)"&gt;            }&lt;/span&gt;&lt;/code&gt;&lt;/li&gt;
&lt;li&gt;&lt;code&gt;&lt;span style="color: var(--highlight-keyword)"&gt;&lt;/span&gt;&lt;/code&gt;&lt;/li&gt;&lt;/ol&gt;    &lt;/div&gt;            &lt;/div&gt;
                        &lt;div class="trace-line trace-from-vendor"&gt;
                &lt;div class="trace-line-header break-long-words sf-toggle" data-toggle-selector="#trace-html-2-16" data-toggle-initial=""&gt;
            &lt;span class="icon icon-close"&gt;&lt;svg width="1792" height="1792" viewBox="0 0 1792 1792" xmlns="http://www.w3.org/2000/svg"&gt;&lt;path d="M1408 960V832q0-26-19-45t-45-19H448q-26 0-45 19t-19 45v128q0 26 19 45t45 19h896q26 0 45-19t19-45zm256-544v960q0 119-84.5 203.5T1376 1664H416q-119 0-203.5-84.5T128 1376V416q0-119 84.5-203.5T416 128h960q119 0 203.5 84.5T1664 416z"/&gt;&lt;/svg&gt;&lt;/span&gt;
        &lt;span class="icon icon-open"&gt;&lt;svg width="1792" height="1792" viewBox="0 0 1792 1792" xmlns="http://www.w3.org/2000/svg"&gt;&lt;path d="M1408 960V832q0-26-19-45t-45-19h-320V448q0-26-19-45t-45-19H832q-26 0-45 19t-19 45v320H448q-26 0-45 19t-19 45v128q0 26 19 45t45 19h320v320q0 26 19 45t45 19h128q26 0 45-19t19-45v-320h320q26 0 45-19t19-45zm256-544v960q0 119-84.5 203.5T1376 1664H416q-119 0-203.5-84.5T128 1376V416q0-119 84.5-203.5T416 128h960q119 0 203.5 84.5T1664 416z"/&gt;&lt;/svg&gt;&lt;/span&gt;
    
    
                    &lt;span class="block trace-file-path"&gt;
            in
            &lt;a href="file:///home/h3rmano/dbwebb-kurser/mvc/me/report/vendor/phpunit/phpunit/src/Framework/TestCase.php#L1223"&gt;
                vendor/phpunit/phpunit/src/Framework/&lt;strong&gt;TestCase.php&lt;/strong&gt;
            &lt;/a&gt;
                            &lt;span class="trace-type"&gt;-&gt;&lt;/span&gt;
                &lt;span class="trace-method"&gt;runTest&lt;/span&gt;
                        (line 1223)
            &lt;span class="icon icon-copy hidden" data-clipboard-text="vendor/phpunit/phpunit/src/Framework/TestCase.php:1223"&gt;
                &lt;svg xmlns="http://www.w3.org/2000/svg" height="24" viewBox="0 0 24 24" width="24"&gt;&lt;path d="M0 0h24v24H0z" fill="none"/&gt;&lt;path d="M16 1H4c-1.1 0-2 .9-2 2v14h2V3h12V1zm3 4H8c-1.1 0-2 .9-2 2v14c0 1.1.9 2 2 2h11c1.1 0 2-.9 2-2V7c0-1.1-.9-2-2-2zm0 16H8V7h11v14z"/&gt;&lt;/svg&gt;            &lt;/span&gt;
        &lt;/span&gt;
    &lt;/div&gt;
    &lt;div id="trace-html-2-16" class="trace-code sf-toggle-content"&gt;
        &lt;ol start="1218"&gt;&lt;li&gt;&lt;code&gt;&lt;span style="color: var(--highlight-keyword)"&gt;&lt;/span&gt;&lt;/code&gt;&lt;/li&gt;
&lt;li&gt;&lt;code&gt;&lt;span style="color: var(--highlight-keyword)"&gt;            foreach (&lt;/span&gt;&lt;span style="color: var(--highlight-default)"&gt;$hookMethods&lt;/span&gt;&lt;span style="color: var(--highlight-keyword)"&gt;[&lt;/span&gt;&lt;span style="color: var(--highlight-string)"&gt;'preCondition'&lt;/span&gt;&lt;span style="color: var(--highlight-keyword)"&gt;] as &lt;/span&gt;&lt;span style="color: var(--highlight-default)"&gt;$method&lt;/span&gt;&lt;span style="color: var(--highlight-keyword)"&gt;) {&lt;/span&gt;&lt;/code&gt;&lt;/li&gt;
&lt;li&gt;&lt;code&gt;&lt;span style="color: var(--highlight-keyword)"&gt;                &lt;/span&gt;&lt;span style="color: var(--highlight-default)"&gt;$this&lt;/span&gt;&lt;span style="color: var(--highlight-keyword)"&gt;-&amp;gt;{&lt;/span&gt;&lt;span style="color: var(--highlight-default)"&gt;$method&lt;/span&gt;&lt;span style="color: var(--highlight-keyword)"&gt;}();&lt;/span&gt;&lt;/code&gt;&lt;/li&gt;
&lt;li&gt;&lt;code&gt;&lt;span style="color: var(--highlight-keyword)"&gt;            }&lt;/span&gt;&lt;/code&gt;&lt;/li&gt;
&lt;li&gt;&lt;code&gt;&lt;span style="color: var(--highlight-keyword)"&gt;&lt;/span&gt;&lt;/code&gt;&lt;/li&gt;
&lt;li class="selected"&gt;&lt;code&gt;&lt;span style="color: var(--highlight-keyword)"&gt;            &lt;/span&gt;&lt;span style="color: var(--highlight-default)"&gt;$this&lt;/span&gt;&lt;span style="color: var(--highlight-keyword)"&gt;-&amp;gt;&lt;/span&gt;&lt;span style="color: var(--highlight-default)"&gt;testResult &lt;/span&gt;&lt;span style="color: var(--highlight-keyword)"&gt;= &lt;/span&gt;&lt;span style="color: var(--highlight-default)"&gt;$this&lt;/span&gt;&lt;span style="color: var(--highlight-keyword)"&gt;-&amp;gt;&lt;/span&gt;&lt;span style="color: var(--highlight-default)"&gt;runTest&lt;/span&gt;&lt;span style="color: var(--highlight-keyword)"&gt;();&lt;/span&gt;&lt;/code&gt;&lt;/li&gt;
&lt;li&gt;&lt;code&gt;&lt;span style="color: var(--highlight-keyword)"&gt;            &lt;/span&gt;&lt;span style="color: var(--highlight-default)"&gt;$this&lt;/span&gt;&lt;span style="color: var(--highlight-keyword)"&gt;-&amp;gt;&lt;/span&gt;&lt;span style="color: var(--highlight-default)"&gt;verifyMockObjects&lt;/span&gt;&lt;span style="color: var(--highlight-keyword)"&gt;();&lt;/span&gt;&lt;/code&gt;&lt;/li&gt;
&lt;li&gt;&lt;code&gt;&lt;span style="color: var(--highlight-keyword)"&gt;&lt;/span&gt;&lt;/code&gt;&lt;/li&gt;
&lt;li&gt;&lt;code&gt;&lt;span style="color: var(--highlight-keyword)"&gt;            foreach (&lt;/span&gt;&lt;span style="color: var(--highlight-default)"&gt;$hookMethods&lt;/span&gt;&lt;span style="color: var(--highlight-keyword)"&gt;[&lt;/span&gt;&lt;span style="color: var(--highlight-string)"&gt;'postCondition'&lt;/span&gt;&lt;span style="color: var(--highlight-keyword)"&gt;] as &lt;/span&gt;&lt;span style="color: var(--highlight-default)"&gt;$method&lt;/span&gt;&lt;span style="color: var(--highlight-keyword)"&gt;) {&lt;/span&gt;&lt;/code&gt;&lt;/li&gt;
&lt;li&gt;&lt;code&gt;&lt;span style="color: var(--highlight-keyword)"&gt;                &lt;/span&gt;&lt;span style="color: var(--highlight-default)"&gt;$this&lt;/span&gt;&lt;span style="color: var(--highlight-keyword)"&gt;-&amp;gt;{&lt;/span&gt;&lt;span style="color: var(--highlight-default)"&gt;$method&lt;/span&gt;&lt;span style="color: var(--highlight-keyword)"&gt;}();&lt;/span&gt;&lt;/code&gt;&lt;/li&gt;
&lt;li&gt;&lt;code&gt;&lt;span style="color: var(--highlight-keyword)"&gt;            }&lt;/span&gt;&lt;/code&gt;&lt;/li&gt;&lt;/ol&gt;    &lt;/div&gt;            &lt;/div&gt;
                        &lt;div class="trace-line trace-from-vendor"&gt;
                &lt;div class="trace-line-header break-long-words sf-toggle" data-toggle-selector="#trace-html-2-17" data-toggle-initial=""&gt;
            &lt;span class="icon icon-close"&gt;&lt;svg width="1792" height="1792" viewBox="0 0 1792 1792" xmlns="http://www.w3.org/2000/svg"&gt;&lt;path d="M1408 960V832q0-26-19-45t-45-19H448q-26 0-45 19t-19 45v128q0 26 19 45t45 19h896q26 0 45-19t19-45zm256-544v960q0 119-84.5 203.5T1376 1664H416q-119 0-203.5-84.5T128 1376V416q0-119 84.5-203.5T416 128h960q119 0 203.5 84.5T1664 416z"/&gt;&lt;/svg&gt;&lt;/span&gt;
        &lt;span class="icon icon-open"&gt;&lt;svg width="1792" height="1792" viewBox="0 0 1792 1792" xmlns="http://www.w3.org/2000/svg"&gt;&lt;path d="M1408 960V832q0-26-19-45t-45-19h-320V448q0-26-19-45t-45-19H832q-26 0-45 19t-19 45v320H448q-26 0-45 19t-19 45v128q0 26 19 45t45 19h320v320q0 26 19 45t45 19h128q26 0 45-19t19-45v-320h320q26 0 45-19t19-45zm256-544v960q0 119-84.5 203.5T1376 1664H416q-119 0-203.5-84.5T128 1376V416q0-119 84.5-203.5T416 128h960q119 0 203.5 84.5T1664 416z"/&gt;&lt;/svg&gt;&lt;/span&gt;
    
    
                    &lt;span class="block trace-file-path"&gt;
            in
            &lt;a href="file:///home/h3rmano/dbwebb-kurser/mvc/me/report/vendor/phpunit/phpunit/src/Framework/TestResult.php#L729"&gt;
                vendor/phpunit/phpunit/src/Framework/&lt;strong&gt;TestResult.php&lt;/strong&gt;
            &lt;/a&gt;
                            &lt;span class="trace-type"&gt;-&gt;&lt;/span&gt;
                &lt;span class="trace-method"&gt;runBare&lt;/span&gt;
                        (line 729)
            &lt;span class="icon icon-copy hidden" data-clipboard-text="vendor/phpunit/phpunit/src/Framework/TestResult.php:729"&gt;
                &lt;svg xmlns="http://www.w3.org/2000/svg" height="24" viewBox="0 0 24 24" width="24"&gt;&lt;path d="M0 0h24v24H0z" fill="none"/&gt;&lt;path d="M16 1H4c-1.1 0-2 .9-2 2v14h2V3h12V1zm3 4H8c-1.1 0-2 .9-2 2v14c0 1.1.9 2 2 2h11c1.1 0 2-.9 2-2V7c0-1.1-.9-2-2-2zm0 16H8V7h11v14z"/&gt;&lt;/svg&gt;            &lt;/span&gt;
        &lt;/span&gt;
    &lt;/div&gt;
    &lt;div id="trace-html-2-17" class="trace-code sf-toggle-content"&gt;
        &lt;ol start="724"&gt;&lt;li&gt;&lt;code&gt;&lt;span style="color: var(--highlight-keyword)"&gt;                        &lt;/span&gt;&lt;span style="color: var(--highlight-default)"&gt;$_timeout &lt;/span&gt;&lt;span style="color: var(--highlight-keyword)"&gt;= &lt;/span&gt;&lt;span style="color: var(--highlight-default)"&gt;$this&lt;/span&gt;&lt;span style="color: var(--highlight-keyword)"&gt;-&amp;gt;&lt;/span&gt;&lt;span style="color: var(--highlight-default)"&gt;defaultTimeLimit&lt;/span&gt;&lt;span style="color: var(--highlight-keyword)"&gt;;&lt;/span&gt;&lt;/code&gt;&lt;/li&gt;
&lt;li&gt;&lt;code&gt;&lt;span style="color: var(--highlight-keyword)"&gt;                }&lt;/span&gt;&lt;/code&gt;&lt;/li&gt;
&lt;li&gt;&lt;code&gt;&lt;span style="color: var(--highlight-keyword)"&gt;&lt;/span&gt;&lt;/code&gt;&lt;/li&gt;
&lt;li&gt;&lt;code&gt;&lt;span style="color: var(--highlight-keyword)"&gt;                &lt;/span&gt;&lt;span style="color: var(--highlight-default)"&gt;$invoker&lt;/span&gt;&lt;span style="color: var(--highlight-keyword)"&gt;-&amp;gt;&lt;/span&gt;&lt;span style="color: var(--highlight-default)"&gt;invoke&lt;/span&gt;&lt;span style="color: var(--highlight-keyword)"&gt;([&lt;/span&gt;&lt;span style="color: var(--highlight-default)"&gt;$test&lt;/span&gt;&lt;span style="color: var(--highlight-keyword)"&gt;, &lt;/span&gt;&lt;span style="color: var(--highlight-string)"&gt;'runBare'&lt;/span&gt;&lt;span style="color: var(--highlight-keyword)"&gt;], [], &lt;/span&gt;&lt;span style="color: var(--highlight-default)"&gt;$_timeout&lt;/span&gt;&lt;span style="color: var(--highlight-keyword)"&gt;);&lt;/span&gt;&lt;/code&gt;&lt;/li&gt;
&lt;li&gt;&lt;code&gt;&lt;span style="color: var(--highlight-keyword)"&gt;            } else {&lt;/span&gt;&lt;/code&gt;&lt;/li&gt;
&lt;li class="selected"&gt;&lt;code&gt;&lt;span style="color: var(--highlight-keyword)"&gt;                &lt;/span&gt;&lt;span style="color: var(--highlight-default)"&gt;$test&lt;/span&gt;&lt;span style="color: var(--highlight-keyword)"&gt;-&amp;gt;&lt;/span&gt;&lt;span style="color: var(--highlight-default)"&gt;runBare&lt;/span&gt;&lt;span style="color: var(--highlight-keyword)"&gt;();&lt;/span&gt;&lt;/code&gt;&lt;/li&gt;
&lt;li&gt;&lt;code&gt;&lt;span style="color: var(--highlight-keyword)"&gt;            }&lt;/span&gt;&lt;/code&gt;&lt;/li&gt;
&lt;li&gt;&lt;code&gt;&lt;span style="color: var(--highlight-keyword)"&gt;        } catch (&lt;/span&gt;&lt;span style="color: var(--highlight-default)"&gt;TimeoutException $e&lt;/span&gt;&lt;span style="color: var(--highlight-keyword)"&gt;) {&lt;/span&gt;&lt;/code&gt;&lt;/li&gt;
&lt;li&gt;&lt;code&gt;&lt;span style="color: var(--highlight-keyword)"&gt;            &lt;/span&gt;&lt;span style="color: var(--highlight-default)"&gt;$this&lt;/span&gt;&lt;span style="color: var(--highlight-keyword)"&gt;-&amp;gt;&lt;/span&gt;&lt;span style="color: var(--highlight-default)"&gt;addFailure&lt;/span&gt;&lt;span style="color: var(--highlight-keyword)"&gt;(&lt;/span&gt;&lt;/code&gt;&lt;/li&gt;
&lt;li&gt;&lt;code&gt;&lt;span style="color: var(--highlight-keyword)"&gt;                &lt;/span&gt;&lt;span style="color: var(--highlight-default)"&gt;$test&lt;/span&gt;&lt;span style="color: var(--highlight-keyword)"&gt;,&lt;/span&gt;&lt;/code&gt;&lt;/li&gt;
&lt;li&gt;&lt;code&gt;&lt;span style="color: var(--highlight-keyword)"&gt;                new &lt;/span&gt;&lt;span style="color: var(--highlight-default)"&gt;RiskyTestError&lt;/span&gt;&lt;span style="color: var(--highlight-keyword)"&gt;(&lt;/span&gt;&lt;/code&gt;&lt;/li&gt;&lt;/ol&gt;    &lt;/div&gt;            &lt;/div&gt;
                        &lt;div class="trace-line trace-from-vendor"&gt;
                &lt;div class="trace-line-header break-long-words sf-toggle" data-toggle-selector="#trace-html-2-18" data-toggle-initial=""&gt;
            &lt;span class="icon icon-close"&gt;&lt;svg width="1792" height="1792" viewBox="0 0 1792 1792" xmlns="http://www.w3.org/2000/svg"&gt;&lt;path d="M1408 960V832q0-26-19-45t-45-19H448q-26 0-45 19t-19 45v128q0 26 19 45t45 19h896q26 0 45-19t19-45zm256-544v960q0 119-84.5 203.5T1376 1664H416q-119 0-203.5-84.5T128 1376V416q0-119 84.5-203.5T416 128h960q119 0 203.5 84.5T1664 416z"/&gt;&lt;/svg&gt;&lt;/span&gt;
        &lt;span class="icon icon-open"&gt;&lt;svg width="1792" height="1792" viewBox="0 0 1792 1792" xmlns="http://www.w3.org/2000/svg"&gt;&lt;path d="M1408 960V832q0-26-19-45t-45-19h-320V448q0-26-19-45t-45-19H832q-26 0-45 19t-19 45v320H448q-26 0-45 19t-19 45v128q0 26 19 45t45 19h320v320q0 26 19 45t45 19h128q26 0 45-19t19-45v-320h320q26 0 45-19t19-45zm256-544v960q0 119-84.5 203.5T1376 1664H416q-119 0-203.5-84.5T128 1376V416q0-119 84.5-203.5T416 128h960q119 0 203.5 84.5T1664 416z"/&gt;&lt;/svg&gt;&lt;/span&gt;
    
    
                    &lt;span class="block trace-file-path"&gt;
            in
            &lt;a href="file:///home/h3rmano/dbwebb-kurser/mvc/me/report/vendor/phpunit/phpunit/src/Framework/TestCase.php#L973"&gt;
                vendor/phpunit/phpunit/src/Framework/&lt;strong&gt;TestCase.php&lt;/strong&gt;
            &lt;/a&gt;
                            &lt;span class="trace-type"&gt;-&gt;&lt;/span&gt;
                &lt;span class="trace-method"&gt;run&lt;/span&gt;
                        (line 973)
            &lt;span class="icon icon-copy hidden" data-clipboard-text="vendor/phpunit/phpunit/src/Framework/TestCase.php:973"&gt;
                &lt;svg xmlns="http://www.w3.org/2000/svg" height="24" viewBox="0 0 24 24" width="24"&gt;&lt;path d="M0 0h24v24H0z" fill="none"/&gt;&lt;path d="M16 1H4c-1.1 0-2 .9-2 2v14h2V3h12V1zm3 4H8c-1.1 0-2 .9-2 2v14c0 1.1.9 2 2 2h11c1.1 0 2-.9 2-2V7c0-1.1-.9-2-2-2zm0 16H8V7h11v14z"/&gt;&lt;/svg&gt;            &lt;/span&gt;
        &lt;/span&gt;
    &lt;/div&gt;
    &lt;div id="trace-html-2-18" class="trace-code sf-toggle-content"&gt;
        &lt;ol start="968"&gt;&lt;li&gt;&lt;code&gt;&lt;span style="color: var(--highlight-keyword)"&gt;            &lt;/span&gt;&lt;span style="color: var(--highlight-default)"&gt;$template&lt;/span&gt;&lt;span style="color: var(--highlight-keyword)"&gt;-&amp;gt;&lt;/span&gt;&lt;span style="color: var(--highlight-default)"&gt;setVar&lt;/span&gt;&lt;span style="color: var(--highlight-keyword)"&gt;(&lt;/span&gt;&lt;span style="color: var(--highlight-default)"&gt;$var&lt;/span&gt;&lt;span style="color: var(--highlight-keyword)"&gt;);&lt;/span&gt;&lt;/code&gt;&lt;/li&gt;
&lt;li&gt;&lt;code&gt;&lt;span style="color: var(--highlight-keyword)"&gt;&lt;/span&gt;&lt;/code&gt;&lt;/li&gt;
&lt;li&gt;&lt;code&gt;&lt;span style="color: var(--highlight-keyword)"&gt;            &lt;/span&gt;&lt;span style="color: var(--highlight-default)"&gt;$php &lt;/span&gt;&lt;span style="color: var(--highlight-keyword)"&gt;= &lt;/span&gt;&lt;span style="color: var(--highlight-default)"&gt;AbstractPhpProcess&lt;/span&gt;&lt;span style="color: var(--highlight-keyword)"&gt;::&lt;/span&gt;&lt;span style="color: var(--highlight-default)"&gt;factory&lt;/span&gt;&lt;span style="color: var(--highlight-keyword)"&gt;();&lt;/span&gt;&lt;/code&gt;&lt;/li&gt;
&lt;li&gt;&lt;code&gt;&lt;span style="color: var(--highlight-keyword)"&gt;            &lt;/span&gt;&lt;span style="color: var(--highlight-default)"&gt;$php&lt;/span&gt;&lt;span style="color: var(--highlight-keyword)"&gt;-&amp;gt;&lt;/span&gt;&lt;span style="color: var(--highlight-default)"&gt;runTestJob&lt;/span&gt;&lt;span style="color: var(--highlight-keyword)"&gt;(&lt;/span&gt;&lt;span style="color: var(--highlight-default)"&gt;$template&lt;/span&gt;&lt;span style="color: var(--highlight-keyword)"&gt;-&amp;gt;&lt;/span&gt;&lt;span style="color: var(--highlight-default)"&gt;render&lt;/span&gt;&lt;span style="color: var(--highlight-keyword)"&gt;(), &lt;/span&gt;&lt;span style="color: var(--highlight-default)"&gt;$this&lt;/span&gt;&lt;span style="color: var(--highlight-keyword)"&gt;, &lt;/span&gt;&lt;span style="color: var(--highlight-default)"&gt;$result&lt;/span&gt;&lt;span style="color: var(--highlight-keyword)"&gt;, &lt;/span&gt;&lt;span style="color: var(--highlight-default)"&gt;$processResultFile&lt;/span&gt;&lt;span style="color: var(--highlight-keyword)"&gt;);&lt;/span&gt;&lt;/code&gt;&lt;/li&gt;
&lt;li&gt;&lt;code&gt;&lt;span style="color: var(--highlight-keyword)"&gt;        } else {&lt;/span&gt;&lt;/code&gt;&lt;/li&gt;
&lt;li class="selected"&gt;&lt;code&gt;&lt;span style="color: var(--highlight-keyword)"&gt;            &lt;/span&gt;&lt;span style="color: var(--highlight-default)"&gt;$result&lt;/span&gt;&lt;span style="color: var(--highlight-keyword)"&gt;-&amp;gt;&lt;/span&gt;&lt;span style="color: var(--highlight-default)"&gt;run&lt;/span&gt;&lt;span style="color: var(--highlight-keyword)"&gt;(&lt;/span&gt;&lt;span style="color: var(--highlight-default)"&gt;$this&lt;/span&gt;&lt;span style="color: var(--highlight-keyword)"&gt;);&lt;/span&gt;&lt;/code&gt;&lt;/li&gt;
&lt;li&gt;&lt;code&gt;&lt;span style="color: var(--highlight-keyword)"&gt;        }&lt;/span&gt;&lt;/code&gt;&lt;/li&gt;
&lt;li&gt;&lt;code&gt;&lt;span style="color: var(--highlight-keyword)"&gt;&lt;/span&gt;&lt;/code&gt;&lt;/li&gt;
&lt;li&gt;&lt;code&gt;&lt;span style="color: var(--highlight-keyword)"&gt;        &lt;/span&gt;&lt;span style="color: var(--highlight-default)"&gt;$this&lt;/span&gt;&lt;span style="color: var(--highlight-keyword)"&gt;-&amp;gt;&lt;/span&gt;&lt;span style="color: var(--highlight-default)"&gt;result &lt;/span&gt;&lt;span style="color: var(--highlight-keyword)"&gt;= &lt;/span&gt;&lt;span style="color: var(--highlight-default)"&gt;null&lt;/span&gt;&lt;span style="color: var(--highlight-keyword)"&gt;;&lt;/span&gt;&lt;/code&gt;&lt;/li&gt;
&lt;li&gt;&lt;code&gt;&lt;span style="color: var(--highlight-keyword)"&gt;&lt;/span&gt;&lt;/code&gt;&lt;/li&gt;
&lt;li&gt;&lt;code&gt;&lt;span style="color: var(--highlight-keyword)"&gt;        return &lt;/span&gt;&lt;span style="color: var(--highlight-default)"&gt;$result&lt;/span&gt;&lt;span style="color: var(--highlight-keyword)"&gt;;&lt;/span&gt;&lt;/code&gt;&lt;/li&gt;&lt;/ol&gt;    &lt;/div&gt;            &lt;/div&gt;
                        &lt;div class="trace-line trace-from-vendor"&gt;
                &lt;div class="trace-line-header break-long-words sf-toggle" data-toggle-selector="#trace-html-2-19" data-toggle-initial=""&gt;
            &lt;span class="icon icon-close"&gt;&lt;svg width="1792" height="1792" viewBox="0 0 1792 1792" xmlns="http://www.w3.org/2000/svg"&gt;&lt;path d="M1408 960V832q0-26-19-45t-45-19H448q-26 0-45 19t-19 45v128q0 26 19 45t45 19h896q26 0 45-19t19-45zm256-544v960q0 119-84.5 203.5T1376 1664H416q-119 0-203.5-84.5T128 1376V416q0-119 84.5-203.5T416 128h960q119 0 203.5 84.5T1664 416z"/&gt;&lt;/svg&gt;&lt;/span&gt;
        &lt;span class="icon icon-open"&gt;&lt;svg width="1792" height="1792" viewBox="0 0 1792 1792" xmlns="http://www.w3.org/2000/svg"&gt;&lt;path d="M1408 960V832q0-26-19-45t-45-19h-320V448q0-26-19-45t-45-19H832q-26 0-45 19t-19 45v320H448q-26 0-45 19t-19 45v128q0 26 19 45t45 19h320v320q0 26 19 45t45 19h128q26 0 45-19t19-45v-320h320q26 0 45-19t19-45zm256-544v960q0 119-84.5 203.5T1376 1664H416q-119 0-203.5-84.5T128 1376V416q0-119 84.5-203.5T416 128h960q119 0 203.5 84.5T1664 416z"/&gt;&lt;/svg&gt;&lt;/span&gt;
    
    
                    &lt;span class="block trace-file-path"&gt;
            in
            &lt;a href="file:///home/h3rmano/dbwebb-kurser/mvc/me/report/vendor/phpunit/phpunit/src/Framework/TestSuite.php#L685"&gt;
                vendor/phpunit/phpunit/src/Framework/&lt;strong&gt;TestSuite.php&lt;/strong&gt;
            &lt;/a&gt;
                            &lt;span class="trace-type"&gt;-&gt;&lt;/span&gt;
                &lt;span class="trace-method"&gt;run&lt;/span&gt;
                        (line 685)
            &lt;span class="icon icon-copy hidden" data-clipboard-text="vendor/phpunit/phpunit/src/Framework/TestSuite.php:685"&gt;
                &lt;svg xmlns="http://www.w3.org/2000/svg" height="24" viewBox="0 0 24 24" width="24"&gt;&lt;path d="M0 0h24v24H0z" fill="none"/&gt;&lt;path d="M16 1H4c-1.1 0-2 .9-2 2v14h2V3h12V1zm3 4H8c-1.1 0-2 .9-2 2v14c0 1.1.9 2 2 2h11c1.1 0 2-.9 2-2V7c0-1.1-.9-2-2-2zm0 16H8V7h11v14z"/&gt;&lt;/svg&gt;            &lt;/span&gt;
        &lt;/span&gt;
    &lt;/div&gt;
    &lt;div id="trace-html-2-19" class="trace-code sf-toggle-content"&gt;
        &lt;ol start="680"&gt;&lt;li&gt;&lt;code&gt;&lt;span style="color: var(--highlight-keyword)"&gt;                &lt;/span&gt;&lt;span style="color: var(--highlight-default)"&gt;$test&lt;/span&gt;&lt;span style="color: var(--highlight-keyword)"&gt;-&amp;gt;&lt;/span&gt;&lt;span style="color: var(--highlight-default)"&gt;setBackupGlobals&lt;/span&gt;&lt;span style="color: var(--highlight-keyword)"&gt;(&lt;/span&gt;&lt;span style="color: var(--highlight-default)"&gt;$this&lt;/span&gt;&lt;span style="color: var(--highlight-keyword)"&gt;-&amp;gt;&lt;/span&gt;&lt;span style="color: var(--highlight-default)"&gt;backupGlobals&lt;/span&gt;&lt;span style="color: var(--highlight-keyword)"&gt;);&lt;/span&gt;&lt;/code&gt;&lt;/li&gt;
&lt;li&gt;&lt;code&gt;&lt;span style="color: var(--highlight-keyword)"&gt;                &lt;/span&gt;&lt;span style="color: var(--highlight-default)"&gt;$test&lt;/span&gt;&lt;span style="color: var(--highlight-keyword)"&gt;-&amp;gt;&lt;/span&gt;&lt;span style="color: var(--highlight-default)"&gt;setBackupStaticAttributes&lt;/span&gt;&lt;span style="color: var(--highlight-keyword)"&gt;(&lt;/span&gt;&lt;span style="color: var(--highlight-default)"&gt;$this&lt;/span&gt;&lt;span style="color: var(--highlight-keyword)"&gt;-&amp;gt;&lt;/span&gt;&lt;span style="color: var(--highlight-default)"&gt;backupStaticAttributes&lt;/span&gt;&lt;span style="color: var(--highlight-keyword)"&gt;);&lt;/span&gt;&lt;/code&gt;&lt;/li&gt;
&lt;li&gt;&lt;code&gt;&lt;span style="color: var(--highlight-keyword)"&gt;                &lt;/span&gt;&lt;span style="color: var(--highlight-default)"&gt;$test&lt;/span&gt;&lt;span style="color: var(--highlight-keyword)"&gt;-&amp;gt;&lt;/span&gt;&lt;span style="color: var(--highlight-default)"&gt;setRunTestInSeparateProcess&lt;/span&gt;&lt;span style="color: var(--highlight-keyword)"&gt;(&lt;/span&gt;&lt;span style="color: var(--highlight-default)"&gt;$this&lt;/span&gt;&lt;span style="color: var(--highlight-keyword)"&gt;-&amp;gt;&lt;/span&gt;&lt;span style="color: var(--highlight-default)"&gt;runTestInSeparateProcess&lt;/span&gt;&lt;span style="color: var(--highlight-keyword)"&gt;);&lt;/span&gt;&lt;/code&gt;&lt;/li&gt;
&lt;li&gt;&lt;code&gt;&lt;span style="color: var(--highlight-keyword)"&gt;            }&lt;/span&gt;&lt;/code&gt;&lt;/li&gt;
&lt;li&gt;&lt;code&gt;&lt;span style="color: var(--highlight-keyword)"&gt;&lt;/span&gt;&lt;/code&gt;&lt;/li&gt;
&lt;li class="selected"&gt;&lt;code&gt;&lt;span style="color: var(--highlight-keyword)"&gt;            &lt;/span&gt;&lt;span style="color: var(--highlight-default)"&gt;$test&lt;/span&gt;&lt;span style="color: var(--highlight-keyword)"&gt;-&amp;gt;&lt;/span&gt;&lt;span style="color: var(--highlight-default)"&gt;run&lt;/span&gt;&lt;span style="color: var(--highlight-keyword)"&gt;(&lt;/span&gt;&lt;span style="color: var(--highlight-default)"&gt;$result&lt;/span&gt;&lt;span style="color: var(--highlight-keyword)"&gt;);&lt;/span&gt;&lt;/code&gt;&lt;/li&gt;
&lt;li&gt;&lt;code&gt;&lt;span style="color: var(--highlight-keyword)"&gt;        }&lt;/span&gt;&lt;/code&gt;&lt;/li&gt;
&lt;li&gt;&lt;code&gt;&lt;span style="color: var(--highlight-keyword)"&gt;&lt;/span&gt;&lt;/code&gt;&lt;/li&gt;
&lt;li&gt;&lt;code&gt;&lt;span style="color: var(--highlight-keyword)"&gt;        if (&lt;/span&gt;&lt;span style="color: var(--highlight-default)"&gt;$this&lt;/span&gt;&lt;span style="color: var(--highlight-keyword)"&gt;-&amp;gt;&lt;/span&gt;&lt;span style="color: var(--highlight-default)"&gt;testCase &lt;/span&gt;&lt;span style="color: var(--highlight-keyword)"&gt;&amp;amp;&amp;amp; &lt;/span&gt;&lt;span style="color: var(--highlight-default)"&gt;class_exists&lt;/span&gt;&lt;span style="color: var(--highlight-keyword)"&gt;(&lt;/span&gt;&lt;span style="color: var(--highlight-default)"&gt;$this&lt;/span&gt;&lt;span style="color: var(--highlight-keyword)"&gt;-&amp;gt;&lt;/span&gt;&lt;span style="color: var(--highlight-default)"&gt;name&lt;/span&gt;&lt;span style="color: var(--highlight-keyword)"&gt;, &lt;/span&gt;&lt;span style="color: var(--highlight-default)"&gt;false&lt;/span&gt;&lt;span style="color: var(--highlight-keyword)"&gt;)) {&lt;/span&gt;&lt;/code&gt;&lt;/li&gt;
&lt;li&gt;&lt;code&gt;&lt;span style="color: var(--highlight-keyword)"&gt;            foreach (&lt;/span&gt;&lt;span style="color: var(--highlight-default)"&gt;$hookMethods&lt;/span&gt;&lt;span style="color: var(--highlight-keyword)"&gt;[&lt;/span&gt;&lt;span style="color: var(--highlight-string)"&gt;'afterClass'&lt;/span&gt;&lt;span style="color: var(--highlight-keyword)"&gt;] as &lt;/span&gt;&lt;span style="color: var(--highlight-default)"&gt;$afterClassMethod&lt;/span&gt;&lt;span style="color: var(--highlight-keyword)"&gt;) {&lt;/span&gt;&lt;/code&gt;&lt;/li&gt;
&lt;li&gt;&lt;code&gt;&lt;span style="color: var(--highlight-keyword)"&gt;                if (&lt;/span&gt;&lt;span style="color: var(--highlight-default)"&gt;method_exists&lt;/span&gt;&lt;span style="color: var(--highlight-keyword)"&gt;(&lt;/span&gt;&lt;span style="color: var(--highlight-default)"&gt;$this&lt;/span&gt;&lt;span style="color: var(--highlight-keyword)"&gt;-&amp;gt;&lt;/span&gt;&lt;span style="color: var(--highlight-default)"&gt;name&lt;/span&gt;&lt;span style="color: var(--highlight-keyword)"&gt;, &lt;/span&gt;&lt;span style="color: var(--highlight-default)"&gt;$afterClassMethod&lt;/span&gt;&lt;span style="color: var(--highlight-keyword)"&gt;)) {&lt;/span&gt;&lt;/code&gt;&lt;/li&gt;&lt;/ol&gt;    &lt;/div&gt;            &lt;/div&gt;
                        &lt;div class="trace-line trace-from-vendor"&gt;
                &lt;div class="trace-line-header break-long-words sf-toggle" data-toggle-selector="#trace-html-2-20" data-toggle-initial=""&gt;
            &lt;span class="icon icon-close"&gt;&lt;svg width="1792" height="1792" viewBox="0 0 1792 1792" xmlns="http://www.w3.org/2000/svg"&gt;&lt;path d="M1408 960V832q0-26-19-45t-45-19H448q-26 0-45 19t-19 45v128q0 26 19 45t45 19h896q26 0 45-19t19-45zm256-544v960q0 119-84.5 203.5T1376 1664H416q-119 0-203.5-84.5T128 1376V416q0-119 84.5-203.5T416 128h960q119 0 203.5 84.5T1664 416z"/&gt;&lt;/svg&gt;&lt;/span&gt;
        &lt;span class="icon icon-open"&gt;&lt;svg width="1792" height="1792" viewBox="0 0 1792 1792" xmlns="http://www.w3.org/2000/svg"&gt;&lt;path d="M1408 960V832q0-26-19-45t-45-19h-320V448q0-26-19-45t-45-19H832q-26 0-45 19t-19 45v320H448q-26 0-45 19t-19 45v128q0 26 19 45t45 19h320v320q0 26 19 45t45 19h128q26 0 45-19t19-45v-320h320q26 0 45-19t19-45zm256-544v960q0 119-84.5 203.5T1376 1664H416q-119 0-203.5-84.5T128 1376V416q0-119 84.5-203.5T416 128h960q119 0 203.5 84.5T1664 416z"/&gt;&lt;/svg&gt;&lt;/span&gt;
    
    
                    &lt;span class="block trace-file-path"&gt;
            in
            &lt;a href="file:///home/h3rmano/dbwebb-kurser/mvc/me/report/vendor/phpunit/phpunit/src/Framework/TestSuite.php#L685"&gt;
                vendor/phpunit/phpunit/src/Framework/&lt;strong&gt;TestSuite.php&lt;/strong&gt;
            &lt;/a&gt;
                            &lt;span class="trace-type"&gt;-&gt;&lt;/span&gt;
                &lt;span class="trace-method"&gt;run&lt;/span&gt;
                        (line 685)
            &lt;span class="icon icon-copy hidden" data-clipboard-text="vendor/phpunit/phpunit/src/Framework/TestSuite.php:685"&gt;
                &lt;svg xmlns="http://www.w3.org/2000/svg" height="24" viewBox="0 0 24 24" width="24"&gt;&lt;path d="M0 0h24v24H0z" fill="none"/&gt;&lt;path d="M16 1H4c-1.1 0-2 .9-2 2v14h2V3h12V1zm3 4H8c-1.1 0-2 .9-2 2v14c0 1.1.9 2 2 2h11c1.1 0 2-.9 2-2V7c0-1.1-.9-2-2-2zm0 16H8V7h11v14z"/&gt;&lt;/svg&gt;            &lt;/span&gt;
        &lt;/span&gt;
    &lt;/div&gt;
    &lt;div id="trace-html-2-20" class="trace-code sf-toggle-content"&gt;
        &lt;ol start="680"&gt;&lt;li&gt;&lt;code&gt;&lt;span style="color: var(--highlight-keyword)"&gt;                &lt;/span&gt;&lt;span style="color: var(--highlight-default)"&gt;$test&lt;/span&gt;&lt;span style="color: var(--highlight-keyword)"&gt;-&amp;gt;&lt;/span&gt;&lt;span style="color: var(--highlight-default)"&gt;setBackupGlobals&lt;/span&gt;&lt;span style="color: var(--highlight-keyword)"&gt;(&lt;/span&gt;&lt;span style="color: var(--highlight-default)"&gt;$this&lt;/span&gt;&lt;span style="color: var(--highlight-keyword)"&gt;-&amp;gt;&lt;/span&gt;&lt;span style="color: var(--highlight-default)"&gt;backupGlobals&lt;/span&gt;&lt;span style="color: var(--highlight-keyword)"&gt;);&lt;/span&gt;&lt;/code&gt;&lt;/li&gt;
&lt;li&gt;&lt;code&gt;&lt;span style="color: var(--highlight-keyword)"&gt;                &lt;/span&gt;&lt;span style="color: var(--highlight-default)"&gt;$test&lt;/span&gt;&lt;span style="color: var(--highlight-keyword)"&gt;-&amp;gt;&lt;/span&gt;&lt;span style="color: var(--highlight-default)"&gt;setBackupStaticAttributes&lt;/span&gt;&lt;span style="color: var(--highlight-keyword)"&gt;(&lt;/span&gt;&lt;span style="color: var(--highlight-default)"&gt;$this&lt;/span&gt;&lt;span style="color: var(--highlight-keyword)"&gt;-&amp;gt;&lt;/span&gt;&lt;span style="color: var(--highlight-default)"&gt;backupStaticAttributes&lt;/span&gt;&lt;span style="color: var(--highlight-keyword)"&gt;);&lt;/span&gt;&lt;/code&gt;&lt;/li&gt;
&lt;li&gt;&lt;code&gt;&lt;span style="color: var(--highlight-keyword)"&gt;                &lt;/span&gt;&lt;span style="color: var(--highlight-default)"&gt;$test&lt;/span&gt;&lt;span style="color: var(--highlight-keyword)"&gt;-&amp;gt;&lt;/span&gt;&lt;span style="color: var(--highlight-default)"&gt;setRunTestInSeparateProcess&lt;/span&gt;&lt;span style="color: var(--highlight-keyword)"&gt;(&lt;/span&gt;&lt;span style="color: var(--highlight-default)"&gt;$this&lt;/span&gt;&lt;span style="color: var(--highlight-keyword)"&gt;-&amp;gt;&lt;/span&gt;&lt;span style="color: var(--highlight-default)"&gt;runTestInSeparateProcess&lt;/span&gt;&lt;span style="color: var(--highlight-keyword)"&gt;);&lt;/span&gt;&lt;/code&gt;&lt;/li&gt;
&lt;li&gt;&lt;code&gt;&lt;span style="color: var(--highlight-keyword)"&gt;            }&lt;/span&gt;&lt;/code&gt;&lt;/li&gt;
&lt;li&gt;&lt;code&gt;&lt;span style="color: var(--highlight-keyword)"&gt;&lt;/span&gt;&lt;/code&gt;&lt;/li&gt;
&lt;li class="selected"&gt;&lt;code&gt;&lt;span style="color: var(--highlight-keyword)"&gt;            &lt;/span&gt;&lt;span style="color: var(--highlight-default)"&gt;$test&lt;/span&gt;&lt;span style="color: var(--highlight-keyword)"&gt;-&amp;gt;&lt;/span&gt;&lt;span style="color: var(--highlight-default)"&gt;run&lt;/span&gt;&lt;span style="color: var(--highlight-keyword)"&gt;(&lt;/span&gt;&lt;span style="color: var(--highlight-default)"&gt;$result&lt;/span&gt;&lt;span style="color: var(--highlight-keyword)"&gt;);&lt;/span&gt;&lt;/code&gt;&lt;/li&gt;
&lt;li&gt;&lt;code&gt;&lt;span style="color: var(--highlight-keyword)"&gt;        }&lt;/span&gt;&lt;/code&gt;&lt;/li&gt;
&lt;li&gt;&lt;code&gt;&lt;span style="color: var(--highlight-keyword)"&gt;&lt;/span&gt;&lt;/code&gt;&lt;/li&gt;
&lt;li&gt;&lt;code&gt;&lt;span style="color: var(--highlight-keyword)"&gt;        if (&lt;/span&gt;&lt;span style="color: var(--highlight-default)"&gt;$this&lt;/span&gt;&lt;span style="color: var(--highlight-keyword)"&gt;-&amp;gt;&lt;/span&gt;&lt;span style="color: var(--highlight-default)"&gt;testCase &lt;/span&gt;&lt;span style="color: var(--highlight-keyword)"&gt;&amp;amp;&amp;amp; &lt;/span&gt;&lt;span style="color: var(--highlight-default)"&gt;class_exists&lt;/span&gt;&lt;span style="color: var(--highlight-keyword)"&gt;(&lt;/span&gt;&lt;span style="color: var(--highlight-default)"&gt;$this&lt;/span&gt;&lt;span style="color: var(--highlight-keyword)"&gt;-&amp;gt;&lt;/span&gt;&lt;span style="color: var(--highlight-default)"&gt;name&lt;/span&gt;&lt;span style="color: var(--highlight-keyword)"&gt;, &lt;/span&gt;&lt;span style="color: var(--highlight-default)"&gt;false&lt;/span&gt;&lt;span style="color: var(--highlight-keyword)"&gt;)) {&lt;/span&gt;&lt;/code&gt;&lt;/li&gt;
&lt;li&gt;&lt;code&gt;&lt;span style="color: var(--highlight-keyword)"&gt;            foreach (&lt;/span&gt;&lt;span style="color: var(--highlight-default)"&gt;$hookMethods&lt;/span&gt;&lt;span style="color: var(--highlight-keyword)"&gt;[&lt;/span&gt;&lt;span style="color: var(--highlight-string)"&gt;'afterClass'&lt;/span&gt;&lt;span style="color: var(--highlight-keyword)"&gt;] as &lt;/span&gt;&lt;span style="color: var(--highlight-default)"&gt;$afterClassMethod&lt;/span&gt;&lt;span style="color: var(--highlight-keyword)"&gt;) {&lt;/span&gt;&lt;/code&gt;&lt;/li&gt;
&lt;li&gt;&lt;code&gt;&lt;span style="color: var(--highlight-keyword)"&gt;                if (&lt;/span&gt;&lt;span style="color: var(--highlight-default)"&gt;method_exists&lt;/span&gt;&lt;span style="color: var(--highlight-keyword)"&gt;(&lt;/span&gt;&lt;span style="color: var(--highlight-default)"&gt;$this&lt;/span&gt;&lt;span style="color: var(--highlight-keyword)"&gt;-&amp;gt;&lt;/span&gt;&lt;span style="color: var(--highlight-default)"&gt;name&lt;/span&gt;&lt;span style="color: var(--highlight-keyword)"&gt;, &lt;/span&gt;&lt;span style="color: var(--highlight-default)"&gt;$afterClassMethod&lt;/span&gt;&lt;span style="color: var(--highlight-keyword)"&gt;)) {&lt;/span&gt;&lt;/code&gt;&lt;/li&gt;&lt;/ol&gt;    &lt;/div&gt;            &lt;/div&gt;
                        &lt;div class="trace-line trace-from-vendor"&gt;
                &lt;div class="trace-line-header break-long-words sf-toggle" data-toggle-selector="#trace-html-2-21" data-toggle-initial=""&gt;
            &lt;span class="icon icon-close"&gt;&lt;svg width="1792" height="1792" viewBox="0 0 1792 1792" xmlns="http://www.w3.org/2000/svg"&gt;&lt;path d="M1408 960V832q0-26-19-45t-45-19H448q-26 0-45 19t-19 45v128q0 26 19 45t45 19h896q26 0 45-19t19-45zm256-544v960q0 119-84.5 203.5T1376 1664H416q-119 0-203.5-84.5T128 1376V416q0-119 84.5-203.5T416 128h960q119 0 203.5 84.5T1664 416z"/&gt;&lt;/svg&gt;&lt;/span&gt;
        &lt;span class="icon icon-open"&gt;&lt;svg width="1792" height="1792" viewBox="0 0 1792 1792" xmlns="http://www.w3.org/2000/svg"&gt;&lt;path d="M1408 960V832q0-26-19-45t-45-19h-320V448q0-26-19-45t-45-19H832q-26 0-45 19t-19 45v320H448q-26 0-45 19t-19 45v128q0 26 19 45t45 19h320v320q0 26 19 45t45 19h128q26 0 45-19t19-45v-320h320q26 0 45-19t19-45zm256-544v960q0 119-84.5 203.5T1376 1664H416q-119 0-203.5-84.5T128 1376V416q0-119 84.5-203.5T416 128h960q119 0 203.5 84.5T1664 416z"/&gt;&lt;/svg&gt;&lt;/span&gt;
    
    
                    &lt;span class="block trace-file-path"&gt;
            in
            &lt;a href="file:///home/h3rmano/dbwebb-kurser/mvc/me/report/vendor/phpunit/phpunit/src/TextUI/TestRunner.php#L651"&gt;
                vendor/phpunit/phpunit/src/TextUI/&lt;strong&gt;TestRunner.php&lt;/strong&gt;
            &lt;/a&gt;
                            &lt;span class="trace-type"&gt;-&gt;&lt;/span&gt;
                &lt;span class="trace-method"&gt;run&lt;/span&gt;
                        (line 651)
            &lt;span class="icon icon-copy hidden" data-clipboard-text="vendor/phpunit/phpunit/src/TextUI/TestRunner.php:651"&gt;
                &lt;svg xmlns="http://www.w3.org/2000/svg" height="24" viewBox="0 0 24 24" width="24"&gt;&lt;path d="M0 0h24v24H0z" fill="none"/&gt;&lt;path d="M16 1H4c-1.1 0-2 .9-2 2v14h2V3h12V1zm3 4H8c-1.1 0-2 .9-2 2v14c0 1.1.9 2 2 2h11c1.1 0 2-.9 2-2V7c0-1.1-.9-2-2-2zm0 16H8V7h11v14z"/&gt;&lt;/svg&gt;            &lt;/span&gt;
        &lt;/span&gt;
    &lt;/div&gt;
    &lt;div id="trace-html-2-21" class="trace-code sf-toggle-content"&gt;
        &lt;ol start="646"&gt;&lt;li&gt;&lt;code&gt;&lt;span style="color: var(--highlight-keyword)"&gt;            if (&lt;/span&gt;&lt;span style="color: var(--highlight-default)"&gt;$extension &lt;/span&gt;&lt;span style="color: var(--highlight-keyword)"&gt;instanceof &lt;/span&gt;&lt;span style="color: var(--highlight-default)"&gt;BeforeFirstTestHook&lt;/span&gt;&lt;span style="color: var(--highlight-keyword)"&gt;) {&lt;/span&gt;&lt;/code&gt;&lt;/li&gt;
&lt;li&gt;&lt;code&gt;&lt;span style="color: var(--highlight-keyword)"&gt;                &lt;/span&gt;&lt;span style="color: var(--highlight-default)"&gt;$extension&lt;/span&gt;&lt;span style="color: var(--highlight-keyword)"&gt;-&amp;gt;&lt;/span&gt;&lt;span style="color: var(--highlight-default)"&gt;executeBeforeFirstTest&lt;/span&gt;&lt;span style="color: var(--highlight-keyword)"&gt;();&lt;/span&gt;&lt;/code&gt;&lt;/li&gt;
&lt;li&gt;&lt;code&gt;&lt;span style="color: var(--highlight-keyword)"&gt;            }&lt;/span&gt;&lt;/code&gt;&lt;/li&gt;
&lt;li&gt;&lt;code&gt;&lt;span style="color: var(--highlight-keyword)"&gt;        }&lt;/span&gt;&lt;/code&gt;&lt;/li&gt;
&lt;li&gt;&lt;code&gt;&lt;span style="color: var(--highlight-keyword)"&gt;&lt;/span&gt;&lt;/code&gt;&lt;/li&gt;
&lt;li class="selected"&gt;&lt;code&gt;&lt;span style="color: var(--highlight-keyword)"&gt;        &lt;/span&gt;&lt;span style="color: var(--highlight-default)"&gt;$suite&lt;/span&gt;&lt;span style="color: var(--highlight-keyword)"&gt;-&amp;gt;&lt;/span&gt;&lt;span style="color: var(--highlight-default)"&gt;run&lt;/span&gt;&lt;span style="color: var(--highlight-keyword)"&gt;(&lt;/span&gt;&lt;span style="color: var(--highlight-default)"&gt;$result&lt;/span&gt;&lt;span style="color: var(--highlight-keyword)"&gt;);&lt;/span&gt;&lt;/code&gt;&lt;/li&gt;
&lt;li&gt;&lt;code&gt;&lt;span style="color: var(--highlight-keyword)"&gt;&lt;/span&gt;&lt;/code&gt;&lt;/li&gt;
&lt;li&gt;&lt;code&gt;&lt;span style="color: var(--highlight-keyword)"&gt;        foreach (&lt;/span&gt;&lt;span style="color: var(--highlight-default)"&gt;$this&lt;/span&gt;&lt;span style="color: var(--highlight-keyword)"&gt;-&amp;gt;&lt;/span&gt;&lt;span style="color: var(--highlight-default)"&gt;extensions &lt;/span&gt;&lt;span style="color: var(--highlight-keyword)"&gt;as &lt;/span&gt;&lt;span style="color: var(--highlight-default)"&gt;$extension&lt;/span&gt;&lt;span style="color: var(--highlight-keyword)"&gt;) {&lt;/span&gt;&lt;/code&gt;&lt;/li&gt;
&lt;li&gt;&lt;code&gt;&lt;span style="color: var(--highlight-keyword)"&gt;            if (&lt;/span&gt;&lt;span style="color: var(--highlight-default)"&gt;$extension &lt;/span&gt;&lt;span style="color: var(--highlight-keyword)"&gt;instanceof &lt;/span&gt;&lt;span style="color: var(--highlight-default)"&gt;AfterLastTestHook&lt;/span&gt;&lt;span style="color: var(--highlight-keyword)"&gt;) {&lt;/span&gt;&lt;/code&gt;&lt;/li&gt;
&lt;li&gt;&lt;code&gt;&lt;span style="color: var(--highlight-keyword)"&gt;                &lt;/span&gt;&lt;span style="color: var(--highlight-default)"&gt;$extension&lt;/span&gt;&lt;span style="color: var(--highlight-keyword)"&gt;-&amp;gt;&lt;/span&gt;&lt;span style="color: var(--highlight-default)"&gt;executeAfterLastTest&lt;/span&gt;&lt;span style="color: var(--highlight-keyword)"&gt;();&lt;/span&gt;&lt;/code&gt;&lt;/li&gt;
&lt;li&gt;&lt;code&gt;&lt;span style="color: var(--highlight-keyword)"&gt;            }&lt;/span&gt;&lt;/code&gt;&lt;/li&gt;&lt;/ol&gt;    &lt;/div&gt;            &lt;/div&gt;
                        &lt;div class="trace-line trace-from-vendor"&gt;
                &lt;div class="trace-line-header break-long-words sf-toggle" data-toggle-selector="#trace-html-2-22" data-toggle-initial=""&gt;
            &lt;span class="icon icon-close"&gt;&lt;svg width="1792" height="1792" viewBox="0 0 1792 1792" xmlns="http://www.w3.org/2000/svg"&gt;&lt;path d="M1408 960V832q0-26-19-45t-45-19H448q-26 0-45 19t-19 45v128q0 26 19 45t45 19h896q26 0 45-19t19-45zm256-544v960q0 119-84.5 203.5T1376 1664H416q-119 0-203.5-84.5T128 1376V416q0-119 84.5-203.5T416 128h960q119 0 203.5 84.5T1664 416z"/&gt;&lt;/svg&gt;&lt;/span&gt;
        &lt;span class="icon icon-open"&gt;&lt;svg width="1792" height="1792" viewBox="0 0 1792 1792" xmlns="http://www.w3.org/2000/svg"&gt;&lt;path d="M1408 960V832q0-26-19-45t-45-19h-320V448q0-26-19-45t-45-19H832q-26 0-45 19t-19 45v320H448q-26 0-45 19t-19 45v128q0 26 19 45t45 19h320v320q0 26 19 45t45 19h128q26 0 45-19t19-45v-320h320q26 0 45-19t19-45zm256-544v960q0 119-84.5 203.5T1376 1664H416q-119 0-203.5-84.5T128 1376V416q0-119 84.5-203.5T416 128h960q119 0 203.5 84.5T1664 416z"/&gt;&lt;/svg&gt;&lt;/span&gt;
    
    
                    &lt;span class="block trace-file-path"&gt;
            in
            &lt;a href="file:///home/h3rmano/dbwebb-kurser/mvc/me/report/vendor/phpunit/phpunit/src/TextUI/Command.php#L146"&gt;
                vendor/phpunit/phpunit/src/TextUI/&lt;strong&gt;Command.php&lt;/strong&gt;
            &lt;/a&gt;
                            &lt;span class="trace-type"&gt;-&gt;&lt;/span&gt;
                &lt;span class="trace-method"&gt;run&lt;/span&gt;
                        (line 146)
            &lt;span class="icon icon-copy hidden" data-clipboard-text="vendor/phpunit/phpunit/src/TextUI/Command.php:146"&gt;
                &lt;svg xmlns="http://www.w3.org/2000/svg" height="24" viewBox="0 0 24 24" width="24"&gt;&lt;path d="M0 0h24v24H0z" fill="none"/&gt;&lt;path d="M16 1H4c-1.1 0-2 .9-2 2v14h2V3h12V1zm3 4H8c-1.1 0-2 .9-2 2v14c0 1.1.9 2 2 2h11c1.1 0 2-.9 2-2V7c0-1.1-.9-2-2-2zm0 16H8V7h11v14z"/&gt;&lt;/svg&gt;            &lt;/span&gt;
        &lt;/span&gt;
    &lt;/div&gt;
    &lt;div id="trace-html-2-22" class="trace-code sf-toggle-content"&gt;
        &lt;ol start="141"&gt;&lt;li&gt;&lt;code&gt;&lt;span style="color: var(--highlight-keyword)"&gt;        }&lt;/span&gt;&lt;/code&gt;&lt;/li&gt;
&lt;li&gt;&lt;code&gt;&lt;span style="color: var(--highlight-keyword)"&gt;&lt;/span&gt;&lt;/code&gt;&lt;/li&gt;
&lt;li&gt;&lt;code&gt;&lt;span style="color: var(--highlight-keyword)"&gt;        unset(&lt;/span&gt;&lt;span style="color: var(--highlight-default)"&gt;$this&lt;/span&gt;&lt;span style="color: var(--highlight-keyword)"&gt;-&amp;gt;&lt;/span&gt;&lt;span style="color: var(--highlight-default)"&gt;arguments&lt;/span&gt;&lt;span style="color: var(--highlight-keyword)"&gt;[&lt;/span&gt;&lt;span style="color: var(--highlight-string)"&gt;'test'&lt;/span&gt;&lt;span style="color: var(--highlight-keyword)"&gt;], &lt;/span&gt;&lt;span style="color: var(--highlight-default)"&gt;$this&lt;/span&gt;&lt;span style="color: var(--highlight-keyword)"&gt;-&amp;gt;&lt;/span&gt;&lt;span style="color: var(--highlight-default)"&gt;arguments&lt;/span&gt;&lt;span style="color: var(--highlight-keyword)"&gt;[&lt;/span&gt;&lt;span style="color: var(--highlight-string)"&gt;'testFile'&lt;/span&gt;&lt;span style="color: var(--highlight-keyword)"&gt;]);&lt;/span&gt;&lt;/code&gt;&lt;/li&gt;
&lt;li&gt;&lt;code&gt;&lt;span style="color: var(--highlight-keyword)"&gt;&lt;/span&gt;&lt;/code&gt;&lt;/li&gt;
&lt;li&gt;&lt;code&gt;&lt;span style="color: var(--highlight-keyword)"&gt;        try {&lt;/span&gt;&lt;/code&gt;&lt;/li&gt;
&lt;li class="selected"&gt;&lt;code&gt;&lt;span style="color: var(--highlight-keyword)"&gt;            &lt;/span&gt;&lt;span style="color: var(--highlight-default)"&gt;$result &lt;/span&gt;&lt;span style="color: var(--highlight-keyword)"&gt;= &lt;/span&gt;&lt;span style="color: var(--highlight-default)"&gt;$runner&lt;/span&gt;&lt;span style="color: var(--highlight-keyword)"&gt;-&amp;gt;&lt;/span&gt;&lt;span style="color: var(--highlight-default)"&gt;run&lt;/span&gt;&lt;span style="color: var(--highlight-keyword)"&gt;(&lt;/span&gt;&lt;span style="color: var(--highlight-default)"&gt;$suite&lt;/span&gt;&lt;span style="color: var(--highlight-keyword)"&gt;, &lt;/span&gt;&lt;span style="color: var(--highlight-default)"&gt;$this&lt;/span&gt;&lt;span style="color: var(--highlight-keyword)"&gt;-&amp;gt;&lt;/span&gt;&lt;span style="color: var(--highlight-default)"&gt;arguments&lt;/span&gt;&lt;span style="color: var(--highlight-keyword)"&gt;, &lt;/span&gt;&lt;span style="color: var(--highlight-default)"&gt;$this&lt;/span&gt;&lt;span style="color: var(--highlight-keyword)"&gt;-&amp;gt;&lt;/span&gt;&lt;span style="color: var(--highlight-default)"&gt;warnings&lt;/span&gt;&lt;span style="color: var(--highlight-keyword)"&gt;, &lt;/span&gt;&lt;span style="color: var(--highlight-default)"&gt;$exit&lt;/span&gt;&lt;span style="color: var(--highlight-keyword)"&gt;);&lt;/span&gt;&lt;/code&gt;&lt;/li&gt;
&lt;li&gt;&lt;code&gt;&lt;span style="color: var(--highlight-keyword)"&gt;        } catch (&lt;/span&gt;&lt;span style="color: var(--highlight-default)"&gt;Throwable $t&lt;/span&gt;&lt;span style="color: var(--highlight-keyword)"&gt;) {&lt;/span&gt;&lt;/code&gt;&lt;/li&gt;
&lt;li&gt;&lt;code&gt;&lt;span style="color: var(--highlight-keyword)"&gt;            print &lt;/span&gt;&lt;span style="color: var(--highlight-default)"&gt;$t&lt;/span&gt;&lt;span style="color: var(--highlight-keyword)"&gt;-&amp;gt;&lt;/span&gt;&lt;span style="color: var(--highlight-default)"&gt;getMessage&lt;/span&gt;&lt;span style="color: var(--highlight-keyword)"&gt;() . &lt;/span&gt;&lt;span style="color: var(--highlight-default)"&gt;PHP_EOL&lt;/span&gt;&lt;span style="color: var(--highlight-keyword)"&gt;;&lt;/span&gt;&lt;/code&gt;&lt;/li&gt;
&lt;li&gt;&lt;code&gt;&lt;span style="color: var(--highlight-keyword)"&gt;        }&lt;/span&gt;&lt;/code&gt;&lt;/li&gt;
&lt;li&gt;&lt;code&gt;&lt;span style="color: var(--highlight-keyword)"&gt;&lt;/span&gt;&lt;/code&gt;&lt;/li&gt;
&lt;li&gt;&lt;code&gt;&lt;span style="color: var(--highlight-keyword)"&gt;        &lt;/span&gt;&lt;span style="color: var(--highlight-default)"&gt;$return &lt;/span&gt;&lt;span style="color: var(--highlight-keyword)"&gt;= &lt;/span&gt;&lt;span style="color: var(--highlight-default)"&gt;TestRunner&lt;/span&gt;&lt;span style="color: var(--highlight-keyword)"&gt;::&lt;/span&gt;&lt;span style="color: var(--highlight-default)"&gt;FAILURE_EXIT&lt;/span&gt;&lt;span style="color: var(--highlight-keyword)"&gt;;&lt;/span&gt;&lt;/code&gt;&lt;/li&gt;&lt;/ol&gt;    &lt;/div&gt;            &lt;/div&gt;
                        &lt;div class="trace-line trace-from-vendor"&gt;
                &lt;div class="trace-line-header break-long-words sf-toggle" data-toggle-selector="#trace-html-2-23" data-toggle-initial=""&gt;
            &lt;span class="icon icon-close"&gt;&lt;svg width="1792" height="1792" viewBox="0 0 1792 1792" xmlns="http://www.w3.org/2000/svg"&gt;&lt;path d="M1408 960V832q0-26-19-45t-45-19H448q-26 0-45 19t-19 45v128q0 26 19 45t45 19h896q26 0 45-19t19-45zm256-544v960q0 119-84.5 203.5T1376 1664H416q-119 0-203.5-84.5T128 1376V416q0-119 84.5-203.5T416 128h960q119 0 203.5 84.5T1664 416z"/&gt;&lt;/svg&gt;&lt;/span&gt;
        &lt;span class="icon icon-open"&gt;&lt;svg width="1792" height="1792" viewBox="0 0 1792 1792" xmlns="http://www.w3.org/2000/svg"&gt;&lt;path d="M1408 960V832q0-26-19-45t-45-19h-320V448q0-26-19-45t-45-19H832q-26 0-45 19t-19 45v320H448q-26 0-45 19t-19 45v128q0 26 19 45t45 19h320v320q0 26 19 45t45 19h128q26 0 45-19t19-45v-320h320q26 0 45-19t19-45zm256-544v960q0 119-84.5 203.5T1376 1664H416q-119 0-203.5-84.5T128 1376V416q0-119 84.5-203.5T416 128h960q119 0 203.5 84.5T1664 416z"/&gt;&lt;/svg&gt;&lt;/span&gt;
    
    
                    &lt;span class="block trace-file-path"&gt;
            in
            &lt;a href="file:///home/h3rmano/dbwebb-kurser/mvc/me/report/vendor/phpunit/phpunit/src/TextUI/Command.php#L99"&gt;
                vendor/phpunit/phpunit/src/TextUI/&lt;strong&gt;Command.php&lt;/strong&gt;
            &lt;/a&gt;
                            &lt;span class="trace-type"&gt;-&gt;&lt;/span&gt;
                &lt;span class="trace-method"&gt;run&lt;/span&gt;
                        (line 99)
            &lt;span class="icon icon-copy hidden" data-clipboard-text="vendor/phpunit/phpunit/src/TextUI/Command.php:99"&gt;
                &lt;svg xmlns="http://www.w3.org/2000/svg" height="24" viewBox="0 0 24 24" width="24"&gt;&lt;path d="M0 0h24v24H0z" fill="none"/&gt;&lt;path d="M16 1H4c-1.1 0-2 .9-2 2v14h2V3h12V1zm3 4H8c-1.1 0-2 .9-2 2v14c0 1.1.9 2 2 2h11c1.1 0 2-.9 2-2V7c0-1.1-.9-2-2-2zm0 16H8V7h11v14z"/&gt;&lt;/svg&gt;            &lt;/span&gt;
        &lt;/span&gt;
    &lt;/div&gt;
    &lt;div id="trace-html-2-23" class="trace-code sf-toggle-content"&gt;
        &lt;ol start="94"&gt;&lt;li&gt;&lt;code&gt;&lt;span style="color: var(--highlight-comment)"&gt;     * @throws Exception&lt;/span&gt;&lt;/code&gt;&lt;/li&gt;
&lt;li&gt;&lt;code&gt;&lt;span style="color: var(--highlight-comment)"&gt;     */&lt;/span&gt;&lt;/code&gt;&lt;/li&gt;
&lt;li&gt;&lt;code&gt;&lt;span style="color: var(--highlight-comment)"&gt;    &lt;/span&gt;&lt;span style="color: var(--highlight-keyword)"&gt;public static function &lt;/span&gt;&lt;span style="color: var(--highlight-default)"&gt;main&lt;/span&gt;&lt;span style="color: var(--highlight-keyword)"&gt;(&lt;/span&gt;&lt;span style="color: var(--highlight-default)"&gt;bool $exit &lt;/span&gt;&lt;span style="color: var(--highlight-keyword)"&gt;= &lt;/span&gt;&lt;span style="color: var(--highlight-default)"&gt;true&lt;/span&gt;&lt;span style="color: var(--highlight-keyword)"&gt;): &lt;/span&gt;&lt;span style="color: var(--highlight-default)"&gt;int&lt;/span&gt;&lt;/code&gt;&lt;/li&gt;
&lt;li&gt;&lt;code&gt;&lt;span style="color: var(--highlight-default)"&gt;    &lt;/span&gt;&lt;span style="color: var(--highlight-keyword)"&gt;{&lt;/span&gt;&lt;/code&gt;&lt;/li&gt;
&lt;li&gt;&lt;code&gt;&lt;span style="color: var(--highlight-keyword)"&gt;        try {&lt;/span&gt;&lt;/code&gt;&lt;/li&gt;
&lt;li class="selected"&gt;&lt;code&gt;&lt;span style="color: var(--highlight-keyword)"&gt;            return (new static)-&amp;gt;&lt;/span&gt;&lt;span style="color: var(--highlight-default)"&gt;run&lt;/span&gt;&lt;span style="color: var(--highlight-keyword)"&gt;(&lt;/span&gt;&lt;span style="color: var(--highlight-default)"&gt;$_SERVER&lt;/span&gt;&lt;span style="color: var(--highlight-keyword)"&gt;[&lt;/span&gt;&lt;span style="color: var(--highlight-string)"&gt;'argv'&lt;/span&gt;&lt;span style="color: var(--highlight-keyword)"&gt;], &lt;/span&gt;&lt;span style="color: var(--highlight-default)"&gt;$exit&lt;/span&gt;&lt;span style="color: var(--highlight-keyword)"&gt;);&lt;/span&gt;&lt;/code&gt;&lt;/li&gt;
&lt;li&gt;&lt;code&gt;&lt;span style="color: var(--highlight-keyword)"&gt;        } catch (&lt;/span&gt;&lt;span style="color: var(--highlight-default)"&gt;Throwable $t&lt;/span&gt;&lt;span style="color: var(--highlight-keyword)"&gt;) {&lt;/span&gt;&lt;/code&gt;&lt;/li&gt;
&lt;li&gt;&lt;code&gt;&lt;span style="color: var(--highlight-keyword)"&gt;            throw new &lt;/span&gt;&lt;span style="color: var(--highlight-default)"&gt;RuntimeException&lt;/span&gt;&lt;span style="color: var(--highlight-keyword)"&gt;(&lt;/span&gt;&lt;/code&gt;&lt;/li&gt;
&lt;li&gt;&lt;code&gt;&lt;span style="color: var(--highlight-keyword)"&gt;                &lt;/span&gt;&lt;span style="color: var(--highlight-default)"&gt;$t&lt;/span&gt;&lt;span style="color: var(--highlight-keyword)"&gt;-&amp;gt;&lt;/span&gt;&lt;span style="color: var(--highlight-default)"&gt;getMessage&lt;/span&gt;&lt;span style="color: var(--highlight-keyword)"&gt;(),&lt;/span&gt;&lt;/code&gt;&lt;/li&gt;
&lt;li&gt;&lt;code&gt;&lt;span style="color: var(--highlight-keyword)"&gt;                (int) &lt;/span&gt;&lt;span style="color: var(--highlight-default)"&gt;$t&lt;/span&gt;&lt;span style="color: var(--highlight-keyword)"&gt;-&amp;gt;&lt;/span&gt;&lt;span style="color: var(--highlight-default)"&gt;getCode&lt;/span&gt;&lt;span style="color: var(--highlight-keyword)"&gt;(),&lt;/span&gt;&lt;/code&gt;&lt;/li&gt;
&lt;li&gt;&lt;code&gt;&lt;span style="color: var(--highlight-keyword)"&gt;                &lt;/span&gt;&lt;span style="color: var(--highlight-default)"&gt;$t&lt;/span&gt;&lt;span style="color: var(--highlight-keyword)"&gt;,&lt;/span&gt;&lt;/code&gt;&lt;/li&gt;&lt;/ol&gt;    &lt;/div&gt;            &lt;/div&gt;
                        &lt;div class="trace-line trace-from-vendor"&gt;
                &lt;div class="trace-line-header break-long-words sf-toggle" data-toggle-selector="#trace-html-2-24" data-toggle-initial=""&gt;
            &lt;span class="icon icon-close"&gt;&lt;svg width="1792" height="1792" viewBox="0 0 1792 1792" xmlns="http://www.w3.org/2000/svg"&gt;&lt;path d="M1408 960V832q0-26-19-45t-45-19H448q-26 0-45 19t-19 45v128q0 26 19 45t45 19h896q26 0 45-19t19-45zm256-544v960q0 119-84.5 203.5T1376 1664H416q-119 0-203.5-84.5T128 1376V416q0-119 84.5-203.5T416 128h960q119 0 203.5 84.5T1664 416z"/&gt;&lt;/svg&gt;&lt;/span&gt;
        &lt;span class="icon icon-open"&gt;&lt;svg width="1792" height="1792" viewBox="0 0 1792 1792" xmlns="http://www.w3.org/2000/svg"&gt;&lt;path d="M1408 960V832q0-26-19-45t-45-19h-320V448q0-26-19-45t-45-19H832q-26 0-45 19t-19 45v320H448q-26 0-45 19t-19 45v128q0 26 19 45t45 19h320v320q0 26 19 45t45 19h128q26 0 45-19t19-45v-320h320q26 0 45-19t19-45zm256-544v960q0 119-84.5 203.5T1376 1664H416q-119 0-203.5-84.5T128 1376V416q0-119 84.5-203.5T416 128h960q119 0 203.5 84.5T1664 416z"/&gt;&lt;/svg&gt;&lt;/span&gt;
    
    
                    &lt;span class="block trace-file-path"&gt;
            in
            &lt;a href="file:///home/h3rmano/dbwebb-kurser/mvc/me/report/vendor/phpunit/phpunit/phpunit#L107"&gt;
                vendor/phpunit/phpunit/&lt;strong&gt;phpunit&lt;/strong&gt;
            &lt;/a&gt;
                            &lt;span class="trace-type"&gt;::&lt;/span&gt;
                &lt;span class="trace-method"&gt;main&lt;/span&gt;
                        (line 107)
            &lt;span class="icon icon-copy hidden" data-clipboard-text="vendor/phpunit/phpunit/phpunit:107"&gt;
                &lt;svg xmlns="http://www.w3.org/2000/svg" height="24" viewBox="0 0 24 24" width="24"&gt;&lt;path d="M0 0h24v24H0z" fill="none"/&gt;&lt;path d="M16 1H4c-1.1 0-2 .9-2 2v14h2V3h12V1zm3 4H8c-1.1 0-2 .9-2 2v14c0 1.1.9 2 2 2h11c1.1 0 2-.9 2-2V7c0-1.1-.9-2-2-2zm0 16H8V7h11v14z"/&gt;&lt;/svg&gt;            &lt;/span&gt;
        &lt;/span&gt;
    &lt;/div&gt;
    &lt;div id="trace-html-2-24" class="trace-code sf-toggle-content"&gt;
        &lt;ol start="102"&gt;&lt;li&gt;&lt;code&gt;&lt;span style="color: var(--highlight-keyword)"&gt;unset(&lt;/span&gt;&lt;span style="color: var(--highlight-default)"&gt;$options&lt;/span&gt;&lt;span style="color: var(--highlight-keyword)"&gt;);&lt;/span&gt;&lt;/code&gt;&lt;/li&gt;
&lt;li&gt;&lt;code&gt;&lt;span style="color: var(--highlight-keyword)"&gt;&lt;/span&gt;&lt;/code&gt;&lt;/li&gt;
&lt;li&gt;&lt;code&gt;&lt;span style="color: var(--highlight-keyword)"&gt;require &lt;/span&gt;&lt;span style="color: var(--highlight-default)"&gt;PHPUNIT_COMPOSER_INSTALL&lt;/span&gt;&lt;span style="color: var(--highlight-keyword)"&gt;;&lt;/span&gt;&lt;/code&gt;&lt;/li&gt;
&lt;li&gt;&lt;code&gt;&lt;span style="color: var(--highlight-keyword)"&gt;&lt;/span&gt;&lt;/code&gt;&lt;/li&gt;
&lt;li&gt;&lt;code&gt;&lt;span style="color: var(--highlight-keyword)"&gt;&lt;/span&gt;&lt;span style="color: var(--highlight-default)"&gt;PHPUnit\TextUI\Command&lt;/span&gt;&lt;span style="color: var(--highlight-keyword)"&gt;::&lt;/span&gt;&lt;span style="color: var(--highlight-default)"&gt;main&lt;/span&gt;&lt;span style="color: var(--highlight-keyword)"&gt;();&lt;/span&gt;&lt;/code&gt;&lt;/li&gt;
&lt;li class="selected"&gt;&lt;code&gt;&lt;span style="color: var(--highlight-keyword)"&gt;&lt;/span&gt;&lt;/code&gt;&lt;/li&gt;&lt;/ol&gt;    &lt;/div&gt;            &lt;/div&gt;
                        &lt;div class="trace-line "&gt;
                &lt;div class="trace-line-header break-long-words sf-toggle" data-toggle-selector="#trace-html-2-25" data-toggle-initial=""&gt;
            &lt;span class="icon icon-close"&gt;&lt;svg width="1792" height="1792" viewBox="0 0 1792 1792" xmlns="http://www.w3.org/2000/svg"&gt;&lt;path d="M1408 960V832q0-26-19-45t-45-19H448q-26 0-45 19t-19 45v128q0 26 19 45t45 19h896q26 0 45-19t19-45zm256-544v960q0 119-84.5 203.5T1376 1664H416q-119 0-203.5-84.5T128 1376V416q0-119 84.5-203.5T416 128h960q119 0 203.5 84.5T1664 416z"/&gt;&lt;/svg&gt;&lt;/span&gt;
        &lt;span class="icon icon-open"&gt;&lt;svg width="1792" height="1792" viewBox="0 0 1792 1792" xmlns="http://www.w3.org/2000/svg"&gt;&lt;path d="M1408 960V832q0-26-19-45t-45-19h-320V448q0-26-19-45t-45-19H832q-26 0-45 19t-19 45v320H448q-26 0-45 19t-19 45v128q0 26 19 45t45 19h320v320q0 26 19 45t45 19h128q26 0 45-19t19-45v-320h320q26 0 45-19t19-45zm256-544v960q0 119-84.5 203.5T1376 1664H416q-119 0-203.5-84.5T128 1376V416q0-119 84.5-203.5T416 128h960q119 0 203.5 84.5T1664 416z"/&gt;&lt;/svg&gt;&lt;/span&gt;
    
            &lt;span class="trace-class"&gt;&lt;abbr title=""&gt;&lt;/abbr&gt;&lt;/span&gt;&lt;span class="trace-method"&gt;require&lt;/span&gt;&lt;span class="trace-arguments"&gt;('/home/h3rmano/dbwebb-kurser/mvc/me/report/vendor/phpunit/phpunit/phpunit')&lt;/span&gt;    
                    &lt;span class="block trace-file-path"&gt;
            in
            &lt;a href="file:///home/h3rmano/dbwebb-kurser/mvc/me/report/bin/phpunit#L10"&gt;
                bin/&lt;strong&gt;phpunit&lt;/strong&gt;
            &lt;/a&gt;
                        (line 10)
            &lt;span class="icon icon-copy hidden" data-clipboard-text="bin/phpunit:10"&gt;
                &lt;svg xmlns="http://www.w3.org/2000/svg" height="24" viewBox="0 0 24 24" width="24"&gt;&lt;path d="M0 0h24v24H0z" fill="none"/&gt;&lt;path d="M16 1H4c-1.1 0-2 .9-2 2v14h2V3h12V1zm3 4H8c-1.1 0-2 .9-2 2v14c0 1.1.9 2 2 2h11c1.1 0 2-.9 2-2V7c0-1.1-.9-2-2-2zm0 16H8V7h11v14z"/&gt;&lt;/svg&gt;            &lt;/span&gt;
        &lt;/span&gt;
    &lt;/div&gt;
    &lt;div id="trace-html-2-25" class="trace-code sf-toggle-content"&gt;
        &lt;ol start="5"&gt;&lt;li&gt;&lt;code&gt;&lt;span style="color: var(--highlight-keyword)"&gt;}&lt;/span&gt;&lt;/code&gt;&lt;/li&gt;
&lt;li&gt;&lt;code&gt;&lt;span style="color: var(--highlight-keyword)"&gt;&lt;/span&gt;&lt;/code&gt;&lt;/li&gt;
&lt;li&gt;&lt;code&gt;&lt;span style="color: var(--highlight-keyword)"&gt;if (&lt;/span&gt;&lt;span style="color: var(--highlight-default)"&gt;is_file&lt;/span&gt;&lt;span style="color: var(--highlight-keyword)"&gt;(&lt;/span&gt;&lt;span style="color: var(--highlight-default)"&gt;dirname&lt;/span&gt;&lt;span style="color: var(--highlight-keyword)"&gt;(&lt;/span&gt;&lt;span style="color: var(--highlight-default)"&gt;__DIR__&lt;/span&gt;&lt;span style="color: var(--highlight-keyword)"&gt;).&lt;/span&gt;&lt;span style="color: var(--highlight-string)"&gt;'/vendor/phpunit/phpunit/phpunit'&lt;/span&gt;&lt;span style="color: var(--highlight-keyword)"&gt;)) {&lt;/span&gt;&lt;/code&gt;&lt;/li&gt;
&lt;li&gt;&lt;code&gt;&lt;span style="color: var(--highlight-keyword)"&gt;    if (&lt;/span&gt;&lt;span style="color: var(--highlight-default)"&gt;PHP_VERSION_ID &lt;/span&gt;&lt;span style="color: var(--highlight-keyword)"&gt;&amp;gt;= &lt;/span&gt;&lt;span style="color: var(--highlight-default)"&gt;80000&lt;/span&gt;&lt;span style="color: var(--highlight-keyword)"&gt;) {&lt;/span&gt;&lt;/code&gt;&lt;/li&gt;
&lt;li&gt;&lt;code&gt;&lt;span style="color: var(--highlight-keyword)"&gt;        require &lt;/span&gt;&lt;span style="color: var(--highlight-default)"&gt;dirname&lt;/span&gt;&lt;span style="color: var(--highlight-keyword)"&gt;(&lt;/span&gt;&lt;span style="color: var(--highlight-default)"&gt;__DIR__&lt;/span&gt;&lt;span style="color: var(--highlight-keyword)"&gt;).&lt;/span&gt;&lt;span style="color: var(--highlight-string)"&gt;'/vendor/phpunit/phpunit/phpunit'&lt;/span&gt;&lt;span style="color: var(--highlight-keyword)"&gt;;&lt;/span&gt;&lt;/code&gt;&lt;/li&gt;
&lt;li class="selected"&gt;&lt;code&gt;&lt;span style="color: var(--highlight-keyword)"&gt;    } else {&lt;/span&gt;&lt;/code&gt;&lt;/li&gt;
&lt;li&gt;&lt;code&gt;&lt;span style="color: var(--highlight-keyword)"&gt;        &lt;/span&gt;&lt;span style="color: var(--highlight-default)"&gt;define&lt;/span&gt;&lt;span style="color: var(--highlight-keyword)"&gt;(&lt;/span&gt;&lt;span style="color: var(--highlight-string)"&gt;'PHPUNIT_COMPOSER_INSTALL'&lt;/span&gt;&lt;span style="color: var(--highlight-keyword)"&gt;, &lt;/span&gt;&lt;span style="color: var(--highlight-default)"&gt;dirname&lt;/span&gt;&lt;span style="color: var(--highlight-keyword)"&gt;(&lt;/span&gt;&lt;span style="color: var(--highlight-default)"&gt;__DIR__&lt;/span&gt;&lt;span style="color: var(--highlight-keyword)"&gt;).&lt;/span&gt;&lt;span style="color: var(--highlight-string)"&gt;'/vendor/autoload.php'&lt;/span&gt;&lt;span style="color: var(--highlight-keyword)"&gt;);&lt;/span&gt;&lt;/code&gt;&lt;/li&gt;
&lt;li&gt;&lt;code&gt;&lt;span style="color: var(--highlight-keyword)"&gt;        require &lt;/span&gt;&lt;span style="color: var(--highlight-default)"&gt;PHPUNIT_COMPOSER_INSTALL&lt;/span&gt;&lt;span style="color: var(--highlight-keyword)"&gt;;&lt;/span&gt;&lt;/code&gt;&lt;/li&gt;
&lt;li&gt;&lt;code&gt;&lt;span style="color: var(--highlight-keyword)"&gt;        &lt;/span&gt;&lt;span style="color: var(--highlight-default)"&gt;PHPUnit\TextUI\Command&lt;/span&gt;&lt;span style="color: var(--highlight-keyword)"&gt;::&lt;/span&gt;&lt;span style="color: var(--highlight-default)"&gt;main&lt;/span&gt;&lt;span style="color: var(--highlight-keyword)"&gt;();&lt;/span&gt;&lt;/code&gt;&lt;/li&gt;
&lt;li&gt;&lt;code&gt;&lt;span style="color: var(--highlight-keyword)"&gt;    }&lt;/span&gt;&lt;/code&gt;&lt;/li&gt;
&lt;li&gt;&lt;code&gt;&lt;span style="color: var(--highlight-keyword)"&gt;} else {&lt;/span&gt;&lt;/code&gt;&lt;/li&gt;&lt;/ol&gt;    &lt;/div&gt;            &lt;/div&gt;
                    &lt;/div&gt;
    &lt;/div&gt;
&lt;/div&gt;            &lt;/div&gt;
        &lt;/div&gt;

        
        &lt;div class="tab"&gt;
            &lt;h3 class="tab-title"&gt;
                                    Stack Traces &lt;span class="badge"&gt;2&lt;/span&gt;
                            &lt;/h3&gt;

            &lt;div class="tab-content"&gt;
                &lt;table class="trace trace-as-text"&gt;
    &lt;thead class="trace-head"&gt;
        &lt;tr&gt;
            &lt;th class="sf-toggle" data-toggle-selector="#trace-text-1" data-toggle-initial="display"&gt;
                &lt;div class="trace-class"&gt;
                                            &lt;span class="text-muted"&gt;[2/2]&lt;/span&gt;
                                        NotFoundHttpException                    &lt;span class="icon icon-close"&gt;&lt;svg width="1792" height="1792" viewBox="0 0 1792 1792" xmlns="http://www.w3.org/2000/svg"&gt;&lt;path d="M1344 800v64q0 14-9 23t-23 9H480q-14 0-23-9t-9-23v-64q0-14 9-23t23-9h832q14 0 23 9t9 23zm128 448V416q0-66-47-113t-113-47H480q-66 0-113 47t-47 113v832q0 66 47 113t113 47h832q66 0 113-47t47-113zm128-832v832q0 119-84.5 203.5T1312 1536H480q-119 0-203.5-84.5T192 1248V416q0-119 84.5-203.5T480 128h832q119 0 203.5 84.5T1600 416z"/&gt;&lt;/svg&gt;&lt;/span&gt;
                    &lt;span class="icon icon-open"&gt;&lt;svg width="1792" height="1792" viewBox="0 0 1792 1792" xmlns="http://www.w3.org/2000/svg"&gt;&lt;path d="M1344 800v64q0 14-9 23t-23 9H960v352q0 14-9 23t-23 9h-64q-14 0-23-9t-9-23V896H480q-14 0-23-9t-9-23v-64q0-14 9-23t23-9h352V416q0-14 9-23t23-9h64q14 0 23 9t9 23v352h352q14 0 23 9t9 23zm128 448V416q0-66-47-113t-113-47H480q-66 0-113 47t-47 113v832q0 66 47 113t113 47h832q66 0 113-47t47-113zm128-832v832q0 119-84.5 203.5T1312 1536H480q-119 0-203.5-84.5T192 1248V416q0-119 84.5-203.5T480 128h832q119 0 203.5 84.5T1600 416z"/&gt;&lt;/svg&gt;&lt;/span&gt;
                &lt;/div&gt;
            &lt;/th&gt;
        &lt;/tr&gt;
    &lt;/thead&gt;

    &lt;tbody id="trace-text-1"&gt;
        &lt;tr&gt;
            &lt;td&gt;
                                &lt;pre class="stacktrace"&gt;
Symfony\Component\HttpKernel\Exception\NotFoundHttpException:
No route found for &amp;quot;GET http://localhost/boook&amp;quot;

  at vendor/symfony/http-kernel/EventListener/RouterListener.php:149
  at Symfony\Component\HttpKernel\EventListener\RouterListener-&amp;gt;onKernelRequest()
     (vendor/symfony/event-dispatcher/Debug/WrappedListener.php:115)
  at Symfony\Component\EventDispatcher\Debug\WrappedListener-&amp;gt;__invoke()
     (vendor/symfony/event-dispatcher/EventDispatcher.php:206)
  at Symfony\Component\EventDispatcher\EventDispatcher-&amp;gt;callListeners()
     (vendor/symfony/event-dispatcher/EventDispatcher.php:56)
  at Symfony\Component\EventDispatcher\EventDispatcher-&amp;gt;dispatch()
     (vendor/symfony/event-dispatcher/Debug/TraceableEventDispatcher.php:122)
  at Symfony\Component\EventDispatcher\Debug\TraceableEventDispatcher-&amp;gt;dispatch()
     (vendor/symfony/http-kernel/HttpKernel.php:159)
  at Symfony\Component\HttpKernel\HttpKernel-&amp;gt;handleRaw()
     (vendor/symfony/http-kernel/HttpKernel.php:76)
  at Symfony\Component\HttpKernel\HttpKernel-&amp;gt;handle()
     (vendor/symfony/http-kernel/Kernel.php:182)
  at Symfony\Component\HttpKernel\Kernel-&amp;gt;handle()
     (vendor/symfony/http-kernel/HttpKernelBrowser.php:62)
  at Symfony\Component\HttpKernel\HttpKernelBrowser-&amp;gt;doRequest()
     (vendor/symfony/framework-bundle/KernelBrowser.php:157)
  at Symfony\Bundle\FrameworkBundle\KernelBrowser-&amp;gt;doRequest()
     (vendor/symfony/browser-kit/AbstractBrowser.php:378)
  at Symfony\Component\BrowserKit\AbstractBrowser-&amp;gt;request()
     (tests/Controller/BoookControllerTest.php:12)
  at App\Tests\Controller\BoookControllerTest-&amp;gt;testIndex()
     (vendor/phpunit/phpunit/src/Framework/TestCase.php:1617)
  at PHPUnit\Framework\TestCase-&amp;gt;runTest()
     (vendor/phpunit/phpunit/src/Framework/TestCase.php:1223)
  at PHPUnit\Framework\TestCase-&amp;gt;runBare()
     (vendor/phpunit/phpunit/src/Framework/TestResult.php:729)
  at PHPUnit\Framework\TestResult-&amp;gt;run()
     (vendor/phpunit/phpunit/src/Framework/TestCase.php:973)
  at PHPUnit\Framework\TestCase-&amp;gt;run()
     (vendor/phpunit/phpunit/src/Framework/TestSuite.php:685)
  at PHPUnit\Framework\TestSuite-&amp;gt;run()
     (vendor/phpunit/phpunit/src/Framework/TestSuite.php:685)
  at PHPUnit\Framework\TestSuite-&amp;gt;run()
     (vendor/phpunit/phpunit/src/TextUI/TestRunner.php:651)
  at PHPUnit\TextUI\TestRunner-&amp;gt;run()
     (vendor/phpunit/phpunit/src/TextUI/Command.php:146)
  at PHPUnit\TextUI\Command-&amp;gt;run()
     (vendor/phpunit/phpunit/src/TextUI/Command.php:99)
  at PHPUnit\TextUI\Command::main()
     (vendor/phpunit/phpunit/phpunit:107)
  at require('/home/h3rmano/dbwebb-kurser/mvc/me/report/vendor/phpunit/phpunit/phpunit')
     (bin/phpunit:10)                &lt;/pre&gt;
                            &lt;/td&gt;
        &lt;/tr&gt;
    &lt;/tbody&gt;
&lt;/table&gt;&lt;table class="trace trace-as-text"&gt;
    &lt;thead class="trace-head"&gt;
        &lt;tr&gt;
            &lt;th class="sf-toggle" data-toggle-selector="#trace-text-2" data-toggle-initial=""&gt;
                &lt;div class="trace-class"&gt;
                                            &lt;span class="text-muted"&gt;[1/2]&lt;/span&gt;
                                        ResourceNotFoundException                    &lt;span class="icon icon-close"&gt;&lt;svg width="1792" height="1792" viewBox="0 0 1792 1792" xmlns="http://www.w3.org/2000/svg"&gt;&lt;path d="M1344 800v64q0 14-9 23t-23 9H480q-14 0-23-9t-9-23v-64q0-14 9-23t23-9h832q14 0 23 9t9 23zm128 448V416q0-66-47-113t-113-47H480q-66 0-113 47t-47 113v832q0 66 47 113t113 47h832q66 0 113-47t47-113zm128-832v832q0 119-84.5 203.5T1312 1536H480q-119 0-203.5-84.5T192 1248V416q0-119 84.5-203.5T480 128h832q119 0 203.5 84.5T1600 416z"/&gt;&lt;/svg&gt;&lt;/span&gt;
                    &lt;span class="icon icon-open"&gt;&lt;svg width="1792" height="1792" viewBox="0 0 1792 1792" xmlns="http://www.w3.org/2000/svg"&gt;&lt;path d="M1344 800v64q0 14-9 23t-23 9H960v352q0 14-9 23t-23 9h-64q-14 0-23-9t-9-23V896H480q-14 0-23-9t-9-23v-64q0-14 9-23t23-9h352V416q0-14 9-23t23-9h64q14 0 23 9t9 23v352h352q14 0 23 9t9 23zm128 448V416q0-66-47-113t-113-47H480q-66 0-113 47t-47 113v832q0 66 47 113t113 47h832q66 0 113-47t47-113zm128-832v832q0 119-84.5 203.5T1312 1536H480q-119 0-203.5-84.5T192 1248V416q0-119 84.5-203.5T480 128h832q119 0 203.5 84.5T1600 416z"/&gt;&lt;/svg&gt;&lt;/span&gt;
                &lt;/div&gt;
            &lt;/th&gt;
        &lt;/tr&gt;
    &lt;/thead&gt;

    &lt;tbody id="trace-text-2"&gt;
        &lt;tr&gt;
            &lt;td&gt;
                                &lt;pre class="stacktrace"&gt;
Symfony\Component\Routing\Exception\ResourceNotFoundException:
No routes found for &amp;quot;/boook/&amp;quot;.

  at vendor/symfony/routing/Matcher/Dumper/CompiledUrlMatcherTrait.php:70
  at Symfony\Component\Routing\Matcher\CompiledUrlMatcher-&amp;gt;match()
     (vendor/symfony/routing/Matcher/UrlMatcher.php:89)
  at Symfony\Component\Routing\Matcher\UrlMatcher-&amp;gt;matchRequest()
     (vendor/symfony/routing/Router.php:188)
  at Symfony\Component\Routing\Router-&amp;gt;matchRequest()
     (vendor/symfony/http-kernel/EventListener/RouterListener.php:101)
  at Symfony\Component\HttpKernel\EventListener\RouterListener-&amp;gt;onKernelRequest()
     (vendor/symfony/event-dispatcher/Debug/WrappedListener.php:115)
  at Symfony\Component\EventDispatcher\Debug\WrappedListener-&amp;gt;__invoke()
     (vendor/symfony/event-dispatcher/EventDispatcher.php:206)
  at Symfony\Component\EventDispatcher\EventDispatcher-&amp;gt;callListeners()
     (vendor/symfony/event-dispatcher/EventDispatcher.php:56)
  at Symfony\Component\EventDispatcher\EventDispatcher-&amp;gt;dispatch()
     (vendor/symfony/event-dispatcher/Debug/TraceableEventDispatcher.php:122)
  at Symfony\Component\EventDispatcher\Debug\TraceableEventDispatcher-&amp;gt;dispatch()
     (vendor/symfony/http-kernel/HttpKernel.php:159)
  at Symfony\Component\HttpKernel\HttpKernel-&amp;gt;handleRaw()
     (vendor/symfony/http-kernel/HttpKernel.php:76)
  at Symfony\Component\HttpKernel\HttpKernel-&amp;gt;handle()
     (vendor/symfony/http-kernel/Kernel.php:182)
  at Symfony\Component\HttpKernel\Kernel-&amp;gt;handle()
     (vendor/symfony/http-kernel/HttpKernelBrowser.php:62)
  at Symfony\Component\HttpKernel\HttpKernelBrowser-&amp;gt;doRequest()
     (vendor/symfony/framework-bundle/KernelBrowser.php:157)
  at Symfony\Bundle\FrameworkBundle\KernelBrowser-&amp;gt;doRequest()
     (vendor/symfony/browser-kit/AbstractBrowser.php:378)
  at Symfony\Component\BrowserKit\AbstractBrowser-&amp;gt;request()
     (tests/Controller/BoookControllerTest.php:12)
  at App\Tests\Controller\BoookControllerTest-&amp;gt;testIndex()
     (vendor/phpunit/phpunit/src/Framework/TestCase.php:1617)
  at PHPUnit\Framework\TestCase-&amp;gt;runTest()
     (vendor/phpunit/phpunit/src/Framework/TestCase.php:1223)
  at PHPUnit\Framework\TestCase-&amp;gt;runBare()
     (vendor/phpunit/phpunit/src/Framework/TestResult.php:729)
  at PHPUnit\Framework\TestResult-&amp;gt;run()
     (vendor/phpunit/phpunit/src/Framework/TestCase.php:973)
  at PHPUnit\Framework\TestCase-&amp;gt;run()
     (vendor/phpunit/phpunit/src/Framework/TestSuite.php:685)
  at PHPUnit\Framework\TestSuite-&amp;gt;run()
     (vendor/phpunit/phpunit/src/Framework/TestSuite.php:685)
  at PHPUnit\Framework\TestSuite-&amp;gt;run()
     (vendor/phpunit/phpunit/src/TextUI/TestRunner.php:651)
  at PHPUnit\TextUI\TestRunner-&amp;gt;run()
     (vendor/phpunit/phpunit/src/TextUI/Command.php:146)
  at PHPUnit\TextUI\Command-&amp;gt;run()
     (vendor/phpunit/phpunit/src/TextUI/Command.php:99)
  at PHPUnit\TextUI\Command::main()
     (vendor/phpunit/phpunit/phpunit:107)
  at require('/home/h3rmano/dbwebb-kurser/mvc/me/report/vendor/phpunit/phpunit/phpunit')
     (bin/phpunit:10)                &lt;/pre&gt;
                            &lt;/td&gt;
        &lt;/tr&gt;
    &lt;/tbody&gt;
&lt;/table&gt;            &lt;/div&gt;
        &lt;/div&gt;

            &lt;/div&gt;
&lt;/div&gt;
        &lt;script&gt;
            /* This file is based on WebProfilerBundle/Resources/views/Profiler/base_js.html.twig.
   If you make any change in this file, verify the same change is needed in the other file. */
/*&lt;![CDATA[*/
(function() {
    "use strict";

    if ('classList' in document.documentElement) {
        var hasClass = function (el, cssClass) { return el.classList.contains(cssClass); };
        var removeClass = function(el, cssClass) { el.classList.remove(cssClass); };
        var addClass = function(el, cssClass) { el.classList.add(cssClass); };
        var toggleClass = function(el, cssClass) { el.classList.toggle(cssClass); };
    } else {
        var hasClass = function (el, cssClass) { return el.className.match(new RegExp('\\b' + cssClass + '\\b')); };
        var removeClass = function(el, cssClass) { el.className = el.className.replace(new RegExp('\\b' + cssClass + '\\b'), ' '); };
        var addClass = function(el, cssClass) { if (!hasClass(el, cssClass)) { el.className += " " + cssClass; } };
        var toggleClass = function(el, cssClass) { hasClass(el, cssClass) ? removeClass(el, cssClass) : addClass(el, cssClass); };
    }

    var addEventListener;

    var el = document.createElement('div');
    if (!('addEventListener' in el)) {
        addEventListener = function (element, eventName, callback) {
            element.attachEvent('on' + eventName, callback);
        };
    } else {
        addEventListener = function (element, eventName, callback) {
            element.addEventListener(eventName, callback, false);
        };
    }

    if (navigator.clipboard) {
        document.querySelectorAll('[data-clipboard-text]').forEach(function(element) {
            removeClass(element, 'hidden');
            element.addEventListener('click', function() {
                navigator.clipboard.writeText(element.getAttribute('data-clipboard-text'));
            })
        });
    }

    (function createTabs() {
        /* the accessibility options of this component have been defined according to: */
        /* www.w3.org/WAI/ARIA/apg/example-index/tabs/tabs-manual.html */
        var tabGroups = document.querySelectorAll('.sf-tabs:not([data-processed=true])');

        /* create the tab navigation for each group of tabs */
        for (var i = 0; i &lt; tabGroups.length; i++) {
            var tabs = tabGroups[i].querySelectorAll(':scope &gt; .tab');
            var tabNavigation = document.createElement('div');
            tabNavigation.className = 'tab-navigation';
            tabNavigation.setAttribute('role', 'tablist');

            var selectedTabId = 'tab-' + i + '-0'; /* select the first tab by default */
            for (var j = 0; j &lt; tabs.length; j++) {
                var tabId = 'tab-' + i + '-' + j;
                var tabTitle = tabs[j].querySelector('.tab-title').innerHTML;

                var tabNavigationItem = document.createElement('button');
                addClass(tabNavigationItem, 'tab-control');
                tabNavigationItem.setAttribute('data-tab-id', tabId);
                tabNavigationItem.setAttribute('role', 'tab');
                tabNavigationItem.setAttribute('aria-controls', tabId);
                if (hasClass(tabs[j], 'active')) { selectedTabId = tabId; }
                if (hasClass(tabs[j], 'disabled')) {
                    addClass(tabNavigationItem, 'disabled');
                }
                tabNavigationItem.innerHTML = tabTitle;
                tabNavigation.appendChild(tabNavigationItem);

                var tabContent = tabs[j].querySelector('.tab-content');
                tabContent.parentElement.setAttribute('id', tabId);
            }

            tabGroups[i].insertBefore(tabNavigation, tabGroups[i].firstChild);
            addClass(document.querySelector('[data-tab-id="' + selectedTabId + '"]'), 'active');
        }

        /* display the active tab and add the 'click' event listeners */
        for (i = 0; i &lt; tabGroups.length; i++) {
            tabNavigation = tabGroups[i].querySelectorAll(':scope &gt; .tab-navigation .tab-control');

            for (j = 0; j &lt; tabNavigation.length; j++) {
                tabId = tabNavigation[j].getAttribute('data-tab-id');
                var tabPanel = document.getElementById(tabId);
                tabPanel.setAttribute('role', 'tabpanel');
                tabPanel.setAttribute('aria-labelledby', tabId);
                tabPanel.querySelector('.tab-title').className = 'hidden';

                if (hasClass(tabNavigation[j], 'active')) {
                    tabPanel.className = 'block';
                    tabNavigation[j].setAttribute('aria-selected', 'true');
                    tabNavigation[j].removeAttribute('tabindex');
                } else {
                    tabPanel.className = 'hidden';
                    tabNavigation[j].removeAttribute('aria-selected');
                    tabNavigation[j].setAttribute('tabindex', '-1');
                }

                tabNavigation[j].addEventListener('click', function(e) {
                    var activeTab = e.target || e.srcElement;

                    /* needed because when the tab contains HTML contents, user can click */
                    /* on any of those elements instead of their parent '&lt;button&gt;' element */
                    while (activeTab.tagName.toLowerCase() !== 'button') {
                        activeTab = activeTab.parentNode;
                    }

                    /* get the full list of tabs through the parent of the active tab element */
                    var tabNavigation = activeTab.parentNode.children;
                    for (var k = 0; k &lt; tabNavigation.length; k++) {
                        var tabId = tabNavigation[k].getAttribute('data-tab-id');
                        document.getElementById(tabId).className = 'hidden';
                        removeClass(tabNavigation[k], 'active');
                        tabNavigation[k].removeAttribute('aria-selected');
                        tabNavigation[k].setAttribute('tabindex', '-1');
                    }

                    addClass(activeTab, 'active');
                    activeTab.setAttribute('aria-selected', 'true');
                    activeTab.removeAttribute('tabindex');
                    var activeTabId = activeTab.getAttribute('data-tab-id');
                    document.getElementById(activeTabId).className = 'block';
                });
            }

            tabGroups[i].setAttribute('data-processed', 'true');
        }
    })();

    (function createToggles() {
        var toggles = document.querySelectorAll('.sf-toggle:not([data-processed=true])');

        for (var i = 0; i &lt; toggles.length; i++) {
            var elementSelector = toggles[i].getAttribute('data-toggle-selector');
            var element = document.querySelector(elementSelector);

            addClass(element, 'sf-toggle-content');

            if (toggles[i].hasAttribute('data-toggle-initial') &amp;&amp; toggles[i].getAttribute('data-toggle-initial') == 'display') {
                addClass(toggles[i], 'sf-toggle-on');
                addClass(element, 'sf-toggle-visible');
            } else {
                addClass(toggles[i], 'sf-toggle-off');
                addClass(element, 'sf-toggle-hidden');
            }

            addEventListener(toggles[i], 'click', function(e) {
                var toggle = e.currentTarget;

                if (e.target.closest('a, span[data-clipboard-text], .sf-toggle') !== toggle) {
                    return;
                }

                e.preventDefault();

                if ('' !== window.getSelection().toString()) {
                    /* Don't do anything on text selection */
                    return;
                }

                var element = document.querySelector(toggle.getAttribute('data-toggle-selector'));

                toggleClass(toggle, 'sf-toggle-on');
                toggleClass(toggle, 'sf-toggle-off');
                toggleClass(element, 'sf-toggle-hidden');
                toggleClass(element, 'sf-toggle-visible');

                /* the toggle doesn't change its contents when clicking on it */
                if (!toggle.hasAttribute('data-toggle-alt-content')) {
                    return;
                }

                if (!toggle.hasAttribute('data-toggle-original-content')) {
                    toggle.setAttribute('data-toggle-original-content', toggle.innerHTML);
                }

                var currentContent = toggle.innerHTML;
                var originalContent = toggle.getAttribute('data-toggle-original-content');
                var altContent = toggle.getAttribute('data-toggle-alt-content');
                toggle.innerHTML = currentContent !== altContent ? altContent : originalContent;
            });

            toggles[i].setAttribute('data-processed', 'true');
        }
    })();

    (function createFilters() {
        document.querySelectorAll('[data-filters] [data-filter]').forEach(function (filter) {
            var filters = filter.closest('[data-filters]'),
                type = 'choice',
                name = filter.dataset.filter,
                ucName = name.charAt(0).toUpperCase()+name.slice(1),
                list = document.createElement('ul'),
                values = filters.dataset['filter'+ucName] || filters.querySelectorAll('[data-filter-'+name+']'),
                labels = {},
                defaults = null,
                indexed = {},
                processed = {};
            if (typeof values === 'string') {
                type = 'level';
                labels = values.split(',');
                values = values.toLowerCase().split(',');
                defaults = values.length - 1;
            }
            addClass(list, 'filter-list');
            addClass(list, 'filter-list-'+type);
            values.forEach(function (value, i) {
                if (value instanceof HTMLElement) {
                    value = value.dataset['filter'+ucName];
                }
                if (value in processed) {
                    return;
                }
                var option = document.createElement('li'),
                    label = i in labels ? labels[i] : value,
                    active = false,
                    matches;
                if ('' === label) {
                    option.innerHTML = '&lt;em&gt;(none)&lt;/em&gt;';
                } else {
                    option.innerText = label;
                }
                option.dataset.filter = value;
                option.setAttribute('title', 1 === (matches = filters.querySelectorAll('[data-filter-'+name+'="'+value+'"]').length) ? 'Matches 1 row' : 'Matches '+matches+' rows');
                indexed[value] = i;
                list.appendChild(option);
                addEventListener(option, 'click', function () {
                    if ('choice' === type) {
                        filters.querySelectorAll('[data-filter-'+name+']').forEach(function (row) {
                            if (option.dataset.filter === row.dataset['filter'+ucName]) {
                                toggleClass(row, 'filter-hidden-'+name);
                            }
                        });
                        toggleClass(option, 'active');
                    } else if ('level' === type) {
                        if (i === this.parentNode.querySelectorAll('.active').length - 1) {
                            return;
                        }
                        this.parentNode.querySelectorAll('li').forEach(function (currentOption, j) {
                            if (j &lt;= i) {
                                addClass(currentOption, 'active');
                                if (i === j) {
                                    addClass(currentOption, 'last-active');
                                } else {
                                    removeClass(currentOption, 'last-active');
                                }
                            } else {
                                removeClass(currentOption, 'active');
                                removeClass(currentOption, 'last-active');
                            }
                        });
                        filters.querySelectorAll('[data-filter-'+name+']').forEach(function (row) {
                            if (i &lt; indexed[row.dataset['filter'+ucName]]) {
                                addClass(row, 'filter-hidden-'+name);
                            } else {
                                removeClass(row, 'filter-hidden-'+name);
                            }
                        });
                    }
                });
                if ('choice' === type) {
                    active = null === defaults || 0 &lt;= defaults.indexOf(value);
                } else if ('level' === type) {
                    active = i &lt;= defaults;
                    if (active &amp;&amp; i === defaults) {
                        addClass(option, 'last-active');
                    }
                }
                if (active) {
                    addClass(option, 'active');
                } else {
                    filters.querySelectorAll('[data-filter-'+name+'="'+value+'"]').forEach(function (row) {
                        toggleClass(row, 'filter-hidden-'+name);
                    });
                }
                processed[value] = true;
            });

            if (1 &lt; list.childNodes.length) {
                filter.appendChild(list);
                filter.dataset.filtered = '';
            }
        });
    })();
})();
/*]]&gt;*/        &lt;/script&gt;
    &lt;/body&gt;
&lt;/html&gt;
&lt;!-- No route found for &amp;quot;GET http://localhost/boook&amp;quot; (404 Not Found) --&gt;

/home/h3rmano/dbwebb-kurser/mvc/me/report/vendor/symfony/framework-bundle/Test/BrowserKitAssertionsTrait.php:148
/home/h3rmano/dbwebb-kurser/mvc/me/report/vendor/symfony/framework-bundle/Test/BrowserKitAssertionsTrait.php:33
/home/h3rmano/dbwebb-kurser/mvc/me/report/tests/Controller/BoookControllerTest.php:14
/home/h3rmano/dbwebb-kurser/mvc/me/report/vendor/phpunit/phpunit/phpunit:107</failure>
      </testcase>
    </testsuite>
    <testsuite name="App\Card\DeckOfCardsTest" file="/home/h3rmano/dbwebb-kurser/mvc/me/report/tests/DeckOfCards/DeckOfCardsTest.php" tests="22" assertions="64" errors="0" warnings="0" failures="0" skipped="0" time="0.029970">
      <testcase name="testCreateDeckOfCards" class="App\Card\DeckOfCardsTest" classname="App.Card.DeckOfCardsTest" file="/home/h3rmano/dbwebb-kurser/mvc/me/report/tests/DeckOfCards/DeckOfCardsTest.php" line="20" assertions="2" time="0.001158"/>
      <testcase name="testCreateDeckOfCardsComplete" class="App\Card\DeckOfCardsTest" classname="App.Card.DeckOfCardsTest" file="/home/h3rmano/dbwebb-kurser/mvc/me/report/tests/DeckOfCards/DeckOfCardsTest.php" line="32" assertions="3" time="0.002424"/>
      <testcase name="testCardsSuitCount" class="App\Card\DeckOfCardsTest" classname="App.Card.DeckOfCardsTest" file="/home/h3rmano/dbwebb-kurser/mvc/me/report/tests/DeckOfCards/DeckOfCardsTest.php" line="47" assertions="7" time="0.001341"/>
      <testcase name="testEmptyDeck" class="App\Card\DeckOfCardsTest" classname="App.Card.DeckOfCardsTest" file="/home/h3rmano/dbwebb-kurser/mvc/me/report/tests/DeckOfCards/DeckOfCardsTest.php" line="83" assertions="2" time="0.001247"/>
      <testcase name="testCardsRank" class="App\Card\DeckOfCardsTest" classname="App.Card.DeckOfCardsTest" file="/home/h3rmano/dbwebb-kurser/mvc/me/report/tests/DeckOfCards/DeckOfCardsTest.php" line="101" assertions="15" time="0.001430"/>
      <testcase name="testDrawCards" class="App\Card\DeckOfCardsTest" classname="App.Card.DeckOfCardsTest" file="/home/h3rmano/dbwebb-kurser/mvc/me/report/tests/DeckOfCards/DeckOfCardsTest.php" line="142" assertions="5" time="0.001181"/>
      <testcase name="testDrawCardNoCardsLeft" class="App\Card\DeckOfCardsTest" classname="App.Card.DeckOfCardsTest" file="/home/h3rmano/dbwebb-kurser/mvc/me/report/tests/DeckOfCards/DeckOfCardsTest.php" line="162" assertions="2" time="0.002289"/>
      <testcase name="testDrawCardsNoCardsLeft" class="App\Card\DeckOfCardsTest" classname="App.Card.DeckOfCardsTest" file="/home/h3rmano/dbwebb-kurser/mvc/me/report/tests/DeckOfCards/DeckOfCardsTest.php" line="183" assertions="2" time="0.001445"/>
      <testcase name="testDrawCardsExcessiveNr" class="App\Card\DeckOfCardsTest" classname="App.Card.DeckOfCardsTest" file="/home/h3rmano/dbwebb-kurser/mvc/me/report/tests/DeckOfCards/DeckOfCardsTest.php" line="206" assertions="2" time="0.001140"/>
      <testcase name="testDrawCardsNegativeNr" class="App\Card\DeckOfCardsTest" classname="App.Card.DeckOfCardsTest" file="/home/h3rmano/dbwebb-kurser/mvc/me/report/tests/DeckOfCards/DeckOfCardsTest.php" line="225" assertions="2" time="0.001080"/>
      <testcase name="testDrawCardsZero" class="App\Card\DeckOfCardsTest" classname="App.Card.DeckOfCardsTest" file="/home/h3rmano/dbwebb-kurser/mvc/me/report/tests/DeckOfCards/DeckOfCardsTest.php" line="245" assertions="2" time="0.001209"/>
      <testcase name="testGetDrawnCards" class="App\Card\DeckOfCardsTest" classname="App.Card.DeckOfCardsTest" file="/home/h3rmano/dbwebb-kurser/mvc/me/report/tests/DeckOfCards/DeckOfCardsTest.php" line="264" assertions="1" time="0.001121"/>
      <testcase name="testGetNumberOfCardsLeft" class="App\Card\DeckOfCardsTest" classname="App.Card.DeckOfCardsTest" file="/home/h3rmano/dbwebb-kurser/mvc/me/report/tests/DeckOfCards/DeckOfCardsTest.php" line="281" assertions="1" time="0.001047"/>
      <testcase name="testAddCardSingle" class="App\Card\DeckOfCardsTest" classname="App.Card.DeckOfCardsTest" file="/home/h3rmano/dbwebb-kurser/mvc/me/report/tests/DeckOfCards/DeckOfCardsTest.php" line="295" assertions="2" time="0.001161"/>
      <testcase name="testAddCardMultiple" class="App\Card\DeckOfCardsTest" classname="App.Card.DeckOfCardsTest" file="/home/h3rmano/dbwebb-kurser/mvc/me/report/tests/DeckOfCards/DeckOfCardsTest.php" line="313" assertions="4" time="0.001159"/>
      <testcase name="testSortDeck" class="App\Card\DeckOfCardsTest" classname="App.Card.DeckOfCardsTest" file="/home/h3rmano/dbwebb-kurser/mvc/me/report/tests/DeckOfCards/DeckOfCardsTest.php" line="343" assertions="2" time="0.001515"/>
      <testcase name="testSortDeckFirstByRankThenBySuit" class="App\Card\DeckOfCardsTest" classname="App.Card.DeckOfCardsTest" file="/home/h3rmano/dbwebb-kurser/mvc/me/report/tests/DeckOfCards/DeckOfCardsTest.php" line="389" assertions="2" time="0.001677"/>
      <testcase name="testShuffleDeck" class="App\Card\DeckOfCardsTest" classname="App.Card.DeckOfCardsTest" file="/home/h3rmano/dbwebb-kurser/mvc/me/report/tests/DeckOfCards/DeckOfCardsTest.php" line="425" assertions="2" time="0.001223"/>
      <testcase name="testGetUnicodeOfRoundCards" class="App\Card\DeckOfCardsTest" classname="App.Card.DeckOfCardsTest" file="/home/h3rmano/dbwebb-kurser/mvc/me/report/tests/DeckOfCards/DeckOfCardsTest.php" line="473" assertions="1" time="0.001543"/>
      <testcase name="testGetCardsUnicode" class="App\Card\DeckOfCardsTest" classname="App.Card.DeckOfCardsTest" file="/home/h3rmano/dbwebb-kurser/mvc/me/report/tests/DeckOfCards/DeckOfCardsTest.php" line="501" assertions="1" time="0.001177"/>
      <testcase name="testGetCardsDrawnUnicode" class="App\Card\DeckOfCardsTest" classname="App.Card.DeckOfCardsTest" file="/home/h3rmano/dbwebb-kurser/mvc/me/report/tests/DeckOfCards/DeckOfCardsTest.php" line="534" assertions="1" time="0.001239"/>
      <testcase name="testAddCardsAfterDrawing" class="App\Card\DeckOfCardsTest" classname="App.Card.DeckOfCardsTest" file="/home/h3rmano/dbwebb-kurser/mvc/me/report/tests/DeckOfCards/DeckOfCardsTest.php" line="568" assertions="3" time="0.001164"/>
    </testsuite>
    <testsuite name="App\Card\DeckOfCards52Test" file="/home/h3rmano/dbwebb-kurser/mvc/me/report/tests/DeckOfCards52/DeckOfCards52Test.php" tests="4" assertions="60" errors="0" warnings="0" failures="0" skipped="0" time="0.012539">
      <testcase name="testCreateDeckOfCards52" class="App\Card\DeckOfCards52Test" classname="App.Card.DeckOfCards52Test" file="/home/h3rmano/dbwebb-kurser/mvc/me/report/tests/DeckOfCards52/DeckOfCards52Test.php" line="20" assertions="2" time="0.001921"/>
      <testcase name="testCreateDeckOfCards52Complete" class="App\Card\DeckOfCards52Test" classname="App.Card.DeckOfCards52Test" file="/home/h3rmano/dbwebb-kurser/mvc/me/report/tests/DeckOfCards52/DeckOfCards52Test.php" line="32" assertions="3" time="0.001589"/>
      <testcase name="testCreateDeckOfCardsEmpty" class="App\Card\DeckOfCards52Test" classname="App.Card.DeckOfCards52Test" file="/home/h3rmano/dbwebb-kurser/mvc/me/report/tests/DeckOfCards52/DeckOfCards52Test.php" line="47" assertions="2" time="0.001546"/>
      <testcase name="testJokersAreRemoved" class="App\Card\DeckOfCards52Test" classname="App.Card.DeckOfCards52Test" file="/home/h3rmano/dbwebb-kurser/mvc/me/report/tests/DeckOfCards52/DeckOfCards52Test.php" line="65" assertions="53" time="0.007483"/>
    </testsuite>
    <testsuite name="App\Dice\DiceTest" file="/home/h3rmano/dbwebb-kurser/mvc/me/report/tests/Dice/DiceTest.php" tests="2" assertions="3" errors="0" warnings="0" failures="0" skipped="0" time="0.023975">
      <testcase name="testCreateDice" class="App\Dice\DiceTest" classname="App.Dice.DiceTest" file="/home/h3rmano/dbwebb-kurser/mvc/me/report/tests/Dice/DiceTest.php" line="17" assertions="2" time="0.017512"/>
      <testcase name="testEDRException" class="App\Dice\DiceTest" classname="App.Dice.DiceTest" file="/home/h3rmano/dbwebb-kurser/mvc/me/report/tests/Dice/DiceTest.php" line="30" assertions="1" time="0.006463"/>
    </testsuite>
  </testsuite>
</testsuites>
