<?xml version="1.0" encoding="UTF-8"?>
<testsuites>
  <testsuite name="/home/h3rmano/dbwebb-kurser/mvc/me/report/tests" tests="124" assertions="275" errors="0" warnings="0" failures="0" skipped="0" time="0.308428">
    <testsuite name="App\Tests\BlackjackCardHand\BlackjackCardHandTest" file="/home/h3rmano/dbwebb-kurser/mvc/me/report/tests/BlackjackCardHand/BlackjackCardHandTest.php" tests="20" assertions="37" errors="0" warnings="0" failures="0" skipped="0" time="0.070785">
      <testcase name="testCreateBlackjackCardHand" class="App\Tests\BlackjackCardHand\BlackjackCardHandTest" classname="App.Tests.BlackjackCardHand.BlackjackCardHandTest" file="/home/h3rmano/dbwebb-kurser/mvc/me/report/tests/BlackjackCardHand/BlackjackCardHandTest.php" line="18" assertions="1" time="0.019822"/>
      <testcase name="testCreateWithArguments" class="App\Tests\BlackjackCardHand\BlackjackCardHandTest" classname="App.Tests.BlackjackCardHand.BlackjackCardHandTest" file="/home/h3rmano/dbwebb-kurser/mvc/me/report/tests/BlackjackCardHand/BlackjackCardHandTest.php" line="30" assertions="1" time="0.002529"/>
      <testcase name="testGetCards" class="App\Tests\BlackjackCardHand\BlackjackCardHandTest" classname="App.Tests.BlackjackCardHand.BlackjackCardHandTest" file="/home/h3rmano/dbwebb-kurser/mvc/me/report/tests/BlackjackCardHand/BlackjackCardHandTest.php" line="21" assertions="2" time="0.000708"/>
      <testcase name="testaddCard" class="App\Tests\BlackjackCardHand\BlackjackCardHandTest" classname="App.Tests.BlackjackCardHand.BlackjackCardHandTest" file="/home/h3rmano/dbwebb-kurser/mvc/me/report/tests/BlackjackCardHand/BlackjackCardHandTest.php" line="38" assertions="2" time="0.002281"/>
      <testcase name="testaddCardFaultyArgument" class="App\Tests\BlackjackCardHand\BlackjackCardHandTest" classname="App.Tests.BlackjackCardHand.BlackjackCardHandTest" file="/home/h3rmano/dbwebb-kurser/mvc/me/report/tests/BlackjackCardHand/BlackjackCardHandTest.php" line="58" assertions="1" time="0.002782"/>
      <testcase name="testaddCards" class="App\Tests\BlackjackCardHand\BlackjackCardHandTest" classname="App.Tests.BlackjackCardHand.BlackjackCardHandTest" file="/home/h3rmano/dbwebb-kurser/mvc/me/report/tests/BlackjackCardHand/BlackjackCardHandTest.php" line="85" assertions="2" time="0.000731"/>
      <testcase name="testaddCardsFaultyArgument" class="App\Tests\BlackjackCardHand\BlackjackCardHandTest" classname="App.Tests.BlackjackCardHand.BlackjackCardHandTest" file="/home/h3rmano/dbwebb-kurser/mvc/me/report/tests/BlackjackCardHand/BlackjackCardHandTest.php" line="111" assertions="2" time="0.001465"/>
      <testcase name="testGetCurrentValue" class="App\Tests\BlackjackCardHand\BlackjackCardHandTest" classname="App.Tests.BlackjackCardHand.BlackjackCardHandTest" file="/home/h3rmano/dbwebb-kurser/mvc/me/report/tests/BlackjackCardHand/BlackjackCardHandTest.php" line="136" assertions="1" time="0.001949"/>
      <testcase name="testGetCurrentValueWithAce" class="App\Tests\BlackjackCardHand\BlackjackCardHandTest" classname="App.Tests.BlackjackCardHand.BlackjackCardHandTest" file="/home/h3rmano/dbwebb-kurser/mvc/me/report/tests/BlackjackCardHand/BlackjackCardHandTest.php" line="160" assertions="2" time="0.000911"/>
      <testcase name="testIsHandActive" class="App\Tests\BlackjackCardHand\BlackjackCardHandTest" classname="App.Tests.BlackjackCardHand.BlackjackCardHandTest" file="/home/h3rmano/dbwebb-kurser/mvc/me/report/tests/BlackjackCardHand/BlackjackCardHandTest.php" line="17" assertions="1" time="0.001352"/>
      <testcase name="testIsHandNotActive" class="App\Tests\BlackjackCardHand\BlackjackCardHandTest" classname="App.Tests.BlackjackCardHand.BlackjackCardHandTest" file="/home/h3rmano/dbwebb-kurser/mvc/me/report/tests/BlackjackCardHand/BlackjackCardHandTest.php" line="27" assertions="1" time="0.002152"/>
      <testcase name="testSetHandInactive" class="App\Tests\BlackjackCardHand\BlackjackCardHandTest" classname="App.Tests.BlackjackCardHand.BlackjackCardHandTest" file="/home/h3rmano/dbwebb-kurser/mvc/me/report/tests/BlackjackCardHand/BlackjackCardHandTest.php" line="39" assertions="2" time="0.000746"/>
      <testcase name="testDrawCardFromDeck" class="App\Tests\BlackjackCardHand\BlackjackCardHandTest" classname="App.Tests.BlackjackCardHand.BlackjackCardHandTest" file="/home/h3rmano/dbwebb-kurser/mvc/me/report/tests/BlackjackCardHand/BlackjackCardHandTest.php" line="20" assertions="3" time="0.007751"/>
      <testcase name="testUpdateHandStatus21" class="App\Tests\BlackjackCardHand\BlackjackCardHandTest" classname="App.Tests.BlackjackCardHand.BlackjackCardHandTest" file="/home/h3rmano/dbwebb-kurser/mvc/me/report/tests/BlackjackCardHand/BlackjackCardHandTest.php" line="49" assertions="2" time="0.012999"/>
      <testcase name="testUpdateHandStatusSub21" class="App\Tests\BlackjackCardHand\BlackjackCardHandTest" classname="App.Tests.BlackjackCardHand.BlackjackCardHandTest" file="/home/h3rmano/dbwebb-kurser/mvc/me/report/tests/BlackjackCardHand/BlackjackCardHandTest.php" line="75" assertions="2" time="0.001512"/>
      <testcase name="testIsSplittable" class="App\Tests\BlackjackCardHand\BlackjackCardHandTest" classname="App.Tests.BlackjackCardHand.BlackjackCardHandTest" file="/home/h3rmano/dbwebb-kurser/mvc/me/report/tests/BlackjackCardHand/BlackjackCardHandTest.php" line="18" assertions="1" time="0.001404"/>
      <testcase name="testIsSplittableFalse" class="App\Tests\BlackjackCardHand\BlackjackCardHandTest" classname="App.Tests.BlackjackCardHand.BlackjackCardHandTest" file="/home/h3rmano/dbwebb-kurser/mvc/me/report/tests/BlackjackCardHand/BlackjackCardHandTest.php" line="36" assertions="1" time="0.001450"/>
      <testcase name="testIsSplittableEmpty" class="App\Tests\BlackjackCardHand\BlackjackCardHandTest" classname="App.Tests.BlackjackCardHand.BlackjackCardHandTest" file="/home/h3rmano/dbwebb-kurser/mvc/me/report/tests/BlackjackCardHand/BlackjackCardHandTest.php" line="56" assertions="1" time="0.000779"/>
      <testcase name="testSplitHand" class="App\Tests\BlackjackCardHand\BlackjackCardHandTest" classname="App.Tests.BlackjackCardHand.BlackjackCardHandTest" file="/home/h3rmano/dbwebb-kurser/mvc/me/report/tests/BlackjackCardHand/BlackjackCardHandTest.php" line="76" assertions="8" time="0.004562"/>
      <testcase name="testSplitHandInvalid2" class="App\Tests\BlackjackCardHand\BlackjackCardHandTest" classname="App.Tests.BlackjackCardHand.BlackjackCardHandTest" file="/home/h3rmano/dbwebb-kurser/mvc/me/report/tests/BlackjackCardHand/BlackjackCardHandTest.php" line="115" assertions="1" time="0.002901"/>
    </testsuite>
    <testsuite name="App\Tests\BlackjackCardHandling\BlackjackCardHandlingTest" file="/home/h3rmano/dbwebb-kurser/mvc/me/report/tests/BlackjackCardHandling/BlackjackCardHandlingTest.php" tests="28" assertions="38" errors="0" warnings="0" failures="0" skipped="0" time="0.046232">
      <testcase name="testGetHands" class="App\Tests\BlackjackCardHandling\BlackjackCardHandlingTest" classname="App.Tests.BlackjackCardHandling.BlackjackCardHandlingTest" file="/home/h3rmano/dbwebb-kurser/mvc/me/report/tests/BlackjackCardHandling/BlackjackCardHandlingTest.php" line="18" assertions="1" time="0.007139"/>
      <testcase name="testAddHandsEmpty" class="App\Tests\BlackjackCardHandling\BlackjackCardHandlingTest" classname="App.Tests.BlackjackCardHandling.BlackjackCardHandlingTest" file="/home/h3rmano/dbwebb-kurser/mvc/me/report/tests/BlackjackCardHandling/BlackjackCardHandlingTest.php" line="30" assertions="2" time="0.000834"/>
      <testcase name="testhandsCountNone" class="App\Tests\BlackjackCardHandling\BlackjackCardHandlingTest" classname="App.Tests.BlackjackCardHandling.BlackjackCardHandlingTest" file="/home/h3rmano/dbwebb-kurser/mvc/me/report/tests/BlackjackCardHandling/BlackjackCardHandlingTest.php" line="50" assertions="1" time="0.000746"/>
      <testcase name="testhandsCount" class="App\Tests\BlackjackCardHandling\BlackjackCardHandlingTest" classname="App.Tests.BlackjackCardHandling.BlackjackCardHandlingTest" file="/home/h3rmano/dbwebb-kurser/mvc/me/report/tests/BlackjackCardHandling/BlackjackCardHandlingTest.php" line="65" assertions="1" time="0.000945"/>
      <testcase name="testAddHands" class="App\Tests\BlackjackCardHandling\BlackjackCardHandlingTest" classname="App.Tests.BlackjackCardHandling.BlackjackCardHandlingTest" file="/home/h3rmano/dbwebb-kurser/mvc/me/report/tests/BlackjackCardHandling/BlackjackCardHandlingTest.php" line="89" assertions="3" time="0.000925"/>
      <testcase name="testAddHandsInvalid" class="App\Tests\BlackjackCardHandling\BlackjackCardHandlingTest" classname="App.Tests.BlackjackCardHandling.BlackjackCardHandlingTest" file="/home/h3rmano/dbwebb-kurser/mvc/me/report/tests/BlackjackCardHandling/BlackjackCardHandlingTest.php" line="115" assertions="1" time="0.000808"/>
      <testcase name="testAddCardToPlayerHand" class="App\Tests\BlackjackCardHandling\BlackjackCardHandlingTest" classname="App.Tests.BlackjackCardHandling.BlackjackCardHandlingTest" file="/home/h3rmano/dbwebb-kurser/mvc/me/report/tests/BlackjackCardHandling/BlackjackCardHandlingTest.php" line="130" assertions="1" time="0.000942"/>
      <testcase name="testAddCardToHandWhenNoHand" class="App\Tests\BlackjackCardHandling\BlackjackCardHandlingTest" classname="App.Tests.BlackjackCardHandling.BlackjackCardHandlingTest" file="/home/h3rmano/dbwebb-kurser/mvc/me/report/tests/BlackjackCardHandling/BlackjackCardHandlingTest.php" line="154" assertions="1" time="0.002626"/>
      <testcase name="testUpdateHandStatusActive" class="App\Tests\BlackjackCardHandling\BlackjackCardHandlingTest" classname="App.Tests.BlackjackCardHandling.BlackjackCardHandlingTest" file="/home/h3rmano/dbwebb-kurser/mvc/me/report/tests/BlackjackCardHandling/BlackjackCardHandlingTest.php" line="20" assertions="1" time="0.000964"/>
      <testcase name="testUpdateHandStatusBust" class="App\Tests\BlackjackCardHandling\BlackjackCardHandlingTest" classname="App.Tests.BlackjackCardHandling.BlackjackCardHandlingTest" file="/home/h3rmano/dbwebb-kurser/mvc/me/report/tests/BlackjackCardHandling/BlackjackCardHandlingTest.php" line="41" assertions="1" time="0.001110"/>
      <testcase name="testUpdateHandStatus21" class="App\Tests\BlackjackCardHandling\BlackjackCardHandlingTest" classname="App.Tests.BlackjackCardHandling.BlackjackCardHandlingTest" file="/home/h3rmano/dbwebb-kurser/mvc/me/report/tests/BlackjackCardHandling/BlackjackCardHandlingTest.php" line="67" assertions="1" time="0.000992"/>
      <testcase name="testActiveHandsCount" class="App\Tests\BlackjackCardHandling\BlackjackCardHandlingTest" classname="App.Tests.BlackjackCardHandling.BlackjackCardHandlingTest" file="/home/h3rmano/dbwebb-kurser/mvc/me/report/tests/BlackjackCardHandling/BlackjackCardHandlingTest.php" line="91" assertions="1" time="0.002735"/>
      <testcase name="testActiveHandsCountZero" class="App\Tests\BlackjackCardHandling\BlackjackCardHandlingTest" classname="App.Tests.BlackjackCardHandling.BlackjackCardHandlingTest" file="/home/h3rmano/dbwebb-kurser/mvc/me/report/tests/BlackjackCardHandling/BlackjackCardHandlingTest.php" line="115" assertions="1" time="0.000915"/>
      <testcase name="testActiveHandsCount21" class="App\Tests\BlackjackCardHandling\BlackjackCardHandlingTest" classname="App.Tests.BlackjackCardHandling.BlackjackCardHandlingTest" file="/home/h3rmano/dbwebb-kurser/mvc/me/report/tests/BlackjackCardHandling/BlackjackCardHandlingTest.php" line="133" assertions="1" time="0.000949"/>
      <testcase name="testActiveHandsCountBust" class="App\Tests\BlackjackCardHandling\BlackjackCardHandlingTest" classname="App.Tests.BlackjackCardHandling.BlackjackCardHandlingTest" file="/home/h3rmano/dbwebb-kurser/mvc/me/report/tests/BlackjackCardHandling/BlackjackCardHandlingTest.php" line="155" assertions="1" time="0.001349"/>
      <testcase name="testSplitPlayerHand" class="App\Tests\BlackjackCardHandling\BlackjackCardHandlingTest" classname="App.Tests.BlackjackCardHandling.BlackjackCardHandlingTest" file="/home/h3rmano/dbwebb-kurser/mvc/me/report/tests/BlackjackCardHandling/BlackjackCardHandlingTest.php" line="24" assertions="2" time="0.002574"/>
      <testcase name="testSplitPlayerHandNegativeIndex" class="App\Tests\BlackjackCardHandling\BlackjackCardHandlingTest" classname="App.Tests.BlackjackCardHandling.BlackjackCardHandlingTest" file="/home/h3rmano/dbwebb-kurser/mvc/me/report/tests/BlackjackCardHandling/BlackjackCardHandlingTest.php" line="50" assertions="2" time="0.002879"/>
      <testcase name="testSplitPlayerHandInvalid" class="App\Tests\BlackjackCardHandling\BlackjackCardHandlingTest" classname="App.Tests.BlackjackCardHandling.BlackjackCardHandlingTest" file="/home/h3rmano/dbwebb-kurser/mvc/me/report/tests/BlackjackCardHandling/BlackjackCardHandlingTest.php" line="78" assertions="1" time="0.002397"/>
      <testcase name="testSplitInactiveHand" class="App\Tests\BlackjackCardHandling\BlackjackCardHandlingTest" classname="App.Tests.BlackjackCardHandling.BlackjackCardHandlingTest" file="/home/h3rmano/dbwebb-kurser/mvc/me/report/tests/BlackjackCardHandling/BlackjackCardHandlingTest.php" line="102" assertions="1" time="0.003447"/>
      <testcase name="testStandHand" class="App\Tests\BlackjackCardHandling\BlackjackCardHandlingTest" classname="App.Tests.BlackjackCardHandling.BlackjackCardHandlingTest" file="/home/h3rmano/dbwebb-kurser/mvc/me/report/tests/BlackjackCardHandling/BlackjackCardHandlingTest.php" line="20" assertions="1" time="0.001495"/>
      <testcase name="testStandHandOutOfBounds" class="App\Tests\BlackjackCardHandling\BlackjackCardHandlingTest" classname="App.Tests.BlackjackCardHandling.BlackjackCardHandlingTest" file="/home/h3rmano/dbwebb-kurser/mvc/me/report/tests/BlackjackCardHandling/BlackjackCardHandlingTest.php" line="42" assertions="1" time="0.000928"/>
      <testcase name="testStandHandOutOfBoundsEmpty" class="App\Tests\BlackjackCardHandling\BlackjackCardHandlingTest" classname="App.Tests.BlackjackCardHandling.BlackjackCardHandlingTest" file="/home/h3rmano/dbwebb-kurser/mvc/me/report/tests/BlackjackCardHandling/BlackjackCardHandlingTest.php" line="64" assertions="1" time="0.000782"/>
      <testcase name="testStandHandNegativeIndex" class="App\Tests\BlackjackCardHandling\BlackjackCardHandlingTest" classname="App.Tests.BlackjackCardHandling.BlackjackCardHandlingTest" file="/home/h3rmano/dbwebb-kurser/mvc/me/report/tests/BlackjackCardHandling/BlackjackCardHandlingTest.php" line="79" assertions="1" time="0.000845"/>
      <testcase name="testactiveTurnStatusUnchanged" class="App\Tests\BlackjackCardHandling\BlackjackCardHandlingTest" classname="App.Tests.BlackjackCardHandling.BlackjackCardHandlingTest" file="/home/h3rmano/dbwebb-kurser/mvc/me/report/tests/BlackjackCardHandling/BlackjackCardHandlingTest.php" line="19" assertions="1" time="0.001289"/>
      <testcase name="testactiveTurnStatusChanged" class="App\Tests\BlackjackCardHandling\BlackjackCardHandlingTest" classname="App.Tests.BlackjackCardHandling.BlackjackCardHandlingTest" file="/home/h3rmano/dbwebb-kurser/mvc/me/report/tests/BlackjackCardHandling/BlackjackCardHandlingTest.php" line="58" assertions="1" time="0.001535"/>
      <testcase name="testResetHands" class="App\Tests\BlackjackCardHandling\BlackjackCardHandlingTest" classname="App.Tests.BlackjackCardHandling.BlackjackCardHandlingTest" file="/home/h3rmano/dbwebb-kurser/mvc/me/report/tests/BlackjackCardHandling/BlackjackCardHandlingTest.php" line="93" assertions="6" time="0.001468"/>
      <testcase name="testGetCardsInHandAsUnicode" class="App\Tests\BlackjackCardHandling\BlackjackCardHandlingTest" classname="App.Tests.BlackjackCardHandling.BlackjackCardHandlingTest" file="/home/h3rmano/dbwebb-kurser/mvc/me/report/tests/BlackjackCardHandling/BlackjackCardHandlingTest.php" line="19" assertions="1" time="0.000950"/>
      <testcase name="testGetCardsInHandAsUnicodeNoHands" class="App\Tests\BlackjackCardHandling\BlackjackCardHandlingTest" classname="App.Tests.BlackjackCardHandling.BlackjackCardHandlingTest" file="/home/h3rmano/dbwebb-kurser/mvc/me/report/tests/BlackjackCardHandling/BlackjackCardHandlingTest.php" line="43" assertions="1" time="0.001664"/>
    </testsuite>
    <testsuite name="App\Tests\BlackjackPlayer\BlackjackDealer\BlackjackDealerTest" file="/home/h3rmano/dbwebb-kurser/mvc/me/report/tests/BlackjackDealer/BlackjackDealerTest.php" tests="3" assertions="3" errors="0" warnings="0" failures="0" skipped="0" time="0.003878">
      <testcase name="testCreateNoArguments" class="App\Tests\BlackjackPlayer\BlackjackDealer\BlackjackDealerTest" classname="App.Tests.BlackjackPlayer.BlackjackDealer.BlackjackDealerTest" file="/home/h3rmano/dbwebb-kurser/mvc/me/report/tests/BlackjackDealer/BlackjackDealerTest.php" line="17" assertions="1" time="0.001998"/>
      <testcase name="testCreateNameNoHands" class="App\Tests\BlackjackPlayer\BlackjackDealer\BlackjackDealerTest" classname="App.Tests.BlackjackPlayer.BlackjackDealer.BlackjackDealerTest" file="/home/h3rmano/dbwebb-kurser/mvc/me/report/tests/BlackjackDealer/BlackjackDealerTest.php" line="27" assertions="1" time="0.000755"/>
      <testcase name="testCreateWithOneHand" class="App\Tests\BlackjackPlayer\BlackjackDealer\BlackjackDealerTest" classname="App.Tests.BlackjackPlayer.BlackjackDealer.BlackjackDealerTest" file="/home/h3rmano/dbwebb-kurser/mvc/me/report/tests/BlackjackDealer/BlackjackDealerTest.php" line="37" assertions="1" time="0.001126"/>
    </testsuite>
    <testsuite name="App\Tests\BlackjackGameResults\BlackjackGameResultsTest" file="/home/h3rmano/dbwebb-kurser/mvc/me/report/tests/BlackjackGameResults/BlackjackGameResultsTest.php" tests="13" assertions="28" errors="0" warnings="0" failures="0" skipped="0" time="0.088761">
      <testcase name="testCreateGameResults" class="App\Tests\BlackjackGameResults\BlackjackGameResultsTest" classname="App.Tests.BlackjackGameResults.BlackjackGameResultsTest" file="/home/h3rmano/dbwebb-kurser/mvc/me/report/tests/BlackjackGameResults/BlackjackGameResultsTest.php" line="16" assertions="1" time="0.008402"/>
      <testcase name="testgetGameDecidedFalse" class="App\Tests\BlackjackGameResults\BlackjackGameResultsTest" classname="App.Tests.BlackjackGameResults.BlackjackGameResultsTest" file="/home/h3rmano/dbwebb-kurser/mvc/me/report/tests/BlackjackGameResults/BlackjackGameResultsTest.php" line="30" assertions="1" time="0.000844"/>
      <testcase name="testGameDecidedWhenPlayerOutOfChips" class="App\Tests\BlackjackGameResults\BlackjackGameResultsTest" classname="App.Tests.BlackjackGameResults.BlackjackGameResultsTest" file="/home/h3rmano/dbwebb-kurser/mvc/me/report/tests/BlackjackGameResults/BlackjackGameResultsTest.php" line="44" assertions="1" time="0.000887"/>
      <testcase name="testGameDecidedWhenDealerOutOfChips" class="App\Tests\BlackjackGameResults\BlackjackGameResultsTest" classname="App.Tests.BlackjackGameResults.BlackjackGameResultsTest" file="/home/h3rmano/dbwebb-kurser/mvc/me/report/tests/BlackjackGameResults/BlackjackGameResultsTest.php" line="60" assertions="1" time="0.000781"/>
      <testcase name="testEstablishSession" class="App\Tests\BlackjackGameResults\BlackjackGameResultsTest" classname="App.Tests.BlackjackGameResults.BlackjackGameResultsTest" file="/home/h3rmano/dbwebb-kurser/mvc/me/report/tests/BlackjackGameResults/BlackjackGameResultsTest.php" line="18" assertions="1" time="0.046652"/>
      <testcase name="testClearSession" class="App\Tests\BlackjackGameResults\BlackjackGameResultsTest" classname="App.Tests.BlackjackGameResults.BlackjackGameResultsTest" file="/home/h3rmano/dbwebb-kurser/mvc/me/report/tests/BlackjackGameResults/BlackjackGameResultsTest.php" line="37" assertions="1" time="0.015091"/>
      <testcase name="testPlayerWinsRoundDealerBust" class="App\Tests\BlackjackGameResults\BlackjackGameResultsTest" classname="App.Tests.BlackjackGameResults.BlackjackGameResultsTest" file="/home/h3rmano/dbwebb-kurser/mvc/me/report/tests/BlackjackGameResults/BlackjackGameResultsTest.php" line="18" assertions="3" time="0.004429"/>
      <testcase name="testPlayerWinsRoundDealerLower" class="App\Tests\BlackjackGameResults\BlackjackGameResultsTest" classname="App.Tests.BlackjackGameResults.BlackjackGameResultsTest" file="/home/h3rmano/dbwebb-kurser/mvc/me/report/tests/BlackjackGameResults/BlackjackGameResultsTest.php" line="56" assertions="3" time="0.001558"/>
      <testcase name="testDealerWinsRoundPlayerBust" class="App\Tests\BlackjackGameResults\BlackjackGameResultsTest" classname="App.Tests.BlackjackGameResults.BlackjackGameResultsTest" file="/home/h3rmano/dbwebb-kurser/mvc/me/report/tests/BlackjackGameResults/BlackjackGameResultsTest.php" line="95" assertions="3" time="0.002093"/>
      <testcase name="testDealerWinsRoundPlayerLower" class="App\Tests\BlackjackGameResults\BlackjackGameResultsTest" classname="App.Tests.BlackjackGameResults.BlackjackGameResultsTest" file="/home/h3rmano/dbwebb-kurser/mvc/me/report/tests/BlackjackGameResults/BlackjackGameResultsTest.php" line="134" assertions="3" time="0.001636"/>
      <testcase name="testDrawnRound" class="App\Tests\BlackjackGameResults\BlackjackGameResultsTest" classname="App.Tests.BlackjackGameResults.BlackjackGameResultsTest" file="/home/h3rmano/dbwebb-kurser/mvc/me/report/tests/BlackjackGameResults/BlackjackGameResultsTest.php" line="171" assertions="3" time="0.001431"/>
      <testcase name="testDrawnRoundBothBust" class="App\Tests\BlackjackGameResults\BlackjackGameResultsTest" classname="App.Tests.BlackjackGameResults.BlackjackGameResultsTest" file="/home/h3rmano/dbwebb-kurser/mvc/me/report/tests/BlackjackGameResults/BlackjackGameResultsTest.php" line="209" assertions="3" time="0.001575"/>
      <testcase name="testDecideBlackjackRoundResultsFormatting" class="App\Tests\BlackjackGameResults\BlackjackGameResultsTest" classname="App.Tests.BlackjackGameResults.BlackjackGameResultsTest" file="/home/h3rmano/dbwebb-kurser/mvc/me/report/tests/BlackjackGameResults/BlackjackGameResultsTest.php" line="249" assertions="4" time="0.003383"/>
    </testsuite>
    <testsuite name="App\Tests\BlackjackPlayer\BlackjackPlayerTest" file="/home/h3rmano/dbwebb-kurser/mvc/me/report/tests/BlackjackPlayer/BlackjackPlayerTest.php" tests="20" assertions="25" errors="0" warnings="0" failures="0" skipped="0" time="0.018707">
      <testcase name="testCreateNoArguments" class="App\Tests\BlackjackPlayer\BlackjackPlayerTest" classname="App.Tests.BlackjackPlayer.BlackjackPlayerTest" file="/home/h3rmano/dbwebb-kurser/mvc/me/report/tests/BlackjackPlayer/BlackjackPlayerTest.php" line="17" assertions="1" time="0.000791"/>
      <testcase name="testCreateNameNoHands" class="App\Tests\BlackjackPlayer\BlackjackPlayerTest" classname="App.Tests.BlackjackPlayer.BlackjackPlayerTest" file="/home/h3rmano/dbwebb-kurser/mvc/me/report/tests/BlackjackPlayer/BlackjackPlayerTest.php" line="29" assertions="1" time="0.001046"/>
      <testcase name="testCreateNameHand" class="App\Tests\BlackjackPlayer\BlackjackPlayerTest" classname="App.Tests.BlackjackPlayer.BlackjackPlayerTest" file="/home/h3rmano/dbwebb-kurser/mvc/me/report/tests/BlackjackPlayer/BlackjackPlayerTest.php" line="41" assertions="1" time="0.001253"/>
      <testcase name="testCreateNameHands" class="App\Tests\BlackjackPlayer\BlackjackPlayerTest" classname="App.Tests.BlackjackPlayer.BlackjackPlayerTest" file="/home/h3rmano/dbwebb-kurser/mvc/me/report/tests/BlackjackPlayer/BlackjackPlayerTest.php" line="55" assertions="1" time="0.000843"/>
      <testcase name="testGetPlayerName" class="App\Tests\BlackjackPlayer\BlackjackPlayerTest" classname="App.Tests.BlackjackPlayer.BlackjackPlayerTest" file="/home/h3rmano/dbwebb-kurser/mvc/me/report/tests/BlackjackPlayer/BlackjackPlayerTest.php" line="73" assertions="1" time="0.000982"/>
      <testcase name="testIsActiveTurnDefaultTrue" class="App\Tests\BlackjackPlayer\BlackjackPlayerTest" classname="App.Tests.BlackjackPlayer.BlackjackPlayerTest" file="/home/h3rmano/dbwebb-kurser/mvc/me/report/tests/BlackjackPlayer/BlackjackPlayerTest.php" line="14" assertions="1" time="0.000808"/>
      <testcase name="testDeactivateTurn" class="App\Tests\BlackjackPlayer\BlackjackPlayerTest" classname="App.Tests.BlackjackPlayer.BlackjackPlayerTest" file="/home/h3rmano/dbwebb-kurser/mvc/me/report/tests/BlackjackPlayer/BlackjackPlayerTest.php" line="25" assertions="2" time="0.000892"/>
      <testcase name="testActivateTurn" class="App\Tests\BlackjackPlayer\BlackjackPlayerTest" classname="App.Tests.BlackjackPlayer.BlackjackPlayerTest" file="/home/h3rmano/dbwebb-kurser/mvc/me/report/tests/BlackjackPlayer/BlackjackPlayerTest.php" line="41" assertions="3" time="0.000838"/>
      <testcase name="testGetChipCount" class="App\Tests\BlackjackPlayer\BlackjackPlayerTest" classname="App.Tests.BlackjackPlayer.BlackjackPlayerTest" file="/home/h3rmano/dbwebb-kurser/mvc/me/report/tests/BlackjackPlayer/BlackjackPlayerTest.php" line="16" assertions="1" time="0.000710"/>
      <testcase name="testGetChipCountCustom" class="App\Tests\BlackjackPlayer\BlackjackPlayerTest" classname="App.Tests.BlackjackPlayer.BlackjackPlayerTest" file="/home/h3rmano/dbwebb-kurser/mvc/me/report/tests/BlackjackPlayer/BlackjackPlayerTest.php" line="27" assertions="1" time="0.000796"/>
      <testcase name="testGetChipCountCustomZero" class="App\Tests\BlackjackPlayer\BlackjackPlayerTest" classname="App.Tests.BlackjackPlayer.BlackjackPlayerTest" file="/home/h3rmano/dbwebb-kurser/mvc/me/report/tests/BlackjackPlayer/BlackjackPlayerTest.php" line="38" assertions="1" time="0.000775"/>
      <testcase name="testWagerNoChips" class="App\Tests\BlackjackPlayer\BlackjackPlayerTest" classname="App.Tests.BlackjackPlayer.BlackjackPlayerTest" file="/home/h3rmano/dbwebb-kurser/mvc/me/report/tests/BlackjackPlayer/BlackjackPlayerTest.php" line="49" assertions="1" time="0.001560"/>
      <testcase name="testWagerChipsWithSpecificAmount" class="App\Tests\BlackjackPlayer\BlackjackPlayerTest" classname="App.Tests.BlackjackPlayer.BlackjackPlayerTest" file="/home/h3rmano/dbwebb-kurser/mvc/me/report/tests/BlackjackPlayer/BlackjackPlayerTest.php" line="64" assertions="1" time="0.000787"/>
      <testcase name="testWagerNotEnoughChips" class="App\Tests\BlackjackPlayer\BlackjackPlayerTest" classname="App.Tests.BlackjackPlayer.BlackjackPlayerTest" file="/home/h3rmano/dbwebb-kurser/mvc/me/report/tests/BlackjackPlayer/BlackjackPlayerTest.php" line="78" assertions="1" time="0.001566"/>
      <testcase name="testgetChipsInPlayCount" class="App\Tests\BlackjackPlayer\BlackjackPlayerTest" classname="App.Tests.BlackjackPlayer.BlackjackPlayerTest" file="/home/h3rmano/dbwebb-kurser/mvc/me/report/tests/BlackjackPlayer/BlackjackPlayerTest.php" line="91" assertions="2" time="0.000769"/>
      <testcase name="testAddChips" class="App\Tests\BlackjackPlayer\BlackjackPlayerTest" classname="App.Tests.BlackjackPlayer.BlackjackPlayerTest" file="/home/h3rmano/dbwebb-kurser/mvc/me/report/tests/BlackjackPlayer/BlackjackPlayerTest.php" line="105" assertions="1" time="0.000722"/>
      <testcase name="testAddChipsZero" class="App\Tests\BlackjackPlayer\BlackjackPlayerTest" classname="App.Tests.BlackjackPlayer.BlackjackPlayerTest" file="/home/h3rmano/dbwebb-kurser/mvc/me/report/tests/BlackjackPlayer/BlackjackPlayerTest.php" line="116" assertions="1" time="0.000980"/>
      <testcase name="testResetChipsInPlay" class="App\Tests\BlackjackPlayer\BlackjackPlayerTest" classname="App.Tests.BlackjackPlayer.BlackjackPlayerTest" file="/home/h3rmano/dbwebb-kurser/mvc/me/report/tests/BlackjackPlayer/BlackjackPlayerTest.php" line="128" assertions="2" time="0.000813"/>
      <testcase name="testGetPlayerDetailsJsonEmptyHand" class="App\Tests\BlackjackPlayer\BlackjackPlayerTest" classname="App.Tests.BlackjackPlayer.BlackjackPlayerTest" file="/home/h3rmano/dbwebb-kurser/mvc/me/report/tests/BlackjackPlayer/BlackjackPlayerTest.php" line="18" assertions="1" time="0.000791"/>
      <testcase name="testGetPlayerDetailsJsonValidHand" class="App\Tests\BlackjackPlayer\BlackjackPlayerTest" classname="App.Tests.BlackjackPlayer.BlackjackPlayerTest" file="/home/h3rmano/dbwebb-kurser/mvc/me/report/tests/BlackjackPlayer/BlackjackPlayerTest.php" line="33" assertions="1" time="0.000985"/>
    </testsuite>
    <testsuite name="App\Tests\Card\CardTest" file="/home/h3rmano/dbwebb-kurser/mvc/me/report/tests/Card/CardTest.php" tests="12" assertions="17" errors="0" warnings="0" failures="0" skipped="0" time="0.013163">
      <testcase name="testCreateCardNoArguments" class="App\Tests\Card\CardTest" classname="App.Tests.Card.CardTest" file="/home/h3rmano/dbwebb-kurser/mvc/me/report/tests/Card/CardTest.php" line="15" assertions="1" time="0.001345"/>
      <testcase name="testCreateCardInvalidArguments" class="App\Tests\Card\CardTest" classname="App.Tests.Card.CardTest" file="/home/h3rmano/dbwebb-kurser/mvc/me/report/tests/Card/CardTest.php" line="24" assertions="1" time="0.000763"/>
      <testcase name="testCreateCardInsufficientArguments" class="App\Tests\Card\CardTest" classname="App.Tests.Card.CardTest" file="/home/h3rmano/dbwebb-kurser/mvc/me/report/tests/Card/CardTest.php" line="34" assertions="1" time="0.000711"/>
      <testcase name="testCreateCardWithValidArguments" class="App\Tests\Card\CardTest" classname="App.Tests.Card.CardTest" file="/home/h3rmano/dbwebb-kurser/mvc/me/report/tests/Card/CardTest.php" line="43" assertions="2" time="0.003538"/>
      <testcase name="testGetValue" class="App\Tests\Card\CardTest" classname="App.Tests.Card.CardTest" file="/home/h3rmano/dbwebb-kurser/mvc/me/report/tests/Card/CardTest.php" line="16" assertions="1" time="0.000661"/>
      <testcase name="testGetRank" class="App\Tests\Card\CardTest" classname="App.Tests.Card.CardTest" file="/home/h3rmano/dbwebb-kurser/mvc/me/report/tests/Card/CardTest.php" line="32" assertions="1" time="0.000832"/>
      <testcase name="testGetSuit" class="App\Tests\Card\CardTest" classname="App.Tests.Card.CardTest" file="/home/h3rmano/dbwebb-kurser/mvc/me/report/tests/Card/CardTest.php" line="48" assertions="1" time="0.001139"/>
      <testcase name="testGetColor" class="App\Tests\Card\CardTest" classname="App.Tests.Card.CardTest" file="/home/h3rmano/dbwebb-kurser/mvc/me/report/tests/Card/CardTest.php" line="64" assertions="1" time="0.000697"/>
      <testcase name="testGetCardAsInt" class="App\Tests\Card\CardTest" classname="App.Tests.Card.CardTest" file="/home/h3rmano/dbwebb-kurser/mvc/me/report/tests/Card/CardTest.php" line="80" assertions="1" time="0.000858"/>
      <testcase name="testGetBackOfCard" class="App\Tests\Card\CardTest" classname="App.Tests.Card.CardTest" file="/home/h3rmano/dbwebb-kurser/mvc/me/report/tests/Card/CardTest.php" line="97" assertions="1" time="0.000688"/>
      <testcase name="testIsFaceCard" class="App\Tests\Card\CardTest" classname="App.Tests.Card.CardTest" file="/home/h3rmano/dbwebb-kurser/mvc/me/report/tests/Card/CardTest.php" line="113" assertions="5" time="0.001172"/>
      <testcase name="testGetAsString" class="App\Tests\Card\CardTest" classname="App.Tests.Card.CardTest" file="/home/h3rmano/dbwebb-kurser/mvc/me/report/tests/Card/CardTest.php" line="149" assertions="1" time="0.000760"/>
    </testsuite>
    <testsuite name="App\Tests\DeckOfCards\DeckOfCardsTest" file="/home/h3rmano/dbwebb-kurser/mvc/me/report/tests/DeckOfCards/DeckOfCardsTest.php" tests="22" assertions="64" errors="0" warnings="0" failures="0" skipped="0" time="0.048241">
      <testcase name="testCreateDeckOfCards" class="App\Tests\DeckOfCards\DeckOfCardsTest" classname="App.Tests.DeckOfCards.DeckOfCardsTest" file="/home/h3rmano/dbwebb-kurser/mvc/me/report/tests/DeckOfCards/DeckOfCardsTest.php" line="18" assertions="2" time="0.001584"/>
      <testcase name="testCreateDeckOfCardsComplete" class="App\Tests\DeckOfCards\DeckOfCardsTest" classname="App.Tests.DeckOfCards.DeckOfCardsTest" file="/home/h3rmano/dbwebb-kurser/mvc/me/report/tests/DeckOfCards/DeckOfCardsTest.php" line="30" assertions="3" time="0.002804"/>
      <testcase name="testCardsSuitCount" class="App\Tests\DeckOfCards\DeckOfCardsTest" classname="App.Tests.DeckOfCards.DeckOfCardsTest" file="/home/h3rmano/dbwebb-kurser/mvc/me/report/tests/DeckOfCards/DeckOfCardsTest.php" line="45" assertions="7" time="0.002816"/>
      <testcase name="testEmptyDeck" class="App\Tests\DeckOfCards\DeckOfCardsTest" classname="App.Tests.DeckOfCards.DeckOfCardsTest" file="/home/h3rmano/dbwebb-kurser/mvc/me/report/tests/DeckOfCards/DeckOfCardsTest.php" line="81" assertions="2" time="0.001706"/>
      <testcase name="testCardsRank" class="App\Tests\DeckOfCards\DeckOfCardsTest" classname="App.Tests.DeckOfCards.DeckOfCardsTest" file="/home/h3rmano/dbwebb-kurser/mvc/me/report/tests/DeckOfCards/DeckOfCardsTest.php" line="99" assertions="15" time="0.002322"/>
      <testcase name="testDrawCards" class="App\Tests\DeckOfCards\DeckOfCardsTest" classname="App.Tests.DeckOfCards.DeckOfCardsTest" file="/home/h3rmano/dbwebb-kurser/mvc/me/report/tests/DeckOfCards/DeckOfCardsTest.php" line="18" assertions="5" time="0.001884"/>
      <testcase name="testDrawCardNoCardsLeft" class="App\Tests\DeckOfCards\DeckOfCardsTest" classname="App.Tests.DeckOfCards.DeckOfCardsTest" file="/home/h3rmano/dbwebb-kurser/mvc/me/report/tests/DeckOfCards/DeckOfCardsTest.php" line="38" assertions="2" time="0.004433"/>
      <testcase name="testDrawCardsNoCardsLeft" class="App\Tests\DeckOfCards\DeckOfCardsTest" classname="App.Tests.DeckOfCards.DeckOfCardsTest" file="/home/h3rmano/dbwebb-kurser/mvc/me/report/tests/DeckOfCards/DeckOfCardsTest.php" line="59" assertions="2" time="0.003260"/>
      <testcase name="testDrawCardsExcessiveNr" class="App\Tests\DeckOfCards\DeckOfCardsTest" classname="App.Tests.DeckOfCards.DeckOfCardsTest" file="/home/h3rmano/dbwebb-kurser/mvc/me/report/tests/DeckOfCards/DeckOfCardsTest.php" line="82" assertions="2" time="0.001686"/>
      <testcase name="testDrawCardsNegativeNr" class="App\Tests\DeckOfCards\DeckOfCardsTest" classname="App.Tests.DeckOfCards.DeckOfCardsTest" file="/home/h3rmano/dbwebb-kurser/mvc/me/report/tests/DeckOfCards/DeckOfCardsTest.php" line="101" assertions="2" time="0.001716"/>
      <testcase name="testDrawCardsZero" class="App\Tests\DeckOfCards\DeckOfCardsTest" classname="App.Tests.DeckOfCards.DeckOfCardsTest" file="/home/h3rmano/dbwebb-kurser/mvc/me/report/tests/DeckOfCards/DeckOfCardsTest.php" line="121" assertions="2" time="0.001766"/>
      <testcase name="testGetDrawnCards" class="App\Tests\DeckOfCards\DeckOfCardsTest" classname="App.Tests.DeckOfCards.DeckOfCardsTest" file="/home/h3rmano/dbwebb-kurser/mvc/me/report/tests/DeckOfCards/DeckOfCardsTest.php" line="140" assertions="1" time="0.001791"/>
      <testcase name="testGetNumberOfCardsLeft" class="App\Tests\DeckOfCards\DeckOfCardsTest" classname="App.Tests.DeckOfCards.DeckOfCardsTest" file="/home/h3rmano/dbwebb-kurser/mvc/me/report/tests/DeckOfCards/DeckOfCardsTest.php" line="157" assertions="1" time="0.001695"/>
      <testcase name="testAddCardSingle" class="App\Tests\DeckOfCards\DeckOfCardsTest" classname="App.Tests.DeckOfCards.DeckOfCardsTest" file="/home/h3rmano/dbwebb-kurser/mvc/me/report/tests/DeckOfCards/DeckOfCardsTest.php" line="171" assertions="2" time="0.001720"/>
      <testcase name="testAddCardMultiple" class="App\Tests\DeckOfCards\DeckOfCardsTest" classname="App.Tests.DeckOfCards.DeckOfCardsTest" file="/home/h3rmano/dbwebb-kurser/mvc/me/report/tests/DeckOfCards/DeckOfCardsTest.php" line="189" assertions="4" time="0.002157"/>
      <testcase name="testAddCardsAfterDrawing" class="App\Tests\DeckOfCards\DeckOfCardsTest" classname="App.Tests.DeckOfCards.DeckOfCardsTest" file="/home/h3rmano/dbwebb-kurser/mvc/me/report/tests/DeckOfCards/DeckOfCardsTest.php" line="215" assertions="3" time="0.001824"/>
      <testcase name="testSortDeck" class="App\Tests\DeckOfCards\DeckOfCardsTest" classname="App.Tests.DeckOfCards.DeckOfCardsTest" file="/home/h3rmano/dbwebb-kurser/mvc/me/report/tests/DeckOfCards/DeckOfCardsTest.php" line="21" assertions="2" time="0.002100"/>
      <testcase name="testSortDeckFirstByRankThenBySuit" class="App\Tests\DeckOfCards\DeckOfCardsTest" classname="App.Tests.DeckOfCards.DeckOfCardsTest" file="/home/h3rmano/dbwebb-kurser/mvc/me/report/tests/DeckOfCards/DeckOfCardsTest.php" line="67" assertions="2" time="0.002402"/>
      <testcase name="testShuffleDeck" class="App\Tests\DeckOfCards\DeckOfCardsTest" classname="App.Tests.DeckOfCards.DeckOfCardsTest" file="/home/h3rmano/dbwebb-kurser/mvc/me/report/tests/DeckOfCards/DeckOfCardsTest.php" line="103" assertions="2" time="0.002327"/>
      <testcase name="testGetUnicodeOfRoundCards" class="App\Tests\DeckOfCards\DeckOfCardsTest" classname="App.Tests.DeckOfCards.DeckOfCardsTest" file="/home/h3rmano/dbwebb-kurser/mvc/me/report/tests/DeckOfCards/DeckOfCardsTest.php" line="19" assertions="1" time="0.002590"/>
      <testcase name="testGetCardsUnicode" class="App\Tests\DeckOfCards\DeckOfCardsTest" classname="App.Tests.DeckOfCards.DeckOfCardsTest" file="/home/h3rmano/dbwebb-kurser/mvc/me/report/tests/DeckOfCards/DeckOfCardsTest.php" line="47" assertions="1" time="0.001734"/>
      <testcase name="testGetCardsDrawnUnicode" class="App\Tests\DeckOfCards\DeckOfCardsTest" classname="App.Tests.DeckOfCards.DeckOfCardsTest" file="/home/h3rmano/dbwebb-kurser/mvc/me/report/tests/DeckOfCards/DeckOfCardsTest.php" line="80" assertions="1" time="0.001923"/>
    </testsuite>
    <testsuite name="App\Deck\DeckOfCards52Test" file="/home/h3rmano/dbwebb-kurser/mvc/me/report/tests/DeckOfCards52/DeckOfCards52Test.php" tests="4" assertions="60" errors="0" warnings="0" failures="0" skipped="0" time="0.015312">
      <testcase name="testCreateDeckOfCards52" class="App\Deck\DeckOfCards52Test" classname="App.Deck.DeckOfCards52Test" file="/home/h3rmano/dbwebb-kurser/mvc/me/report/tests/DeckOfCards52/DeckOfCards52Test.php" line="21" assertions="2" time="0.002500"/>
      <testcase name="testCreateDeckOfCards52Complete" class="App\Deck\DeckOfCards52Test" classname="App.Deck.DeckOfCards52Test" file="/home/h3rmano/dbwebb-kurser/mvc/me/report/tests/DeckOfCards52/DeckOfCards52Test.php" line="33" assertions="3" time="0.002260"/>
      <testcase name="testCreateDeckOfCardsEmpty" class="App\Deck\DeckOfCards52Test" classname="App.Deck.DeckOfCards52Test" file="/home/h3rmano/dbwebb-kurser/mvc/me/report/tests/DeckOfCards52/DeckOfCards52Test.php" line="48" assertions="2" time="0.002181"/>
      <testcase name="testJokersAreRemoved" class="App\Deck\DeckOfCards52Test" classname="App.Deck.DeckOfCards52Test" file="/home/h3rmano/dbwebb-kurser/mvc/me/report/tests/DeckOfCards52/DeckOfCards52Test.php" line="66" assertions="53" time="0.008372"/>
    </testsuite>
    <testsuite name="App\Tests\Dice\DiceTest" file="/home/h3rmano/dbwebb-kurser/mvc/me/report/tests/Dice/DiceTest.php" tests="2" assertions="3" errors="0" warnings="0" failures="0" skipped="0" time="0.003349">
      <testcase name="testCreateDice" class="App\Tests\Dice\DiceTest" classname="App.Tests.Dice.DiceTest" file="/home/h3rmano/dbwebb-kurser/mvc/me/report/tests/Dice/DiceTest.php" line="19" assertions="2" time="0.001849"/>
      <testcase name="testEDRException" class="App\Tests\Dice\DiceTest" classname="App.Tests.Dice.DiceTest" file="/home/h3rmano/dbwebb-kurser/mvc/me/report/tests/Dice/DiceTest.php" line="32" assertions="1" time="0.001500"/>
    </testsuite>
  </testsuite>
</testsuites>
